08:39:35.831 [main                     ] DEBUG Logger               - Configured Logger
08:39:35.840 [main                     ] DEBUG GameApplication      - Logging settings
Title: Mein erstes Game mit FXGL
Version: 0.0.1
Width: 1280
Height: 880
Fullscreen: true
Intro: false
Profiling: false
Single step:false
App Mode: DEVELOPER
Menu Key: ESCAPE
Stage Style: DECORATED
Scene Factory: class com.almasb.fxgl.app.scene.SceneFactory

08:39:36.314 [JavaFX Application Thread] DEBUG FXGLApplication      - Initializing FXGL
08:39:36.318 [JavaFX Application Thread] INFO  Engine               - FXGL-25 (05.02.2026 22.57) on WINDOWS (J:25.0.2 FX:25.0.1)
08:39:36.318 [JavaFX Application Thread] DEBUG Engine               - JRE Vendor Name: Eclipse Adoptium
08:39:36.318 [JavaFX Application Thread] DEBUG Engine               - Running on OS: Windows 10 version 10.0
08:39:36.319 [JavaFX Application Thread] DEBUG Engine               - Architecture: amd64
08:39:36.319 [JavaFX Application Thread] INFO  Engine               - Source code and latest versions at: https://github.com/AlmasB/FXGL
08:39:36.319 [JavaFX Application Thread] INFO  Engine               -       Ask questions and discuss at: https://github.com/AlmasB/FXGL/discussions
08:39:36.456 [JavaFX Application Thread] DEBUG PrimaryStageWindow   - Creating a JavaFX scene
08:39:36.512 [JavaFX Application Thread] DEBUG PrimaryStageWindow   - Target settings size: 1280.0 x 880.0
08:39:36.513 [JavaFX Application Thread] DEBUG PrimaryStageWindow   - Scaled scene size:    1280.0 x 880.0
08:39:36.513 [JavaFX Application Thread] DEBUG PrimaryStageWindow   - Scaled ratio: (1.0, 1.0)
08:39:36.514 [JavaFX Application Thread] DEBUG PrimaryStageWindow   - Set initial scene to FXGLStartupScene
08:39:36.518 [JavaFX Application Thread] DEBUG PrimaryStageWindow   - Opening main window
08:39:36.941 [JavaFX Application Thread] DEBUG PrimaryStageWindow   - Window border size: (16.0, 39.0)
08:39:36.942 [JavaFX Application Thread] DEBUG PrimaryStageWindow   - Scaled size: 1280.0 x 880.0
08:39:36.942 [JavaFX Application Thread] DEBUG PrimaryStageWindow   - Scaled ratio: (1.0, 1.0)
08:39:36.942 [JavaFX Application Thread] DEBUG PrimaryStageWindow   - Scene size: 1280.0 x 880.0
08:39:36.942 [JavaFX Application Thread] DEBUG PrimaryStageWindow   - Stage size: 1296.0 x 919.0
08:39:36.982 [FXGL Background Thread 1 ] DEBUG Engine               - Initializing environment variables
08:39:37.046 [FXGL Background Thread 1 ] DEBUG FXGLAssetLoaderServi - User app class for loading assets: class btaahaus.spaceInvader.App
08:39:37.047 [FXGL Background Thread 1 ] DEBUG GameApplicationServi - Applying CSS: fxgl_dark.css
08:39:37.048 [FXGL Background Thread 1 ] DEBUG FXGLAssetLoaderServi - Loading from file system: jar:file:/C:/Users/Gerighausen/.m2/repository/com/github/almasb/fxgl/25/fxgl-25.jar!/fxglassets/ui/css/fxgl_dark.css
08:39:37.098 [FXGL Background Thread 1 ] DEBUG GameApplicationServi - Initializing application scenes
08:39:37.177 [FXGL Background Thread 1 ] DEBUG GameWorld            - Game world initialized
08:39:37.226 [FXGL Background Thread 1 ] DEBUG PhysicsWorld         - Physics world initialized: appHeight=880, physics.ppm=50,0
08:39:37.226 [FXGL Background Thread 1 ] DEBUG PhysicsWorld         - Using strategy: BRUTE_FORCE
08:39:37.231 [FXGL Background Thread 1 ] DEBUG GameScene            - Game scene initialized: 1280x880
08:39:37.244 [FXGL Background Thread 1 ] DEBUG FXGL.DefaultMenu     - createMenuBodyGameMenu()
08:39:37.262 [FXGL Background Thread 1 ] DEBUG FXGL.DefaultMenu     - createOptionsMenu()
08:39:37.272 [FXGL Background Thread 1 ] DEBUG FXGLAssetLoaderServi - Loading from file system: jar:file:/C:/Users/Gerighausen/.m2/repository/com/github/almasb/fxgl/25/fxgl-25.jar!/fxglassets/textures/particles/smoke.png
08:39:37.363 [FXGL Background Thread 1 ] DEBUG FXGLAssetLoaderServi - Loading from file system: jar:file:/C:/Users/Gerighausen/.m2/repository/com/github/almasb/fxgl/25/fxgl-25.jar!/fxglassets/textures/particles/trace_horizontal.png
08:39:37.388 [FXGL Background Thread 1 ] DEBUG GameApplicationServi - Application scenes initialized
08:39:37.403 [FXGL Background Thread 1 ] DEBUG SystemBundleService  - Loading FXGL system data
08:39:37.407 [FXGL Background Thread 1 ] DEBUG FileSystemAccess     - Reading from: C:\Users\Gerighausen\Documents\NetBeansProjects\spaceInvader\system\fxgl.bundle
08:39:37.415 [FXGL Background Thread 1 ] DEBUG SystemBundleService  - Bundle FXGL: {}
08:39:37.415 [FXGL Background Thread 1 ] DEBUG UpdaterService       - Checking for updates
08:39:37.440 [FXGL Background Thread 1 ] DEBUG FXGLApplication      - Loading default localization
08:39:37.440 [FXGL Background Thread 1 ] DEBUG FXGLAssetLoaderServi - Loading from file system: jar:file:/C:/Users/Gerighausen/.m2/repository/com/github/almasb/fxgl/25/fxgl-25.jar!/fxglassets/languages/english.lang
08:39:37.465 [FXGL Background Thread 4 ] DEBUG FXGLApplication      - Loading fonts
08:39:37.466 [FXGL Background Thread 4 ] DEBUG FXGLAssetLoaderServi - Loading from file system: jar:file:/C:/Users/Gerighausen/.m2/repository/com/github/almasb/fxgl/25/fxgl-25.jar!/fxglassets/ui/fonts/VarelaRound-Regular.ttf
08:39:37.471 [FXGL Background Thread 1 ] INFO  FXGLApplication      - FXGL initialization took: 0,488 sec
08:39:37.485 [JavaFX Application Thread] DEBUG Input                - Registered new binding: right - D
08:39:37.485 [JavaFX Application Thread] DEBUG Input                - Registered new binding: left - A
08:39:37.485 [JavaFX Application Thread] DEBUG Input                - Registered new binding: up - W
08:39:37.485 [JavaFX Application Thread] DEBUG Input                - Registered new binding: down - S
08:39:37.485 [JavaFX Application Thread] DEBUG FXGLAssetLoaderServi - Loading from file system: jar:file:/C:/Users/Gerighausen/.m2/repository/com/github/almasb/fxgl/25/fxgl-25.jar!/fxglassets/textures/fxgl_icon.png
08:39:37.536 [JavaFX Application Thread] DEBUG FXGLAssetLoaderServi - Loading from file system: jar:file:/C:/Users/Gerighausen/.m2/repository/com/github/almasb/fxgl/25/fxgl-25.jar!/fxglassets/textures/fxgl_default_cursor.png
08:39:37.539 [JavaFX Application Thread] DEBUG Input                - Registered new binding: Screenshot - CTRL+8
08:39:37.539 [JavaFX Application Thread] DEBUG Input                - Registered new binding: System info dump - CTRL+9
08:39:37.539 [JavaFX Application Thread] DEBUG Input                - Registered new binding: Restart - CTRL+R
08:39:37.540 [JavaFX Application Thread] DEBUG Input                - Registered new binding: Toggle Debug Camera - CTRL+7
08:39:37.543 [JavaFX Application Thread] DEBUG LoopRunner           - Starting loop
08:39:37.543 [JavaFX Application Thread] DEBUG LoopRunner           - Initializing JavaFX AnimationTimerLoop
08:39:37.545 [JavaFX Application Thread] DEBUG GameApplicationServi - Starting new game
08:39:37.545 [JavaFX Application Thread] DEBUG Input                - Clearing active input actions
08:39:37.555 [JavaFX Application Thread] DEBUG GameApplicationServi - Removing overlay from FXGLStartupScene and adding to FXGLLoadingScene
08:39:37.555 [JavaFX Application Thread] DEBUG PrimaryStageWindow   - FXGLStartupScene -> FXGLLoadingScene
08:39:37.555 [JavaFX Application Thread] DEBUG GameApplicationServi - Clearing previous game
08:39:37.555 [JavaFX Application Thread] DEBUG GameScene            - Clearing game scene
08:39:37.556 [JavaFX Application Thread] DEBUG GameWorld            - Clearing game world
08:39:37.556 [JavaFX Application Thread] DEBUG PhysicsWorld         - Clearing physics world
08:39:37.602 [FXGL Background Thread 4 ] DEBUG FXGLAssetLoaderServi - Loading from file system: jar:file:/C:/Users/Gerighausen/.m2/repository/com/github/almasb/fxgl/25/fxgl-25.jar!/fxglassets/ui/fonts/Abel-Regular.ttf
08:39:37.608 [FXGL Background Thread 4 ] DEBUG FXGLAssetLoaderServi - Loading from file system: jar:file:/C:/Users/Gerighausen/.m2/repository/com/github/almasb/fxgl/25/fxgl-25.jar!/fxglassets/ui/fonts/TerminalLandMono-Regular.otf
08:39:37.612 [FXGL Background Thread 4 ] DEBUG FXGLAssetLoaderServi - Loading from file system: jar:file:/C:/Users/Gerighausen/.m2/repository/com/github/almasb/fxgl/25/fxgl-25.jar!/fxglassets/ui/fonts/Courier-Prime.ttf
08:39:37.632 [JavaFX Application Thread] DEBUG FXGLApplication      - Registering font factories with UI factory
08:39:37.674 [FXGL Background Thread 1 ] DEBUG FXGLApplication      - Initializing game
08:39:37.692 [FXGL Background Thread 1 ] DEBUG FXGLAssetLoaderServi - Loading from file system: file:/C:/Users/Gerighausen/Documents/NetBeansProjects/spaceInvader/target/classes/assets/textures/bgSpace.jpg
08:39:37.794 [FXGL Background Thread 1 ] DEBUG FXGLAssetLoaderServi - Loading from file system: file:/C:/Users/Gerighausen/Documents/NetBeansProjects/spaceInvader/target/classes/assets/textures/meteorit.png
08:39:37.860 [FXGL Background Thread 1 ] WARN  FXGLAssetLoaderServi - Asset "/assets/textures/rockerSchmal.png" was not found!
08:39:37.860 [FXGL Background Thread 1 ] WARN  FXGLAssetLoaderServi - Failed to load RESIZABLE_IMAGE
08:39:37.975 [FXGL Background Thread 1 ] INFO  FXGLApplication      - Game initialization took: 0,301 sec
08:39:37.976 [JavaFX Application Thread] DEBUG Input                - Clearing active input actions
08:39:37.984 [JavaFX Application Thread] DEBUG GameApplicationServi - Removing overlay from FXGLLoadingScene and adding to GameScene
08:39:37.984 [JavaFX Application Thread] DEBUG PrimaryStageWindow   - FXGLLoadingScene -> GameScene
08:39:38.015 [JavaFX Application Thread] DEBUG FXGLAssetLoaderServi - Loading from file system: file:/C:/Users/Gerighausen/Documents/NetBeansProjects/spaceInvader/target/classes/assets/textures/fireBallSenkrecht.png
08:39:38.098 [JavaFX Application Thread] DEBUG LoopRunner           - Stopping loop
08:39:38.108 [JavaFX Application Thread] FATAL FXGLApplication      - Uncaught Exception:
java.lang.IllegalArgumentException: Component FireBallComponent not found!
	at com.almasb.fxgl.entity.Entity.getComponent(Entity.java:366)
	at btaahaus.spaceInvader.App.onUpdate(App.java:114)
	at com.almasb.fxgl.app.FXGLApplication$GameApplicationService.onGameUpdate(FXGLApplication.kt:446)
	at com.almasb.fxgl.app.Engine.onGameUpdate(Engine.kt:137)
	at com.almasb.fxgl.app.FXGLApplication.postServicesInit$lambda$1(FXGLApplication.kt:185)
	at com.almasb.fxgl.scene.Scene.update(Scene.kt:113)
	at com.almasb.fxgl.app.MainWindow.update$lambda$0(MainWindow.kt:121)
	at com.almasb.fxgl.core.fsm.StateMachine.runOnActiveStates(StateMachine.kt:69)
	at com.almasb.fxgl.app.MainWindow.update(MainWindow.kt:121)
	at com.almasb.fxgl.app.FXGLApplication$GameApplicationService.onUpdate(FXGLApplication.kt:451)
	at com.almasb.fxgl.app.Engine.loop(Engine.kt:133)
	at com.almasb.fxgl.app.Engine.loop$lambda$0(Engine.kt:28)
	at com.almasb.fxgl.app.LoopRunner.frame(LoopRunner.kt:157)
	at com.almasb.fxgl.app.LoopRunner.access$frame(LoopRunner.kt:24)
	at com.almasb.fxgl.app.LoopRunner$impl$2$1.onTick(LoopRunner.kt:79)
	at com.almasb.fxgl.app.AnimationTimerLoop$timer$1.handle(LoopRunner.kt:179)
	at javafx.animation.AnimationTimer$AnimationTimerReceiver.handle(AnimationTimer.java:51)
	at com.sun.scenario.animation.AbstractPrimaryTimer.timePulseImpl(AbstractPrimaryTimer.java:342)
	at com.sun.scenario.animation.AbstractPrimaryTimer$MainLoop.run(AbstractPrimaryTimer.java:247)
	at com.sun.javafx.tk.quantum.QuantumToolkit.pulse(QuantumToolkit.java:588)
	at com.sun.javafx.tk.quantum.QuantumToolkit.pulse(QuantumToolkit.java:572)
	at com.sun.javafx.tk.quantum.QuantumToolkit.pulseFromQueue(QuantumToolkit.java:565)
	at com.sun.javafx.tk.quantum.QuantumToolkit.lambda$runToolkit$0(QuantumToolkit.java:346)
	at com.sun.glass.ui.InvokeLaterDispatcher$Future.run(InvokeLaterDispatcher.java:95)
	at com.sun.glass.ui.win.WinApplication._runLoop(Native Method)
	at com.sun.glass.ui.win.WinApplication.lambda$runLoop$0(WinApplication.java:168)
	at java.base/java.lang.Thread.run(Thread.java:1474)

08:39:38.108 [JavaFX Application Thread] FATAL FXGLApplication      - Application will now exit
08:39:38.124 [JavaFX Application Thread] DEBUG PrimaryStageWindow   - Push state: ErrorSubScene
08:39:38.125 [JavaFX Application Thread] DEBUG Input                - Clearing active input actions
08:39:38.131 [JavaFX Application Thread] DEBUG GameApplicationServi - Removing overlay from GameScene and adding to ErrorSubScene
08:39:38.131 [JavaFX Application Thread] DEBUG PrimaryStageWindow   - GameScene -> ErrorSubScene
08:39:40.421 [FXGL Background Thread 3 ] DEBUG Engine               - Logging environment variables
08:39:40.422 [FXGL Background Thread 3 ] DEBUG Engine               - achievements: []
08:39:40.422 [FXGL Background Thread 3 ] DEBUG Engine               - actualHeight: 880.0
08:39:40.422 [FXGL Background Thread 3 ] DEBUG Engine               - actualHeightProperty: ReadOnlyDoubleProperty [value: 880.0]
08:39:40.423 [FXGL Background Thread 3 ] DEBUG Engine               - actualWidth: 1280.0
08:39:40.423 [FXGL Background Thread 3 ] DEBUG Engine               - actualWidthProperty: ReadOnlyDoubleProperty [value: 1280.0]
08:39:40.423 [FXGL Background Thread 3 ] DEBUG Engine               - appIcon: fxgl_icon.png
08:39:40.423 [FXGL Background Thread 3 ] DEBUG Engine               - applicationMode: DEVELOPER
08:39:40.423 [FXGL Background Thread 3 ] DEBUG Engine               - cSSList: [fxgl_dark.css]
08:39:40.423 [FXGL Background Thread 3 ] DEBUG Engine               - collisionDetectionStrategy: BRUTE_FORCE
08:39:40.424 [FXGL Background Thread 3 ] DEBUG Engine               - configClass: Optional.empty
08:39:40.424 [FXGL Background Thread 3 ] DEBUG Engine               - credits: []
08:39:40.424 [FXGL Background Thread 3 ] DEBUG Engine               - defaultCursor: CursorInfo(imageName=fxgl_default_cursor.png, hotspotX=7.0, hotspotY=6.0)
08:39:40.425 [FXGL Background Thread 3 ] DEBUG Engine               - devBBoxColorProperty: ObjectProperty [value: 0xff0000ff]
08:39:40.425 [FXGL Background Thread 3 ] DEBUG Engine               - devEnableDebugCameraProperty: BooleanProperty [value: false]
08:39:40.425 [FXGL Background Thread 3 ] DEBUG Engine               - devSensorColorProperty: ObjectProperty [value: 0xffff00ff]
08:39:40.425 [FXGL Background Thread 3 ] DEBUG Engine               - devShowBBoxProperty: BooleanProperty [value: false]
08:39:40.426 [FXGL Background Thread 3 ] DEBUG Engine               - devShowPositionProperty: BooleanProperty [value: false]
08:39:40.426 [FXGL Background Thread 3 ] DEBUG Engine               - enabledMenuItems: []
08:39:40.426 [FXGL Background Thread 3 ] DEBUG Engine               - engineServices: [class com.almasb.fxgl.app.services.FXGLAssetLoaderService, class com.almasb.fxgl.app.FXGLApplication$GameApplicationService, class com.almasb.fxgl.app.services.FXGLDialogService, class com.almasb.fxgl.app.services.IOTaskExecutorService, class com.almasb.fxgl.io.FileSystemService, class com.almasb.fxgl.localization.LocalizationService, class com.almasb.fxgl.app.services.SystemBundleService, class com.almasb.fxgl.profile.SaveLoadService, class com.almasb.fxgl.ui.FXGLUIFactoryServiceProvider, class com.almasb.fxgl.ui.FXGLDialogFactoryServiceProvider, class com.almasb.fxgl.audio.AudioPlayer, class com.almasb.fxgl.notification.impl.NotificationServiceProvider, class com.almasb.fxgl.achievement.AchievementService, class com.almasb.fxgl.cutscene.CutsceneService, class com.almasb.fxgl.minigames.MiniGameService, class com.almasb.fxgl.net.NetService, class com.almasb.fxgl.app.services.UpdaterService, class com.almasb.fxgl.dev.DevService]
08:39:40.426 [FXGL Background Thread 3 ] DEBUG Engine               - fontGame: Abel-Regular.ttf
08:39:40.426 [FXGL Background Thread 3 ] DEBUG Engine               - fontMono: TerminalLandMono-Regular.otf
08:39:40.426 [FXGL Background Thread 3 ] DEBUG Engine               - fontSizeScaleUI: 1.0
08:39:40.426 [FXGL Background Thread 3 ] DEBUG Engine               - fontText: Courier-Prime.ttf
08:39:40.427 [FXGL Background Thread 3 ] DEBUG Engine               - fontUI: VarelaRound-Regular.ttf
08:39:40.427 [FXGL Background Thread 3 ] DEBUG Engine               - fpsRefreshRate: 500.0 ms
08:39:40.427 [FXGL Background Thread 3 ] DEBUG Engine               - fullScreen: BooleanProperty [value: false]
08:39:40.427 [FXGL Background Thread 3 ] DEBUG Engine               - gameDifficulty: MEDIUM
08:39:40.427 [FXGL Background Thread 3 ] DEBUG Engine               - gameDifficultyProperty: ObjectProperty [value: MEDIUM]
08:39:40.428 [FXGL Background Thread 3 ] DEBUG Engine               - globalMusicVolume: 0.5
08:39:40.428 [FXGL Background Thread 3 ] DEBUG Engine               - globalMusicVolumeProperty: DoubleProperty [value: 0.5]
08:39:40.428 [FXGL Background Thread 3 ] DEBUG Engine               - globalSoundVolume: 0.5
08:39:40.428 [FXGL Background Thread 3 ] DEBUG Engine               - globalSoundVolumeProperty: DoubleProperty [value: 0.5]
08:39:40.428 [FXGL Background Thread 3 ] DEBUG Engine               - height: 880
08:39:40.428 [FXGL Background Thread 3 ] DEBUG Engine               - is3D: false
08:39:40.428 [FXGL Background Thread 3 ] DEBUG Engine               - isAndroid: false
08:39:40.428 [FXGL Background Thread 3 ] DEBUG Engine               - isBrowser: false
08:39:40.428 [FXGL Background Thread 3 ] DEBUG Engine               - isClickFeedbackEnabled: false
08:39:40.429 [FXGL Background Thread 3 ] DEBUG Engine               - isCloseConfirmation: false
08:39:40.429 [FXGL Background Thread 3 ] DEBUG Engine               - isDesktop: true
08:39:40.429 [FXGL Background Thread 3 ] DEBUG Engine               - isDeveloperMenuEnabled: false
08:39:40.429 [FXGL Background Thread 3 ] DEBUG Engine               - isEmbedded: false
08:39:40.429 [FXGL Background Thread 3 ] DEBUG Engine               - isEntityPreloadEnabled: true
08:39:40.429 [FXGL Background Thread 3 ] DEBUG Engine               - isExperimentalTiledLargeMap: false
08:39:40.429 [FXGL Background Thread 3 ] DEBUG Engine               - isFileSystemWriteAllowed: true
08:39:40.429 [FXGL Background Thread 3 ] DEBUG Engine               - isFullScreenAllowed: true
08:39:40.430 [FXGL Background Thread 3 ] DEBUG Engine               - isFullScreenFromStart: false
08:39:40.430 [FXGL Background Thread 3 ] DEBUG Engine               - isGameMenuEnabled: true
08:39:40.430 [FXGL Background Thread 3 ] DEBUG Engine               - isIOS: false
08:39:40.430 [FXGL Background Thread 3 ] DEBUG Engine               - isIntroEnabled: false
08:39:40.430 [FXGL Background Thread 3 ] DEBUG Engine               - isLinux: false
08:39:40.430 [FXGL Background Thread 3 ] DEBUG Engine               - isMac: false
08:39:40.430 [FXGL Background Thread 3 ] DEBUG Engine               - isMainMenuEnabled: false
08:39:40.430 [FXGL Background Thread 3 ] DEBUG Engine               - isManualResizeEnabled: false
08:39:40.430 [FXGL Background Thread 3 ] DEBUG Engine               - isMobile: false
08:39:40.430 [FXGL Background Thread 3 ] DEBUG Engine               - isNative: false
08:39:40.430 [FXGL Background Thread 3 ] DEBUG Engine               - isPauseMusicWhenMinimized: true
08:39:40.430 [FXGL Background Thread 3 ] DEBUG Engine               - isPreserveResizeRatio: false
08:39:40.430 [FXGL Background Thread 3 ] DEBUG Engine               - isProfilingEnabled: false
08:39:40.431 [FXGL Background Thread 3 ] DEBUG Engine               - isScaleAffectedOnResize: true
08:39:40.431 [FXGL Background Thread 3 ] DEBUG Engine               - isSingleStep: false
08:39:40.431 [FXGL Background Thread 3 ] DEBUG Engine               - isUserProfileEnabled: false
08:39:40.431 [FXGL Background Thread 3 ] DEBUG Engine               - isWindows: true
08:39:40.431 [FXGL Background Thread 3 ] DEBUG Engine               - language: ObjectProperty [value: ENGLISH]
08:39:40.431 [FXGL Background Thread 3 ] DEBUG Engine               - menuKey: ESCAPE
08:39:40.431 [FXGL Background Thread 3 ] DEBUG Engine               - mouseSensitivity: 0.2
08:39:40.431 [FXGL Background Thread 3 ] DEBUG Engine               - notificationViewClass: class com.almasb.fxgl.notification.view.XboxNotificationView
08:39:40.431 [FXGL Background Thread 3 ] DEBUG Engine               - pixelsPerMeter: 50.0
08:39:40.431 [FXGL Background Thread 3 ] DEBUG Engine               - platform: WINDOWS
08:39:40.431 [FXGL Background Thread 3 ] DEBUG Engine               - prefHeightProperty: ReadOnlyDoubleProperty [value: 880.0]
08:39:40.431 [FXGL Background Thread 3 ] DEBUG Engine               - prefWidthProperty: ReadOnlyDoubleProperty [value: 1280.0]
08:39:40.432 [FXGL Background Thread 3 ] DEBUG Engine               - profileDir: profiles/
08:39:40.432 [FXGL Background Thread 3 ] DEBUG Engine               - profileName: StringProperty [value: DEFAULT]
08:39:40.432 [FXGL Background Thread 3 ] DEBUG Engine               - randomSeed: -1
08:39:40.432 [FXGL Background Thread 3 ] DEBUG Engine               - runtimeInfo: RuntimeInfo(platform=WINDOWS, version=25, build=05.02.2026 22.57)
08:39:40.432 [FXGL Background Thread 3 ] DEBUG Engine               - saveFileExt: sav
08:39:40.432 [FXGL Background Thread 3 ] DEBUG Engine               - scaledHeightProp$fxgl: DoubleProperty [bound, value: 880.0]
08:39:40.432 [FXGL Background Thread 3 ] DEBUG Engine               - scaledWidthProp$fxgl: DoubleProperty [bound, value: 1280.0]
08:39:40.432 [FXGL Background Thread 3 ] DEBUG Engine               - sceneFactory: com.almasb.fxgl.app.scene.SceneFactory@1fc612c3
08:39:40.433 [FXGL Background Thread 3 ] DEBUG Engine               - secondsIn24h: 60
08:39:40.433 [FXGL Background Thread 3 ] DEBUG Engine               - soundMenuBack: menu/back.wav
08:39:40.433 [FXGL Background Thread 3 ] DEBUG Engine               - soundMenuPress: menu/press.wav
08:39:40.433 [FXGL Background Thread 3 ] DEBUG Engine               - soundMenuSelect: menu/select.wav
08:39:40.433 [FXGL Background Thread 3 ] DEBUG Engine               - soundNotification: core/notification.wav
08:39:40.433 [FXGL Background Thread 3 ] DEBUG Engine               - stageStyle: DECORATED
08:39:40.433 [FXGL Background Thread 3 ] DEBUG Engine               - supportedLanguages: [ENGLISH, FRENCH, GERMAN, HUNGARIAN, RUSSIAN]
08:39:40.433 [FXGL Background Thread 3 ] DEBUG Engine               - ticksPerSecond: -1
08:39:40.433 [FXGL Background Thread 3 ] DEBUG Engine               - title: Mein erstes Game mit FXGL
08:39:40.433 [FXGL Background Thread 3 ] DEBUG Engine               - urlGithub: https://github.com/AlmasB/FXGL
08:39:40.433 [FXGL Background Thread 3 ] DEBUG Engine               - urlLeaderboard: http://fxgl-top.herokuapp.com/
08:39:40.433 [FXGL Background Thread 3 ] DEBUG Engine               - urlPOM: https://raw.githubusercontent.com/AlmasB/FXGL/release/README.md
08:39:40.433 [FXGL Background Thread 3 ] DEBUG Engine               - userAppClass: class btaahaus.spaceInvader.App
08:39:40.433 [FXGL Background Thread 3 ] DEBUG Engine               - version: 0.0.1
08:39:40.434 [FXGL Background Thread 3 ] DEBUG Engine               - versionCheckDays: 7
08:39:40.434 [FXGL Background Thread 3 ] DEBUG Engine               - width: 1280
08:39:40.434 [FXGL Background Thread 3 ] DEBUG Engine               - Logging services
08:39:40.434 [FXGL Background Thread 3 ] DEBUG Engine               - class com.almasb.fxgl.app.services.FXGLAssetLoaderService
08:39:40.434 [FXGL Background Thread 3 ] DEBUG Engine               - class com.almasb.fxgl.app.FXGLApplication$GameApplicationService
08:39:40.434 [FXGL Background Thread 3 ] DEBUG Engine               - class com.almasb.fxgl.app.services.FXGLDialogService
08:39:40.434 [FXGL Background Thread 3 ] DEBUG Engine               - class com.almasb.fxgl.app.services.IOTaskExecutorService
08:39:40.434 [FXGL Background Thread 3 ] DEBUG Engine               - class com.almasb.fxgl.io.FileSystemService
08:39:40.434 [FXGL Background Thread 3 ] DEBUG Engine               - class com.almasb.fxgl.localization.LocalizationService
08:39:40.434 [FXGL Background Thread 3 ] DEBUG Engine               - class com.almasb.fxgl.app.services.SystemBundleService
08:39:40.434 [FXGL Background Thread 3 ] DEBUG Engine               - class com.almasb.fxgl.profile.SaveLoadService
08:39:40.434 [FXGL Background Thread 3 ] DEBUG Engine               - class com.almasb.fxgl.ui.FXGLUIFactoryServiceProvider
08:39:40.434 [FXGL Background Thread 3 ] DEBUG Engine               - class com.almasb.fxgl.ui.FXGLDialogFactoryServiceProvider
08:39:40.434 [FXGL Background Thread 3 ] DEBUG Engine               - class com.almasb.fxgl.audio.AudioPlayer
08:39:40.434 [FXGL Background Thread 3 ] DEBUG Engine               - class com.almasb.fxgl.notification.impl.NotificationServiceProvider
08:39:40.434 [FXGL Background Thread 3 ] DEBUG Engine               - class com.almasb.fxgl.achievement.AchievementService
08:39:40.434 [FXGL Background Thread 3 ] DEBUG Engine               - class com.almasb.fxgl.cutscene.CutsceneService
08:39:40.434 [FXGL Background Thread 3 ] DEBUG Engine               - class com.almasb.fxgl.minigames.MiniGameService
08:39:40.434 [FXGL Background Thread 3 ] DEBUG Engine               - class com.almasb.fxgl.net.NetService
08:39:40.435 [FXGL Background Thread 3 ] DEBUG Engine               - class com.almasb.fxgl.app.services.UpdaterService
08:39:40.435 [FXGL Background Thread 3 ] DEBUG Engine               - class com.almasb.fxgl.dev.DevService
08:40:17.605 [JavaFX Application Thread] DEBUG LoopRunner           - Pausing loop
08:42:22.232 [JavaFX Application Thread] DEBUG LoopRunner           - Resuming loop
08:43:26.665 [JavaFX Application Thread] DEBUG LoopRunner           - Pausing loop
08:43:28.806 [JavaFX Application Thread] DEBUG LoopRunner           - Resuming loop
08:46:14.207 [JavaFX Application Thread] DEBUG FXGLApplication      - Exiting FXGL
08:46:14.207 [JavaFX Application Thread] DEBUG Async                - Shutting down background threads
08:46:14.207 [JavaFX Application Thread] DEBUG PrimaryStageWindow   - Closing main window
08:46:14.220 [JavaFX Application Thread] DEBUG Logger               - Closing Logger
