07:43:10.570 [main                     ] DEBUG Logger               - Configured Logger
07:43:10.577 [main                     ] DEBUG GameApplication      - Logging settings
Title: Mein erstes Game mit FXGL
Version: 0.0.1
Width: 1280
Height: 880
Fullscreen: true
Intro: false
Profiling: false
Single step:false
App Mode: DEVELOPER
Menu Key: ESCAPE
Stage Style: DECORATED
Scene Factory: class com.almasb.fxgl.app.scene.SceneFactory

07:43:11.054 [JavaFX Application Thread] DEBUG FXGLApplication      - Initializing FXGL
07:43:11.058 [JavaFX Application Thread] INFO  Engine               - FXGL-25 (05.02.2026 22.57) on WINDOWS (J:25.0.2 FX:25.0.1)
07:43:11.058 [JavaFX Application Thread] DEBUG Engine               - JRE Vendor Name: Eclipse Adoptium
07:43:11.058 [JavaFX Application Thread] DEBUG Engine               - Running on OS: Windows 10 version 10.0
07:43:11.058 [JavaFX Application Thread] DEBUG Engine               - Architecture: amd64
07:43:11.058 [JavaFX Application Thread] INFO  Engine               - Source code and latest versions at: https://github.com/AlmasB/FXGL
07:43:11.059 [JavaFX Application Thread] INFO  Engine               -       Ask questions and discuss at: https://github.com/AlmasB/FXGL/discussions
07:43:11.174 [JavaFX Application Thread] DEBUG PrimaryStageWindow   - Creating a JavaFX scene
07:43:11.223 [JavaFX Application Thread] DEBUG PrimaryStageWindow   - Target settings size: 1280.0 x 880.0
07:43:11.223 [JavaFX Application Thread] DEBUG PrimaryStageWindow   - Scaled scene size:    1280.0 x 880.0
07:43:11.223 [JavaFX Application Thread] DEBUG PrimaryStageWindow   - Scaled ratio: (1.0, 1.0)
07:43:11.224 [JavaFX Application Thread] DEBUG PrimaryStageWindow   - Set initial scene to FXGLStartupScene
07:43:11.229 [JavaFX Application Thread] DEBUG PrimaryStageWindow   - Opening main window
07:43:11.558 [JavaFX Application Thread] DEBUG PrimaryStageWindow   - Window border size: (16.0, 39.0)
07:43:11.558 [JavaFX Application Thread] DEBUG PrimaryStageWindow   - Scaled size: 1280.0 x 880.0
07:43:11.558 [JavaFX Application Thread] DEBUG PrimaryStageWindow   - Scaled ratio: (1.0, 1.0)
07:43:11.558 [JavaFX Application Thread] DEBUG PrimaryStageWindow   - Scene size: 1280.0 x 880.0
07:43:11.558 [JavaFX Application Thread] DEBUG PrimaryStageWindow   - Stage size: 1296.0 x 919.0
07:43:11.566 [FXGL Background Thread 1 ] DEBUG Engine               - Initializing environment variables
07:43:11.631 [FXGL Background Thread 1 ] DEBUG FXGLAssetLoaderServi - User app class for loading assets: class btaahaus.ahrfxglgame.App
07:43:11.631 [FXGL Background Thread 1 ] DEBUG GameApplicationServi - Applying CSS: fxgl_dark.css
07:43:11.632 [FXGL Background Thread 1 ] DEBUG FXGLAssetLoaderServi - Loading from file system: jar:file:/C:/Users/Administrator.Rechner09/.m2/repository/com/github/almasb/fxgl/25/fxgl-25.jar!/fxglassets/ui/css/fxgl_dark.css
07:43:11.675 [FXGL Background Thread 1 ] DEBUG GameApplicationServi - Initializing application scenes
07:43:11.743 [FXGL Background Thread 1 ] DEBUG GameWorld            - Game world initialized
07:43:11.791 [FXGL Background Thread 1 ] DEBUG PhysicsWorld         - Physics world initialized: appHeight=880, physics.ppm=50,0
07:43:11.792 [FXGL Background Thread 1 ] DEBUG PhysicsWorld         - Using strategy: BRUTE_FORCE
07:43:11.798 [FXGL Background Thread 1 ] DEBUG GameScene            - Game scene initialized: 1280x880
07:43:11.811 [FXGL Background Thread 1 ] DEBUG FXGL.DefaultMenu     - createMenuBodyGameMenu()
07:43:11.830 [FXGL Background Thread 1 ] DEBUG FXGL.DefaultMenu     - createOptionsMenu()
07:43:11.840 [FXGL Background Thread 1 ] DEBUG FXGLAssetLoaderServi - Loading from file system: jar:file:/C:/Users/Administrator.Rechner09/.m2/repository/com/github/almasb/fxgl/25/fxgl-25.jar!/fxglassets/textures/particles/smoke.png
07:43:11.923 [FXGL Background Thread 1 ] DEBUG FXGLAssetLoaderServi - Loading from file system: jar:file:/C:/Users/Administrator.Rechner09/.m2/repository/com/github/almasb/fxgl/25/fxgl-25.jar!/fxglassets/textures/particles/trace_horizontal.png
07:43:11.944 [FXGL Background Thread 1 ] DEBUG GameApplicationServi - Application scenes initialized
07:43:11.956 [FXGL Background Thread 1 ] DEBUG SystemBundleService  - Loading FXGL system data
07:43:11.960 [FXGL Background Thread 1 ] DEBUG FileSystemAccess     - Reading from: C:\Users\administrator\Documents\NetBeansProjekte\ahrFXGLGame\system\fxgl.bundle
07:43:11.966 [FXGL Background Thread 1 ] DEBUG SystemBundleService  - Bundle FXGL: {}
07:43:11.966 [FXGL Background Thread 1 ] DEBUG UpdaterService       - Checking for updates
07:43:11.971 [FXGL Background Thread 1 ] DEBUG FXGLApplication      - Loading default localization
07:43:11.971 [FXGL Background Thread 1 ] DEBUG FXGLAssetLoaderServi - Loading from file system: jar:file:/C:/Users/Administrator.Rechner09/.m2/repository/com/github/almasb/fxgl/25/fxgl-25.jar!/fxglassets/languages/english.lang
07:43:11.972 [FXGL Background Thread 4 ] DEBUG FXGLApplication      - Loading fonts
07:43:11.972 [FXGL Background Thread 4 ] DEBUG FXGLAssetLoaderServi - Loading from file system: jar:file:/C:/Users/Administrator.Rechner09/.m2/repository/com/github/almasb/fxgl/25/fxgl-25.jar!/fxglassets/ui/fonts/VarelaRound-Regular.ttf
07:43:11.988 [FXGL Background Thread 1 ] INFO  FXGLApplication      - FXGL initialization took: 0,422 sec
07:43:11.996 [JavaFX Application Thread] DEBUG Input                - Registered new binding: right - D
07:43:11.996 [JavaFX Application Thread] DEBUG Input                - Registered new binding: left - A
07:43:11.997 [JavaFX Application Thread] DEBUG Input                - Registered new binding: up - W
07:43:11.997 [JavaFX Application Thread] DEBUG Input                - Registered new binding: down - S
07:43:11.997 [JavaFX Application Thread] DEBUG FXGLAssetLoaderServi - Loading from file system: jar:file:/C:/Users/Administrator.Rechner09/.m2/repository/com/github/almasb/fxgl/25/fxgl-25.jar!/fxglassets/textures/fxgl_icon.png
07:43:12.017 [JavaFX Application Thread] DEBUG FXGLAssetLoaderServi - Loading from file system: jar:file:/C:/Users/Administrator.Rechner09/.m2/repository/com/github/almasb/fxgl/25/fxgl-25.jar!/fxglassets/textures/fxgl_default_cursor.png
07:43:12.019 [JavaFX Application Thread] DEBUG Input                - Registered new binding: Screenshot - CTRL+8
07:43:12.019 [JavaFX Application Thread] DEBUG Input                - Registered new binding: System info dump - CTRL+9
07:43:12.019 [JavaFX Application Thread] DEBUG Input                - Registered new binding: Restart - CTRL+R
07:43:12.020 [JavaFX Application Thread] DEBUG Input                - Registered new binding: Toggle Debug Camera - CTRL+7
07:43:12.023 [JavaFX Application Thread] DEBUG LoopRunner           - Starting loop
07:43:12.023 [JavaFX Application Thread] DEBUG LoopRunner           - Initializing JavaFX AnimationTimerLoop
07:43:12.025 [JavaFX Application Thread] DEBUG GameApplicationServi - Starting new game
07:43:12.025 [JavaFX Application Thread] DEBUG Input                - Clearing active input actions
07:43:12.035 [JavaFX Application Thread] DEBUG GameApplicationServi - Removing overlay from FXGLStartupScene and adding to FXGLLoadingScene
07:43:12.035 [JavaFX Application Thread] DEBUG PrimaryStageWindow   - FXGLStartupScene -> FXGLLoadingScene
07:43:12.035 [JavaFX Application Thread] DEBUG GameApplicationServi - Clearing previous game
07:43:12.036 [JavaFX Application Thread] DEBUG GameScene            - Clearing game scene
07:43:12.036 [JavaFX Application Thread] DEBUG GameWorld            - Clearing game world
07:43:12.036 [JavaFX Application Thread] DEBUG PhysicsWorld         - Clearing physics world
07:43:12.037 [FXGL Background Thread 1 ] DEBUG FXGLApplication      - Initializing game
07:43:12.038 [FXGL Background Thread 1 ] DEBUG FXGLAssetLoaderServi - Loading from file system: file:/C:/Users/administrator/Documents/NetBeansProjekte/ahrFXGLGame/target/classes/assets/textures/rocket.png
07:43:12.048 [FXGL Background Thread 1 ] DEBUG FXGLAssetLoaderServi - Loading from file system: file:/C:/Users/administrator/Documents/NetBeansProjekte/ahrFXGLGame/target/classes/assets/textures/brick.png
07:43:12.117 [FXGL Background Thread 1 ] INFO  FXGLApplication      - Game initialization took: 0,080 sec
07:43:12.172 [FXGL Background Thread 4 ] DEBUG FXGLAssetLoaderServi - Loading from file system: jar:file:/C:/Users/Administrator.Rechner09/.m2/repository/com/github/almasb/fxgl/25/fxgl-25.jar!/fxglassets/ui/fonts/Abel-Regular.ttf
07:43:12.176 [FXGL Background Thread 4 ] DEBUG FXGLAssetLoaderServi - Loading from file system: jar:file:/C:/Users/Administrator.Rechner09/.m2/repository/com/github/almasb/fxgl/25/fxgl-25.jar!/fxglassets/ui/fonts/TerminalLandMono-Regular.otf
07:43:12.178 [JavaFX Application Thread] DEBUG Input                - Clearing active input actions
07:43:12.186 [JavaFX Application Thread] DEBUG GameApplicationServi - Removing overlay from FXGLLoadingScene and adding to GameScene
07:43:12.187 [JavaFX Application Thread] DEBUG PrimaryStageWindow   - FXGLLoadingScene -> GameScene
07:43:12.188 [FXGL Background Thread 4 ] DEBUG FXGLAssetLoaderServi - Loading from file system: jar:file:/C:/Users/Administrator.Rechner09/.m2/repository/com/github/almasb/fxgl/25/fxgl-25.jar!/fxglassets/ui/fonts/Courier-Prime.ttf
07:43:12.215 [JavaFX Application Thread] DEBUG FXGLApplication      - Registering font factories with UI factory
07:43:14.970 [FXGL Background Thread 3 ] DEBUG Engine               - Logging environment variables
07:43:14.970 [FXGL Background Thread 3 ] DEBUG Engine               - achievements: []
07:43:14.970 [FXGL Background Thread 3 ] DEBUG Engine               - actualHeight: 880.0
07:43:14.970 [FXGL Background Thread 3 ] DEBUG Engine               - actualHeightProperty: ReadOnlyDoubleProperty [value: 880.0]
07:43:14.970 [FXGL Background Thread 3 ] DEBUG Engine               - actualWidth: 1280.0
07:43:14.971 [FXGL Background Thread 3 ] DEBUG Engine               - actualWidthProperty: ReadOnlyDoubleProperty [value: 1280.0]
07:43:14.971 [FXGL Background Thread 3 ] DEBUG Engine               - appIcon: fxgl_icon.png
07:43:14.971 [FXGL Background Thread 3 ] DEBUG Engine               - applicationMode: DEVELOPER
07:43:14.971 [FXGL Background Thread 3 ] DEBUG Engine               - cSSList: [fxgl_dark.css]
07:43:14.971 [FXGL Background Thread 3 ] DEBUG Engine               - collisionDetectionStrategy: BRUTE_FORCE
07:43:14.971 [FXGL Background Thread 3 ] DEBUG Engine               - configClass: Optional.empty
07:43:14.971 [FXGL Background Thread 3 ] DEBUG Engine               - credits: []
07:43:14.972 [FXGL Background Thread 3 ] DEBUG Engine               - defaultCursor: CursorInfo(imageName=fxgl_default_cursor.png, hotspotX=7.0, hotspotY=6.0)
07:43:14.973 [FXGL Background Thread 3 ] DEBUG Engine               - devBBoxColorProperty: ObjectProperty [value: 0xff0000ff]
07:43:14.973 [FXGL Background Thread 3 ] DEBUG Engine               - devEnableDebugCameraProperty: BooleanProperty [value: false]
07:43:14.973 [FXGL Background Thread 3 ] DEBUG Engine               - devSensorColorProperty: ObjectProperty [value: 0xffff00ff]
07:43:14.973 [FXGL Background Thread 3 ] DEBUG Engine               - devShowBBoxProperty: BooleanProperty [value: false]
07:43:14.973 [FXGL Background Thread 3 ] DEBUG Engine               - devShowPositionProperty: BooleanProperty [value: false]
07:43:14.973 [FXGL Background Thread 3 ] DEBUG Engine               - enabledMenuItems: []
07:43:14.974 [FXGL Background Thread 3 ] DEBUG Engine               - engineServices: [class com.almasb.fxgl.app.services.FXGLAssetLoaderService, class com.almasb.fxgl.app.FXGLApplication$GameApplicationService, class com.almasb.fxgl.app.services.FXGLDialogService, class com.almasb.fxgl.app.services.IOTaskExecutorService, class com.almasb.fxgl.io.FileSystemService, class com.almasb.fxgl.localization.LocalizationService, class com.almasb.fxgl.app.services.SystemBundleService, class com.almasb.fxgl.profile.SaveLoadService, class com.almasb.fxgl.ui.FXGLUIFactoryServiceProvider, class com.almasb.fxgl.ui.FXGLDialogFactoryServiceProvider, class com.almasb.fxgl.audio.AudioPlayer, class com.almasb.fxgl.notification.impl.NotificationServiceProvider, class com.almasb.fxgl.achievement.AchievementService, class com.almasb.fxgl.cutscene.CutsceneService, class com.almasb.fxgl.minigames.MiniGameService, class com.almasb.fxgl.net.NetService, class com.almasb.fxgl.app.services.UpdaterService, class com.almasb.fxgl.dev.DevService]
07:43:14.974 [FXGL Background Thread 3 ] DEBUG Engine               - fontGame: Abel-Regular.ttf
07:43:14.974 [FXGL Background Thread 3 ] DEBUG Engine               - fontMono: TerminalLandMono-Regular.otf
07:43:14.974 [FXGL Background Thread 3 ] DEBUG Engine               - fontSizeScaleUI: 1.0
07:43:14.974 [FXGL Background Thread 3 ] DEBUG Engine               - fontText: Courier-Prime.ttf
07:43:14.974 [FXGL Background Thread 3 ] DEBUG Engine               - fontUI: VarelaRound-Regular.ttf
07:43:14.975 [FXGL Background Thread 3 ] DEBUG Engine               - fpsRefreshRate: 500.0 ms
07:43:14.975 [FXGL Background Thread 3 ] DEBUG Engine               - fullScreen: BooleanProperty [value: false]
07:43:14.975 [FXGL Background Thread 3 ] DEBUG Engine               - gameDifficulty: MEDIUM
07:43:14.975 [FXGL Background Thread 3 ] DEBUG Engine               - gameDifficultyProperty: ObjectProperty [value: MEDIUM]
07:43:14.975 [FXGL Background Thread 3 ] DEBUG Engine               - globalMusicVolume: 0.5
07:43:14.975 [FXGL Background Thread 3 ] DEBUG Engine               - globalMusicVolumeProperty: DoubleProperty [value: 0.5]
07:43:14.975 [FXGL Background Thread 3 ] DEBUG Engine               - globalSoundVolume: 0.5
07:43:14.975 [FXGL Background Thread 3 ] DEBUG Engine               - globalSoundVolumeProperty: DoubleProperty [value: 0.5]
07:43:14.975 [FXGL Background Thread 3 ] DEBUG Engine               - height: 880
07:43:14.976 [FXGL Background Thread 3 ] DEBUG Engine               - is3D: false
07:43:14.976 [FXGL Background Thread 3 ] DEBUG Engine               - isAndroid: false
07:43:14.976 [FXGL Background Thread 3 ] DEBUG Engine               - isBrowser: false
07:43:14.976 [FXGL Background Thread 3 ] DEBUG Engine               - isClickFeedbackEnabled: false
07:43:14.976 [FXGL Background Thread 3 ] DEBUG Engine               - isCloseConfirmation: false
07:43:14.976 [FXGL Background Thread 3 ] DEBUG Engine               - isDesktop: true
07:43:14.976 [FXGL Background Thread 3 ] DEBUG Engine               - isDeveloperMenuEnabled: false
07:43:14.976 [FXGL Background Thread 3 ] DEBUG Engine               - isEmbedded: false
07:43:14.976 [FXGL Background Thread 3 ] DEBUG Engine               - isEntityPreloadEnabled: true
07:43:14.976 [FXGL Background Thread 3 ] DEBUG Engine               - isExperimentalTiledLargeMap: false
07:43:14.976 [FXGL Background Thread 3 ] DEBUG Engine               - isFileSystemWriteAllowed: true
07:43:14.976 [FXGL Background Thread 3 ] DEBUG Engine               - isFullScreenAllowed: true
07:43:14.976 [FXGL Background Thread 3 ] DEBUG Engine               - isFullScreenFromStart: false
07:43:14.977 [FXGL Background Thread 3 ] DEBUG Engine               - isGameMenuEnabled: true
07:43:14.977 [FXGL Background Thread 3 ] DEBUG Engine               - isIOS: false
07:43:14.977 [FXGL Background Thread 3 ] DEBUG Engine               - isIntroEnabled: false
07:43:14.977 [FXGL Background Thread 3 ] DEBUG Engine               - isLinux: false
07:43:14.977 [FXGL Background Thread 3 ] DEBUG Engine               - isMac: false
07:43:14.977 [FXGL Background Thread 3 ] DEBUG Engine               - isMainMenuEnabled: false
07:43:14.977 [FXGL Background Thread 3 ] DEBUG Engine               - isManualResizeEnabled: false
07:43:14.977 [FXGL Background Thread 3 ] DEBUG Engine               - isMobile: false
07:43:14.977 [FXGL Background Thread 3 ] DEBUG Engine               - isNative: false
07:43:14.977 [FXGL Background Thread 3 ] DEBUG Engine               - isPauseMusicWhenMinimized: true
07:43:14.977 [FXGL Background Thread 3 ] DEBUG Engine               - isPreserveResizeRatio: false
07:43:14.977 [FXGL Background Thread 3 ] DEBUG Engine               - isProfilingEnabled: false
07:43:14.977 [FXGL Background Thread 3 ] DEBUG Engine               - isScaleAffectedOnResize: true
07:43:14.977 [FXGL Background Thread 3 ] DEBUG Engine               - isSingleStep: false
07:43:14.977 [FXGL Background Thread 3 ] DEBUG Engine               - isUserProfileEnabled: false
07:43:14.977 [FXGL Background Thread 3 ] DEBUG Engine               - isWindows: true
07:43:14.977 [FXGL Background Thread 3 ] DEBUG Engine               - language: ObjectProperty [value: ENGLISH]
07:43:14.977 [FXGL Background Thread 3 ] DEBUG Engine               - menuKey: ESCAPE
07:43:14.977 [FXGL Background Thread 3 ] DEBUG Engine               - mouseSensitivity: 0.2
07:43:14.977 [FXGL Background Thread 3 ] DEBUG Engine               - notificationViewClass: class com.almasb.fxgl.notification.view.XboxNotificationView
07:43:14.977 [FXGL Background Thread 3 ] DEBUG Engine               - pixelsPerMeter: 50.0
07:43:14.978 [FXGL Background Thread 3 ] DEBUG Engine               - platform: WINDOWS
07:43:14.978 [FXGL Background Thread 3 ] DEBUG Engine               - prefHeightProperty: ReadOnlyDoubleProperty [value: 880.0]
07:43:14.978 [FXGL Background Thread 3 ] DEBUG Engine               - prefWidthProperty: ReadOnlyDoubleProperty [value: 1280.0]
07:43:14.978 [FXGL Background Thread 3 ] DEBUG Engine               - profileDir: profiles/
07:43:14.978 [FXGL Background Thread 3 ] DEBUG Engine               - profileName: StringProperty [value: DEFAULT]
07:43:14.978 [FXGL Background Thread 3 ] DEBUG Engine               - randomSeed: -1
07:43:14.978 [FXGL Background Thread 3 ] DEBUG Engine               - runtimeInfo: RuntimeInfo(platform=WINDOWS, version=25, build=05.02.2026 22.57)
07:43:14.978 [FXGL Background Thread 3 ] DEBUG Engine               - saveFileExt: sav
07:43:14.978 [FXGL Background Thread 3 ] DEBUG Engine               - scaledHeightProp$fxgl: DoubleProperty [bound, value: 880.0]
07:43:14.978 [FXGL Background Thread 3 ] DEBUG Engine               - scaledWidthProp$fxgl: DoubleProperty [bound, value: 1280.0]
07:43:14.978 [FXGL Background Thread 3 ] DEBUG Engine               - sceneFactory: com.almasb.fxgl.app.scene.SceneFactory@6c1a337c
07:43:14.978 [FXGL Background Thread 3 ] DEBUG Engine               - secondsIn24h: 60
07:43:14.978 [FXGL Background Thread 3 ] DEBUG Engine               - soundMenuBack: menu/back.wav
07:43:14.978 [FXGL Background Thread 3 ] DEBUG Engine               - soundMenuPress: menu/press.wav
07:43:14.978 [FXGL Background Thread 3 ] DEBUG Engine               - soundMenuSelect: menu/select.wav
07:43:14.978 [FXGL Background Thread 3 ] DEBUG Engine               - soundNotification: core/notification.wav
07:43:14.978 [FXGL Background Thread 3 ] DEBUG Engine               - stageStyle: DECORATED
07:43:14.978 [FXGL Background Thread 3 ] DEBUG Engine               - supportedLanguages: [ENGLISH, FRENCH, GERMAN, HUNGARIAN, RUSSIAN]
07:43:14.978 [FXGL Background Thread 3 ] DEBUG Engine               - ticksPerSecond: -1
07:43:14.978 [FXGL Background Thread 3 ] DEBUG Engine               - title: Mein erstes Game mit FXGL
07:43:14.978 [FXGL Background Thread 3 ] DEBUG Engine               - urlGithub: https://github.com/AlmasB/FXGL
07:43:14.978 [FXGL Background Thread 3 ] DEBUG Engine               - urlLeaderboard: http://fxgl-top.herokuapp.com/
07:43:14.979 [FXGL Background Thread 3 ] DEBUG Engine               - urlPOM: https://raw.githubusercontent.com/AlmasB/FXGL/release/README.md
07:43:14.979 [FXGL Background Thread 3 ] DEBUG Engine               - userAppClass: class btaahaus.ahrfxglgame.App
07:43:14.979 [FXGL Background Thread 3 ] DEBUG Engine               - version: 0.0.1
07:43:14.979 [FXGL Background Thread 3 ] DEBUG Engine               - versionCheckDays: 7
07:43:14.979 [FXGL Background Thread 3 ] DEBUG Engine               - width: 1280
07:43:14.979 [FXGL Background Thread 3 ] DEBUG Engine               - Logging services
07:43:14.979 [FXGL Background Thread 3 ] DEBUG Engine               - class com.almasb.fxgl.app.services.FXGLAssetLoaderService
07:43:14.979 [FXGL Background Thread 3 ] DEBUG Engine               - class com.almasb.fxgl.app.FXGLApplication$GameApplicationService
07:43:14.979 [FXGL Background Thread 3 ] DEBUG Engine               - class com.almasb.fxgl.app.services.FXGLDialogService
07:43:14.979 [FXGL Background Thread 3 ] DEBUG Engine               - class com.almasb.fxgl.app.services.IOTaskExecutorService
07:43:14.979 [FXGL Background Thread 3 ] DEBUG Engine               - class com.almasb.fxgl.io.FileSystemService
07:43:14.979 [FXGL Background Thread 3 ] DEBUG Engine               - class com.almasb.fxgl.localization.LocalizationService
07:43:14.979 [FXGL Background Thread 3 ] DEBUG Engine               - class com.almasb.fxgl.app.services.SystemBundleService
07:43:14.979 [FXGL Background Thread 3 ] DEBUG Engine               - class com.almasb.fxgl.profile.SaveLoadService
07:43:14.979 [FXGL Background Thread 3 ] DEBUG Engine               - class com.almasb.fxgl.ui.FXGLUIFactoryServiceProvider
07:43:14.979 [FXGL Background Thread 3 ] DEBUG Engine               - class com.almasb.fxgl.ui.FXGLDialogFactoryServiceProvider
07:43:14.979 [FXGL Background Thread 3 ] DEBUG Engine               - class com.almasb.fxgl.audio.AudioPlayer
07:43:14.979 [FXGL Background Thread 3 ] DEBUG Engine               - class com.almasb.fxgl.notification.impl.NotificationServiceProvider
07:43:14.979 [FXGL Background Thread 3 ] DEBUG Engine               - class com.almasb.fxgl.achievement.AchievementService
07:43:14.979 [FXGL Background Thread 3 ] DEBUG Engine               - class com.almasb.fxgl.cutscene.CutsceneService
07:43:14.979 [FXGL Background Thread 3 ] DEBUG Engine               - class com.almasb.fxgl.minigames.MiniGameService
07:43:14.979 [FXGL Background Thread 3 ] DEBUG Engine               - class com.almasb.fxgl.net.NetService
07:43:14.979 [FXGL Background Thread 3 ] DEBUG Engine               - class com.almasb.fxgl.app.services.UpdaterService
07:43:14.979 [FXGL Background Thread 3 ] DEBUG Engine               - class com.almasb.fxgl.dev.DevService
08:20:43.198 [JavaFX Application Thread] DEBUG FXGLApplication      - Exiting FXGL
08:20:43.198 [JavaFX Application Thread] DEBUG LoopRunner           - Stopping loop
08:20:43.199 [JavaFX Application Thread] DEBUG SystemBundleService  - Saving FXGL system data
08:20:43.201 [JavaFX Application Thread] DEBUG FileSystemAccess     - Writing to: C:\Users\administrator\Documents\NetBeansProjekte\ahrFXGLGame\system\fxgl.bundle
08:20:43.203 [JavaFX Application Thread] DEBUG Async                - Shutting down background threads
08:20:43.204 [JavaFX Application Thread] DEBUG PrimaryStageWindow   - Closing main window
08:20:43.217 [JavaFX Application Thread] DEBUG Logger               - Closing Logger
