08:38:30.599 [main                     ] DEBUG Logger               - Configured Logger
08:38:30.607 [main                     ] DEBUG GameApplication      - Logging settings
Title: Mein erstes Game mit FXGL
Version: 0.0.1
Width: 1280
Height: 880
Fullscreen: true
Intro: false
Profiling: false
Single step:false
App Mode: DEVELOPER
Menu Key: ESCAPE
Stage Style: DECORATED
Scene Factory: class com.almasb.fxgl.app.scene.SceneFactory

08:38:31.134 [JavaFX Application Thread] DEBUG FXGLApplication      - Initializing FXGL
08:38:31.139 [JavaFX Application Thread] INFO  Engine               - FXGL-25 (05.02.2026 22.57) on WINDOWS (J:25.0.2 FX:25.0.1)
08:38:31.139 [JavaFX Application Thread] DEBUG Engine               - JRE Vendor Name: Eclipse Adoptium
08:38:31.139 [JavaFX Application Thread] DEBUG Engine               - Running on OS: Windows 10 version 10.0
08:38:31.139 [JavaFX Application Thread] DEBUG Engine               - Architecture: amd64
08:38:31.139 [JavaFX Application Thread] INFO  Engine               - Source code and latest versions at: https://github.com/AlmasB/FXGL
08:38:31.139 [JavaFX Application Thread] INFO  Engine               -       Ask questions and discuss at: https://github.com/AlmasB/FXGL/discussions
08:38:31.303 [JavaFX Application Thread] DEBUG PrimaryStageWindow   - Creating a JavaFX scene
08:38:31.373 [JavaFX Application Thread] DEBUG PrimaryStageWindow   - Target settings size: 1280.0 x 880.0
08:38:31.373 [JavaFX Application Thread] DEBUG PrimaryStageWindow   - Scaled scene size:    1280.0 x 880.0
08:38:31.373 [JavaFX Application Thread] DEBUG PrimaryStageWindow   - Scaled ratio: (1.0, 1.0)
08:38:31.375 [JavaFX Application Thread] DEBUG PrimaryStageWindow   - Set initial scene to FXGLStartupScene
08:38:31.384 [JavaFX Application Thread] DEBUG PrimaryStageWindow   - Opening main window
08:38:31.897 [JavaFX Application Thread] DEBUG PrimaryStageWindow   - Window border size: (16.0, 39.0)
08:38:31.897 [JavaFX Application Thread] DEBUG PrimaryStageWindow   - Scaled size: 1280.0 x 880.0
08:38:31.897 [JavaFX Application Thread] DEBUG PrimaryStageWindow   - Scaled ratio: (1.0, 1.0)
08:38:31.897 [JavaFX Application Thread] DEBUG PrimaryStageWindow   - Scene size: 1280.0 x 880.0
08:38:31.897 [JavaFX Application Thread] DEBUG PrimaryStageWindow   - Stage size: 1296.0 x 919.0
08:38:31.994 [FXGL Background Thread 1 ] DEBUG Engine               - Initializing environment variables
08:38:32.059 [FXGL Background Thread 1 ] DEBUG FXGLAssetLoaderServi - User app class for loading assets: class btaahaus.spaceInvader.App
08:38:32.060 [FXGL Background Thread 1 ] DEBUG GameApplicationServi - Applying CSS: fxgl_dark.css
08:38:32.061 [FXGL Background Thread 1 ] DEBUG FXGLAssetLoaderServi - Loading from file system: jar:file:/C:/Users/Gerighausen/.m2/repository/com/github/almasb/fxgl/25/fxgl-25.jar!/fxglassets/ui/css/fxgl_dark.css
08:38:32.121 [FXGL Background Thread 1 ] DEBUG GameApplicationServi - Initializing application scenes
08:38:32.218 [FXGL Background Thread 1 ] DEBUG GameWorld            - Game world initialized
08:38:32.271 [FXGL Background Thread 1 ] DEBUG PhysicsWorld         - Physics world initialized: appHeight=880, physics.ppm=50,0
08:38:32.272 [FXGL Background Thread 1 ] DEBUG PhysicsWorld         - Using strategy: BRUTE_FORCE
08:38:32.278 [FXGL Background Thread 1 ] DEBUG GameScene            - Game scene initialized: 1280x880
08:38:32.294 [FXGL Background Thread 1 ] DEBUG FXGL.DefaultMenu     - createMenuBodyGameMenu()
08:38:32.315 [FXGL Background Thread 1 ] DEBUG FXGL.DefaultMenu     - createOptionsMenu()
08:38:32.327 [FXGL Background Thread 1 ] DEBUG FXGLAssetLoaderServi - Loading from file system: jar:file:/C:/Users/Gerighausen/.m2/repository/com/github/almasb/fxgl/25/fxgl-25.jar!/fxglassets/textures/particles/smoke.png
08:38:32.425 [FXGL Background Thread 1 ] DEBUG FXGLAssetLoaderServi - Loading from file system: jar:file:/C:/Users/Gerighausen/.m2/repository/com/github/almasb/fxgl/25/fxgl-25.jar!/fxglassets/textures/particles/trace_horizontal.png
08:38:32.455 [FXGL Background Thread 1 ] DEBUG GameApplicationServi - Application scenes initialized
08:38:32.482 [FXGL Background Thread 1 ] DEBUG SystemBundleService  - Loading FXGL system data
08:38:32.485 [FXGL Background Thread 1 ] DEBUG FileSystemAccess     - Reading from: C:\Users\Gerighausen\Documents\NetBeansProjects\spaceInvader\system\fxgl.bundle
08:38:32.493 [FXGL Background Thread 1 ] DEBUG SystemBundleService  - Bundle FXGL: {}
08:38:32.493 [FXGL Background Thread 1 ] DEBUG UpdaterService       - Checking for updates
08:38:32.499 [FXGL Background Thread 4 ] DEBUG FXGLApplication      - Loading fonts
08:38:32.500 [FXGL Background Thread 4 ] DEBUG FXGLAssetLoaderServi - Loading from file system: jar:file:/C:/Users/Gerighausen/.m2/repository/com/github/almasb/fxgl/25/fxgl-25.jar!/fxglassets/ui/fonts/VarelaRound-Regular.ttf
08:38:32.500 [FXGL Background Thread 1 ] DEBUG FXGLApplication      - Loading default localization
08:38:32.501 [FXGL Background Thread 1 ] DEBUG FXGLAssetLoaderServi - Loading from file system: jar:file:/C:/Users/Gerighausen/.m2/repository/com/github/almasb/fxgl/25/fxgl-25.jar!/fxglassets/languages/english.lang
08:38:32.518 [FXGL Background Thread 1 ] INFO  FXGLApplication      - FXGL initialization took: 0,524 sec
08:38:32.528 [JavaFX Application Thread] DEBUG Input                - Registered new binding: right - D
08:38:32.529 [JavaFX Application Thread] DEBUG Input                - Registered new binding: left - A
08:38:32.529 [JavaFX Application Thread] DEBUG Input                - Registered new binding: up - W
08:38:32.529 [JavaFX Application Thread] DEBUG Input                - Registered new binding: down - S
08:38:32.529 [JavaFX Application Thread] DEBUG FXGLAssetLoaderServi - Loading from file system: jar:file:/C:/Users/Gerighausen/.m2/repository/com/github/almasb/fxgl/25/fxgl-25.jar!/fxglassets/textures/fxgl_icon.png
08:38:32.543 [JavaFX Application Thread] DEBUG FXGLAssetLoaderServi - Loading from file system: jar:file:/C:/Users/Gerighausen/.m2/repository/com/github/almasb/fxgl/25/fxgl-25.jar!/fxglassets/textures/fxgl_default_cursor.png
08:38:32.545 [JavaFX Application Thread] DEBUG Input                - Registered new binding: Screenshot - CTRL+8
08:38:32.545 [JavaFX Application Thread] DEBUG Input                - Registered new binding: System info dump - CTRL+9
08:38:32.545 [JavaFX Application Thread] DEBUG Input                - Registered new binding: Restart - CTRL+R
08:38:32.546 [JavaFX Application Thread] DEBUG Input                - Registered new binding: Toggle Debug Camera - CTRL+7
08:38:32.549 [JavaFX Application Thread] DEBUG LoopRunner           - Starting loop
08:38:32.549 [JavaFX Application Thread] DEBUG LoopRunner           - Initializing JavaFX AnimationTimerLoop
08:38:32.551 [JavaFX Application Thread] DEBUG GameApplicationServi - Starting new game
08:38:32.552 [JavaFX Application Thread] DEBUG Input                - Clearing active input actions
08:38:32.563 [JavaFX Application Thread] DEBUG GameApplicationServi - Removing overlay from FXGLStartupScene and adding to FXGLLoadingScene
08:38:32.563 [JavaFX Application Thread] DEBUG PrimaryStageWindow   - FXGLStartupScene -> FXGLLoadingScene
08:38:32.563 [JavaFX Application Thread] DEBUG GameApplicationServi - Clearing previous game
08:38:32.563 [JavaFX Application Thread] DEBUG GameScene            - Clearing game scene
08:38:32.563 [JavaFX Application Thread] DEBUG GameWorld            - Clearing game world
08:38:32.564 [JavaFX Application Thread] DEBUG PhysicsWorld         - Clearing physics world
08:38:32.575 [FXGL Background Thread 1 ] DEBUG FXGLApplication      - Initializing game
08:38:32.612 [FXGL Background Thread 4 ] DEBUG FXGLAssetLoaderServi - Loading from file system: jar:file:/C:/Users/Gerighausen/.m2/repository/com/github/almasb/fxgl/25/fxgl-25.jar!/fxglassets/ui/fonts/Abel-Regular.ttf
08:38:32.618 [FXGL Background Thread 4 ] DEBUG FXGLAssetLoaderServi - Loading from file system: jar:file:/C:/Users/Gerighausen/.m2/repository/com/github/almasb/fxgl/25/fxgl-25.jar!/fxglassets/ui/fonts/TerminalLandMono-Regular.otf
08:38:32.623 [FXGL Background Thread 4 ] DEBUG FXGLAssetLoaderServi - Loading from file system: jar:file:/C:/Users/Gerighausen/.m2/repository/com/github/almasb/fxgl/25/fxgl-25.jar!/fxglassets/ui/fonts/Courier-Prime.ttf
08:38:32.631 [FXGL Background Thread 1 ] DEBUG FXGLAssetLoaderServi - Loading from file system: file:/C:/Users/Gerighausen/Documents/NetBeansProjects/spaceInvader/target/classes/assets/textures/bgSpace.jpg
08:38:32.655 [JavaFX Application Thread] DEBUG FXGLApplication      - Registering font factories with UI factory
08:38:32.751 [FXGL Background Thread 1 ] DEBUG FXGLAssetLoaderServi - Loading from file system: file:/C:/Users/Gerighausen/Documents/NetBeansProjects/spaceInvader/target/classes/assets/textures/meteorit.png
08:38:32.778 [FXGL Background Thread 1 ] WARN  FXGLAssetLoaderServi - Asset "/assets/textures/rockerSchmal.png" was not found!
08:38:32.778 [FXGL Background Thread 1 ] WARN  FXGLAssetLoaderServi - Failed to load RESIZABLE_IMAGE
08:38:32.917 [JavaFX Application Thread] DEBUG LoopRunner           - Stopping loop
08:38:32.919 [JavaFX Application Thread] FATAL FXGLApplication      - Uncaught Exception:
java.lang.RuntimeException: Initialization failed
	at com.almasb.fxgl.app.FXGLApplication$InitAppTask.failed(FXGLApplication.kt:350)
	at javafx.concurrent.Task.setState(Task.java:709)
	at javafx.concurrent.Task$TaskCallable.lambda$call$2(Task.java:1437)
	at com.sun.javafx.application.PlatformImpl.lambda$runLater$0(PlatformImpl.java:424)
	at com.sun.glass.ui.InvokeLaterDispatcher$Future.run(InvokeLaterDispatcher.java:95)
	at com.sun.glass.ui.win.WinApplication._runLoop(Native Method)
	at com.sun.glass.ui.win.WinApplication.lambda$runLoop$0(WinApplication.java:168)
	at java.base/java.lang.Thread.run(Thread.java:1474)
Caused by: java.lang.ClassCastException: class java.lang.Integer cannot be cast to class java.lang.Double (java.lang.Integer and java.lang.Double are in module java.base of loader 'bootstrap')
	at btaahaus.spaceInvader.PlayerFactory.newPlayer(PlayerFactory.java:28)
	at java.base/jdk.internal.reflect.DirectMethodHandleAccessor.invoke(DirectMethodHandleAccessor.java:104)
	at java.base/java.lang.reflect.Method.invoke(Method.java:565)
	at com.almasb.fxgl.core.reflect.ReflectionUtils.call(ReflectionUtils.java:104)
	at com.almasb.fxgl.core.reflect.ReflectionUtils.lambda$mapToFunction$0(ReflectionUtils.java:111)
	at com.almasb.fxgl.entity.GameWorld.create$lambda$1(GameWorld.kt:428)
	at com.almasb.fxgl.core.util.DSLKt.tryCatchRoot(DSL.kt:34)
	at com.almasb.fxgl.entity.GameWorld.create(GameWorld.kt:428)
	at com.almasb.fxgl.entity.GameWorld.spawn(GameWorld.kt:396)
	at btaahaus.spaceInvader.App.initGame(App.java:59)
	at com.almasb.fxgl.app.FXGLApplication$InitAppTask.initGame(FXGLApplication.kt:346)
	at com.almasb.fxgl.app.FXGLApplication$InitAppTask.call(FXGLApplication.kt:324)
	at com.almasb.fxgl.app.FXGLApplication$InitAppTask.call(FXGLApplication.kt:316)
	at javafx.concurrent.Task$TaskCallable.call(Task.java:1407)
	at java.base/java.util.concurrent.FutureTask.run(FutureTask.java:328)
	at java.base/java.util.concurrent.Executors$RunnableAdapter.call(Executors.java:545)
	at java.base/java.util.concurrent.FutureTask.run(FutureTask.java:328)
	at java.base/java.util.concurrent.ThreadPoolExecutor.runWorker(ThreadPoolExecutor.java:1090)
	at java.base/java.util.concurrent.ThreadPoolExecutor$Worker.run(ThreadPoolExecutor.java:614)
	... 1 more

08:38:32.919 [JavaFX Application Thread] FATAL FXGLApplication      - Application will now exit
08:38:32.936 [JavaFX Application Thread] DEBUG PrimaryStageWindow   - Push state: ErrorSubScene
08:38:32.936 [JavaFX Application Thread] DEBUG Input                - Clearing active input actions
08:38:32.943 [JavaFX Application Thread] DEBUG GameApplicationServi - Removing overlay from FXGLLoadingScene and adding to ErrorSubScene
08:38:32.943 [JavaFX Application Thread] DEBUG PrimaryStageWindow   - FXGLLoadingScene -> ErrorSubScene
08:38:35.498 [FXGL Background Thread 3 ] DEBUG Engine               - Logging environment variables
08:38:35.498 [FXGL Background Thread 3 ] DEBUG Engine               - achievements: []
08:38:35.499 [FXGL Background Thread 3 ] DEBUG Engine               - actualHeight: 880.0
08:38:35.499 [FXGL Background Thread 3 ] DEBUG Engine               - actualHeightProperty: ReadOnlyDoubleProperty [value: 880.0]
08:38:35.499 [FXGL Background Thread 3 ] DEBUG Engine               - actualWidth: 1280.0
08:38:35.499 [FXGL Background Thread 3 ] DEBUG Engine               - actualWidthProperty: ReadOnlyDoubleProperty [value: 1280.0]
08:38:35.499 [FXGL Background Thread 3 ] DEBUG Engine               - appIcon: fxgl_icon.png
08:38:35.499 [FXGL Background Thread 3 ] DEBUG Engine               - applicationMode: DEVELOPER
08:38:35.500 [FXGL Background Thread 3 ] DEBUG Engine               - cSSList: [fxgl_dark.css]
08:38:35.500 [FXGL Background Thread 3 ] DEBUG Engine               - collisionDetectionStrategy: BRUTE_FORCE
08:38:35.500 [FXGL Background Thread 3 ] DEBUG Engine               - configClass: Optional.empty
08:38:35.500 [FXGL Background Thread 3 ] DEBUG Engine               - credits: []
08:38:35.500 [FXGL Background Thread 3 ] DEBUG Engine               - defaultCursor: CursorInfo(imageName=fxgl_default_cursor.png, hotspotX=7.0, hotspotY=6.0)
08:38:35.501 [FXGL Background Thread 3 ] DEBUG Engine               - devBBoxColorProperty: ObjectProperty [value: 0xff0000ff]
08:38:35.501 [FXGL Background Thread 3 ] DEBUG Engine               - devEnableDebugCameraProperty: BooleanProperty [value: false]
08:38:35.501 [FXGL Background Thread 3 ] DEBUG Engine               - devSensorColorProperty: ObjectProperty [value: 0xffff00ff]
08:38:35.501 [FXGL Background Thread 3 ] DEBUG Engine               - devShowBBoxProperty: BooleanProperty [value: false]
08:38:35.501 [FXGL Background Thread 3 ] DEBUG Engine               - devShowPositionProperty: BooleanProperty [value: false]
08:38:35.501 [FXGL Background Thread 3 ] DEBUG Engine               - enabledMenuItems: []
08:38:35.502 [FXGL Background Thread 3 ] DEBUG Engine               - engineServices: [class com.almasb.fxgl.app.services.FXGLAssetLoaderService, class com.almasb.fxgl.app.FXGLApplication$GameApplicationService, class com.almasb.fxgl.app.services.FXGLDialogService, class com.almasb.fxgl.app.services.IOTaskExecutorService, class com.almasb.fxgl.io.FileSystemService, class com.almasb.fxgl.localization.LocalizationService, class com.almasb.fxgl.app.services.SystemBundleService, class com.almasb.fxgl.profile.SaveLoadService, class com.almasb.fxgl.ui.FXGLUIFactoryServiceProvider, class com.almasb.fxgl.ui.FXGLDialogFactoryServiceProvider, class com.almasb.fxgl.audio.AudioPlayer, class com.almasb.fxgl.notification.impl.NotificationServiceProvider, class com.almasb.fxgl.achievement.AchievementService, class com.almasb.fxgl.cutscene.CutsceneService, class com.almasb.fxgl.minigames.MiniGameService, class com.almasb.fxgl.net.NetService, class com.almasb.fxgl.app.services.UpdaterService, class com.almasb.fxgl.dev.DevService]
08:38:35.502 [FXGL Background Thread 3 ] DEBUG Engine               - fontGame: Abel-Regular.ttf
08:38:35.502 [FXGL Background Thread 3 ] DEBUG Engine               - fontMono: TerminalLandMono-Regular.otf
08:38:35.502 [FXGL Background Thread 3 ] DEBUG Engine               - fontSizeScaleUI: 1.0
08:38:35.502 [FXGL Background Thread 3 ] DEBUG Engine               - fontText: Courier-Prime.ttf
08:38:35.502 [FXGL Background Thread 3 ] DEBUG Engine               - fontUI: VarelaRound-Regular.ttf
08:38:35.503 [FXGL Background Thread 3 ] DEBUG Engine               - fpsRefreshRate: 500.0 ms
08:38:35.503 [FXGL Background Thread 3 ] DEBUG Engine               - fullScreen: BooleanProperty [value: false]
08:38:35.503 [FXGL Background Thread 3 ] DEBUG Engine               - gameDifficulty: MEDIUM
08:38:35.503 [FXGL Background Thread 3 ] DEBUG Engine               - gameDifficultyProperty: ObjectProperty [value: MEDIUM]
08:38:35.503 [FXGL Background Thread 3 ] DEBUG Engine               - globalMusicVolume: 0.5
08:38:35.503 [FXGL Background Thread 3 ] DEBUG Engine               - globalMusicVolumeProperty: DoubleProperty [value: 0.5]
08:38:35.503 [FXGL Background Thread 3 ] DEBUG Engine               - globalSoundVolume: 0.5
08:38:35.503 [FXGL Background Thread 3 ] DEBUG Engine               - globalSoundVolumeProperty: DoubleProperty [value: 0.5]
08:38:35.504 [FXGL Background Thread 3 ] DEBUG Engine               - height: 880
08:38:35.504 [FXGL Background Thread 3 ] DEBUG Engine               - is3D: false
08:38:35.504 [FXGL Background Thread 3 ] DEBUG Engine               - isAndroid: false
08:38:35.504 [FXGL Background Thread 3 ] DEBUG Engine               - isBrowser: false
08:38:35.504 [FXGL Background Thread 3 ] DEBUG Engine               - isClickFeedbackEnabled: false
08:38:35.504 [FXGL Background Thread 3 ] DEBUG Engine               - isCloseConfirmation: false
08:38:35.504 [FXGL Background Thread 3 ] DEBUG Engine               - isDesktop: true
08:38:35.504 [FXGL Background Thread 3 ] DEBUG Engine               - isDeveloperMenuEnabled: false
08:38:35.505 [FXGL Background Thread 3 ] DEBUG Engine               - isEmbedded: false
08:38:35.505 [FXGL Background Thread 3 ] DEBUG Engine               - isEntityPreloadEnabled: true
08:38:35.505 [FXGL Background Thread 3 ] DEBUG Engine               - isExperimentalTiledLargeMap: false
08:38:35.505 [FXGL Background Thread 3 ] DEBUG Engine               - isFileSystemWriteAllowed: true
08:38:35.505 [FXGL Background Thread 3 ] DEBUG Engine               - isFullScreenAllowed: true
08:38:35.505 [FXGL Background Thread 3 ] DEBUG Engine               - isFullScreenFromStart: false
08:38:35.505 [FXGL Background Thread 3 ] DEBUG Engine               - isGameMenuEnabled: true
08:38:35.505 [FXGL Background Thread 3 ] DEBUG Engine               - isIOS: false
08:38:35.506 [FXGL Background Thread 3 ] DEBUG Engine               - isIntroEnabled: false
08:38:35.506 [FXGL Background Thread 3 ] DEBUG Engine               - isLinux: false
08:38:35.506 [FXGL Background Thread 3 ] DEBUG Engine               - isMac: false
08:38:35.506 [FXGL Background Thread 3 ] DEBUG Engine               - isMainMenuEnabled: false
08:38:35.506 [FXGL Background Thread 3 ] DEBUG Engine               - isManualResizeEnabled: false
08:38:35.506 [FXGL Background Thread 3 ] DEBUG Engine               - isMobile: false
08:38:35.506 [FXGL Background Thread 3 ] DEBUG Engine               - isNative: false
08:38:35.506 [FXGL Background Thread 3 ] DEBUG Engine               - isPauseMusicWhenMinimized: true
08:38:35.507 [FXGL Background Thread 3 ] DEBUG Engine               - isPreserveResizeRatio: false
08:38:35.507 [FXGL Background Thread 3 ] DEBUG Engine               - isProfilingEnabled: false
08:38:35.507 [FXGL Background Thread 3 ] DEBUG Engine               - isScaleAffectedOnResize: true
08:38:35.507 [FXGL Background Thread 3 ] DEBUG Engine               - isSingleStep: false
08:38:35.507 [FXGL Background Thread 3 ] DEBUG Engine               - isUserProfileEnabled: false
08:38:35.507 [FXGL Background Thread 3 ] DEBUG Engine               - isWindows: true
08:38:35.507 [FXGL Background Thread 3 ] DEBUG Engine               - language: ObjectProperty [value: ENGLISH]
08:38:35.507 [FXGL Background Thread 3 ] DEBUG Engine               - menuKey: ESCAPE
08:38:35.507 [FXGL Background Thread 3 ] DEBUG Engine               - mouseSensitivity: 0.2
08:38:35.508 [FXGL Background Thread 3 ] DEBUG Engine               - notificationViewClass: class com.almasb.fxgl.notification.view.XboxNotificationView
08:38:35.508 [FXGL Background Thread 3 ] DEBUG Engine               - pixelsPerMeter: 50.0
08:38:35.508 [FXGL Background Thread 3 ] DEBUG Engine               - platform: WINDOWS
08:38:35.508 [FXGL Background Thread 3 ] DEBUG Engine               - prefHeightProperty: ReadOnlyDoubleProperty [value: 880.0]
08:38:35.508 [FXGL Background Thread 3 ] DEBUG Engine               - prefWidthProperty: ReadOnlyDoubleProperty [value: 1280.0]
08:38:35.508 [FXGL Background Thread 3 ] DEBUG Engine               - profileDir: profiles/
08:38:35.508 [FXGL Background Thread 3 ] DEBUG Engine               - profileName: StringProperty [value: DEFAULT]
08:38:35.508 [FXGL Background Thread 3 ] DEBUG Engine               - randomSeed: -1
08:38:35.509 [FXGL Background Thread 3 ] DEBUG Engine               - runtimeInfo: RuntimeInfo(platform=WINDOWS, version=25, build=05.02.2026 22.57)
08:38:35.509 [FXGL Background Thread 3 ] DEBUG Engine               - saveFileExt: sav
08:38:35.510 [FXGL Background Thread 3 ] DEBUG Engine               - scaledHeightProp$fxgl: DoubleProperty [bound, value: 880.0]
08:38:35.510 [FXGL Background Thread 3 ] DEBUG Engine               - scaledWidthProp$fxgl: DoubleProperty [bound, value: 1280.0]
08:38:35.510 [FXGL Background Thread 3 ] DEBUG Engine               - sceneFactory: com.almasb.fxgl.app.scene.SceneFactory@a1e60d2
08:38:35.510 [FXGL Background Thread 3 ] DEBUG Engine               - secondsIn24h: 60
08:38:35.510 [FXGL Background Thread 3 ] DEBUG Engine               - soundMenuBack: menu/back.wav
08:38:35.510 [FXGL Background Thread 3 ] DEBUG Engine               - soundMenuPress: menu/press.wav
08:38:35.510 [FXGL Background Thread 3 ] DEBUG Engine               - soundMenuSelect: menu/select.wav
08:38:35.511 [FXGL Background Thread 3 ] DEBUG Engine               - soundNotification: core/notification.wav
08:38:35.511 [FXGL Background Thread 3 ] DEBUG Engine               - stageStyle: DECORATED
08:38:35.511 [FXGL Background Thread 3 ] DEBUG Engine               - supportedLanguages: [ENGLISH, FRENCH, GERMAN, HUNGARIAN, RUSSIAN]
08:38:35.511 [FXGL Background Thread 3 ] DEBUG Engine               - ticksPerSecond: -1
08:38:35.511 [FXGL Background Thread 3 ] DEBUG Engine               - title: Mein erstes Game mit FXGL
08:38:35.511 [FXGL Background Thread 3 ] DEBUG Engine               - urlGithub: https://github.com/AlmasB/FXGL
08:38:35.512 [FXGL Background Thread 3 ] DEBUG Engine               - urlLeaderboard: http://fxgl-top.herokuapp.com/
08:38:35.512 [FXGL Background Thread 3 ] DEBUG Engine               - urlPOM: https://raw.githubusercontent.com/AlmasB/FXGL/release/README.md
08:38:35.512 [FXGL Background Thread 3 ] DEBUG Engine               - userAppClass: class btaahaus.spaceInvader.App
08:38:35.512 [FXGL Background Thread 3 ] DEBUG Engine               - version: 0.0.1
08:38:35.512 [FXGL Background Thread 3 ] DEBUG Engine               - versionCheckDays: 7
08:38:35.512 [FXGL Background Thread 3 ] DEBUG Engine               - width: 1280
08:38:35.512 [FXGL Background Thread 3 ] DEBUG Engine               - Logging services
08:38:35.512 [FXGL Background Thread 3 ] DEBUG Engine               - class com.almasb.fxgl.app.services.FXGLAssetLoaderService
08:38:35.513 [FXGL Background Thread 3 ] DEBUG Engine               - class com.almasb.fxgl.app.FXGLApplication$GameApplicationService
08:38:35.513 [FXGL Background Thread 3 ] DEBUG Engine               - class com.almasb.fxgl.app.services.FXGLDialogService
08:38:35.513 [FXGL Background Thread 3 ] DEBUG Engine               - class com.almasb.fxgl.app.services.IOTaskExecutorService
08:38:35.513 [FXGL Background Thread 3 ] DEBUG Engine               - class com.almasb.fxgl.io.FileSystemService
08:38:35.513 [FXGL Background Thread 3 ] DEBUG Engine               - class com.almasb.fxgl.localization.LocalizationService
08:38:35.513 [FXGL Background Thread 3 ] DEBUG Engine               - class com.almasb.fxgl.app.services.SystemBundleService
08:38:35.513 [FXGL Background Thread 3 ] DEBUG Engine               - class com.almasb.fxgl.profile.SaveLoadService
08:38:35.513 [FXGL Background Thread 3 ] DEBUG Engine               - class com.almasb.fxgl.ui.FXGLUIFactoryServiceProvider
08:38:35.513 [FXGL Background Thread 3 ] DEBUG Engine               - class com.almasb.fxgl.ui.FXGLDialogFactoryServiceProvider
08:38:35.514 [FXGL Background Thread 3 ] DEBUG Engine               - class com.almasb.fxgl.audio.AudioPlayer
08:38:35.514 [FXGL Background Thread 3 ] DEBUG Engine               - class com.almasb.fxgl.notification.impl.NotificationServiceProvider
08:38:35.514 [FXGL Background Thread 3 ] DEBUG Engine               - class com.almasb.fxgl.achievement.AchievementService
08:38:35.514 [FXGL Background Thread 3 ] DEBUG Engine               - class com.almasb.fxgl.cutscene.CutsceneService
08:38:35.514 [FXGL Background Thread 3 ] DEBUG Engine               - class com.almasb.fxgl.minigames.MiniGameService
08:38:35.514 [FXGL Background Thread 3 ] DEBUG Engine               - class com.almasb.fxgl.net.NetService
08:38:35.514 [FXGL Background Thread 3 ] DEBUG Engine               - class com.almasb.fxgl.app.services.UpdaterService
08:38:35.515 [FXGL Background Thread 3 ] DEBUG Engine               - class com.almasb.fxgl.dev.DevService
08:39:20.433 [JavaFX Application Thread] DEBUG FXGLApplication      - Exiting FXGL
08:39:20.433 [JavaFX Application Thread] DEBUG Async                - Shutting down background threads
08:39:20.433 [JavaFX Application Thread] DEBUG PrimaryStageWindow   - Closing main window
08:39:20.449 [JavaFX Application Thread] DEBUG Logger               - Closing Logger
