08:47:28.981 [main                     ] DEBUG Logger               - Configured Logger
08:47:28.990 [main                     ] DEBUG GameApplication      - Logging settings
Title: Mein erstes Game mit FXGL
Version: 0.0.1
Width: 1280
Height: 880
Fullscreen: true
Intro: false
Profiling: false
Single step:false
App Mode: DEVELOPER
Menu Key: ESCAPE
Stage Style: DECORATED
Scene Factory: class com.almasb.fxgl.app.scene.SceneFactory

08:47:29.942 [JavaFX Application Thread] DEBUG FXGLApplication      - Initializing FXGL
08:47:29.949 [JavaFX Application Thread] INFO  Engine               - FXGL-25 (05.02.2026 22.57) on WINDOWS (J:25.0.2 FX:25.0.1)
08:47:29.951 [JavaFX Application Thread] DEBUG Engine               - JRE Vendor Name: Eclipse Adoptium
08:47:29.951 [JavaFX Application Thread] DEBUG Engine               - Running on OS: Windows 10 version 10.0
08:47:29.952 [JavaFX Application Thread] DEBUG Engine               - Architecture: amd64
08:47:29.952 [JavaFX Application Thread] INFO  Engine               - Source code and latest versions at: https://github.com/AlmasB/FXGL
08:47:29.952 [JavaFX Application Thread] INFO  Engine               -       Ask questions and discuss at: https://github.com/AlmasB/FXGL/discussions
08:47:30.122 [JavaFX Application Thread] DEBUG PrimaryStageWindow   - Creating a JavaFX scene
08:47:30.309 [JavaFX Application Thread] DEBUG PrimaryStageWindow   - Target settings size: 1280.0 x 880.0
08:47:30.310 [JavaFX Application Thread] DEBUG PrimaryStageWindow   - Scaled scene size:    1280.0 x 880.0
08:47:30.310 [JavaFX Application Thread] DEBUG PrimaryStageWindow   - Scaled ratio: (1.0, 1.0)
08:47:30.311 [JavaFX Application Thread] DEBUG PrimaryStageWindow   - Set initial scene to FXGLStartupScene
08:47:30.323 [JavaFX Application Thread] DEBUG PrimaryStageWindow   - Opening main window
08:47:31.597 [JavaFX Application Thread] DEBUG PrimaryStageWindow   - Window border size: (16.0, 39.0)
08:47:31.597 [JavaFX Application Thread] DEBUG PrimaryStageWindow   - Scaled size: 1280.0 x 880.0
08:47:31.597 [JavaFX Application Thread] DEBUG PrimaryStageWindow   - Scaled ratio: (1.0, 1.0)
08:47:31.597 [JavaFX Application Thread] DEBUG PrimaryStageWindow   - Scene size: 1280.0 x 880.0
08:47:31.597 [JavaFX Application Thread] DEBUG PrimaryStageWindow   - Stage size: 1296.0 x 919.0
08:47:31.675 [FXGL Background Thread 1 ] DEBUG Engine               - Initializing environment variables
08:47:31.742 [FXGL Background Thread 1 ] DEBUG FXGLAssetLoaderServi - User app class for loading assets: class btaahaus.ahrfxglgame.App
08:47:31.742 [FXGL Background Thread 1 ] DEBUG GameApplicationServi - Applying CSS: fxgl_dark.css
08:47:31.743 [FXGL Background Thread 1 ] DEBUG FXGLAssetLoaderServi - Loading from file system: jar:file:/C:/Users/Administrator.Rechner09/.m2/repository/com/github/almasb/fxgl/25/fxgl-25.jar!/fxglassets/ui/css/fxgl_dark.css
08:47:31.816 [FXGL Background Thread 1 ] DEBUG GameApplicationServi - Initializing application scenes
08:47:31.913 [FXGL Background Thread 1 ] DEBUG GameWorld            - Game world initialized
08:47:31.974 [FXGL Background Thread 1 ] DEBUG PhysicsWorld         - Physics world initialized: appHeight=880, physics.ppm=50,0
08:47:31.975 [FXGL Background Thread 1 ] DEBUG PhysicsWorld         - Using strategy: BRUTE_FORCE
08:47:31.981 [FXGL Background Thread 1 ] DEBUG GameScene            - Game scene initialized: 1280x880
08:47:31.996 [FXGL Background Thread 1 ] DEBUG FXGL.DefaultMenu     - createMenuBodyGameMenu()
08:47:32.018 [FXGL Background Thread 1 ] DEBUG FXGL.DefaultMenu     - createOptionsMenu()
08:47:32.038 [FXGL Background Thread 1 ] DEBUG FXGLAssetLoaderServi - Loading from file system: jar:file:/C:/Users/Administrator.Rechner09/.m2/repository/com/github/almasb/fxgl/25/fxgl-25.jar!/fxglassets/textures/particles/smoke.png
08:47:32.143 [FXGL Background Thread 1 ] DEBUG FXGLAssetLoaderServi - Loading from file system: jar:file:/C:/Users/Administrator.Rechner09/.m2/repository/com/github/almasb/fxgl/25/fxgl-25.jar!/fxglassets/textures/particles/trace_horizontal.png
08:47:32.168 [FXGL Background Thread 1 ] DEBUG GameApplicationServi - Application scenes initialized
08:47:32.183 [FXGL Background Thread 1 ] DEBUG SystemBundleService  - Loading FXGL system data
08:47:32.187 [FXGL Background Thread 1 ] DEBUG FileSystemAccess     - Reading from: C:\Users\administrator\Documents\NetBeansProjekte\ahrFXGLGame\system\fxgl.bundle
08:47:32.194 [FXGL Background Thread 1 ] DEBUG SystemBundleService  - Bundle FXGL: {}
08:47:32.194 [FXGL Background Thread 1 ] DEBUG UpdaterService       - Checking for updates
08:47:32.200 [FXGL Background Thread 1 ] DEBUG FXGLApplication      - Loading default localization
08:47:32.200 [FXGL Background Thread 1 ] DEBUG FXGLAssetLoaderServi - Loading from file system: jar:file:/C:/Users/Administrator.Rechner09/.m2/repository/com/github/almasb/fxgl/25/fxgl-25.jar!/fxglassets/languages/english.lang
08:47:32.200 [FXGL Background Thread 4 ] DEBUG FXGLApplication      - Loading fonts
08:47:32.201 [FXGL Background Thread 4 ] DEBUG FXGLAssetLoaderServi - Loading from file system: jar:file:/C:/Users/Administrator.Rechner09/.m2/repository/com/github/almasb/fxgl/25/fxgl-25.jar!/fxglassets/ui/fonts/VarelaRound-Regular.ttf
08:47:32.219 [FXGL Background Thread 1 ] INFO  FXGLApplication      - FXGL initialization took: 0,543 sec
08:47:32.227 [JavaFX Application Thread] DEBUG Input                - Registered new binding: right - D
08:47:32.227 [JavaFX Application Thread] DEBUG Input                - Registered new binding: left - A
08:47:32.227 [JavaFX Application Thread] DEBUG Input                - Registered new binding: up - W
08:47:32.227 [JavaFX Application Thread] DEBUG Input                - Registered new binding: down - S
08:47:32.228 [JavaFX Application Thread] DEBUG FXGLAssetLoaderServi - Loading from file system: jar:file:/C:/Users/Administrator.Rechner09/.m2/repository/com/github/almasb/fxgl/25/fxgl-25.jar!/fxglassets/textures/fxgl_icon.png
08:47:32.275 [JavaFX Application Thread] DEBUG FXGLAssetLoaderServi - Loading from file system: jar:file:/C:/Users/Administrator.Rechner09/.m2/repository/com/github/almasb/fxgl/25/fxgl-25.jar!/fxglassets/textures/fxgl_default_cursor.png
08:47:32.277 [JavaFX Application Thread] DEBUG Input                - Registered new binding: Screenshot - CTRL+8
08:47:32.277 [JavaFX Application Thread] DEBUG Input                - Registered new binding: System info dump - CTRL+9
08:47:32.278 [JavaFX Application Thread] DEBUG Input                - Registered new binding: Restart - CTRL+R
08:47:32.279 [JavaFX Application Thread] DEBUG Input                - Registered new binding: Toggle Debug Camera - CTRL+7
08:47:32.281 [JavaFX Application Thread] DEBUG LoopRunner           - Starting loop
08:47:32.282 [JavaFX Application Thread] DEBUG LoopRunner           - Initializing JavaFX AnimationTimerLoop
08:47:32.285 [JavaFX Application Thread] DEBUG GameApplicationServi - Starting new game
08:47:32.285 [JavaFX Application Thread] DEBUG Input                - Clearing active input actions
08:47:32.295 [JavaFX Application Thread] DEBUG GameApplicationServi - Removing overlay from FXGLStartupScene and adding to FXGLLoadingScene
08:47:32.295 [JavaFX Application Thread] DEBUG PrimaryStageWindow   - FXGLStartupScene -> FXGLLoadingScene
08:47:32.295 [JavaFX Application Thread] DEBUG GameApplicationServi - Clearing previous game
08:47:32.295 [JavaFX Application Thread] DEBUG GameScene            - Clearing game scene
08:47:32.295 [JavaFX Application Thread] DEBUG GameWorld            - Clearing game world
08:47:32.295 [JavaFX Application Thread] DEBUG PhysicsWorld         - Clearing physics world
08:47:32.297 [FXGL Background Thread 1 ] DEBUG FXGLApplication      - Initializing game
08:47:32.298 [FXGL Background Thread 1 ] DEBUG FXGLAssetLoaderServi - Loading from file system: file:/C:/Users/administrator/Documents/NetBeansProjekte/ahrFXGLGame/target/classes/assets/textures/rocket.png
08:47:32.311 [FXGL Background Thread 1 ] DEBUG FXGLAssetLoaderServi - Loading from file system: file:/C:/Users/administrator/Documents/NetBeansProjekte/ahrFXGLGame/target/classes/assets/textures/bgSpace.jpg
08:47:32.324 [FXGL Background Thread 4 ] DEBUG FXGLAssetLoaderServi - Loading from file system: jar:file:/C:/Users/Administrator.Rechner09/.m2/repository/com/github/almasb/fxgl/25/fxgl-25.jar!/fxglassets/ui/fonts/Abel-Regular.ttf
08:47:32.329 [FXGL Background Thread 4 ] DEBUG FXGLAssetLoaderServi - Loading from file system: jar:file:/C:/Users/Administrator.Rechner09/.m2/repository/com/github/almasb/fxgl/25/fxgl-25.jar!/fxglassets/ui/fonts/TerminalLandMono-Regular.otf
08:47:32.333 [FXGL Background Thread 4 ] DEBUG FXGLAssetLoaderServi - Loading from file system: jar:file:/C:/Users/Administrator.Rechner09/.m2/repository/com/github/almasb/fxgl/25/fxgl-25.jar!/fxglassets/ui/fonts/Courier-Prime.ttf
08:47:32.359 [JavaFX Application Thread] DEBUG FXGLApplication      - Registering font factories with UI factory
08:47:32.444 [FXGL Background Thread 1 ] DEBUG FXGLAssetLoaderServi - Loading from file system: file:/C:/Users/administrator/Documents/NetBeansProjekte/ahrFXGLGame/target/classes/assets/textures/meteorit.png
08:47:32.482 [FXGL Background Thread 1 ] INFO  FXGLApplication      - Game initialization took: 0,184 sec
08:47:32.659 [JavaFX Application Thread] DEBUG Input                - Clearing active input actions
08:47:32.682 [JavaFX Application Thread] DEBUG GameApplicationServi - Removing overlay from FXGLLoadingScene and adding to GameScene
08:47:32.683 [JavaFX Application Thread] DEBUG PrimaryStageWindow   - FXGLLoadingScene -> GameScene
08:47:35.198 [FXGL Background Thread 3 ] DEBUG Engine               - Logging environment variables
08:47:35.198 [FXGL Background Thread 3 ] DEBUG Engine               - achievements: []
08:47:35.198 [FXGL Background Thread 3 ] DEBUG Engine               - actualHeight: 880.0
08:47:35.198 [FXGL Background Thread 3 ] DEBUG Engine               - actualHeightProperty: ReadOnlyDoubleProperty [value: 880.0]
08:47:35.198 [FXGL Background Thread 3 ] DEBUG Engine               - actualWidth: 1280.0
08:47:35.198 [FXGL Background Thread 3 ] DEBUG Engine               - actualWidthProperty: ReadOnlyDoubleProperty [value: 1280.0]
08:47:35.198 [FXGL Background Thread 3 ] DEBUG Engine               - appIcon: fxgl_icon.png
08:47:35.198 [FXGL Background Thread 3 ] DEBUG Engine               - applicationMode: DEVELOPER
08:47:35.198 [FXGL Background Thread 3 ] DEBUG Engine               - cSSList: [fxgl_dark.css]
08:47:35.198 [FXGL Background Thread 3 ] DEBUG Engine               - collisionDetectionStrategy: BRUTE_FORCE
08:47:35.199 [FXGL Background Thread 3 ] DEBUG Engine               - configClass: Optional.empty
08:47:35.199 [FXGL Background Thread 3 ] DEBUG Engine               - credits: []
08:47:35.199 [FXGL Background Thread 3 ] DEBUG Engine               - defaultCursor: CursorInfo(imageName=fxgl_default_cursor.png, hotspotX=7.0, hotspotY=6.0)
08:47:35.199 [FXGL Background Thread 3 ] DEBUG Engine               - devBBoxColorProperty: ObjectProperty [value: 0xff0000ff]
08:47:35.199 [FXGL Background Thread 3 ] DEBUG Engine               - devEnableDebugCameraProperty: BooleanProperty [value: false]
08:47:35.199 [FXGL Background Thread 3 ] DEBUG Engine               - devSensorColorProperty: ObjectProperty [value: 0xffff00ff]
08:47:35.199 [FXGL Background Thread 3 ] DEBUG Engine               - devShowBBoxProperty: BooleanProperty [value: false]
08:47:35.199 [FXGL Background Thread 3 ] DEBUG Engine               - devShowPositionProperty: BooleanProperty [value: false]
08:47:35.199 [FXGL Background Thread 3 ] DEBUG Engine               - enabledMenuItems: []
08:47:35.199 [FXGL Background Thread 3 ] DEBUG Engine               - engineServices: [class com.almasb.fxgl.app.services.FXGLAssetLoaderService, class com.almasb.fxgl.app.FXGLApplication$GameApplicationService, class com.almasb.fxgl.app.services.FXGLDialogService, class com.almasb.fxgl.app.services.IOTaskExecutorService, class com.almasb.fxgl.io.FileSystemService, class com.almasb.fxgl.localization.LocalizationService, class com.almasb.fxgl.app.services.SystemBundleService, class com.almasb.fxgl.profile.SaveLoadService, class com.almasb.fxgl.ui.FXGLUIFactoryServiceProvider, class com.almasb.fxgl.ui.FXGLDialogFactoryServiceProvider, class com.almasb.fxgl.audio.AudioPlayer, class com.almasb.fxgl.notification.impl.NotificationServiceProvider, class com.almasb.fxgl.achievement.AchievementService, class com.almasb.fxgl.cutscene.CutsceneService, class com.almasb.fxgl.minigames.MiniGameService, class com.almasb.fxgl.net.NetService, class com.almasb.fxgl.app.services.UpdaterService, class com.almasb.fxgl.dev.DevService]
08:47:35.199 [FXGL Background Thread 3 ] DEBUG Engine               - fontGame: Abel-Regular.ttf
08:47:35.199 [FXGL Background Thread 3 ] DEBUG Engine               - fontMono: TerminalLandMono-Regular.otf
08:47:35.199 [FXGL Background Thread 3 ] DEBUG Engine               - fontSizeScaleUI: 1.0
08:47:35.199 [FXGL Background Thread 3 ] DEBUG Engine               - fontText: Courier-Prime.ttf
08:47:35.200 [FXGL Background Thread 3 ] DEBUG Engine               - fontUI: VarelaRound-Regular.ttf
08:47:35.200 [FXGL Background Thread 3 ] DEBUG Engine               - fpsRefreshRate: 500.0 ms
08:47:35.200 [FXGL Background Thread 3 ] DEBUG Engine               - fullScreen: BooleanProperty [value: false]
08:47:35.200 [FXGL Background Thread 3 ] DEBUG Engine               - gameDifficulty: MEDIUM
08:47:35.200 [FXGL Background Thread 3 ] DEBUG Engine               - gameDifficultyProperty: ObjectProperty [value: MEDIUM]
08:47:35.200 [FXGL Background Thread 3 ] DEBUG Engine               - globalMusicVolume: 0.5
08:47:35.200 [FXGL Background Thread 3 ] DEBUG Engine               - globalMusicVolumeProperty: DoubleProperty [value: 0.5]
08:47:35.200 [FXGL Background Thread 3 ] DEBUG Engine               - globalSoundVolume: 0.5
08:47:35.200 [FXGL Background Thread 3 ] DEBUG Engine               - globalSoundVolumeProperty: DoubleProperty [value: 0.5]
08:47:35.200 [FXGL Background Thread 3 ] DEBUG Engine               - height: 880
08:47:35.200 [FXGL Background Thread 3 ] DEBUG Engine               - is3D: false
08:47:35.200 [FXGL Background Thread 3 ] DEBUG Engine               - isAndroid: false
08:47:35.200 [FXGL Background Thread 3 ] DEBUG Engine               - isBrowser: false
08:47:35.200 [FXGL Background Thread 3 ] DEBUG Engine               - isClickFeedbackEnabled: false
08:47:35.200 [FXGL Background Thread 3 ] DEBUG Engine               - isCloseConfirmation: false
08:47:35.200 [FXGL Background Thread 3 ] DEBUG Engine               - isDesktop: true
08:47:35.200 [FXGL Background Thread 3 ] DEBUG Engine               - isDeveloperMenuEnabled: false
08:47:35.200 [FXGL Background Thread 3 ] DEBUG Engine               - isEmbedded: false
08:47:35.200 [FXGL Background Thread 3 ] DEBUG Engine               - isEntityPreloadEnabled: true
08:47:35.201 [FXGL Background Thread 3 ] DEBUG Engine               - isExperimentalTiledLargeMap: false
08:47:35.201 [FXGL Background Thread 3 ] DEBUG Engine               - isFileSystemWriteAllowed: true
08:47:35.201 [FXGL Background Thread 3 ] DEBUG Engine               - isFullScreenAllowed: true
08:47:35.201 [FXGL Background Thread 3 ] DEBUG Engine               - isFullScreenFromStart: false
08:47:35.201 [FXGL Background Thread 3 ] DEBUG Engine               - isGameMenuEnabled: true
08:47:35.201 [FXGL Background Thread 3 ] DEBUG Engine               - isIOS: false
08:47:35.201 [FXGL Background Thread 3 ] DEBUG Engine               - isIntroEnabled: false
08:47:35.201 [FXGL Background Thread 3 ] DEBUG Engine               - isLinux: false
08:47:35.201 [FXGL Background Thread 3 ] DEBUG Engine               - isMac: false
08:47:35.201 [FXGL Background Thread 3 ] DEBUG Engine               - isMainMenuEnabled: false
08:47:35.201 [FXGL Background Thread 3 ] DEBUG Engine               - isManualResizeEnabled: false
08:47:35.201 [FXGL Background Thread 3 ] DEBUG Engine               - isMobile: false
08:47:35.201 [FXGL Background Thread 3 ] DEBUG Engine               - isNative: false
08:47:35.201 [FXGL Background Thread 3 ] DEBUG Engine               - isPauseMusicWhenMinimized: true
08:47:35.201 [FXGL Background Thread 3 ] DEBUG Engine               - isPreserveResizeRatio: false
08:47:35.201 [FXGL Background Thread 3 ] DEBUG Engine               - isProfilingEnabled: false
08:47:35.201 [FXGL Background Thread 3 ] DEBUG Engine               - isScaleAffectedOnResize: true
08:47:35.201 [FXGL Background Thread 3 ] DEBUG Engine               - isSingleStep: false
08:47:35.201 [FXGL Background Thread 3 ] DEBUG Engine               - isUserProfileEnabled: false
08:47:35.201 [FXGL Background Thread 3 ] DEBUG Engine               - isWindows: true
08:47:35.201 [FXGL Background Thread 3 ] DEBUG Engine               - language: ObjectProperty [value: ENGLISH]
08:47:35.202 [FXGL Background Thread 3 ] DEBUG Engine               - menuKey: ESCAPE
08:47:35.202 [FXGL Background Thread 3 ] DEBUG Engine               - mouseSensitivity: 0.2
08:47:35.202 [FXGL Background Thread 3 ] DEBUG Engine               - notificationViewClass: class com.almasb.fxgl.notification.view.XboxNotificationView
08:47:35.202 [FXGL Background Thread 3 ] DEBUG Engine               - pixelsPerMeter: 50.0
08:47:35.202 [FXGL Background Thread 3 ] DEBUG Engine               - platform: WINDOWS
08:47:35.202 [FXGL Background Thread 3 ] DEBUG Engine               - prefHeightProperty: ReadOnlyDoubleProperty [value: 880.0]
08:47:35.202 [FXGL Background Thread 3 ] DEBUG Engine               - prefWidthProperty: ReadOnlyDoubleProperty [value: 1280.0]
08:47:35.202 [FXGL Background Thread 3 ] DEBUG Engine               - profileDir: profiles/
08:47:35.202 [FXGL Background Thread 3 ] DEBUG Engine               - profileName: StringProperty [value: DEFAULT]
08:47:35.202 [FXGL Background Thread 3 ] DEBUG Engine               - randomSeed: -1
08:47:35.202 [FXGL Background Thread 3 ] DEBUG Engine               - runtimeInfo: RuntimeInfo(platform=WINDOWS, version=25, build=05.02.2026 22.57)
08:47:35.202 [FXGL Background Thread 3 ] DEBUG Engine               - saveFileExt: sav
08:47:35.202 [FXGL Background Thread 3 ] DEBUG Engine               - scaledHeightProp$fxgl: DoubleProperty [bound, value: 880.0]
08:47:35.202 [FXGL Background Thread 3 ] DEBUG Engine               - scaledWidthProp$fxgl: DoubleProperty [bound, value: 1280.0]
08:47:35.202 [FXGL Background Thread 3 ] DEBUG Engine               - sceneFactory: com.almasb.fxgl.app.scene.SceneFactory@291d2bcc
08:47:35.202 [FXGL Background Thread 3 ] DEBUG Engine               - secondsIn24h: 60
08:47:35.202 [FXGL Background Thread 3 ] DEBUG Engine               - soundMenuBack: menu/back.wav
08:47:35.202 [FXGL Background Thread 3 ] DEBUG Engine               - soundMenuPress: menu/press.wav
08:47:35.203 [FXGL Background Thread 3 ] DEBUG Engine               - soundMenuSelect: menu/select.wav
08:47:35.203 [FXGL Background Thread 3 ] DEBUG Engine               - soundNotification: core/notification.wav
08:47:35.203 [FXGL Background Thread 3 ] DEBUG Engine               - stageStyle: DECORATED
08:47:35.203 [FXGL Background Thread 3 ] DEBUG Engine               - supportedLanguages: [ENGLISH, FRENCH, GERMAN, HUNGARIAN, RUSSIAN]
08:47:35.203 [FXGL Background Thread 3 ] DEBUG Engine               - ticksPerSecond: -1
08:47:35.203 [FXGL Background Thread 3 ] DEBUG Engine               - title: Mein erstes Game mit FXGL
08:47:35.203 [FXGL Background Thread 3 ] DEBUG Engine               - urlGithub: https://github.com/AlmasB/FXGL
08:47:35.203 [FXGL Background Thread 3 ] DEBUG Engine               - urlLeaderboard: http://fxgl-top.herokuapp.com/
08:47:35.203 [FXGL Background Thread 3 ] DEBUG Engine               - urlPOM: https://raw.githubusercontent.com/AlmasB/FXGL/release/README.md
08:47:35.203 [FXGL Background Thread 3 ] DEBUG Engine               - userAppClass: class btaahaus.ahrfxglgame.App
08:47:35.203 [FXGL Background Thread 3 ] DEBUG Engine               - version: 0.0.1
08:47:35.203 [FXGL Background Thread 3 ] DEBUG Engine               - versionCheckDays: 7
08:47:35.203 [FXGL Background Thread 3 ] DEBUG Engine               - width: 1280
08:47:35.203 [FXGL Background Thread 3 ] DEBUG Engine               - Logging services
08:47:35.203 [FXGL Background Thread 3 ] DEBUG Engine               - class com.almasb.fxgl.app.services.FXGLAssetLoaderService
08:47:35.203 [FXGL Background Thread 3 ] DEBUG Engine               - class com.almasb.fxgl.app.FXGLApplication$GameApplicationService
08:47:35.203 [FXGL Background Thread 3 ] DEBUG Engine               - class com.almasb.fxgl.app.services.FXGLDialogService
08:47:35.203 [FXGL Background Thread 3 ] DEBUG Engine               - class com.almasb.fxgl.app.services.IOTaskExecutorService
08:47:35.203 [FXGL Background Thread 3 ] DEBUG Engine               - class com.almasb.fxgl.io.FileSystemService
08:47:35.203 [FXGL Background Thread 3 ] DEBUG Engine               - class com.almasb.fxgl.localization.LocalizationService
08:47:35.203 [FXGL Background Thread 3 ] DEBUG Engine               - class com.almasb.fxgl.app.services.SystemBundleService
08:47:35.203 [FXGL Background Thread 3 ] DEBUG Engine               - class com.almasb.fxgl.profile.SaveLoadService
08:47:35.204 [FXGL Background Thread 3 ] DEBUG Engine               - class com.almasb.fxgl.ui.FXGLUIFactoryServiceProvider
08:47:35.204 [FXGL Background Thread 3 ] DEBUG Engine               - class com.almasb.fxgl.ui.FXGLDialogFactoryServiceProvider
08:47:35.204 [FXGL Background Thread 3 ] DEBUG Engine               - class com.almasb.fxgl.audio.AudioPlayer
08:47:35.204 [FXGL Background Thread 3 ] DEBUG Engine               - class com.almasb.fxgl.notification.impl.NotificationServiceProvider
08:47:35.204 [FXGL Background Thread 3 ] DEBUG Engine               - class com.almasb.fxgl.achievement.AchievementService
08:47:35.204 [FXGL Background Thread 3 ] DEBUG Engine               - class com.almasb.fxgl.cutscene.CutsceneService
08:47:35.204 [FXGL Background Thread 3 ] DEBUG Engine               - class com.almasb.fxgl.minigames.MiniGameService
08:47:35.204 [FXGL Background Thread 3 ] DEBUG Engine               - class com.almasb.fxgl.net.NetService
08:47:35.204 [FXGL Background Thread 3 ] DEBUG Engine               - class com.almasb.fxgl.app.services.UpdaterService
08:47:35.204 [FXGL Background Thread 3 ] DEBUG Engine               - class com.almasb.fxgl.dev.DevService
08:48:24.354 [JavaFX Application Thread] DEBUG FXGLApplication      - Exiting FXGL
08:48:24.354 [JavaFX Application Thread] DEBUG LoopRunner           - Stopping loop
08:48:24.355 [JavaFX Application Thread] DEBUG SystemBundleService  - Saving FXGL system data
08:48:24.356 [JavaFX Application Thread] DEBUG FileSystemAccess     - Writing to: C:\Users\administrator\Documents\NetBeansProjekte\ahrFXGLGame\system\fxgl.bundle
08:48:24.359 [JavaFX Application Thread] DEBUG Async                - Shutting down background threads
08:48:24.359 [JavaFX Application Thread] DEBUG PrimaryStageWindow   - Closing main window
08:48:24.366 [JavaFX Application Thread] DEBUG Logger               - Closing Logger
