10:40:55.793 [main                     ] DEBUG Logger               - Configured Logger
10:40:55.800 [main                     ] DEBUG GameApplication      - Logging settings
Title: Mein erstes Game mit FXGL
Version: 0.0.1
Width: 1280
Height: 880
Fullscreen: true
Intro: false
Profiling: false
Single step:false
App Mode: DEVELOPER
Menu Key: ESCAPE
Stage Style: DECORATED
Scene Factory: class com.almasb.fxgl.app.scene.SceneFactory

10:40:56.169 [JavaFX Application Thread] DEBUG FXGLApplication      - Initializing FXGL
10:40:56.172 [JavaFX Application Thread] INFO  Engine               - FXGL-25 (05.02.2026 22.57) on WINDOWS (J:25.0.3 FX:25.0.1)
10:40:56.172 [JavaFX Application Thread] DEBUG Engine               - JRE Vendor Name: Oracle Corporation
10:40:56.172 [JavaFX Application Thread] DEBUG Engine               - Running on OS: Windows 11 version 10.0
10:40:56.172 [JavaFX Application Thread] DEBUG Engine               - Architecture: amd64
10:40:56.173 [JavaFX Application Thread] INFO  Engine               - Source code and latest versions at: https://github.com/AlmasB/FXGL
10:40:56.173 [JavaFX Application Thread] INFO  Engine               -       Ask questions and discuss at: https://github.com/AlmasB/FXGL/discussions
10:40:56.237 [JavaFX Application Thread] DEBUG PrimaryStageWindow   - Creating a JavaFX scene
10:40:56.269 [JavaFX Application Thread] DEBUG PrimaryStageWindow   - Target settings size: 1280.0 x 880.0
10:40:56.269 [JavaFX Application Thread] DEBUG PrimaryStageWindow   - Scaled scene size:    1280.0 x 880.0
10:40:56.270 [JavaFX Application Thread] DEBUG PrimaryStageWindow   - Scaled ratio: (1.0, 1.0)
10:40:56.270 [JavaFX Application Thread] DEBUG PrimaryStageWindow   - Set initial scene to FXGLStartupScene
10:40:56.274 [JavaFX Application Thread] DEBUG PrimaryStageWindow   - Opening main window
10:40:56.498 [JavaFX Application Thread] DEBUG PrimaryStageWindow   - Window border size: (16.0, 39.0)
10:40:56.498 [JavaFX Application Thread] DEBUG PrimaryStageWindow   - Scaled size: 1280.0 x 880.0
10:40:56.498 [JavaFX Application Thread] DEBUG PrimaryStageWindow   - Scaled ratio: (1.0, 1.0)
10:40:56.498 [JavaFX Application Thread] DEBUG PrimaryStageWindow   - Scene size: 1280.0 x 880.0
10:40:56.498 [JavaFX Application Thread] DEBUG PrimaryStageWindow   - Stage size: 1296.0 x 919.0
10:40:56.505 [FXGL Background Thread 1 ] DEBUG Engine               - Initializing environment variables
10:40:56.551 [FXGL Background Thread 1 ] DEBUG FXGLAssetLoaderServi - User app class for loading assets: class btaahaus.spaceInvader.App
10:40:56.551 [FXGL Background Thread 1 ] DEBUG GameApplicationServi - Applying CSS: fxgl_dark.css
10:40:56.552 [FXGL Background Thread 1 ] DEBUG FXGLAssetLoaderServi - Loading from file system: jar:file:/C:/Users/Lehrer.BTA5112/.m2/repository/com/github/almasb/fxgl/25/fxgl-25.jar!/fxglassets/ui/css/fxgl_dark.css
10:40:56.587 [FXGL Background Thread 1 ] DEBUG GameApplicationServi - Initializing application scenes
10:40:56.620 [FXGL Background Thread 1 ] DEBUG GameWorld            - Game world initialized
10:40:56.650 [FXGL Background Thread 1 ] DEBUG PhysicsWorld         - Physics world initialized: appHeight=880, physics.ppm=50,0
10:40:56.651 [FXGL Background Thread 1 ] DEBUG PhysicsWorld         - Using strategy: BRUTE_FORCE
10:40:56.654 [FXGL Background Thread 1 ] DEBUG GameScene            - Game scene initialized: 1280x880
10:40:56.664 [FXGL Background Thread 1 ] DEBUG FXGL.DefaultMenu     - createMenuBodyGameMenu()
10:40:56.674 [FXGL Background Thread 1 ] DEBUG FXGL.DefaultMenu     - createOptionsMenu()
10:40:56.682 [FXGL Background Thread 1 ] DEBUG FXGLAssetLoaderServi - Loading from file system: jar:file:/C:/Users/Lehrer.BTA5112/.m2/repository/com/github/almasb/fxgl/25/fxgl-25.jar!/fxglassets/textures/particles/smoke.png
10:40:56.739 [FXGL Background Thread 1 ] DEBUG FXGLAssetLoaderServi - Loading from file system: jar:file:/C:/Users/Lehrer.BTA5112/.m2/repository/com/github/almasb/fxgl/25/fxgl-25.jar!/fxglassets/textures/particles/trace_horizontal.png
10:40:56.756 [FXGL Background Thread 1 ] DEBUG GameApplicationServi - Application scenes initialized
10:40:56.765 [FXGL Background Thread 1 ] DEBUG SystemBundleService  - Loading FXGL system data
10:40:56.768 [FXGL Background Thread 1 ] DEBUG FileSystemAccess     - Reading from: C:\Users\Administrator\Dokumente\netBeansProjekt\spaceInvader\system\fxgl.bundle
10:40:56.772 [FXGL Background Thread 1 ] DEBUG SystemBundleService  - Bundle FXGL: {}
10:40:56.772 [FXGL Background Thread 1 ] DEBUG UpdaterService       - Checking for updates
10:40:56.775 [FXGL Background Thread 4 ] DEBUG FXGLApplication      - Loading fonts
10:40:56.776 [FXGL Background Thread 4 ] DEBUG FXGLAssetLoaderServi - Loading from file system: jar:file:/C:/Users/Lehrer.BTA5112/.m2/repository/com/github/almasb/fxgl/25/fxgl-25.jar!/fxglassets/ui/fonts/VarelaRound-Regular.ttf
10:40:56.776 [FXGL Background Thread 1 ] DEBUG FXGLApplication      - Loading default localization
10:40:56.776 [FXGL Background Thread 1 ] DEBUG FXGLAssetLoaderServi - Loading from file system: jar:file:/C:/Users/Lehrer.BTA5112/.m2/repository/com/github/almasb/fxgl/25/fxgl-25.jar!/fxglassets/languages/english.lang
10:40:56.789 [FXGL Background Thread 1 ] INFO  FXGLApplication      - FXGL initialization took: 0,283 sec
10:40:56.796 [JavaFX Application Thread] DEBUG Input                - Registered new binding: shootPlayer - Space
10:40:56.796 [JavaFX Application Thread] DEBUG Input                - Registered new binding: right - D
10:40:56.796 [JavaFX Application Thread] DEBUG Input                - Registered new binding: left - A
10:40:56.796 [JavaFX Application Thread] DEBUG Input                - Registered new binding: up - W
10:40:56.796 [JavaFX Application Thread] DEBUG Input                - Registered new binding: down - S
10:40:56.797 [JavaFX Application Thread] DEBUG FXGLAssetLoaderServi - Loading from file system: jar:file:/C:/Users/Lehrer.BTA5112/.m2/repository/com/github/almasb/fxgl/25/fxgl-25.jar!/fxglassets/textures/fxgl_icon.png
10:40:56.798 [FXGL Background Thread 4 ] DEBUG FXGLAssetLoaderServi - Loading from file system: jar:file:/C:/Users/Lehrer.BTA5112/.m2/repository/com/github/almasb/fxgl/25/fxgl-25.jar!/fxglassets/ui/fonts/Abel-Regular.ttf
10:40:56.801 [FXGL Background Thread 4 ] DEBUG FXGLAssetLoaderServi - Loading from file system: jar:file:/C:/Users/Lehrer.BTA5112/.m2/repository/com/github/almasb/fxgl/25/fxgl-25.jar!/fxglassets/ui/fonts/TerminalLandMono-Regular.otf
10:40:56.804 [FXGL Background Thread 4 ] DEBUG FXGLAssetLoaderServi - Loading from file system: jar:file:/C:/Users/Lehrer.BTA5112/.m2/repository/com/github/almasb/fxgl/25/fxgl-25.jar!/fxglassets/ui/fonts/Courier-Prime.ttf
10:40:56.807 [JavaFX Application Thread] DEBUG FXGLAssetLoaderServi - Loading from file system: jar:file:/C:/Users/Lehrer.BTA5112/.m2/repository/com/github/almasb/fxgl/25/fxgl-25.jar!/fxglassets/textures/fxgl_default_cursor.png
10:40:56.809 [JavaFX Application Thread] DEBUG Input                - Registered new binding: Screenshot - CTRL+8
10:40:56.810 [JavaFX Application Thread] DEBUG Input                - Registered new binding: System info dump - CTRL+9
10:40:56.810 [JavaFX Application Thread] DEBUG Input                - Registered new binding: Restart - CTRL+R
10:40:56.811 [JavaFX Application Thread] DEBUG Input                - Registered new binding: Toggle Debug Camera - CTRL+7
10:40:56.812 [JavaFX Application Thread] DEBUG LoopRunner           - Starting loop
10:40:56.812 [JavaFX Application Thread] DEBUG LoopRunner           - Initializing JavaFX AnimationTimerLoop
10:40:56.814 [JavaFX Application Thread] DEBUG GameApplicationServi - Starting new game
10:40:56.814 [JavaFX Application Thread] DEBUG Input                - Clearing active input actions
10:40:56.823 [JavaFX Application Thread] DEBUG GameApplicationServi - Removing overlay from FXGLStartupScene and adding to FXGLLoadingScene
10:40:56.824 [JavaFX Application Thread] DEBUG PrimaryStageWindow   - FXGLStartupScene -> FXGLLoadingScene
10:40:56.824 [JavaFX Application Thread] DEBUG GameApplicationServi - Clearing previous game
10:40:56.824 [JavaFX Application Thread] DEBUG GameScene            - Clearing game scene
10:40:56.824 [JavaFX Application Thread] DEBUG GameWorld            - Clearing game world
10:40:56.824 [JavaFX Application Thread] DEBUG PhysicsWorld         - Clearing physics world
10:40:56.826 [FXGL Background Thread 4 ] DEBUG FXGLApplication      - Initializing game
10:40:56.826 [JavaFX Application Thread] DEBUG FXGLApplication      - Registering font factories with UI factory
10:40:56.833 [FXGL Background Thread 4 ] DEBUG FXGLAssetLoaderServi - Loading from file system: file:/C:/Users/Administrator/Dokumente/netBeansProjekt/spaceInvader/target/classes/assets/textures/bgSpace.jpg
10:40:56.888 [FXGL Background Thread 4 ] DEBUG FXGLAssetLoaderServi - Loading from file system: file:/C:/Users/Administrator/Dokumente/netBeansProjekt/spaceInvader/target/classes/assets/textures/meteorit.png
10:40:56.906 [FXGL Background Thread 4 ] DEBUG FXGLAssetLoaderServi - Loading from file system: file:/C:/Users/Administrator/Dokumente/netBeansProjekt/spaceInvader/target/classes/assets/textures/rocketSchmal.png
10:40:56.914 [FXGL Background Thread 4 ] INFO  FXGLApplication      - Game initialization took: 0,088 sec
10:40:56.938 [JavaFX Application Thread] DEBUG Input                - Clearing active input actions
10:40:56.946 [JavaFX Application Thread] DEBUG GameApplicationServi - Removing overlay from FXGLLoadingScene and adding to GameScene
10:40:56.946 [JavaFX Application Thread] DEBUG PrimaryStageWindow   - FXGLLoadingScene -> GameScene
10:40:57.442 [JavaFX Application Thread] DEBUG FXGLAssetLoaderServi - Loading from file system: file:/C:/Users/Administrator/Dokumente/netBeansProjekt/spaceInvader/target/classes/assets/textures/fireBallSenkrecht.png
10:40:57.746 [JavaFX Application Thread] DEBUG FXGLAssetLoaderServi - Loading from file system: file:/C:/Users/Administrator/Dokumente/netBeansProjekt/spaceInvader/target/classes/assets/textures/bullet.png
10:40:57.795 [JavaFX Application Thread] DEBUG FXGLAssetLoaderServi - Loading from file system: file:/C:/Users/Administrator/Dokumente/netBeansProjekt/spaceInvader/target/classes/assets/textures/fireBallSenkrecht.png
10:40:58.306 [JavaFX Application Thread] DEBUG FXGLAssetLoaderServi - Loading from file system: file:/C:/Users/Administrator/Dokumente/netBeansProjekt/spaceInvader/target/classes/assets/textures/fireBallSenkrecht.png
10:40:58.834 [JavaFX Application Thread] DEBUG FXGLAssetLoaderServi - Loading from file system: file:/C:/Users/Administrator/Dokumente/netBeansProjekt/spaceInvader/target/classes/assets/textures/fireBallSenkrecht.png
10:40:59.394 [JavaFX Application Thread] DEBUG FXGLAssetLoaderServi - Loading from file system: file:/C:/Users/Administrator/Dokumente/netBeansProjekt/spaceInvader/target/classes/assets/textures/fireBallSenkrecht.png
10:40:59.776 [FXGL Background Thread 3 ] DEBUG Engine               - Logging environment variables
10:40:59.777 [FXGL Background Thread 3 ] DEBUG Engine               - achievements: []
10:40:59.777 [FXGL Background Thread 3 ] DEBUG Engine               - actualHeight: 880.0
10:40:59.777 [FXGL Background Thread 3 ] DEBUG Engine               - actualHeightProperty: ReadOnlyDoubleProperty [value: 880.0]
10:40:59.777 [FXGL Background Thread 3 ] DEBUG Engine               - actualWidth: 1280.0
10:40:59.777 [FXGL Background Thread 3 ] DEBUG Engine               - actualWidthProperty: ReadOnlyDoubleProperty [value: 1280.0]
10:40:59.777 [FXGL Background Thread 3 ] DEBUG Engine               - appIcon: fxgl_icon.png
10:40:59.777 [FXGL Background Thread 3 ] DEBUG Engine               - applicationMode: DEVELOPER
10:40:59.777 [FXGL Background Thread 3 ] DEBUG Engine               - cSSList: [fxgl_dark.css]
10:40:59.777 [FXGL Background Thread 3 ] DEBUG Engine               - collisionDetectionStrategy: BRUTE_FORCE
10:40:59.777 [FXGL Background Thread 3 ] DEBUG Engine               - configClass: Optional.empty
10:40:59.777 [FXGL Background Thread 3 ] DEBUG Engine               - credits: []
10:40:59.778 [FXGL Background Thread 3 ] DEBUG Engine               - defaultCursor: CursorInfo(imageName=fxgl_default_cursor.png, hotspotX=7.0, hotspotY=6.0)
10:40:59.778 [FXGL Background Thread 3 ] DEBUG Engine               - devBBoxColorProperty: ObjectProperty [value: 0xff0000ff]
10:40:59.778 [FXGL Background Thread 3 ] DEBUG Engine               - devEnableDebugCameraProperty: BooleanProperty [value: false]
10:40:59.778 [FXGL Background Thread 3 ] DEBUG Engine               - devSensorColorProperty: ObjectProperty [value: 0xffff00ff]
10:40:59.778 [FXGL Background Thread 3 ] DEBUG Engine               - devShowBBoxProperty: BooleanProperty [value: false]
10:40:59.778 [FXGL Background Thread 3 ] DEBUG Engine               - devShowPositionProperty: BooleanProperty [value: false]
10:40:59.778 [FXGL Background Thread 3 ] DEBUG Engine               - enabledMenuItems: []
10:40:59.778 [FXGL Background Thread 3 ] DEBUG Engine               - engineServices: [class com.almasb.fxgl.app.services.FXGLAssetLoaderService, class com.almasb.fxgl.app.FXGLApplication$GameApplicationService, class com.almasb.fxgl.app.services.FXGLDialogService, class com.almasb.fxgl.app.services.IOTaskExecutorService, class com.almasb.fxgl.io.FileSystemService, class com.almasb.fxgl.localization.LocalizationService, class com.almasb.fxgl.app.services.SystemBundleService, class com.almasb.fxgl.profile.SaveLoadService, class com.almasb.fxgl.ui.FXGLUIFactoryServiceProvider, class com.almasb.fxgl.ui.FXGLDialogFactoryServiceProvider, class com.almasb.fxgl.audio.AudioPlayer, class com.almasb.fxgl.notification.impl.NotificationServiceProvider, class com.almasb.fxgl.achievement.AchievementService, class com.almasb.fxgl.cutscene.CutsceneService, class com.almasb.fxgl.minigames.MiniGameService, class com.almasb.fxgl.net.NetService, class com.almasb.fxgl.app.services.UpdaterService, class com.almasb.fxgl.dev.DevService]
10:40:59.778 [FXGL Background Thread 3 ] DEBUG Engine               - fontGame: Abel-Regular.ttf
10:40:59.778 [FXGL Background Thread 3 ] DEBUG Engine               - fontMono: TerminalLandMono-Regular.otf
10:40:59.778 [FXGL Background Thread 3 ] DEBUG Engine               - fontSizeScaleUI: 1.0
10:40:59.778 [FXGL Background Thread 3 ] DEBUG Engine               - fontText: Courier-Prime.ttf
10:40:59.778 [FXGL Background Thread 3 ] DEBUG Engine               - fontUI: VarelaRound-Regular.ttf
10:40:59.778 [FXGL Background Thread 3 ] DEBUG Engine               - fpsRefreshRate: 500.0 ms
10:40:59.778 [FXGL Background Thread 3 ] DEBUG Engine               - fullScreen: BooleanProperty [value: false]
10:40:59.778 [FXGL Background Thread 3 ] DEBUG Engine               - gameDifficulty: MEDIUM
10:40:59.778 [FXGL Background Thread 3 ] DEBUG Engine               - gameDifficultyProperty: ObjectProperty [value: MEDIUM]
10:40:59.778 [FXGL Background Thread 3 ] DEBUG Engine               - globalMusicVolume: 0.5
10:40:59.779 [FXGL Background Thread 3 ] DEBUG Engine               - globalMusicVolumeProperty: DoubleProperty [value: 0.5]
10:40:59.779 [FXGL Background Thread 3 ] DEBUG Engine               - globalSoundVolume: 0.5
10:40:59.779 [FXGL Background Thread 3 ] DEBUG Engine               - globalSoundVolumeProperty: DoubleProperty [value: 0.5]
10:40:59.779 [FXGL Background Thread 3 ] DEBUG Engine               - height: 880
10:40:59.779 [FXGL Background Thread 3 ] DEBUG Engine               - is3D: false
10:40:59.779 [FXGL Background Thread 3 ] DEBUG Engine               - isAndroid: false
10:40:59.779 [FXGL Background Thread 3 ] DEBUG Engine               - isBrowser: false
10:40:59.779 [FXGL Background Thread 3 ] DEBUG Engine               - isClickFeedbackEnabled: false
10:40:59.779 [FXGL Background Thread 3 ] DEBUG Engine               - isCloseConfirmation: false
10:40:59.780 [FXGL Background Thread 3 ] DEBUG Engine               - isDesktop: true
10:40:59.780 [FXGL Background Thread 3 ] DEBUG Engine               - isDeveloperMenuEnabled: false
10:40:59.780 [FXGL Background Thread 3 ] DEBUG Engine               - isEmbedded: false
10:40:59.781 [FXGL Background Thread 3 ] DEBUG Engine               - isEntityPreloadEnabled: true
10:40:59.781 [FXGL Background Thread 3 ] DEBUG Engine               - isExperimentalTiledLargeMap: false
10:40:59.781 [FXGL Background Thread 3 ] DEBUG Engine               - isFileSystemWriteAllowed: true
10:40:59.781 [FXGL Background Thread 3 ] DEBUG Engine               - isFullScreenAllowed: true
10:40:59.781 [FXGL Background Thread 3 ] DEBUG Engine               - isFullScreenFromStart: false
10:40:59.781 [FXGL Background Thread 3 ] DEBUG Engine               - isGameMenuEnabled: true
10:40:59.781 [FXGL Background Thread 3 ] DEBUG Engine               - isIOS: false
10:40:59.781 [FXGL Background Thread 3 ] DEBUG Engine               - isIntroEnabled: false
10:40:59.781 [FXGL Background Thread 3 ] DEBUG Engine               - isLinux: false
10:40:59.781 [FXGL Background Thread 3 ] DEBUG Engine               - isMac: false
10:40:59.781 [FXGL Background Thread 3 ] DEBUG Engine               - isMainMenuEnabled: false
10:40:59.781 [FXGL Background Thread 3 ] DEBUG Engine               - isManualResizeEnabled: false
10:40:59.781 [FXGL Background Thread 3 ] DEBUG Engine               - isMobile: false
10:40:59.781 [FXGL Background Thread 3 ] DEBUG Engine               - isNative: false
10:40:59.781 [FXGL Background Thread 3 ] DEBUG Engine               - isPauseMusicWhenMinimized: true
10:40:59.781 [FXGL Background Thread 3 ] DEBUG Engine               - isPreserveResizeRatio: false
10:40:59.781 [FXGL Background Thread 3 ] DEBUG Engine               - isProfilingEnabled: false
10:40:59.781 [FXGL Background Thread 3 ] DEBUG Engine               - isScaleAffectedOnResize: true
10:40:59.781 [FXGL Background Thread 3 ] DEBUG Engine               - isSingleStep: false
10:40:59.781 [FXGL Background Thread 3 ] DEBUG Engine               - isUserProfileEnabled: false
10:40:59.781 [FXGL Background Thread 3 ] DEBUG Engine               - isWindows: true
10:40:59.781 [FXGL Background Thread 3 ] DEBUG Engine               - language: ObjectProperty [value: ENGLISH]
10:40:59.781 [FXGL Background Thread 3 ] DEBUG Engine               - menuKey: ESCAPE
10:40:59.781 [FXGL Background Thread 3 ] DEBUG Engine               - mouseSensitivity: 0.2
10:40:59.781 [FXGL Background Thread 3 ] DEBUG Engine               - notificationViewClass: class com.almasb.fxgl.notification.view.XboxNotificationView
10:40:59.781 [FXGL Background Thread 3 ] DEBUG Engine               - pixelsPerMeter: 50.0
10:40:59.781 [FXGL Background Thread 3 ] DEBUG Engine               - platform: WINDOWS
10:40:59.781 [FXGL Background Thread 3 ] DEBUG Engine               - prefHeightProperty: ReadOnlyDoubleProperty [value: 880.0]
10:40:59.781 [FXGL Background Thread 3 ] DEBUG Engine               - prefWidthProperty: ReadOnlyDoubleProperty [value: 1280.0]
10:40:59.781 [FXGL Background Thread 3 ] DEBUG Engine               - profileDir: profiles/
10:40:59.781 [FXGL Background Thread 3 ] DEBUG Engine               - profileName: StringProperty [value: DEFAULT]
10:40:59.781 [FXGL Background Thread 3 ] DEBUG Engine               - randomSeed: -1
10:40:59.782 [FXGL Background Thread 3 ] DEBUG Engine               - runtimeInfo: RuntimeInfo(platform=WINDOWS, version=25, build=05.02.2026 22.57)
10:40:59.782 [FXGL Background Thread 3 ] DEBUG Engine               - saveFileExt: sav
10:40:59.782 [FXGL Background Thread 3 ] DEBUG Engine               - scaledHeightProp$fxgl: DoubleProperty [bound, value: 880.0]
10:40:59.782 [FXGL Background Thread 3 ] DEBUG Engine               - scaledWidthProp$fxgl: DoubleProperty [bound, value: 1280.0]
10:40:59.782 [FXGL Background Thread 3 ] DEBUG Engine               - sceneFactory: com.almasb.fxgl.app.scene.SceneFactory@4065e752
10:40:59.782 [FXGL Background Thread 3 ] DEBUG Engine               - secondsIn24h: 60
10:40:59.782 [FXGL Background Thread 3 ] DEBUG Engine               - soundMenuBack: menu/back.wav
10:40:59.782 [FXGL Background Thread 3 ] DEBUG Engine               - soundMenuPress: menu/press.wav
10:40:59.782 [FXGL Background Thread 3 ] DEBUG Engine               - soundMenuSelect: menu/select.wav
10:40:59.782 [FXGL Background Thread 3 ] DEBUG Engine               - soundNotification: core/notification.wav
10:40:59.782 [FXGL Background Thread 3 ] DEBUG Engine               - stageStyle: DECORATED
10:40:59.782 [FXGL Background Thread 3 ] DEBUG Engine               - supportedLanguages: [ENGLISH, FRENCH, GERMAN, HUNGARIAN, RUSSIAN]
10:40:59.782 [FXGL Background Thread 3 ] DEBUG Engine               - ticksPerSecond: -1
10:40:59.782 [FXGL Background Thread 3 ] DEBUG Engine               - title: Mein erstes Game mit FXGL
10:40:59.782 [FXGL Background Thread 3 ] DEBUG Engine               - urlGithub: https://github.com/AlmasB/FXGL
10:40:59.782 [FXGL Background Thread 3 ] DEBUG Engine               - urlLeaderboard: http://fxgl-top.herokuapp.com/
10:40:59.782 [FXGL Background Thread 3 ] DEBUG Engine               - urlPOM: https://raw.githubusercontent.com/AlmasB/FXGL/release/README.md
10:40:59.782 [FXGL Background Thread 3 ] DEBUG Engine               - userAppClass: class btaahaus.spaceInvader.App
10:40:59.782 [FXGL Background Thread 3 ] DEBUG Engine               - version: 0.0.1
10:40:59.782 [FXGL Background Thread 3 ] DEBUG Engine               - versionCheckDays: 7
10:40:59.782 [FXGL Background Thread 3 ] DEBUG Engine               - width: 1280
10:40:59.782 [FXGL Background Thread 3 ] DEBUG Engine               - Logging services
10:40:59.782 [FXGL Background Thread 3 ] DEBUG Engine               - class com.almasb.fxgl.app.services.FXGLAssetLoaderService
10:40:59.782 [FXGL Background Thread 3 ] DEBUG Engine               - class com.almasb.fxgl.app.FXGLApplication$GameApplicationService
10:40:59.782 [FXGL Background Thread 3 ] DEBUG Engine               - class com.almasb.fxgl.app.services.FXGLDialogService
10:40:59.782 [FXGL Background Thread 3 ] DEBUG Engine               - class com.almasb.fxgl.app.services.IOTaskExecutorService
10:40:59.782 [FXGL Background Thread 3 ] DEBUG Engine               - class com.almasb.fxgl.io.FileSystemService
10:40:59.782 [FXGL Background Thread 3 ] DEBUG Engine               - class com.almasb.fxgl.localization.LocalizationService
10:40:59.782 [FXGL Background Thread 3 ] DEBUG Engine               - class com.almasb.fxgl.app.services.SystemBundleService
10:40:59.782 [FXGL Background Thread 3 ] DEBUG Engine               - class com.almasb.fxgl.profile.SaveLoadService
10:40:59.782 [FXGL Background Thread 3 ] DEBUG Engine               - class com.almasb.fxgl.ui.FXGLUIFactoryServiceProvider
10:40:59.782 [FXGL Background Thread 3 ] DEBUG Engine               - class com.almasb.fxgl.ui.FXGLDialogFactoryServiceProvider
10:40:59.782 [FXGL Background Thread 3 ] DEBUG Engine               - class com.almasb.fxgl.audio.AudioPlayer
10:40:59.782 [FXGL Background Thread 3 ] DEBUG Engine               - class com.almasb.fxgl.notification.impl.NotificationServiceProvider
10:40:59.782 [FXGL Background Thread 3 ] DEBUG Engine               - class com.almasb.fxgl.achievement.AchievementService
10:40:59.782 [FXGL Background Thread 3 ] DEBUG Engine               - class com.almasb.fxgl.cutscene.CutsceneService
10:40:59.782 [FXGL Background Thread 3 ] DEBUG Engine               - class com.almasb.fxgl.minigames.MiniGameService
10:40:59.782 [FXGL Background Thread 3 ] DEBUG Engine               - class com.almasb.fxgl.net.NetService
10:40:59.782 [FXGL Background Thread 3 ] DEBUG Engine               - class com.almasb.fxgl.app.services.UpdaterService
10:40:59.782 [FXGL Background Thread 3 ] DEBUG Engine               - class com.almasb.fxgl.dev.DevService
10:40:59.922 [JavaFX Application Thread] DEBUG FXGLAssetLoaderServi - Loading from file system: file:/C:/Users/Administrator/Dokumente/netBeansProjekt/spaceInvader/target/classes/assets/textures/fireBallSenkrecht.png
10:40:59.970 [JavaFX Application Thread] DEBUG FXGLAssetLoaderServi - Loading from file system: file:/C:/Users/Administrator/Dokumente/netBeansProjekt/spaceInvader/target/classes/assets/textures/fireBallSenkrecht.png
10:41:00.546 [JavaFX Application Thread] DEBUG FXGLAssetLoaderServi - Loading from file system: file:/C:/Users/Administrator/Dokumente/netBeansProjekt/spaceInvader/target/classes/assets/textures/fireBallSenkrecht.png
10:41:01.090 [JavaFX Application Thread] DEBUG FXGLAssetLoaderServi - Loading from file system: file:/C:/Users/Administrator/Dokumente/netBeansProjekt/spaceInvader/target/classes/assets/textures/fireBallSenkrecht.png
10:41:01.634 [JavaFX Application Thread] DEBUG FXGLAssetLoaderServi - Loading from file system: file:/C:/Users/Administrator/Dokumente/netBeansProjekt/spaceInvader/target/classes/assets/textures/fireBallSenkrecht.png
10:41:01.666 [JavaFX Application Thread] DEBUG FXGLAssetLoaderServi - Loading from file system: file:/C:/Users/Administrator/Dokumente/netBeansProjekt/spaceInvader/target/classes/assets/textures/fireBallSenkrecht.png
10:41:01.849 [JavaFX Application Thread] DEBUG FXGLAssetLoaderServi - Loading from file system: file:/C:/Users/Administrator/Dokumente/netBeansProjekt/spaceInvader/target/classes/assets/textures/fireBallSenkrecht.png
10:41:02.317 [JavaFX Application Thread] DEBUG FXGLAssetLoaderServi - Loading from file system: file:/C:/Users/Administrator/Dokumente/netBeansProjekt/spaceInvader/target/classes/assets/textures/fireBallSenkrecht.png
10:41:02.348 [JavaFX Application Thread] DEBUG FXGLAssetLoaderServi - Loading from file system: file:/C:/Users/Administrator/Dokumente/netBeansProjekt/spaceInvader/target/classes/assets/textures/fireBallSenkrecht.png
10:41:02.396 [JavaFX Application Thread] DEBUG FXGLAssetLoaderServi - Loading from file system: file:/C:/Users/Administrator/Dokumente/netBeansProjekt/spaceInvader/target/classes/assets/textures/fireBallSenkrecht.png
10:41:02.833 [JavaFX Application Thread] DEBUG FXGLAssetLoaderServi - Loading from file system: file:/C:/Users/Administrator/Dokumente/netBeansProjekt/spaceInvader/target/classes/assets/textures/fireBallSenkrecht.png
10:41:02.864 [JavaFX Application Thread] DEBUG FXGLAssetLoaderServi - Loading from file system: file:/C:/Users/Administrator/Dokumente/netBeansProjekt/spaceInvader/target/classes/assets/textures/fireBallSenkrecht.png
10:41:03.427 [JavaFX Application Thread] DEBUG FXGLAssetLoaderServi - Loading from file system: file:/C:/Users/Administrator/Dokumente/netBeansProjekt/spaceInvader/target/classes/assets/textures/fireBallSenkrecht.png
10:41:03.881 [JavaFX Application Thread] DEBUG FXGLAssetLoaderServi - Loading from file system: file:/C:/Users/Administrator/Dokumente/netBeansProjekt/spaceInvader/target/classes/assets/textures/fireBallSenkrecht.png
10:41:03.990 [JavaFX Application Thread] DEBUG FXGLAssetLoaderServi - Loading from file system: file:/C:/Users/Administrator/Dokumente/netBeansProjekt/spaceInvader/target/classes/assets/textures/fireBallSenkrecht.png
10:41:04.063 [JavaFX Application Thread] DEBUG FXGLAssetLoaderServi - Loading from file system: file:/C:/Users/Administrator/Dokumente/netBeansProjekt/spaceInvader/target/classes/assets/textures/fireBallSenkrecht.png
10:41:04.098 [JavaFX Application Thread] DEBUG FXGLAssetLoaderServi - Loading from file system: file:/C:/Users/Administrator/Dokumente/netBeansProjekt/spaceInvader/target/classes/assets/textures/fireBallSenkrecht.png
10:41:04.315 [JavaFX Application Thread] DEBUG FXGLAssetLoaderServi - Loading from file system: file:/C:/Users/Administrator/Dokumente/netBeansProjekt/spaceInvader/target/classes/assets/textures/fireBallSenkrecht.png
10:41:04.721 [JavaFX Application Thread] DEBUG FXGLAssetLoaderServi - Loading from file system: file:/C:/Users/Administrator/Dokumente/netBeansProjekt/spaceInvader/target/classes/assets/textures/fireBallSenkrecht.png
10:41:04.971 [JavaFX Application Thread] DEBUG FXGLAssetLoaderServi - Loading from file system: file:/C:/Users/Administrator/Dokumente/netBeansProjekt/spaceInvader/target/classes/assets/textures/fireBallSenkrecht.png
10:41:05.035 [JavaFX Application Thread] DEBUG FXGLAssetLoaderServi - Loading from file system: file:/C:/Users/Administrator/Dokumente/netBeansProjekt/spaceInvader/target/classes/assets/textures/fireBallSenkrecht.png
10:41:05.579 [JavaFX Application Thread] DEBUG FXGLAssetLoaderServi - Loading from file system: file:/C:/Users/Administrator/Dokumente/netBeansProjekt/spaceInvader/target/classes/assets/textures/fireBallSenkrecht.png
10:41:05.819 [JavaFX Application Thread] DEBUG FXGLAssetLoaderServi - Loading from file system: file:/C:/Users/Administrator/Dokumente/netBeansProjekt/spaceInvader/target/classes/assets/textures/fireBallSenkrecht.png
10:41:06.017 [JavaFX Application Thread] DEBUG FXGLAssetLoaderServi - Loading from file system: file:/C:/Users/Administrator/Dokumente/netBeansProjekt/spaceInvader/target/classes/assets/textures/fireBallSenkrecht.png
10:41:06.224 [JavaFX Application Thread] DEBUG FXGLAssetLoaderServi - Loading from file system: file:/C:/Users/Administrator/Dokumente/netBeansProjekt/spaceInvader/target/classes/assets/textures/fireBallSenkrecht.png
10:41:06.267 [JavaFX Application Thread] DEBUG FXGLAssetLoaderServi - Loading from file system: file:/C:/Users/Administrator/Dokumente/netBeansProjekt/spaceInvader/target/classes/assets/textures/fireBallSenkrecht.png
10:41:06.424 [JavaFX Application Thread] DEBUG FXGLAssetLoaderServi - Loading from file system: file:/C:/Users/Administrator/Dokumente/netBeansProjekt/spaceInvader/target/classes/assets/textures/fireBallSenkrecht.png
10:41:06.768 [JavaFX Application Thread] DEBUG FXGLAssetLoaderServi - Loading from file system: file:/C:/Users/Administrator/Dokumente/netBeansProjekt/spaceInvader/target/classes/assets/textures/fireBallSenkrecht.png
10:41:07.346 [JavaFX Application Thread] DEBUG FXGLAssetLoaderServi - Loading from file system: file:/C:/Users/Administrator/Dokumente/netBeansProjekt/spaceInvader/target/classes/assets/textures/fireBallSenkrecht.png
10:41:07.424 [JavaFX Application Thread] DEBUG FXGLAssetLoaderServi - Loading from file system: file:/C:/Users/Administrator/Dokumente/netBeansProjekt/spaceInvader/target/classes/assets/textures/fireBallSenkrecht.png
10:41:07.535 [JavaFX Application Thread] DEBUG FXGLAssetLoaderServi - Loading from file system: file:/C:/Users/Administrator/Dokumente/netBeansProjekt/spaceInvader/target/classes/assets/textures/fireBallSenkrecht.png
10:41:07.612 [JavaFX Application Thread] DEBUG FXGLAssetLoaderServi - Loading from file system: file:/C:/Users/Administrator/Dokumente/netBeansProjekt/spaceInvader/target/classes/assets/textures/fireBallSenkrecht.png
10:41:07.847 [JavaFX Application Thread] DEBUG FXGLAssetLoaderServi - Loading from file system: file:/C:/Users/Administrator/Dokumente/netBeansProjekt/spaceInvader/target/classes/assets/textures/fireBallSenkrecht.png
10:41:08.363 [JavaFX Application Thread] DEBUG FXGLAssetLoaderServi - Loading from file system: file:/C:/Users/Administrator/Dokumente/netBeansProjekt/spaceInvader/target/classes/assets/textures/fireBallSenkrecht.png
10:41:08.853 [JavaFX Application Thread] DEBUG FXGLAssetLoaderServi - Loading from file system: file:/C:/Users/Administrator/Dokumente/netBeansProjekt/spaceInvader/target/classes/assets/textures/fireBallSenkrecht.png
10:41:09.071 [JavaFX Application Thread] DEBUG FXGLAssetLoaderServi - Loading from file system: file:/C:/Users/Administrator/Dokumente/netBeansProjekt/spaceInvader/target/classes/assets/textures/fireBallSenkrecht.png
10:41:09.334 [JavaFX Application Thread] DEBUG FXGLAssetLoaderServi - Loading from file system: file:/C:/Users/Administrator/Dokumente/netBeansProjekt/spaceInvader/target/classes/assets/textures/fireBallSenkrecht.png
10:41:09.585 [JavaFX Application Thread] DEBUG FXGLAssetLoaderServi - Loading from file system: file:/C:/Users/Administrator/Dokumente/netBeansProjekt/spaceInvader/target/classes/assets/textures/fireBallSenkrecht.png
10:41:10.134 [JavaFX Application Thread] DEBUG FXGLAssetLoaderServi - Loading from file system: file:/C:/Users/Administrator/Dokumente/netBeansProjekt/spaceInvader/target/classes/assets/textures/fireBallSenkrecht.png
10:41:10.671 [JavaFX Application Thread] DEBUG FXGLAssetLoaderServi - Loading from file system: file:/C:/Users/Administrator/Dokumente/netBeansProjekt/spaceInvader/target/classes/assets/textures/fireBallSenkrecht.png
10:41:11.185 [JavaFX Application Thread] DEBUG FXGLAssetLoaderServi - Loading from file system: file:/C:/Users/Administrator/Dokumente/netBeansProjekt/spaceInvader/target/classes/assets/textures/fireBallSenkrecht.png
10:41:11.702 [JavaFX Application Thread] DEBUG FXGLAssetLoaderServi - Loading from file system: file:/C:/Users/Administrator/Dokumente/netBeansProjekt/spaceInvader/target/classes/assets/textures/fireBallSenkrecht.png
10:41:12.001 [JavaFX Application Thread] DEBUG FXGLAssetLoaderServi - Loading from file system: file:/C:/Users/Administrator/Dokumente/netBeansProjekt/spaceInvader/target/classes/assets/textures/fireBallSenkrecht.png
10:41:12.553 [JavaFX Application Thread] DEBUG FXGLAssetLoaderServi - Loading from file system: file:/C:/Users/Administrator/Dokumente/netBeansProjekt/spaceInvader/target/classes/assets/textures/fireBallSenkrecht.png
10:41:13.085 [JavaFX Application Thread] DEBUG FXGLAssetLoaderServi - Loading from file system: file:/C:/Users/Administrator/Dokumente/netBeansProjekt/spaceInvader/target/classes/assets/textures/fireBallSenkrecht.png
10:41:13.620 [JavaFX Application Thread] DEBUG FXGLAssetLoaderServi - Loading from file system: file:/C:/Users/Administrator/Dokumente/netBeansProjekt/spaceInvader/target/classes/assets/textures/fireBallSenkrecht.png
10:41:14.010 [JavaFX Application Thread] DEBUG FXGLAssetLoaderServi - Loading from file system: file:/C:/Users/Administrator/Dokumente/netBeansProjekt/spaceInvader/target/classes/assets/textures/fireBallSenkrecht.png
10:41:14.057 [JavaFX Application Thread] DEBUG FXGLAssetLoaderServi - Loading from file system: file:/C:/Users/Administrator/Dokumente/netBeansProjekt/spaceInvader/target/classes/assets/textures/fireBallSenkrecht.png
10:41:14.257 [JavaFX Application Thread] DEBUG FXGLAssetLoaderServi - Loading from file system: file:/C:/Users/Administrator/Dokumente/netBeansProjekt/spaceInvader/target/classes/assets/textures/fireBallSenkrecht.png
10:41:14.774 [JavaFX Application Thread] DEBUG FXGLAssetLoaderServi - Loading from file system: file:/C:/Users/Administrator/Dokumente/netBeansProjekt/spaceInvader/target/classes/assets/textures/fireBallSenkrecht.png
10:41:15.040 [JavaFX Application Thread] DEBUG FXGLAssetLoaderServi - Loading from file system: file:/C:/Users/Administrator/Dokumente/netBeansProjekt/spaceInvader/target/classes/assets/textures/fireBallSenkrecht.png
10:41:15.570 [JavaFX Application Thread] DEBUG FXGLAssetLoaderServi - Loading from file system: file:/C:/Users/Administrator/Dokumente/netBeansProjekt/spaceInvader/target/classes/assets/textures/fireBallSenkrecht.png
10:41:15.664 [JavaFX Application Thread] DEBUG FXGLAssetLoaderServi - Loading from file system: file:/C:/Users/Administrator/Dokumente/netBeansProjekt/spaceInvader/target/classes/assets/textures/fireBallSenkrecht.png
10:41:16.180 [JavaFX Application Thread] DEBUG FXGLAssetLoaderServi - Loading from file system: file:/C:/Users/Administrator/Dokumente/netBeansProjekt/spaceInvader/target/classes/assets/textures/fireBallSenkrecht.png
10:41:16.306 [JavaFX Application Thread] DEBUG FXGLAssetLoaderServi - Loading from file system: file:/C:/Users/Administrator/Dokumente/netBeansProjekt/spaceInvader/target/classes/assets/textures/fireBallSenkrecht.png
10:41:16.864 [JavaFX Application Thread] DEBUG FXGLAssetLoaderServi - Loading from file system: file:/C:/Users/Administrator/Dokumente/netBeansProjekt/spaceInvader/target/classes/assets/textures/fireBallSenkrecht.png
10:41:16.928 [JavaFX Application Thread] DEBUG FXGLAssetLoaderServi - Loading from file system: file:/C:/Users/Administrator/Dokumente/netBeansProjekt/spaceInvader/target/classes/assets/textures/fireBallSenkrecht.png
10:41:17.410 [JavaFX Application Thread] DEBUG FXGLAssetLoaderServi - Loading from file system: file:/C:/Users/Administrator/Dokumente/netBeansProjekt/spaceInvader/target/classes/assets/textures/fireBallSenkrecht.png
10:41:17.939 [JavaFX Application Thread] DEBUG FXGLAssetLoaderServi - Loading from file system: file:/C:/Users/Administrator/Dokumente/netBeansProjekt/spaceInvader/target/classes/assets/textures/fireBallSenkrecht.png
10:41:17.985 [JavaFX Application Thread] DEBUG FXGLAssetLoaderServi - Loading from file system: file:/C:/Users/Administrator/Dokumente/netBeansProjekt/spaceInvader/target/classes/assets/textures/fireBallSenkrecht.png
10:41:18.513 [JavaFX Application Thread] DEBUG FXGLAssetLoaderServi - Loading from file system: file:/C:/Users/Administrator/Dokumente/netBeansProjekt/spaceInvader/target/classes/assets/textures/fireBallSenkrecht.png
10:41:19.041 [JavaFX Application Thread] DEBUG FXGLAssetLoaderServi - Loading from file system: file:/C:/Users/Administrator/Dokumente/netBeansProjekt/spaceInvader/target/classes/assets/textures/fireBallSenkrecht.png
10:41:19.556 [JavaFX Application Thread] DEBUG FXGLAssetLoaderServi - Loading from file system: file:/C:/Users/Administrator/Dokumente/netBeansProjekt/spaceInvader/target/classes/assets/textures/fireBallSenkrecht.png
10:41:19.604 [JavaFX Application Thread] DEBUG FXGLAssetLoaderServi - Loading from file system: file:/C:/Users/Administrator/Dokumente/netBeansProjekt/spaceInvader/target/classes/assets/textures/fireBallSenkrecht.png
10:41:20.148 [JavaFX Application Thread] DEBUG FXGLAssetLoaderServi - Loading from file system: file:/C:/Users/Administrator/Dokumente/netBeansProjekt/spaceInvader/target/classes/assets/textures/fireBallSenkrecht.png
10:41:20.723 [JavaFX Application Thread] DEBUG FXGLAssetLoaderServi - Loading from file system: file:/C:/Users/Administrator/Dokumente/netBeansProjekt/spaceInvader/target/classes/assets/textures/fireBallSenkrecht.png
10:41:21.058 [JavaFX Application Thread] DEBUG FXGLAssetLoaderServi - Loading from file system: file:/C:/Users/Administrator/Dokumente/netBeansProjekt/spaceInvader/target/classes/assets/textures/fireBallSenkrecht.png
10:41:21.634 [JavaFX Application Thread] DEBUG FXGLAssetLoaderServi - Loading from file system: file:/C:/Users/Administrator/Dokumente/netBeansProjekt/spaceInvader/target/classes/assets/textures/fireBallSenkrecht.png
10:41:22.195 [JavaFX Application Thread] DEBUG FXGLAssetLoaderServi - Loading from file system: file:/C:/Users/Administrator/Dokumente/netBeansProjekt/spaceInvader/target/classes/assets/textures/fireBallSenkrecht.png
10:41:22.722 [JavaFX Application Thread] DEBUG FXGLAssetLoaderServi - Loading from file system: file:/C:/Users/Administrator/Dokumente/netBeansProjekt/spaceInvader/target/classes/assets/textures/fireBallSenkrecht.png
10:41:23.266 [JavaFX Application Thread] DEBUG FXGLAssetLoaderServi - Loading from file system: file:/C:/Users/Administrator/Dokumente/netBeansProjekt/spaceInvader/target/classes/assets/textures/fireBallSenkrecht.png
10:41:23.810 [JavaFX Application Thread] DEBUG FXGLAssetLoaderServi - Loading from file system: file:/C:/Users/Administrator/Dokumente/netBeansProjekt/spaceInvader/target/classes/assets/textures/fireBallSenkrecht.png
10:41:24.355 [JavaFX Application Thread] DEBUG FXGLAssetLoaderServi - Loading from file system: file:/C:/Users/Administrator/Dokumente/netBeansProjekt/spaceInvader/target/classes/assets/textures/fireBallSenkrecht.png
10:41:24.898 [JavaFX Application Thread] DEBUG FXGLAssetLoaderServi - Loading from file system: file:/C:/Users/Administrator/Dokumente/netBeansProjekt/spaceInvader/target/classes/assets/textures/fireBallSenkrecht.png
10:41:25.442 [JavaFX Application Thread] DEBUG FXGLAssetLoaderServi - Loading from file system: file:/C:/Users/Administrator/Dokumente/netBeansProjekt/spaceInvader/target/classes/assets/textures/fireBallSenkrecht.png
10:41:26.019 [JavaFX Application Thread] DEBUG FXGLAssetLoaderServi - Loading from file system: file:/C:/Users/Administrator/Dokumente/netBeansProjekt/spaceInvader/target/classes/assets/textures/fireBallSenkrecht.png
10:41:26.546 [JavaFX Application Thread] DEBUG FXGLAssetLoaderServi - Loading from file system: file:/C:/Users/Administrator/Dokumente/netBeansProjekt/spaceInvader/target/classes/assets/textures/fireBallSenkrecht.png
10:41:27.091 [JavaFX Application Thread] DEBUG FXGLAssetLoaderServi - Loading from file system: file:/C:/Users/Administrator/Dokumente/netBeansProjekt/spaceInvader/target/classes/assets/textures/fireBallSenkrecht.png
10:41:27.618 [JavaFX Application Thread] DEBUG FXGLAssetLoaderServi - Loading from file system: file:/C:/Users/Administrator/Dokumente/netBeansProjekt/spaceInvader/target/classes/assets/textures/fireBallSenkrecht.png
10:41:28.162 [JavaFX Application Thread] DEBUG FXGLAssetLoaderServi - Loading from file system: file:/C:/Users/Administrator/Dokumente/netBeansProjekt/spaceInvader/target/classes/assets/textures/fireBallSenkrecht.png
10:41:28.690 [JavaFX Application Thread] DEBUG FXGLAssetLoaderServi - Loading from file system: file:/C:/Users/Administrator/Dokumente/netBeansProjekt/spaceInvader/target/classes/assets/textures/fireBallSenkrecht.png
10:41:29.202 [JavaFX Application Thread] DEBUG FXGLAssetLoaderServi - Loading from file system: file:/C:/Users/Administrator/Dokumente/netBeansProjekt/spaceInvader/target/classes/assets/textures/fireBallSenkrecht.png
10:41:29.489 [JavaFX Application Thread] DEBUG FXGLAssetLoaderServi - Loading from file system: file:/C:/Users/Administrator/Dokumente/netBeansProjekt/spaceInvader/target/classes/assets/textures/fireBallSenkrecht.png
10:41:30.022 [JavaFX Application Thread] DEBUG FXGLAssetLoaderServi - Loading from file system: file:/C:/Users/Administrator/Dokumente/netBeansProjekt/spaceInvader/target/classes/assets/textures/fireBallSenkrecht.png
10:41:30.553 [JavaFX Application Thread] DEBUG FXGLAssetLoaderServi - Loading from file system: file:/C:/Users/Administrator/Dokumente/netBeansProjekt/spaceInvader/target/classes/assets/textures/fireBallSenkrecht.png
10:41:30.672 [JavaFX Application Thread] DEBUG FXGLAssetLoaderServi - Loading from file system: file:/C:/Users/Administrator/Dokumente/netBeansProjekt/spaceInvader/target/classes/assets/textures/fireBallSenkrecht.png
10:41:31.208 [JavaFX Application Thread] DEBUG FXGLAssetLoaderServi - Loading from file system: file:/C:/Users/Administrator/Dokumente/netBeansProjekt/spaceInvader/target/classes/assets/textures/fireBallSenkrecht.png
10:41:31.444 [JavaFX Application Thread] DEBUG FXGLAssetLoaderServi - Loading from file system: file:/C:/Users/Administrator/Dokumente/netBeansProjekt/spaceInvader/target/classes/assets/textures/fireBallSenkrecht.png
10:41:31.972 [JavaFX Application Thread] DEBUG FXGLAssetLoaderServi - Loading from file system: file:/C:/Users/Administrator/Dokumente/netBeansProjekt/spaceInvader/target/classes/assets/textures/fireBallSenkrecht.png
10:41:32.547 [JavaFX Application Thread] DEBUG FXGLAssetLoaderServi - Loading from file system: file:/C:/Users/Administrator/Dokumente/netBeansProjekt/spaceInvader/target/classes/assets/textures/fireBallSenkrecht.png
10:41:33.074 [JavaFX Application Thread] DEBUG FXGLAssetLoaderServi - Loading from file system: file:/C:/Users/Administrator/Dokumente/netBeansProjekt/spaceInvader/target/classes/assets/textures/fireBallSenkrecht.png
10:41:33.435 [JavaFX Application Thread] DEBUG FXGLAssetLoaderServi - Loading from file system: file:/C:/Users/Administrator/Dokumente/netBeansProjekt/spaceInvader/target/classes/assets/textures/fireBallSenkrecht.png
10:41:33.619 [JavaFX Application Thread] DEBUG FXGLAssetLoaderServi - Loading from file system: file:/C:/Users/Administrator/Dokumente/netBeansProjekt/spaceInvader/target/classes/assets/textures/fireBallSenkrecht.png
10:41:34.163 [JavaFX Application Thread] DEBUG FXGLAssetLoaderServi - Loading from file system: file:/C:/Users/Administrator/Dokumente/netBeansProjekt/spaceInvader/target/classes/assets/textures/fireBallSenkrecht.png
10:41:34.569 [JavaFX Application Thread] DEBUG FXGLAssetLoaderServi - Loading from file system: file:/C:/Users/Administrator/Dokumente/netBeansProjekt/spaceInvader/target/classes/assets/textures/fireBallSenkrecht.png
10:41:34.769 [JavaFX Application Thread] DEBUG FXGLAssetLoaderServi - Loading from file system: file:/C:/Users/Administrator/Dokumente/netBeansProjekt/spaceInvader/target/classes/assets/textures/fireBallSenkrecht.png
10:41:35.035 [JavaFX Application Thread] DEBUG FXGLAssetLoaderServi - Loading from file system: file:/C:/Users/Administrator/Dokumente/netBeansProjekt/spaceInvader/target/classes/assets/textures/fireBallSenkrecht.png
10:41:35.377 [JavaFX Application Thread] DEBUG FXGLAssetLoaderServi - Loading from file system: file:/C:/Users/Administrator/Dokumente/netBeansProjekt/spaceInvader/target/classes/assets/textures/fireBallSenkrecht.png
10:41:35.736 [JavaFX Application Thread] DEBUG FXGLAssetLoaderServi - Loading from file system: file:/C:/Users/Administrator/Dokumente/netBeansProjekt/spaceInvader/target/classes/assets/textures/fireBallSenkrecht.png
10:41:35.970 [JavaFX Application Thread] DEBUG FXGLAssetLoaderServi - Loading from file system: file:/C:/Users/Administrator/Dokumente/netBeansProjekt/spaceInvader/target/classes/assets/textures/fireBallSenkrecht.png
10:41:36.486 [JavaFX Application Thread] DEBUG FXGLAssetLoaderServi - Loading from file system: file:/C:/Users/Administrator/Dokumente/netBeansProjekt/spaceInvader/target/classes/assets/textures/fireBallSenkrecht.png
10:41:36.905 [JavaFX Application Thread] DEBUG FXGLAssetLoaderServi - Loading from file system: file:/C:/Users/Administrator/Dokumente/netBeansProjekt/spaceInvader/target/classes/assets/textures/fireBallSenkrecht.png
10:41:37.202 [JavaFX Application Thread] DEBUG FXGLAssetLoaderServi - Loading from file system: file:/C:/Users/Administrator/Dokumente/netBeansProjekt/spaceInvader/target/classes/assets/textures/fireBallSenkrecht.png
10:41:37.359 [JavaFX Application Thread] DEBUG FXGLAssetLoaderServi - Loading from file system: file:/C:/Users/Administrator/Dokumente/netBeansProjekt/spaceInvader/target/classes/assets/textures/fireBallSenkrecht.png
10:41:37.452 [JavaFX Application Thread] DEBUG FXGLAssetLoaderServi - Loading from file system: file:/C:/Users/Administrator/Dokumente/netBeansProjekt/spaceInvader/target/classes/assets/textures/fireBallSenkrecht.png
10:41:37.857 [JavaFX Application Thread] DEBUG FXGLAssetLoaderServi - Loading from file system: file:/C:/Users/Administrator/Dokumente/netBeansProjekt/spaceInvader/target/classes/assets/textures/fireBallSenkrecht.png
10:41:37.985 [JavaFX Application Thread] DEBUG FXGLAssetLoaderServi - Loading from file system: file:/C:/Users/Administrator/Dokumente/netBeansProjekt/spaceInvader/target/classes/assets/textures/fireBallSenkrecht.png
10:41:38.561 [JavaFX Application Thread] DEBUG FXGLAssetLoaderServi - Loading from file system: file:/C:/Users/Administrator/Dokumente/netBeansProjekt/spaceInvader/target/classes/assets/textures/fireBallSenkrecht.png
10:41:39.110 [JavaFX Application Thread] DEBUG FXGLAssetLoaderServi - Loading from file system: file:/C:/Users/Administrator/Dokumente/netBeansProjekt/spaceInvader/target/classes/assets/textures/fireBallSenkrecht.png
10:41:39.660 [JavaFX Application Thread] DEBUG FXGLAssetLoaderServi - Loading from file system: file:/C:/Users/Administrator/Dokumente/netBeansProjekt/spaceInvader/target/classes/assets/textures/fireBallSenkrecht.png
10:41:40.097 [JavaFX Application Thread] DEBUG FXGLAssetLoaderServi - Loading from file system: file:/C:/Users/Administrator/Dokumente/netBeansProjekt/spaceInvader/target/classes/assets/textures/fireBallSenkrecht.png
10:41:40.504 [JavaFX Application Thread] DEBUG FXGLAssetLoaderServi - Loading from file system: file:/C:/Users/Administrator/Dokumente/netBeansProjekt/spaceInvader/target/classes/assets/textures/fireBallSenkrecht.png
10:41:41.005 [JavaFX Application Thread] DEBUG FXGLAssetLoaderServi - Loading from file system: file:/C:/Users/Administrator/Dokumente/netBeansProjekt/spaceInvader/target/classes/assets/textures/fireBallSenkrecht.png
10:41:41.037 [JavaFX Application Thread] DEBUG FXGLAssetLoaderServi - Loading from file system: file:/C:/Users/Administrator/Dokumente/netBeansProjekt/spaceInvader/target/classes/assets/textures/fireBallSenkrecht.png
10:41:41.086 [JavaFX Application Thread] DEBUG FXGLAssetLoaderServi - Loading from file system: file:/C:/Users/Administrator/Dokumente/netBeansProjekt/spaceInvader/target/classes/assets/textures/fireBallSenkrecht.png
10:41:41.585 [JavaFX Application Thread] DEBUG FXGLAssetLoaderServi - Loading from file system: file:/C:/Users/Administrator/Dokumente/netBeansProjekt/spaceInvader/target/classes/assets/textures/fireBallSenkrecht.png
10:41:42.105 [JavaFX Application Thread] DEBUG FXGLAssetLoaderServi - Loading from file system: file:/C:/Users/Administrator/Dokumente/netBeansProjekt/spaceInvader/target/classes/assets/textures/fireBallSenkrecht.png
10:41:42.204 [JavaFX Application Thread] DEBUG FXGLAssetLoaderServi - Loading from file system: file:/C:/Users/Administrator/Dokumente/netBeansProjekt/spaceInvader/target/classes/assets/textures/fireBallSenkrecht.png
10:41:42.641 [JavaFX Application Thread] DEBUG FXGLAssetLoaderServi - Loading from file system: file:/C:/Users/Administrator/Dokumente/netBeansProjekt/spaceInvader/target/classes/assets/textures/fireBallSenkrecht.png
10:41:43.178 [JavaFX Application Thread] DEBUG FXGLAssetLoaderServi - Loading from file system: file:/C:/Users/Administrator/Dokumente/netBeansProjekt/spaceInvader/target/classes/assets/textures/fireBallSenkrecht.png
10:41:43.521 [JavaFX Application Thread] DEBUG FXGLAssetLoaderServi - Loading from file system: file:/C:/Users/Administrator/Dokumente/netBeansProjekt/spaceInvader/target/classes/assets/textures/fireBallSenkrecht.png
10:41:44.065 [JavaFX Application Thread] DEBUG FXGLAssetLoaderServi - Loading from file system: file:/C:/Users/Administrator/Dokumente/netBeansProjekt/spaceInvader/target/classes/assets/textures/fireBallSenkrecht.png
10:41:44.598 [JavaFX Application Thread] DEBUG FXGLAssetLoaderServi - Loading from file system: file:/C:/Users/Administrator/Dokumente/netBeansProjekt/spaceInvader/target/classes/assets/textures/fireBallSenkrecht.png
10:41:45.128 [JavaFX Application Thread] DEBUG FXGLAssetLoaderServi - Loading from file system: file:/C:/Users/Administrator/Dokumente/netBeansProjekt/spaceInvader/target/classes/assets/textures/fireBallSenkrecht.png
10:41:45.584 [JavaFX Application Thread] DEBUG FXGLAssetLoaderServi - Loading from file system: file:/C:/Users/Administrator/Dokumente/netBeansProjekt/spaceInvader/target/classes/assets/textures/fireBallSenkrecht.png
10:41:46.064 [JavaFX Application Thread] DEBUG FXGLAssetLoaderServi - Loading from file system: file:/C:/Users/Administrator/Dokumente/netBeansProjekt/spaceInvader/target/classes/assets/textures/fireBallSenkrecht.png
10:41:46.119 [JavaFX Application Thread] DEBUG FXGLAssetLoaderServi - Loading from file system: file:/C:/Users/Administrator/Dokumente/netBeansProjekt/spaceInvader/target/classes/assets/textures/fireBallSenkrecht.png
10:41:46.402 [JavaFX Application Thread] DEBUG FXGLAssetLoaderServi - Loading from file system: file:/C:/Users/Administrator/Dokumente/netBeansProjekt/spaceInvader/target/classes/assets/textures/fireBallSenkrecht.png
10:41:46.942 [JavaFX Application Thread] DEBUG FXGLAssetLoaderServi - Loading from file system: file:/C:/Users/Administrator/Dokumente/netBeansProjekt/spaceInvader/target/classes/assets/textures/fireBallSenkrecht.png
10:41:47.377 [JavaFX Application Thread] DEBUG FXGLAssetLoaderServi - Loading from file system: file:/C:/Users/Administrator/Dokumente/netBeansProjekt/spaceInvader/target/classes/assets/textures/fireBallSenkrecht.png
10:41:47.503 [JavaFX Application Thread] DEBUG FXGLAssetLoaderServi - Loading from file system: file:/C:/Users/Administrator/Dokumente/netBeansProjekt/spaceInvader/target/classes/assets/textures/fireBallSenkrecht.png
10:41:47.702 [JavaFX Application Thread] DEBUG FXGLAssetLoaderServi - Loading from file system: file:/C:/Users/Administrator/Dokumente/netBeansProjekt/spaceInvader/target/classes/assets/textures/fireBallSenkrecht.png
10:41:47.753 [JavaFX Application Thread] DEBUG FXGLAssetLoaderServi - Loading from file system: file:/C:/Users/Administrator/Dokumente/netBeansProjekt/spaceInvader/target/classes/assets/textures/fireBallSenkrecht.png
10:41:48.001 [JavaFX Application Thread] DEBUG FXGLAssetLoaderServi - Loading from file system: file:/C:/Users/Administrator/Dokumente/netBeansProjekt/spaceInvader/target/classes/assets/textures/fireBallSenkrecht.png
10:41:48.452 [JavaFX Application Thread] DEBUG FXGLAssetLoaderServi - Loading from file system: file:/C:/Users/Administrator/Dokumente/netBeansProjekt/spaceInvader/target/classes/assets/textures/fireBallSenkrecht.png
10:41:48.964 [JavaFX Application Thread] DEBUG FXGLAssetLoaderServi - Loading from file system: file:/C:/Users/Administrator/Dokumente/netBeansProjekt/spaceInvader/target/classes/assets/textures/fireBallSenkrecht.png
10:41:49.477 [JavaFX Application Thread] DEBUG FXGLAssetLoaderServi - Loading from file system: file:/C:/Users/Administrator/Dokumente/netBeansProjekt/spaceInvader/target/classes/assets/textures/fireBallSenkrecht.png
10:41:49.601 [JavaFX Application Thread] DEBUG FXGLAssetLoaderServi - Loading from file system: file:/C:/Users/Administrator/Dokumente/netBeansProjekt/spaceInvader/target/classes/assets/textures/fireBallSenkrecht.png
10:41:50.128 [JavaFX Application Thread] DEBUG FXGLAssetLoaderServi - Loading from file system: file:/C:/Users/Administrator/Dokumente/netBeansProjekt/spaceInvader/target/classes/assets/textures/fireBallSenkrecht.png
10:41:50.643 [JavaFX Application Thread] DEBUG FXGLAssetLoaderServi - Loading from file system: file:/C:/Users/Administrator/Dokumente/netBeansProjekt/spaceInvader/target/classes/assets/textures/fireBallSenkrecht.png
10:41:50.705 [JavaFX Application Thread] DEBUG FXGLAssetLoaderServi - Loading from file system: file:/C:/Users/Administrator/Dokumente/netBeansProjekt/spaceInvader/target/classes/assets/textures/fireBallSenkrecht.png
10:41:50.736 [JavaFX Application Thread] DEBUG FXGLAssetLoaderServi - Loading from file system: file:/C:/Users/Administrator/Dokumente/netBeansProjekt/spaceInvader/target/classes/assets/textures/fireBallSenkrecht.png
10:41:51.328 [JavaFX Application Thread] DEBUG FXGLAssetLoaderServi - Loading from file system: file:/C:/Users/Administrator/Dokumente/netBeansProjekt/spaceInvader/target/classes/assets/textures/fireBallSenkrecht.png
10:41:51.794 [JavaFX Application Thread] DEBUG FXGLAssetLoaderServi - Loading from file system: file:/C:/Users/Administrator/Dokumente/netBeansProjekt/spaceInvader/target/classes/assets/textures/fireBallSenkrecht.png
10:41:52.311 [JavaFX Application Thread] DEBUG FXGLAssetLoaderServi - Loading from file system: file:/C:/Users/Administrator/Dokumente/netBeansProjekt/spaceInvader/target/classes/assets/textures/fireBallSenkrecht.png
10:41:52.435 [JavaFX Application Thread] DEBUG FXGLAssetLoaderServi - Loading from file system: file:/C:/Users/Administrator/Dokumente/netBeansProjekt/spaceInvader/target/classes/assets/textures/fireBallSenkrecht.png
10:41:52.946 [JavaFX Application Thread] DEBUG FXGLAssetLoaderServi - Loading from file system: file:/C:/Users/Administrator/Dokumente/netBeansProjekt/spaceInvader/target/classes/assets/textures/fireBallSenkrecht.png
10:41:53.496 [JavaFX Application Thread] DEBUG FXGLAssetLoaderServi - Loading from file system: file:/C:/Users/Administrator/Dokumente/netBeansProjekt/spaceInvader/target/classes/assets/textures/fireBallSenkrecht.png
10:41:53.545 [JavaFX Application Thread] DEBUG FXGLAssetLoaderServi - Loading from file system: file:/C:/Users/Administrator/Dokumente/netBeansProjekt/spaceInvader/target/classes/assets/textures/fireBallSenkrecht.png
10:41:53.604 [JavaFX Application Thread] DEBUG FXGLAssetLoaderServi - Loading from file system: file:/C:/Users/Administrator/Dokumente/netBeansProjekt/spaceInvader/target/classes/assets/textures/fireBallSenkrecht.png
10:41:53.635 [JavaFX Application Thread] DEBUG FXGLAssetLoaderServi - Loading from file system: file:/C:/Users/Administrator/Dokumente/netBeansProjekt/spaceInvader/target/classes/assets/textures/fireBallSenkrecht.png
10:41:54.180 [JavaFX Application Thread] DEBUG FXGLAssetLoaderServi - Loading from file system: file:/C:/Users/Administrator/Dokumente/netBeansProjekt/spaceInvader/target/classes/assets/textures/fireBallSenkrecht.png
10:41:54.322 [JavaFX Application Thread] DEBUG FXGLAssetLoaderServi - Loading from file system: file:/C:/Users/Administrator/Dokumente/netBeansProjekt/spaceInvader/target/classes/assets/textures/fireBallSenkrecht.png
10:41:54.368 [JavaFX Application Thread] DEBUG FXGLAssetLoaderServi - Loading from file system: file:/C:/Users/Administrator/Dokumente/netBeansProjekt/spaceInvader/target/classes/assets/textures/fireBallSenkrecht.png
10:41:54.414 [JavaFX Application Thread] DEBUG FXGLAssetLoaderServi - Loading from file system: file:/C:/Users/Administrator/Dokumente/netBeansProjekt/spaceInvader/target/classes/assets/textures/fireBallSenkrecht.png
10:41:54.944 [JavaFX Application Thread] DEBUG FXGLAssetLoaderServi - Loading from file system: file:/C:/Users/Administrator/Dokumente/netBeansProjekt/spaceInvader/target/classes/assets/textures/fireBallSenkrecht.png
10:41:55.442 [JavaFX Application Thread] DEBUG FXGLAssetLoaderServi - Loading from file system: file:/C:/Users/Administrator/Dokumente/netBeansProjekt/spaceInvader/target/classes/assets/textures/fireBallSenkrecht.png
10:41:55.974 [JavaFX Application Thread] DEBUG FXGLAssetLoaderServi - Loading from file system: file:/C:/Users/Administrator/Dokumente/netBeansProjekt/spaceInvader/target/classes/assets/textures/fireBallSenkrecht.png
10:41:56.504 [JavaFX Application Thread] DEBUG FXGLAssetLoaderServi - Loading from file system: file:/C:/Users/Administrator/Dokumente/netBeansProjekt/spaceInvader/target/classes/assets/textures/fireBallSenkrecht.png
10:41:56.551 [JavaFX Application Thread] DEBUG FXGLAssetLoaderServi - Loading from file system: file:/C:/Users/Administrator/Dokumente/netBeansProjekt/spaceInvader/target/classes/assets/textures/fireBallSenkrecht.png
10:41:56.721 [JavaFX Application Thread] DEBUG FXGLAssetLoaderServi - Loading from file system: file:/C:/Users/Administrator/Dokumente/netBeansProjekt/spaceInvader/target/classes/assets/textures/fireBallSenkrecht.png
10:41:56.752 [JavaFX Application Thread] DEBUG FXGLAssetLoaderServi - Loading from file system: file:/C:/Users/Administrator/Dokumente/netBeansProjekt/spaceInvader/target/classes/assets/textures/fireBallSenkrecht.png
10:41:57.219 [JavaFX Application Thread] DEBUG FXGLAssetLoaderServi - Loading from file system: file:/C:/Users/Administrator/Dokumente/netBeansProjekt/spaceInvader/target/classes/assets/textures/fireBallSenkrecht.png
10:41:57.750 [JavaFX Application Thread] DEBUG FXGLAssetLoaderServi - Loading from file system: file:/C:/Users/Administrator/Dokumente/netBeansProjekt/spaceInvader/target/classes/assets/textures/fireBallSenkrecht.png
10:41:58.294 [JavaFX Application Thread] DEBUG FXGLAssetLoaderServi - Loading from file system: file:/C:/Users/Administrator/Dokumente/netBeansProjekt/spaceInvader/target/classes/assets/textures/fireBallSenkrecht.png
10:41:58.825 [JavaFX Application Thread] DEBUG FXGLAssetLoaderServi - Loading from file system: file:/C:/Users/Administrator/Dokumente/netBeansProjekt/spaceInvader/target/classes/assets/textures/fireBallSenkrecht.png
10:41:59.058 [JavaFX Application Thread] DEBUG FXGLAssetLoaderServi - Loading from file system: file:/C:/Users/Administrator/Dokumente/netBeansProjekt/spaceInvader/target/classes/assets/textures/fireBallSenkrecht.png
10:41:59.609 [JavaFX Application Thread] DEBUG FXGLAssetLoaderServi - Loading from file system: file:/C:/Users/Administrator/Dokumente/netBeansProjekt/spaceInvader/target/classes/assets/textures/fireBallSenkrecht.png
10:41:59.970 [JavaFX Application Thread] DEBUG FXGLAssetLoaderServi - Loading from file system: file:/C:/Users/Administrator/Dokumente/netBeansProjekt/spaceInvader/target/classes/assets/textures/fireBallSenkrecht.png
10:42:00.033 [JavaFX Application Thread] DEBUG FXGLAssetLoaderServi - Loading from file system: file:/C:/Users/Administrator/Dokumente/netBeansProjekt/spaceInvader/target/classes/assets/textures/fireBallSenkrecht.png
10:42:00.102 [JavaFX Application Thread] DEBUG FXGLAssetLoaderServi - Loading from file system: file:/C:/Users/Administrator/Dokumente/netBeansProjekt/spaceInvader/target/classes/assets/textures/fireBallSenkrecht.png
10:42:00.193 [JavaFX Application Thread] DEBUG FXGLAssetLoaderServi - Loading from file system: file:/C:/Users/Administrator/Dokumente/netBeansProjekt/spaceInvader/target/classes/assets/textures/fireBallSenkrecht.png
10:42:00.254 [JavaFX Application Thread] DEBUG FXGLAssetLoaderServi - Loading from file system: file:/C:/Users/Administrator/Dokumente/netBeansProjekt/spaceInvader/target/classes/assets/textures/fireBallSenkrecht.png
10:42:00.802 [JavaFX Application Thread] DEBUG FXGLAssetLoaderServi - Loading from file system: file:/C:/Users/Administrator/Dokumente/netBeansProjekt/spaceInvader/target/classes/assets/textures/fireBallSenkrecht.png
10:42:00.852 [JavaFX Application Thread] DEBUG FXGLAssetLoaderServi - Loading from file system: file:/C:/Users/Administrator/Dokumente/netBeansProjekt/spaceInvader/target/classes/assets/textures/fireBallSenkrecht.png
10:42:01.378 [JavaFX Application Thread] DEBUG FXGLAssetLoaderServi - Loading from file system: file:/C:/Users/Administrator/Dokumente/netBeansProjekt/spaceInvader/target/classes/assets/textures/fireBallSenkrecht.png
10:42:01.410 [JavaFX Application Thread] DEBUG FXGLAssetLoaderServi - Loading from file system: file:/C:/Users/Administrator/Dokumente/netBeansProjekt/spaceInvader/target/classes/assets/textures/fireBallSenkrecht.png
10:42:01.939 [JavaFX Application Thread] DEBUG FXGLAssetLoaderServi - Loading from file system: file:/C:/Users/Administrator/Dokumente/netBeansProjekt/spaceInvader/target/classes/assets/textures/fireBallSenkrecht.png
10:42:02.465 [JavaFX Application Thread] DEBUG FXGLAssetLoaderServi - Loading from file system: file:/C:/Users/Administrator/Dokumente/netBeansProjekt/spaceInvader/target/classes/assets/textures/fireBallSenkrecht.png
10:42:02.978 [JavaFX Application Thread] DEBUG FXGLAssetLoaderServi - Loading from file system: file:/C:/Users/Administrator/Dokumente/netBeansProjekt/spaceInvader/target/classes/assets/textures/fireBallSenkrecht.png
10:42:03.511 [JavaFX Application Thread] DEBUG FXGLAssetLoaderServi - Loading from file system: file:/C:/Users/Administrator/Dokumente/netBeansProjekt/spaceInvader/target/classes/assets/textures/fireBallSenkrecht.png
10:42:04.054 [JavaFX Application Thread] DEBUG FXGLAssetLoaderServi - Loading from file system: file:/C:/Users/Administrator/Dokumente/netBeansProjekt/spaceInvader/target/classes/assets/textures/fireBallSenkrecht.png
10:42:04.571 [JavaFX Application Thread] DEBUG FXGLAssetLoaderServi - Loading from file system: file:/C:/Users/Administrator/Dokumente/netBeansProjekt/spaceInvader/target/classes/assets/textures/fireBallSenkrecht.png
10:42:04.619 [JavaFX Application Thread] DEBUG FXGLAssetLoaderServi - Loading from file system: file:/C:/Users/Administrator/Dokumente/netBeansProjekt/spaceInvader/target/classes/assets/textures/fireBallSenkrecht.png
10:42:05.070 [JavaFX Application Thread] DEBUG FXGLAssetLoaderServi - Loading from file system: file:/C:/Users/Administrator/Dokumente/netBeansProjekt/spaceInvader/target/classes/assets/textures/fireBallSenkrecht.png
10:42:05.459 [JavaFX Application Thread] DEBUG FXGLAssetLoaderServi - Loading from file system: file:/C:/Users/Administrator/Dokumente/netBeansProjekt/spaceInvader/target/classes/assets/textures/fireBallSenkrecht.png
10:42:05.989 [JavaFX Application Thread] DEBUG FXGLAssetLoaderServi - Loading from file system: file:/C:/Users/Administrator/Dokumente/netBeansProjekt/spaceInvader/target/classes/assets/textures/fireBallSenkrecht.png
10:42:06.536 [JavaFX Application Thread] DEBUG FXGLAssetLoaderServi - Loading from file system: file:/C:/Users/Administrator/Dokumente/netBeansProjekt/spaceInvader/target/classes/assets/textures/fireBallSenkrecht.png
10:42:06.722 [JavaFX Application Thread] DEBUG FXGLAssetLoaderServi - Loading from file system: file:/C:/Users/Administrator/Dokumente/netBeansProjekt/spaceInvader/target/classes/assets/textures/fireBallSenkrecht.png
10:42:07.256 [JavaFX Application Thread] DEBUG FXGLAssetLoaderServi - Loading from file system: file:/C:/Users/Administrator/Dokumente/netBeansProjekt/spaceInvader/target/classes/assets/textures/fireBallSenkrecht.png
10:42:07.490 [JavaFX Application Thread] DEBUG FXGLAssetLoaderServi - Loading from file system: file:/C:/Users/Administrator/Dokumente/netBeansProjekt/spaceInvader/target/classes/assets/textures/fireBallSenkrecht.png
10:42:07.552 [JavaFX Application Thread] DEBUG FXGLAssetLoaderServi - Loading from file system: file:/C:/Users/Administrator/Dokumente/netBeansProjekt/spaceInvader/target/classes/assets/textures/fireBallSenkrecht.png
10:42:07.621 [JavaFX Application Thread] DEBUG FXGLAssetLoaderServi - Loading from file system: file:/C:/Users/Administrator/Dokumente/netBeansProjekt/spaceInvader/target/classes/assets/textures/fireBallSenkrecht.png
10:42:08.008 [JavaFX Application Thread] DEBUG FXGLAssetLoaderServi - Loading from file system: file:/C:/Users/Administrator/Dokumente/netBeansProjekt/spaceInvader/target/classes/assets/textures/fireBallSenkrecht.png
10:42:08.071 [JavaFX Application Thread] DEBUG FXGLAssetLoaderServi - Loading from file system: file:/C:/Users/Administrator/Dokumente/netBeansProjekt/spaceInvader/target/classes/assets/textures/fireBallSenkrecht.png
10:42:08.632 [JavaFX Application Thread] DEBUG FXGLAssetLoaderServi - Loading from file system: file:/C:/Users/Administrator/Dokumente/netBeansProjekt/spaceInvader/target/classes/assets/textures/fireBallSenkrecht.png
10:42:09.038 [JavaFX Application Thread] DEBUG FXGLAssetLoaderServi - Loading from file system: file:/C:/Users/Administrator/Dokumente/netBeansProjekt/spaceInvader/target/classes/assets/textures/fireBallSenkrecht.png
10:42:09.069 [JavaFX Application Thread] DEBUG FXGLAssetLoaderServi - Loading from file system: file:/C:/Users/Administrator/Dokumente/netBeansProjekt/spaceInvader/target/classes/assets/textures/fireBallSenkrecht.png
10:42:09.506 [JavaFX Application Thread] DEBUG FXGLAssetLoaderServi - Loading from file system: file:/C:/Users/Administrator/Dokumente/netBeansProjekt/spaceInvader/target/classes/assets/textures/fireBallSenkrecht.png
10:42:09.552 [JavaFX Application Thread] DEBUG FXGLAssetLoaderServi - Loading from file system: file:/C:/Users/Administrator/Dokumente/netBeansProjekt/spaceInvader/target/classes/assets/textures/fireBallSenkrecht.png
10:42:10.086 [JavaFX Application Thread] DEBUG FXGLAssetLoaderServi - Loading from file system: file:/C:/Users/Administrator/Dokumente/netBeansProjekt/spaceInvader/target/classes/assets/textures/fireBallSenkrecht.png
10:42:10.589 [JavaFX Application Thread] DEBUG FXGLAssetLoaderServi - Loading from file system: file:/C:/Users/Administrator/Dokumente/netBeansProjekt/spaceInvader/target/classes/assets/textures/fireBallSenkrecht.png
10:42:10.637 [JavaFX Application Thread] DEBUG FXGLAssetLoaderServi - Loading from file system: file:/C:/Users/Administrator/Dokumente/netBeansProjekt/spaceInvader/target/classes/assets/textures/fireBallSenkrecht.png
10:42:11.174 [JavaFX Application Thread] DEBUG FXGLAssetLoaderServi - Loading from file system: file:/C:/Users/Administrator/Dokumente/netBeansProjekt/spaceInvader/target/classes/assets/textures/fireBallSenkrecht.png
10:42:11.235 [JavaFX Application Thread] DEBUG FXGLAssetLoaderServi - Loading from file system: file:/C:/Users/Administrator/Dokumente/netBeansProjekt/spaceInvader/target/classes/assets/textures/fireBallSenkrecht.png
10:42:11.314 [JavaFX Application Thread] DEBUG FXGLAssetLoaderServi - Loading from file system: file:/C:/Users/Administrator/Dokumente/netBeansProjekt/spaceInvader/target/classes/assets/textures/fireBallSenkrecht.png
10:42:11.364 [JavaFX Application Thread] DEBUG FXGLAssetLoaderServi - Loading from file system: file:/C:/Users/Administrator/Dokumente/netBeansProjekt/spaceInvader/target/classes/assets/textures/fireBallSenkrecht.png
10:42:11.439 [JavaFX Application Thread] DEBUG FXGLAssetLoaderServi - Loading from file system: file:/C:/Users/Administrator/Dokumente/netBeansProjekt/spaceInvader/target/classes/assets/textures/fireBallSenkrecht.png
10:42:11.942 [JavaFX Application Thread] DEBUG FXGLAssetLoaderServi - Loading from file system: file:/C:/Users/Administrator/Dokumente/netBeansProjekt/spaceInvader/target/classes/assets/textures/fireBallSenkrecht.png
10:42:12.474 [JavaFX Application Thread] DEBUG FXGLAssetLoaderServi - Loading from file system: file:/C:/Users/Administrator/Dokumente/netBeansProjekt/spaceInvader/target/classes/assets/textures/fireBallSenkrecht.png
10:42:12.992 [JavaFX Application Thread] DEBUG FXGLAssetLoaderServi - Loading from file system: file:/C:/Users/Administrator/Dokumente/netBeansProjekt/spaceInvader/target/classes/assets/textures/fireBallSenkrecht.png
10:42:13.437 [JavaFX Application Thread] DEBUG FXGLAssetLoaderServi - Loading from file system: file:/C:/Users/Administrator/Dokumente/netBeansProjekt/spaceInvader/target/classes/assets/textures/fireBallSenkrecht.png
10:42:13.989 [JavaFX Application Thread] DEBUG FXGLAssetLoaderServi - Loading from file system: file:/C:/Users/Administrator/Dokumente/netBeansProjekt/spaceInvader/target/classes/assets/textures/fireBallSenkrecht.png
10:42:14.025 [JavaFX Application Thread] DEBUG FXGLAssetLoaderServi - Loading from file system: file:/C:/Users/Administrator/Dokumente/netBeansProjekt/spaceInvader/target/classes/assets/textures/fireBallSenkrecht.png
10:42:14.290 [JavaFX Application Thread] DEBUG FXGLAssetLoaderServi - Loading from file system: file:/C:/Users/Administrator/Dokumente/netBeansProjekt/spaceInvader/target/classes/assets/textures/fireBallSenkrecht.png
10:42:14.352 [JavaFX Application Thread] DEBUG FXGLAssetLoaderServi - Loading from file system: file:/C:/Users/Administrator/Dokumente/netBeansProjekt/spaceInvader/target/classes/assets/textures/fireBallSenkrecht.png
10:42:14.870 [JavaFX Application Thread] DEBUG FXGLAssetLoaderServi - Loading from file system: file:/C:/Users/Administrator/Dokumente/netBeansProjekt/spaceInvader/target/classes/assets/textures/fireBallSenkrecht.png
10:42:15.410 [JavaFX Application Thread] DEBUG FXGLAssetLoaderServi - Loading from file system: file:/C:/Users/Administrator/Dokumente/netBeansProjekt/spaceInvader/target/classes/assets/textures/fireBallSenkrecht.png
10:42:15.941 [JavaFX Application Thread] DEBUG FXGLAssetLoaderServi - Loading from file system: file:/C:/Users/Administrator/Dokumente/netBeansProjekt/spaceInvader/target/classes/assets/textures/fireBallSenkrecht.png
10:42:16.457 [JavaFX Application Thread] DEBUG FXGLAssetLoaderServi - Loading from file system: file:/C:/Users/Administrator/Dokumente/netBeansProjekt/spaceInvader/target/classes/assets/textures/fireBallSenkrecht.png
10:42:16.693 [JavaFX Application Thread] DEBUG FXGLAssetLoaderServi - Loading from file system: file:/C:/Users/Administrator/Dokumente/netBeansProjekt/spaceInvader/target/classes/assets/textures/fireBallSenkrecht.png
10:42:16.736 [JavaFX Application Thread] DEBUG FXGLAssetLoaderServi - Loading from file system: file:/C:/Users/Administrator/Dokumente/netBeansProjekt/spaceInvader/target/classes/assets/textures/fireBallSenkrecht.png
10:42:17.253 [JavaFX Application Thread] DEBUG FXGLAssetLoaderServi - Loading from file system: file:/C:/Users/Administrator/Dokumente/netBeansProjekt/spaceInvader/target/classes/assets/textures/fireBallSenkrecht.png
10:42:17.781 [JavaFX Application Thread] DEBUG FXGLAssetLoaderServi - Loading from file system: file:/C:/Users/Administrator/Dokumente/netBeansProjekt/spaceInvader/target/classes/assets/textures/fireBallSenkrecht.png
10:42:17.812 [JavaFX Application Thread] DEBUG FXGLAssetLoaderServi - Loading from file system: file:/C:/Users/Administrator/Dokumente/netBeansProjekt/spaceInvader/target/classes/assets/textures/fireBallSenkrecht.png
10:42:17.859 [JavaFX Application Thread] DEBUG FXGLAssetLoaderServi - Loading from file system: file:/C:/Users/Administrator/Dokumente/netBeansProjekt/spaceInvader/target/classes/assets/textures/fireBallSenkrecht.png
10:42:18.390 [JavaFX Application Thread] DEBUG FXGLAssetLoaderServi - Loading from file system: file:/C:/Users/Administrator/Dokumente/netBeansProjekt/spaceInvader/target/classes/assets/textures/fireBallSenkrecht.png
10:42:18.436 [JavaFX Application Thread] DEBUG FXGLAssetLoaderServi - Loading from file system: file:/C:/Users/Administrator/Dokumente/netBeansProjekt/spaceInvader/target/classes/assets/textures/fireBallSenkrecht.png
10:42:18.997 [JavaFX Application Thread] DEBUG FXGLAssetLoaderServi - Loading from file system: file:/C:/Users/Administrator/Dokumente/netBeansProjekt/spaceInvader/target/classes/assets/textures/fireBallSenkrecht.png
10:42:19.437 [JavaFX Application Thread] DEBUG FXGLAssetLoaderServi - Loading from file system: file:/C:/Users/Administrator/Dokumente/netBeansProjekt/spaceInvader/target/classes/assets/textures/fireBallSenkrecht.png
10:42:19.637 [JavaFX Application Thread] DEBUG FXGLAssetLoaderServi - Loading from file system: file:/C:/Users/Administrator/Dokumente/netBeansProjekt/spaceInvader/target/classes/assets/textures/fireBallSenkrecht.png
10:42:20.165 [JavaFX Application Thread] DEBUG FXGLAssetLoaderServi - Loading from file system: file:/C:/Users/Administrator/Dokumente/netBeansProjekt/spaceInvader/target/classes/assets/textures/fireBallSenkrecht.png
10:42:20.680 [JavaFX Application Thread] DEBUG FXGLAssetLoaderServi - Loading from file system: file:/C:/Users/Administrator/Dokumente/netBeansProjekt/spaceInvader/target/classes/assets/textures/fireBallSenkrecht.png
10:42:21.105 [JavaFX Application Thread] DEBUG FXGLAssetLoaderServi - Loading from file system: file:/C:/Users/Administrator/Dokumente/netBeansProjekt/spaceInvader/target/classes/assets/textures/fireBallSenkrecht.png
10:42:21.540 [JavaFX Application Thread] DEBUG FXGLAssetLoaderServi - Loading from file system: file:/C:/Users/Administrator/Dokumente/netBeansProjekt/spaceInvader/target/classes/assets/textures/fireBallSenkrecht.png
10:42:22.057 [JavaFX Application Thread] DEBUG FXGLAssetLoaderServi - Loading from file system: file:/C:/Users/Administrator/Dokumente/netBeansProjekt/spaceInvader/target/classes/assets/textures/fireBallSenkrecht.png
10:42:22.086 [JavaFX Application Thread] DEBUG FXGLAssetLoaderServi - Loading from file system: file:/C:/Users/Administrator/Dokumente/netBeansProjekt/spaceInvader/target/classes/assets/textures/fireBallSenkrecht.png
10:42:22.620 [JavaFX Application Thread] DEBUG FXGLAssetLoaderServi - Loading from file system: file:/C:/Users/Administrator/Dokumente/netBeansProjekt/spaceInvader/target/classes/assets/textures/fireBallSenkrecht.png
10:42:23.166 [JavaFX Application Thread] DEBUG FXGLAssetLoaderServi - Loading from file system: file:/C:/Users/Administrator/Dokumente/netBeansProjekt/spaceInvader/target/classes/assets/textures/fireBallSenkrecht.png
10:42:23.715 [JavaFX Application Thread] DEBUG FXGLAssetLoaderServi - Loading from file system: file:/C:/Users/Administrator/Dokumente/netBeansProjekt/spaceInvader/target/classes/assets/textures/fireBallSenkrecht.png
10:42:23.745 [JavaFX Application Thread] DEBUG FXGLAssetLoaderServi - Loading from file system: file:/C:/Users/Administrator/Dokumente/netBeansProjekt/spaceInvader/target/classes/assets/textures/fireBallSenkrecht.png
10:42:24.498 [JavaFX Application Thread] DEBUG FXGLAssetLoaderServi - Loading from file system: file:/C:/Users/Administrator/Dokumente/netBeansProjekt/spaceInvader/target/classes/assets/textures/fireBallSenkrecht.png
10:42:25.045 [JavaFX Application Thread] DEBUG FXGLAssetLoaderServi - Loading from file system: file:/C:/Users/Administrator/Dokumente/netBeansProjekt/spaceInvader/target/classes/assets/textures/fireBallSenkrecht.png
10:42:25.575 [JavaFX Application Thread] DEBUG FXGLAssetLoaderServi - Loading from file system: file:/C:/Users/Administrator/Dokumente/netBeansProjekt/spaceInvader/target/classes/assets/textures/fireBallSenkrecht.png
10:42:26.107 [JavaFX Application Thread] DEBUG FXGLAssetLoaderServi - Loading from file system: file:/C:/Users/Administrator/Dokumente/netBeansProjekt/spaceInvader/target/classes/assets/textures/fireBallSenkrecht.png
10:42:26.138 [JavaFX Application Thread] DEBUG FXGLAssetLoaderServi - Loading from file system: file:/C:/Users/Administrator/Dokumente/netBeansProjekt/spaceInvader/target/classes/assets/textures/fireBallSenkrecht.png
10:42:26.387 [JavaFX Application Thread] DEBUG FXGLAssetLoaderServi - Loading from file system: file:/C:/Users/Administrator/Dokumente/netBeansProjekt/spaceInvader/target/classes/assets/textures/fireBallSenkrecht.png
10:42:26.920 [JavaFX Application Thread] DEBUG FXGLAssetLoaderServi - Loading from file system: file:/C:/Users/Administrator/Dokumente/netBeansProjekt/spaceInvader/target/classes/assets/textures/fireBallSenkrecht.png
10:42:27.448 [JavaFX Application Thread] DEBUG FXGLAssetLoaderServi - Loading from file system: file:/C:/Users/Administrator/Dokumente/netBeansProjekt/spaceInvader/target/classes/assets/textures/fireBallSenkrecht.png
10:42:27.978 [JavaFX Application Thread] DEBUG FXGLAssetLoaderServi - Loading from file system: file:/C:/Users/Administrator/Dokumente/netBeansProjekt/spaceInvader/target/classes/assets/textures/fireBallSenkrecht.png
10:42:28.275 [JavaFX Application Thread] DEBUG FXGLAssetLoaderServi - Loading from file system: file:/C:/Users/Administrator/Dokumente/netBeansProjekt/spaceInvader/target/classes/assets/textures/fireBallSenkrecht.png
10:42:28.805 [JavaFX Application Thread] DEBUG FXGLAssetLoaderServi - Loading from file system: file:/C:/Users/Administrator/Dokumente/netBeansProjekt/spaceInvader/target/classes/assets/textures/fireBallSenkrecht.png
10:42:28.853 [JavaFX Application Thread] DEBUG FXGLAssetLoaderServi - Loading from file system: file:/C:/Users/Administrator/Dokumente/netBeansProjekt/spaceInvader/target/classes/assets/textures/fireBallSenkrecht.png
10:42:29.399 [JavaFX Application Thread] DEBUG FXGLAssetLoaderServi - Loading from file system: file:/C:/Users/Administrator/Dokumente/netBeansProjekt/spaceInvader/target/classes/assets/textures/fireBallSenkrecht.png
10:42:29.556 [JavaFX Application Thread] DEBUG FXGLAssetLoaderServi - Loading from file system: file:/C:/Users/Administrator/Dokumente/netBeansProjekt/spaceInvader/target/classes/assets/textures/fireBallSenkrecht.png
10:42:29.899 [JavaFX Application Thread] DEBUG FXGLAssetLoaderServi - Loading from file system: file:/C:/Users/Administrator/Dokumente/netBeansProjekt/spaceInvader/target/classes/assets/textures/fireBallSenkrecht.png
10:42:29.946 [JavaFX Application Thread] DEBUG FXGLAssetLoaderServi - Loading from file system: file:/C:/Users/Administrator/Dokumente/netBeansProjekt/spaceInvader/target/classes/assets/textures/fireBallSenkrecht.png
10:42:29.977 [JavaFX Application Thread] DEBUG FXGLAssetLoaderServi - Loading from file system: file:/C:/Users/Administrator/Dokumente/netBeansProjekt/spaceInvader/target/classes/assets/textures/fireBallSenkrecht.png
10:42:30.462 [JavaFX Application Thread] DEBUG FXGLAssetLoaderServi - Loading from file system: file:/C:/Users/Administrator/Dokumente/netBeansProjekt/spaceInvader/target/classes/assets/textures/fireBallSenkrecht.png
10:42:30.977 [JavaFX Application Thread] DEBUG FXGLAssetLoaderServi - Loading from file system: file:/C:/Users/Administrator/Dokumente/netBeansProjekt/spaceInvader/target/classes/assets/textures/fireBallSenkrecht.png
10:42:31.370 [JavaFX Application Thread] DEBUG FXGLAssetLoaderServi - Loading from file system: file:/C:/Users/Administrator/Dokumente/netBeansProjekt/spaceInvader/target/classes/assets/textures/fireBallSenkrecht.png
10:42:31.539 [JavaFX Application Thread] DEBUG FXGLAssetLoaderServi - Loading from file system: file:/C:/Users/Administrator/Dokumente/netBeansProjekt/spaceInvader/target/classes/assets/textures/fireBallSenkrecht.png
10:42:31.571 [JavaFX Application Thread] DEBUG FXGLAssetLoaderServi - Loading from file system: file:/C:/Users/Administrator/Dokumente/netBeansProjekt/spaceInvader/target/classes/assets/textures/fireBallSenkrecht.png
10:42:32.116 [JavaFX Application Thread] DEBUG FXGLAssetLoaderServi - Loading from file system: file:/C:/Users/Administrator/Dokumente/netBeansProjekt/spaceInvader/target/classes/assets/textures/fireBallSenkrecht.png
10:42:32.644 [JavaFX Application Thread] DEBUG FXGLAssetLoaderServi - Loading from file system: file:/C:/Users/Administrator/Dokumente/netBeansProjekt/spaceInvader/target/classes/assets/textures/fireBallSenkrecht.png
10:42:32.804 [JavaFX Application Thread] DEBUG FXGLAssetLoaderServi - Loading from file system: file:/C:/Users/Administrator/Dokumente/netBeansProjekt/spaceInvader/target/classes/assets/textures/fireBallSenkrecht.png
10:42:33.377 [JavaFX Application Thread] DEBUG FXGLAssetLoaderServi - Loading from file system: file:/C:/Users/Administrator/Dokumente/netBeansProjekt/spaceInvader/target/classes/assets/textures/fireBallSenkrecht.png
10:42:33.893 [JavaFX Application Thread] DEBUG FXGLAssetLoaderServi - Loading from file system: file:/C:/Users/Administrator/Dokumente/netBeansProjekt/spaceInvader/target/classes/assets/textures/fireBallSenkrecht.png
10:42:34.422 [JavaFX Application Thread] DEBUG FXGLAssetLoaderServi - Loading from file system: file:/C:/Users/Administrator/Dokumente/netBeansProjekt/spaceInvader/target/classes/assets/textures/fireBallSenkrecht.png
10:42:34.658 [JavaFX Application Thread] DEBUG FXGLAssetLoaderServi - Loading from file system: file:/C:/Users/Administrator/Dokumente/netBeansProjekt/spaceInvader/target/classes/assets/textures/fireBallSenkrecht.png
10:42:35.157 [JavaFX Application Thread] DEBUG FXGLAssetLoaderServi - Loading from file system: file:/C:/Users/Administrator/Dokumente/netBeansProjekt/spaceInvader/target/classes/assets/textures/fireBallSenkrecht.png
10:42:35.670 [JavaFX Application Thread] DEBUG FXGLAssetLoaderServi - Loading from file system: file:/C:/Users/Administrator/Dokumente/netBeansProjekt/spaceInvader/target/classes/assets/textures/fireBallSenkrecht.png
10:42:36.200 [JavaFX Application Thread] DEBUG FXGLAssetLoaderServi - Loading from file system: file:/C:/Users/Administrator/Dokumente/netBeansProjekt/spaceInvader/target/classes/assets/textures/fireBallSenkrecht.png
10:42:36.729 [JavaFX Application Thread] DEBUG FXGLAssetLoaderServi - Loading from file system: file:/C:/Users/Administrator/Dokumente/netBeansProjekt/spaceInvader/target/classes/assets/textures/fireBallSenkrecht.png
10:42:37.259 [JavaFX Application Thread] DEBUG FXGLAssetLoaderServi - Loading from file system: file:/C:/Users/Administrator/Dokumente/netBeansProjekt/spaceInvader/target/classes/assets/textures/fireBallSenkrecht.png
10:42:37.587 [JavaFX Application Thread] DEBUG FXGLAssetLoaderServi - Loading from file system: file:/C:/Users/Administrator/Dokumente/netBeansProjekt/spaceInvader/target/classes/assets/textures/fireBallSenkrecht.png
10:42:38.153 [JavaFX Application Thread] DEBUG FXGLAssetLoaderServi - Loading from file system: file:/C:/Users/Administrator/Dokumente/netBeansProjekt/spaceInvader/target/classes/assets/textures/fireBallSenkrecht.png
10:42:38.640 [JavaFX Application Thread] DEBUG FXGLAssetLoaderServi - Loading from file system: file:/C:/Users/Administrator/Dokumente/netBeansProjekt/spaceInvader/target/classes/assets/textures/fireBallSenkrecht.png
10:42:39.175 [JavaFX Application Thread] DEBUG FXGLAssetLoaderServi - Loading from file system: file:/C:/Users/Administrator/Dokumente/netBeansProjekt/spaceInvader/target/classes/assets/textures/fireBallSenkrecht.png
10:42:39.224 [JavaFX Application Thread] DEBUG FXGLAssetLoaderServi - Loading from file system: file:/C:/Users/Administrator/Dokumente/netBeansProjekt/spaceInvader/target/classes/assets/textures/fireBallSenkrecht.png
10:42:39.768 [JavaFX Application Thread] DEBUG FXGLAssetLoaderServi - Loading from file system: file:/C:/Users/Administrator/Dokumente/netBeansProjekt/spaceInvader/target/classes/assets/textures/fireBallSenkrecht.png
10:42:40.175 [JavaFX Application Thread] DEBUG FXGLAssetLoaderServi - Loading from file system: file:/C:/Users/Administrator/Dokumente/netBeansProjekt/spaceInvader/target/classes/assets/textures/fireBallSenkrecht.png
10:42:40.679 [JavaFX Application Thread] DEBUG FXGLAssetLoaderServi - Loading from file system: file:/C:/Users/Administrator/Dokumente/netBeansProjekt/spaceInvader/target/classes/assets/textures/fireBallSenkrecht.png
10:42:41.221 [JavaFX Application Thread] DEBUG FXGLAssetLoaderServi - Loading from file system: file:/C:/Users/Administrator/Dokumente/netBeansProjekt/spaceInvader/target/classes/assets/textures/fireBallSenkrecht.png
10:42:41.749 [JavaFX Application Thread] DEBUG FXGLAssetLoaderServi - Loading from file system: file:/C:/Users/Administrator/Dokumente/netBeansProjekt/spaceInvader/target/classes/assets/textures/fireBallSenkrecht.png
10:42:42.281 [JavaFX Application Thread] DEBUG FXGLAssetLoaderServi - Loading from file system: file:/C:/Users/Administrator/Dokumente/netBeansProjekt/spaceInvader/target/classes/assets/textures/fireBallSenkrecht.png
10:42:42.811 [JavaFX Application Thread] DEBUG FXGLAssetLoaderServi - Loading from file system: file:/C:/Users/Administrator/Dokumente/netBeansProjekt/spaceInvader/target/classes/assets/textures/fireBallSenkrecht.png
10:42:43.059 [JavaFX Application Thread] DEBUG FXGLAssetLoaderServi - Loading from file system: file:/C:/Users/Administrator/Dokumente/netBeansProjekt/spaceInvader/target/classes/assets/textures/fireBallSenkrecht.png
10:42:43.576 [JavaFX Application Thread] DEBUG FXGLAssetLoaderServi - Loading from file system: file:/C:/Users/Administrator/Dokumente/netBeansProjekt/spaceInvader/target/classes/assets/textures/fireBallSenkrecht.png
10:42:44.105 [JavaFX Application Thread] DEBUG FXGLAssetLoaderServi - Loading from file system: file:/C:/Users/Administrator/Dokumente/netBeansProjekt/spaceInvader/target/classes/assets/textures/fireBallSenkrecht.png
10:42:44.307 [JavaFX Application Thread] DEBUG FXGLAssetLoaderServi - Loading from file system: file:/C:/Users/Administrator/Dokumente/netBeansProjekt/spaceInvader/target/classes/assets/textures/fireBallSenkrecht.png
10:42:44.354 [JavaFX Application Thread] DEBUG FXGLAssetLoaderServi - Loading from file system: file:/C:/Users/Administrator/Dokumente/netBeansProjekt/spaceInvader/target/classes/assets/textures/fireBallSenkrecht.png
10:42:44.837 [JavaFX Application Thread] DEBUG FXGLAssetLoaderServi - Loading from file system: file:/C:/Users/Administrator/Dokumente/netBeansProjekt/spaceInvader/target/classes/assets/textures/fireBallSenkrecht.png
10:42:45.353 [JavaFX Application Thread] DEBUG FXGLAssetLoaderServi - Loading from file system: file:/C:/Users/Administrator/Dokumente/netBeansProjekt/spaceInvader/target/classes/assets/textures/fireBallSenkrecht.png
10:42:45.507 [JavaFX Application Thread] DEBUG FXGLAssetLoaderServi - Loading from file system: file:/C:/Users/Administrator/Dokumente/netBeansProjekt/spaceInvader/target/classes/assets/textures/fireBallSenkrecht.png
10:42:45.854 [JavaFX Application Thread] DEBUG FXGLAssetLoaderServi - Loading from file system: file:/C:/Users/Administrator/Dokumente/netBeansProjekt/spaceInvader/target/classes/assets/textures/fireBallSenkrecht.png
10:42:46.412 [JavaFX Application Thread] DEBUG FXGLAssetLoaderServi - Loading from file system: file:/C:/Users/Administrator/Dokumente/netBeansProjekt/spaceInvader/target/classes/assets/textures/fireBallSenkrecht.png
10:42:46.553 [JavaFX Application Thread] DEBUG FXGLAssetLoaderServi - Loading from file system: file:/C:/Users/Administrator/Dokumente/netBeansProjekt/spaceInvader/target/classes/assets/textures/fireBallSenkrecht.png
10:42:46.788 [JavaFX Application Thread] DEBUG FXGLAssetLoaderServi - Loading from file system: file:/C:/Users/Administrator/Dokumente/netBeansProjekt/spaceInvader/target/classes/assets/textures/fireBallSenkrecht.png
10:42:47.333 [JavaFX Application Thread] DEBUG FXGLAssetLoaderServi - Loading from file system: file:/C:/Users/Administrator/Dokumente/netBeansProjekt/spaceInvader/target/classes/assets/textures/fireBallSenkrecht.png
10:42:47.876 [JavaFX Application Thread] DEBUG FXGLAssetLoaderServi - Loading from file system: file:/C:/Users/Administrator/Dokumente/netBeansProjekt/spaceInvader/target/classes/assets/textures/fireBallSenkrecht.png
10:42:48.393 [JavaFX Application Thread] DEBUG FXGLAssetLoaderServi - Loading from file system: file:/C:/Users/Administrator/Dokumente/netBeansProjekt/spaceInvader/target/classes/assets/textures/fireBallSenkrecht.png
10:42:48.659 [JavaFX Application Thread] DEBUG FXGLAssetLoaderServi - Loading from file system: file:/C:/Users/Administrator/Dokumente/netBeansProjekt/spaceInvader/target/classes/assets/textures/fireBallSenkrecht.png
10:42:49.145 [JavaFX Application Thread] DEBUG FXGLAssetLoaderServi - Loading from file system: file:/C:/Users/Administrator/Dokumente/netBeansProjekt/spaceInvader/target/classes/assets/textures/fireBallSenkrecht.png
10:42:49.209 [JavaFX Application Thread] DEBUG FXGLAssetLoaderServi - Loading from file system: file:/C:/Users/Administrator/Dokumente/netBeansProjekt/spaceInvader/target/classes/assets/textures/fireBallSenkrecht.png
10:42:49.239 [JavaFX Application Thread] DEBUG FXGLAssetLoaderServi - Loading from file system: file:/C:/Users/Administrator/Dokumente/netBeansProjekt/spaceInvader/target/classes/assets/textures/fireBallSenkrecht.png
10:42:49.755 [JavaFX Application Thread] DEBUG FXGLAssetLoaderServi - Loading from file system: file:/C:/Users/Administrator/Dokumente/netBeansProjekt/spaceInvader/target/classes/assets/textures/fireBallSenkrecht.png
10:42:49.972 [JavaFX Application Thread] DEBUG FXGLAssetLoaderServi - Loading from file system: file:/C:/Users/Administrator/Dokumente/netBeansProjekt/spaceInvader/target/classes/assets/textures/fireBallSenkrecht.png
10:42:50.518 [JavaFX Application Thread] DEBUG FXGLAssetLoaderServi - Loading from file system: file:/C:/Users/Administrator/Dokumente/netBeansProjekt/spaceInvader/target/classes/assets/textures/fireBallSenkrecht.png
10:42:51.067 [JavaFX Application Thread] DEBUG FXGLAssetLoaderServi - Loading from file system: file:/C:/Users/Administrator/Dokumente/netBeansProjekt/spaceInvader/target/classes/assets/textures/fireBallSenkrecht.png
10:42:51.598 [JavaFX Application Thread] DEBUG FXGLAssetLoaderServi - Loading from file system: file:/C:/Users/Administrator/Dokumente/netBeansProjekt/spaceInvader/target/classes/assets/textures/fireBallSenkrecht.png
10:42:51.891 [JavaFX Application Thread] DEBUG FXGLAssetLoaderServi - Loading from file system: file:/C:/Users/Administrator/Dokumente/netBeansProjekt/spaceInvader/target/classes/assets/textures/fireBallSenkrecht.png
10:42:52.423 [JavaFX Application Thread] DEBUG FXGLAssetLoaderServi - Loading from file system: file:/C:/Users/Administrator/Dokumente/netBeansProjekt/spaceInvader/target/classes/assets/textures/fireBallSenkrecht.png
10:42:52.921 [JavaFX Application Thread] DEBUG FXGLAssetLoaderServi - Loading from file system: file:/C:/Users/Administrator/Dokumente/netBeansProjekt/spaceInvader/target/classes/assets/textures/fireBallSenkrecht.png
10:42:53.109 [JavaFX Application Thread] DEBUG FXGLAssetLoaderServi - Loading from file system: file:/C:/Users/Administrator/Dokumente/netBeansProjekt/spaceInvader/target/classes/assets/textures/fireBallSenkrecht.png
10:42:53.556 [JavaFX Application Thread] DEBUG FXGLAssetLoaderServi - Loading from file system: file:/C:/Users/Administrator/Dokumente/netBeansProjekt/spaceInvader/target/classes/assets/textures/fireBallSenkrecht.png
10:42:54.071 [JavaFX Application Thread] DEBUG FXGLAssetLoaderServi - Loading from file system: file:/C:/Users/Administrator/Dokumente/netBeansProjekt/spaceInvader/target/classes/assets/textures/fireBallSenkrecht.png
10:42:54.597 [JavaFX Application Thread] DEBUG FXGLAssetLoaderServi - Loading from file system: file:/C:/Users/Administrator/Dokumente/netBeansProjekt/spaceInvader/target/classes/assets/textures/fireBallSenkrecht.png
10:42:55.113 [JavaFX Application Thread] DEBUG FXGLAssetLoaderServi - Loading from file system: file:/C:/Users/Administrator/Dokumente/netBeansProjekt/spaceInvader/target/classes/assets/textures/fireBallSenkrecht.png
10:42:55.641 [JavaFX Application Thread] DEBUG FXGLAssetLoaderServi - Loading from file system: file:/C:/Users/Administrator/Dokumente/netBeansProjekt/spaceInvader/target/classes/assets/textures/fireBallSenkrecht.png
10:42:56.183 [JavaFX Application Thread] DEBUG FXGLAssetLoaderServi - Loading from file system: file:/C:/Users/Administrator/Dokumente/netBeansProjekt/spaceInvader/target/classes/assets/textures/fireBallSenkrecht.png
10:42:56.372 [JavaFX Application Thread] DEBUG FXGLAssetLoaderServi - Loading from file system: file:/C:/Users/Administrator/Dokumente/netBeansProjekt/spaceInvader/target/classes/assets/textures/fireBallSenkrecht.png
10:42:56.900 [JavaFX Application Thread] DEBUG FXGLAssetLoaderServi - Loading from file system: file:/C:/Users/Administrator/Dokumente/netBeansProjekt/spaceInvader/target/classes/assets/textures/fireBallSenkrecht.png
10:42:57.432 [JavaFX Application Thread] DEBUG FXGLAssetLoaderServi - Loading from file system: file:/C:/Users/Administrator/Dokumente/netBeansProjekt/spaceInvader/target/classes/assets/textures/fireBallSenkrecht.png
10:42:57.605 [JavaFX Application Thread] DEBUG FXGLAssetLoaderServi - Loading from file system: file:/C:/Users/Administrator/Dokumente/netBeansProjekt/spaceInvader/target/classes/assets/textures/fireBallSenkrecht.png
10:42:58.184 [JavaFX Application Thread] DEBUG FXGLAssetLoaderServi - Loading from file system: file:/C:/Users/Administrator/Dokumente/netBeansProjekt/spaceInvader/target/classes/assets/textures/fireBallSenkrecht.png
10:42:58.373 [JavaFX Application Thread] DEBUG FXGLAssetLoaderServi - Loading from file system: file:/C:/Users/Administrator/Dokumente/netBeansProjekt/spaceInvader/target/classes/assets/textures/fireBallSenkrecht.png
10:42:58.404 [JavaFX Application Thread] DEBUG FXGLAssetLoaderServi - Loading from file system: file:/C:/Users/Administrator/Dokumente/netBeansProjekt/spaceInvader/target/classes/assets/textures/fireBallSenkrecht.png
10:42:58.951 [JavaFX Application Thread] DEBUG FXGLAssetLoaderServi - Loading from file system: file:/C:/Users/Administrator/Dokumente/netBeansProjekt/spaceInvader/target/classes/assets/textures/fireBallSenkrecht.png
10:42:59.516 [JavaFX Application Thread] DEBUG FXGLAssetLoaderServi - Loading from file system: file:/C:/Users/Administrator/Dokumente/netBeansProjekt/spaceInvader/target/classes/assets/textures/fireBallSenkrecht.png
10:43:00.030 [JavaFX Application Thread] DEBUG FXGLAssetLoaderServi - Loading from file system: file:/C:/Users/Administrator/Dokumente/netBeansProjekt/spaceInvader/target/classes/assets/textures/fireBallSenkrecht.png
10:43:00.484 [JavaFX Application Thread] DEBUG FXGLAssetLoaderServi - Loading from file system: file:/C:/Users/Administrator/Dokumente/netBeansProjekt/spaceInvader/target/classes/assets/textures/fireBallSenkrecht.png
10:43:00.997 [JavaFX Application Thread] DEBUG FXGLAssetLoaderServi - Loading from file system: file:/C:/Users/Administrator/Dokumente/netBeansProjekt/spaceInvader/target/classes/assets/textures/fireBallSenkrecht.png
10:43:01.529 [JavaFX Application Thread] DEBUG FXGLAssetLoaderServi - Loading from file system: file:/C:/Users/Administrator/Dokumente/netBeansProjekt/spaceInvader/target/classes/assets/textures/fireBallSenkrecht.png
10:43:01.747 [JavaFX Application Thread] DEBUG FXGLAssetLoaderServi - Loading from file system: file:/C:/Users/Administrator/Dokumente/netBeansProjekt/spaceInvader/target/classes/assets/textures/fireBallSenkrecht.png
10:43:02.293 [JavaFX Application Thread] DEBUG FXGLAssetLoaderServi - Loading from file system: file:/C:/Users/Administrator/Dokumente/netBeansProjekt/spaceInvader/target/classes/assets/textures/fireBallSenkrecht.png
10:43:02.837 [JavaFX Application Thread] DEBUG FXGLAssetLoaderServi - Loading from file system: file:/C:/Users/Administrator/Dokumente/netBeansProjekt/spaceInvader/target/classes/assets/textures/fireBallSenkrecht.png
10:43:03.355 [JavaFX Application Thread] DEBUG FXGLApplication      - Exiting FXGL
10:43:03.355 [JavaFX Application Thread] DEBUG LoopRunner           - Stopping loop
10:43:03.356 [JavaFX Application Thread] DEBUG SystemBundleService  - Saving FXGL system data
10:43:03.357 [JavaFX Application Thread] DEBUG FileSystemAccess     - Writing to: C:\Users\Administrator\Dokumente\netBeansProjekt\spaceInvader\system\fxgl.bundle
10:43:03.358 [JavaFX Application Thread] DEBUG Async                - Shutting down background threads
10:43:03.359 [JavaFX Application Thread] DEBUG PrimaryStageWindow   - Closing main window
10:43:03.364 [JavaFX Application Thread] DEBUG Logger               - Closing Logger
