19:59:48.555 [main                     ] DEBUG Logger               - Configured Logger
19:59:48.563 [main                     ] DEBUG GameApplication      - Logging settings
Title: Mein erstes Game mit FXGL
Version: 0.0.1
Width: 1280
Height: 880
Fullscreen: true
Intro: false
Profiling: false
Single step:false
App Mode: DEVELOPER
Menu Key: ESCAPE
Stage Style: DECORATED
Scene Factory: class com.almasb.fxgl.app.scene.SceneFactory

19:59:49.033 [JavaFX Application Thread] DEBUG FXGLApplication      - Initializing FXGL
19:59:49.037 [JavaFX Application Thread] INFO  Engine               - FXGL-25 (05.02.2026 22.57) on WINDOWS (J:25.0.2 FX:25.0.1)
19:59:49.037 [JavaFX Application Thread] DEBUG Engine               - JRE Vendor Name: Eclipse Adoptium
19:59:49.037 [JavaFX Application Thread] DEBUG Engine               - Running on OS: Windows 10 version 10.0
19:59:49.037 [JavaFX Application Thread] DEBUG Engine               - Architecture: amd64
19:59:49.037 [JavaFX Application Thread] INFO  Engine               - Source code and latest versions at: https://github.com/AlmasB/FXGL
19:59:49.037 [JavaFX Application Thread] INFO  Engine               -       Ask questions and discuss at: https://github.com/AlmasB/FXGL/discussions
19:59:49.152 [JavaFX Application Thread] DEBUG PrimaryStageWindow   - Creating a JavaFX scene
19:59:49.199 [JavaFX Application Thread] DEBUG PrimaryStageWindow   - Target settings size: 1280.0 x 880.0
19:59:49.199 [JavaFX Application Thread] DEBUG PrimaryStageWindow   - Scaled scene size:    1280.0 x 880.0
19:59:49.199 [JavaFX Application Thread] DEBUG PrimaryStageWindow   - Scaled ratio: (1.0, 1.0)
19:59:49.200 [JavaFX Application Thread] DEBUG PrimaryStageWindow   - Set initial scene to FXGLStartupScene
19:59:49.206 [JavaFX Application Thread] DEBUG PrimaryStageWindow   - Opening main window
19:59:49.554 [JavaFX Application Thread] DEBUG PrimaryStageWindow   - Window border size: (16.0, 39.0)
19:59:49.554 [JavaFX Application Thread] DEBUG PrimaryStageWindow   - Scaled size: 1280.0 x 880.0
19:59:49.554 [JavaFX Application Thread] DEBUG PrimaryStageWindow   - Scaled ratio: (1.0, 1.0)
19:59:49.554 [JavaFX Application Thread] DEBUG PrimaryStageWindow   - Scene size: 1280.0 x 880.0
19:59:49.554 [JavaFX Application Thread] DEBUG PrimaryStageWindow   - Stage size: 1296.0 x 919.0
19:59:49.562 [FXGL Background Thread 1 ] DEBUG Engine               - Initializing environment variables
19:59:49.621 [FXGL Background Thread 1 ] DEBUG FXGLAssetLoaderServi - User app class for loading assets: class btaahaus.ahrfxglgame.App
19:59:49.622 [FXGL Background Thread 1 ] DEBUG GameApplicationServi - Applying CSS: fxgl_dark.css
19:59:49.624 [FXGL Background Thread 1 ] DEBUG FXGLAssetLoaderServi - Loading from file system: jar:file:/C:/Users/Administrator.Rechner09/.m2/repository/com/github/almasb/fxgl/25/fxgl-25.jar!/fxglassets/ui/css/fxgl_dark.css
19:59:49.668 [FXGL Background Thread 1 ] DEBUG GameApplicationServi - Initializing application scenes
19:59:49.736 [FXGL Background Thread 1 ] DEBUG GameWorld            - Game world initialized
19:59:49.787 [FXGL Background Thread 1 ] DEBUG PhysicsWorld         - Physics world initialized: appHeight=880, physics.ppm=50,0
19:59:49.787 [FXGL Background Thread 1 ] DEBUG PhysicsWorld         - Using strategy: BRUTE_FORCE
19:59:49.794 [FXGL Background Thread 1 ] DEBUG GameScene            - Game scene initialized: 1280x880
19:59:49.808 [FXGL Background Thread 1 ] DEBUG FXGL.DefaultMenu     - createMenuBodyGameMenu()
19:59:49.826 [FXGL Background Thread 1 ] DEBUG FXGL.DefaultMenu     - createOptionsMenu()
19:59:49.836 [FXGL Background Thread 1 ] DEBUG FXGLAssetLoaderServi - Loading from file system: jar:file:/C:/Users/Administrator.Rechner09/.m2/repository/com/github/almasb/fxgl/25/fxgl-25.jar!/fxglassets/textures/particles/smoke.png
19:59:49.920 [FXGL Background Thread 1 ] DEBUG FXGLAssetLoaderServi - Loading from file system: jar:file:/C:/Users/Administrator.Rechner09/.m2/repository/com/github/almasb/fxgl/25/fxgl-25.jar!/fxglassets/textures/particles/trace_horizontal.png
19:59:49.939 [FXGL Background Thread 1 ] DEBUG GameApplicationServi - Application scenes initialized
19:59:49.951 [FXGL Background Thread 1 ] DEBUG SystemBundleService  - Loading FXGL system data
19:59:49.955 [FXGL Background Thread 1 ] DEBUG FileSystemAccess     - Reading from: C:\Users\administrator\Documents\NetBeansProjekte\ahrFXGLGame\system\fxgl.bundle
19:59:49.961 [FXGL Background Thread 1 ] DEBUG SystemBundleService  - Bundle FXGL: {}
19:59:49.961 [FXGL Background Thread 1 ] DEBUG UpdaterService       - Checking for updates
19:59:49.966 [FXGL Background Thread 1 ] DEBUG FXGLApplication      - Loading default localization
19:59:49.966 [FXGL Background Thread 1 ] DEBUG FXGLAssetLoaderServi - Loading from file system: jar:file:/C:/Users/Administrator.Rechner09/.m2/repository/com/github/almasb/fxgl/25/fxgl-25.jar!/fxglassets/languages/english.lang
19:59:49.967 [FXGL Background Thread 4 ] DEBUG FXGLApplication      - Loading fonts
19:59:49.968 [FXGL Background Thread 4 ] DEBUG FXGLAssetLoaderServi - Loading from file system: jar:file:/C:/Users/Administrator.Rechner09/.m2/repository/com/github/almasb/fxgl/25/fxgl-25.jar!/fxglassets/ui/fonts/VarelaRound-Regular.ttf
19:59:49.983 [FXGL Background Thread 1 ] INFO  FXGLApplication      - FXGL initialization took: 0,421 sec
19:59:49.991 [JavaFX Application Thread] DEBUG Input                - Registered new binding: right - D
19:59:49.991 [JavaFX Application Thread] DEBUG Input                - Registered new binding: left - A
19:59:49.991 [JavaFX Application Thread] DEBUG Input                - Registered new binding: up - W
19:59:49.991 [JavaFX Application Thread] DEBUG Input                - Registered new binding: down - S
19:59:49.992 [JavaFX Application Thread] DEBUG FXGLAssetLoaderServi - Loading from file system: jar:file:/C:/Users/Administrator.Rechner09/.m2/repository/com/github/almasb/fxgl/25/fxgl-25.jar!/fxglassets/textures/fxgl_icon.png
19:59:50.031 [FXGL Background Thread 4 ] DEBUG FXGLAssetLoaderServi - Loading from file system: jar:file:/C:/Users/Administrator.Rechner09/.m2/repository/com/github/almasb/fxgl/25/fxgl-25.jar!/fxglassets/ui/fonts/Abel-Regular.ttf
19:59:50.034 [FXGL Background Thread 4 ] DEBUG FXGLAssetLoaderServi - Loading from file system: jar:file:/C:/Users/Administrator.Rechner09/.m2/repository/com/github/almasb/fxgl/25/fxgl-25.jar!/fxglassets/ui/fonts/TerminalLandMono-Regular.otf
19:59:50.037 [FXGL Background Thread 4 ] DEBUG FXGLAssetLoaderServi - Loading from file system: jar:file:/C:/Users/Administrator.Rechner09/.m2/repository/com/github/almasb/fxgl/25/fxgl-25.jar!/fxglassets/ui/fonts/Courier-Prime.ttf
19:59:50.078 [JavaFX Application Thread] DEBUG FXGLAssetLoaderServi - Loading from file system: jar:file:/C:/Users/Administrator.Rechner09/.m2/repository/com/github/almasb/fxgl/25/fxgl-25.jar!/fxglassets/textures/fxgl_default_cursor.png
19:59:50.088 [JavaFX Application Thread] DEBUG Input                - Registered new binding: Screenshot - CTRL+8
19:59:50.089 [JavaFX Application Thread] DEBUG Input                - Registered new binding: System info dump - CTRL+9
19:59:50.089 [JavaFX Application Thread] DEBUG Input                - Registered new binding: Restart - CTRL+R
19:59:50.090 [JavaFX Application Thread] DEBUG Input                - Registered new binding: Toggle Debug Camera - CTRL+7
19:59:50.093 [JavaFX Application Thread] DEBUG LoopRunner           - Starting loop
19:59:50.093 [JavaFX Application Thread] DEBUG LoopRunner           - Initializing JavaFX AnimationTimerLoop
19:59:50.096 [JavaFX Application Thread] DEBUG GameApplicationServi - Starting new game
19:59:50.097 [JavaFX Application Thread] DEBUG Input                - Clearing active input actions
19:59:50.110 [JavaFX Application Thread] DEBUG GameApplicationServi - Removing overlay from FXGLStartupScene and adding to FXGLLoadingScene
19:59:50.111 [JavaFX Application Thread] DEBUG PrimaryStageWindow   - FXGLStartupScene -> FXGLLoadingScene
19:59:50.111 [JavaFX Application Thread] DEBUG GameApplicationServi - Clearing previous game
19:59:50.111 [JavaFX Application Thread] DEBUG GameScene            - Clearing game scene
19:59:50.111 [JavaFX Application Thread] DEBUG GameWorld            - Clearing game world
19:59:50.111 [JavaFX Application Thread] DEBUG PhysicsWorld         - Clearing physics world
19:59:50.112 [FXGL Background Thread 4 ] DEBUG FXGLApplication      - Initializing game
19:59:50.114 [JavaFX Application Thread] DEBUG FXGLApplication      - Registering font factories with UI factory
19:59:50.141 [FXGL Background Thread 4 ] DEBUG FXGLAssetLoaderServi - Loading from file system: file:/C:/Users/administrator/Documents/NetBeansProjekte/ahrFXGLGame/target/classes/assets/textures/rocketSchmal.png
19:59:50.158 [FXGL Background Thread 4 ] DEBUG FXGLAssetLoaderServi - Loading from file system: file:/C:/Users/administrator/Documents/NetBeansProjekte/ahrFXGLGame/target/classes/assets/textures/bgSpace.jpg
19:59:50.268 [FXGL Background Thread 4 ] DEBUG FXGLAssetLoaderServi - Loading from file system: file:/C:/Users/administrator/Documents/NetBeansProjekte/ahrFXGLGame/target/classes/assets/textures/meteorit.png
19:59:50.293 [FXGL Background Thread 4 ] INFO  FXGLApplication      - Game initialization took: 0,181 sec
19:59:50.294 [JavaFX Application Thread] DEBUG Input                - Clearing active input actions
19:59:50.301 [JavaFX Application Thread] DEBUG GameApplicationServi - Removing overlay from FXGLLoadingScene and adding to GameScene
19:59:50.302 [JavaFX Application Thread] DEBUG PrimaryStageWindow   - FXGLLoadingScene -> GameScene
19:59:50.357 [JavaFX Application Thread] DEBUG FXGLAssetLoaderServi - Loading from file system: file:/C:/Users/administrator/Documents/NetBeansProjekte/ahrFXGLGame/target/classes/assets/textures/fireBallSenkrecht.png
19:59:50.444 [JavaFX Application Thread] DEBUG FXGLAssetLoaderServi - Loading from file system: file:/C:/Users/administrator/Documents/NetBeansProjekte/ahrFXGLGame/target/classes/assets/textures/fireBallSenkrecht.png
19:59:50.488 [JavaFX Application Thread] DEBUG FXGLAssetLoaderServi - Loading from file system: file:/C:/Users/administrator/Documents/NetBeansProjekte/ahrFXGLGame/target/classes/assets/textures/fireBallSenkrecht.png
19:59:50.537 [JavaFX Application Thread] DEBUG FXGLAssetLoaderServi - Loading from file system: file:/C:/Users/administrator/Documents/NetBeansProjekte/ahrFXGLGame/target/classes/assets/textures/fireBallSenkrecht.png
19:59:50.587 [JavaFX Application Thread] DEBUG FXGLAssetLoaderServi - Loading from file system: file:/C:/Users/administrator/Documents/NetBeansProjekte/ahrFXGLGame/target/classes/assets/textures/fireBallSenkrecht.png
19:59:50.635 [JavaFX Application Thread] DEBUG FXGLAssetLoaderServi - Loading from file system: file:/C:/Users/administrator/Documents/NetBeansProjekte/ahrFXGLGame/target/classes/assets/textures/fireBallSenkrecht.png
19:59:50.684 [JavaFX Application Thread] DEBUG FXGLAssetLoaderServi - Loading from file system: file:/C:/Users/administrator/Documents/NetBeansProjekte/ahrFXGLGame/target/classes/assets/textures/fireBallSenkrecht.png
19:59:50.732 [JavaFX Application Thread] DEBUG FXGLAssetLoaderServi - Loading from file system: file:/C:/Users/administrator/Documents/NetBeansProjekte/ahrFXGLGame/target/classes/assets/textures/fireBallSenkrecht.png
19:59:50.770 [JavaFX Application Thread] DEBUG FXGLAssetLoaderServi - Loading from file system: file:/C:/Users/administrator/Documents/NetBeansProjekte/ahrFXGLGame/target/classes/assets/textures/fireBallSenkrecht.png
19:59:50.811 [JavaFX Application Thread] DEBUG FXGLAssetLoaderServi - Loading from file system: file:/C:/Users/administrator/Documents/NetBeansProjekte/ahrFXGLGame/target/classes/assets/textures/fireBallSenkrecht.png
19:59:50.854 [JavaFX Application Thread] DEBUG FXGLAssetLoaderServi - Loading from file system: file:/C:/Users/administrator/Documents/NetBeansProjekte/ahrFXGLGame/target/classes/assets/textures/fireBallSenkrecht.png
19:59:50.891 [JavaFX Application Thread] DEBUG FXGLAssetLoaderServi - Loading from file system: file:/C:/Users/administrator/Documents/NetBeansProjekte/ahrFXGLGame/target/classes/assets/textures/fireBallSenkrecht.png
19:59:50.937 [JavaFX Application Thread] DEBUG FXGLAssetLoaderServi - Loading from file system: file:/C:/Users/administrator/Documents/NetBeansProjekte/ahrFXGLGame/target/classes/assets/textures/fireBallSenkrecht.png
19:59:50.988 [JavaFX Application Thread] DEBUG FXGLAssetLoaderServi - Loading from file system: file:/C:/Users/administrator/Documents/NetBeansProjekte/ahrFXGLGame/target/classes/assets/textures/fireBallSenkrecht.png
19:59:51.035 [JavaFX Application Thread] DEBUG FXGLAssetLoaderServi - Loading from file system: file:/C:/Users/administrator/Documents/NetBeansProjekte/ahrFXGLGame/target/classes/assets/textures/fireBallSenkrecht.png
19:59:51.083 [JavaFX Application Thread] DEBUG FXGLAssetLoaderServi - Loading from file system: file:/C:/Users/administrator/Documents/NetBeansProjekte/ahrFXGLGame/target/classes/assets/textures/fireBallSenkrecht.png
19:59:51.120 [JavaFX Application Thread] DEBUG FXGLAssetLoaderServi - Loading from file system: file:/C:/Users/administrator/Documents/NetBeansProjekte/ahrFXGLGame/target/classes/assets/textures/fireBallSenkrecht.png
19:59:51.164 [JavaFX Application Thread] DEBUG FXGLAssetLoaderServi - Loading from file system: file:/C:/Users/administrator/Documents/NetBeansProjekte/ahrFXGLGame/target/classes/assets/textures/fireBallSenkrecht.png
19:59:51.203 [JavaFX Application Thread] DEBUG FXGLAssetLoaderServi - Loading from file system: file:/C:/Users/administrator/Documents/NetBeansProjekte/ahrFXGLGame/target/classes/assets/textures/fireBallSenkrecht.png
19:59:51.244 [JavaFX Application Thread] DEBUG FXGLAssetLoaderServi - Loading from file system: file:/C:/Users/administrator/Documents/NetBeansProjekte/ahrFXGLGame/target/classes/assets/textures/fireBallSenkrecht.png
19:59:51.288 [JavaFX Application Thread] DEBUG FXGLAssetLoaderServi - Loading from file system: file:/C:/Users/administrator/Documents/NetBeansProjekte/ahrFXGLGame/target/classes/assets/textures/fireBallSenkrecht.png
19:59:51.337 [JavaFX Application Thread] DEBUG FXGLAssetLoaderServi - Loading from file system: file:/C:/Users/administrator/Documents/NetBeansProjekte/ahrFXGLGame/target/classes/assets/textures/fireBallSenkrecht.png
19:59:51.388 [JavaFX Application Thread] DEBUG FXGLAssetLoaderServi - Loading from file system: file:/C:/Users/administrator/Documents/NetBeansProjekte/ahrFXGLGame/target/classes/assets/textures/fireBallSenkrecht.png
19:59:51.435 [JavaFX Application Thread] DEBUG FXGLAssetLoaderServi - Loading from file system: file:/C:/Users/administrator/Documents/NetBeansProjekte/ahrFXGLGame/target/classes/assets/textures/fireBallSenkrecht.png
19:59:51.484 [JavaFX Application Thread] DEBUG FXGLAssetLoaderServi - Loading from file system: file:/C:/Users/administrator/Documents/NetBeansProjekte/ahrFXGLGame/target/classes/assets/textures/fireBallSenkrecht.png
19:59:51.532 [JavaFX Application Thread] DEBUG FXGLAssetLoaderServi - Loading from file system: file:/C:/Users/administrator/Documents/NetBeansProjekte/ahrFXGLGame/target/classes/assets/textures/fireBallSenkrecht.png
19:59:51.580 [JavaFX Application Thread] DEBUG FXGLAssetLoaderServi - Loading from file system: file:/C:/Users/administrator/Documents/NetBeansProjekte/ahrFXGLGame/target/classes/assets/textures/fireBallSenkrecht.png
19:59:51.628 [JavaFX Application Thread] DEBUG FXGLAssetLoaderServi - Loading from file system: file:/C:/Users/administrator/Documents/NetBeansProjekte/ahrFXGLGame/target/classes/assets/textures/fireBallSenkrecht.png
19:59:51.688 [JavaFX Application Thread] DEBUG FXGLAssetLoaderServi - Loading from file system: file:/C:/Users/administrator/Documents/NetBeansProjekte/ahrFXGLGame/target/classes/assets/textures/fireBallSenkrecht.png
19:59:51.737 [JavaFX Application Thread] DEBUG FXGLAssetLoaderServi - Loading from file system: file:/C:/Users/administrator/Documents/NetBeansProjekte/ahrFXGLGame/target/classes/assets/textures/fireBallSenkrecht.png
19:59:51.772 [JavaFX Application Thread] DEBUG FXGLAssetLoaderServi - Loading from file system: file:/C:/Users/administrator/Documents/NetBeansProjekte/ahrFXGLGame/target/classes/assets/textures/fireBallSenkrecht.png
19:59:51.819 [JavaFX Application Thread] DEBUG FXGLAssetLoaderServi - Loading from file system: file:/C:/Users/administrator/Documents/NetBeansProjekte/ahrFXGLGame/target/classes/assets/textures/fireBallSenkrecht.png
19:59:51.868 [JavaFX Application Thread] DEBUG FXGLAssetLoaderServi - Loading from file system: file:/C:/Users/administrator/Documents/NetBeansProjekte/ahrFXGLGame/target/classes/assets/textures/fireBallSenkrecht.png
19:59:51.915 [JavaFX Application Thread] DEBUG FXGLAssetLoaderServi - Loading from file system: file:/C:/Users/administrator/Documents/NetBeansProjekte/ahrFXGLGame/target/classes/assets/textures/fireBallSenkrecht.png
19:59:51.964 [JavaFX Application Thread] DEBUG FXGLAssetLoaderServi - Loading from file system: file:/C:/Users/administrator/Documents/NetBeansProjekte/ahrFXGLGame/target/classes/assets/textures/fireBallSenkrecht.png
19:59:52.011 [JavaFX Application Thread] DEBUG FXGLAssetLoaderServi - Loading from file system: file:/C:/Users/administrator/Documents/NetBeansProjekte/ahrFXGLGame/target/classes/assets/textures/fireBallSenkrecht.png
19:59:52.060 [JavaFX Application Thread] DEBUG FXGLAssetLoaderServi - Loading from file system: file:/C:/Users/administrator/Documents/NetBeansProjekte/ahrFXGLGame/target/classes/assets/textures/fireBallSenkrecht.png
19:59:52.104 [JavaFX Application Thread] DEBUG FXGLAssetLoaderServi - Loading from file system: file:/C:/Users/administrator/Documents/NetBeansProjekte/ahrFXGLGame/target/classes/assets/textures/fireBallSenkrecht.png
19:59:52.140 [JavaFX Application Thread] DEBUG FXGLAssetLoaderServi - Loading from file system: file:/C:/Users/administrator/Documents/NetBeansProjekte/ahrFXGLGame/target/classes/assets/textures/fireBallSenkrecht.png
19:59:52.187 [JavaFX Application Thread] DEBUG FXGLAssetLoaderServi - Loading from file system: file:/C:/Users/administrator/Documents/NetBeansProjekte/ahrFXGLGame/target/classes/assets/textures/fireBallSenkrecht.png
19:59:52.236 [JavaFX Application Thread] DEBUG FXGLAssetLoaderServi - Loading from file system: file:/C:/Users/administrator/Documents/NetBeansProjekte/ahrFXGLGame/target/classes/assets/textures/fireBallSenkrecht.png
19:59:52.283 [JavaFX Application Thread] DEBUG FXGLAssetLoaderServi - Loading from file system: file:/C:/Users/administrator/Documents/NetBeansProjekte/ahrFXGLGame/target/classes/assets/textures/fireBallSenkrecht.png
19:59:52.332 [JavaFX Application Thread] DEBUG FXGLAssetLoaderServi - Loading from file system: file:/C:/Users/administrator/Documents/NetBeansProjekte/ahrFXGLGame/target/classes/assets/textures/fireBallSenkrecht.png
19:59:52.379 [JavaFX Application Thread] DEBUG FXGLAssetLoaderServi - Loading from file system: file:/C:/Users/administrator/Documents/NetBeansProjekte/ahrFXGLGame/target/classes/assets/textures/fireBallSenkrecht.png
19:59:52.428 [JavaFX Application Thread] DEBUG FXGLAssetLoaderServi - Loading from file system: file:/C:/Users/administrator/Documents/NetBeansProjekte/ahrFXGLGame/target/classes/assets/textures/fireBallSenkrecht.png
19:59:52.472 [JavaFX Application Thread] DEBUG FXGLAssetLoaderServi - Loading from file system: file:/C:/Users/administrator/Documents/NetBeansProjekte/ahrFXGLGame/target/classes/assets/textures/fireBallSenkrecht.png
19:59:52.524 [JavaFX Application Thread] DEBUG FXGLAssetLoaderServi - Loading from file system: file:/C:/Users/administrator/Documents/NetBeansProjekte/ahrFXGLGame/target/classes/assets/textures/fireBallSenkrecht.png
19:59:52.571 [JavaFX Application Thread] DEBUG FXGLAssetLoaderServi - Loading from file system: file:/C:/Users/administrator/Documents/NetBeansProjekte/ahrFXGLGame/target/classes/assets/textures/fireBallSenkrecht.png
19:59:52.619 [JavaFX Application Thread] DEBUG FXGLAssetLoaderServi - Loading from file system: file:/C:/Users/administrator/Documents/NetBeansProjekte/ahrFXGLGame/target/classes/assets/textures/fireBallSenkrecht.png
19:59:52.668 [JavaFX Application Thread] DEBUG FXGLAssetLoaderServi - Loading from file system: file:/C:/Users/administrator/Documents/NetBeansProjekte/ahrFXGLGame/target/classes/assets/textures/fireBallSenkrecht.png
19:59:52.715 [JavaFX Application Thread] DEBUG FXGLAssetLoaderServi - Loading from file system: file:/C:/Users/administrator/Documents/NetBeansProjekte/ahrFXGLGame/target/classes/assets/textures/fireBallSenkrecht.png
19:59:52.763 [JavaFX Application Thread] DEBUG FXGLAssetLoaderServi - Loading from file system: file:/C:/Users/administrator/Documents/NetBeansProjekte/ahrFXGLGame/target/classes/assets/textures/fireBallSenkrecht.png
19:59:52.812 [JavaFX Application Thread] DEBUG FXGLAssetLoaderServi - Loading from file system: file:/C:/Users/administrator/Documents/NetBeansProjekte/ahrFXGLGame/target/classes/assets/textures/fireBallSenkrecht.png
19:59:52.855 [JavaFX Application Thread] DEBUG FXGLAssetLoaderServi - Loading from file system: file:/C:/Users/administrator/Documents/NetBeansProjekte/ahrFXGLGame/target/classes/assets/textures/fireBallSenkrecht.png
19:59:52.905 [JavaFX Application Thread] DEBUG FXGLAssetLoaderServi - Loading from file system: file:/C:/Users/administrator/Documents/NetBeansProjekte/ahrFXGLGame/target/classes/assets/textures/fireBallSenkrecht.png
19:59:52.954 [JavaFX Application Thread] DEBUG FXGLAssetLoaderServi - Loading from file system: file:/C:/Users/administrator/Documents/NetBeansProjekte/ahrFXGLGame/target/classes/assets/textures/fireBallSenkrecht.png
19:59:52.964 [FXGL Background Thread 3 ] DEBUG Engine               - Logging environment variables
19:59:52.964 [FXGL Background Thread 3 ] DEBUG Engine               - achievements: []
19:59:52.964 [FXGL Background Thread 3 ] DEBUG Engine               - actualHeight: 880.0
19:59:52.964 [FXGL Background Thread 3 ] DEBUG Engine               - actualHeightProperty: ReadOnlyDoubleProperty [value: 880.0]
19:59:52.964 [FXGL Background Thread 3 ] DEBUG Engine               - actualWidth: 1280.0
19:59:52.964 [FXGL Background Thread 3 ] DEBUG Engine               - actualWidthProperty: ReadOnlyDoubleProperty [value: 1280.0]
19:59:52.964 [FXGL Background Thread 3 ] DEBUG Engine               - appIcon: fxgl_icon.png
19:59:52.964 [FXGL Background Thread 3 ] DEBUG Engine               - applicationMode: DEVELOPER
19:59:52.965 [FXGL Background Thread 3 ] DEBUG Engine               - cSSList: [fxgl_dark.css]
19:59:52.965 [FXGL Background Thread 3 ] DEBUG Engine               - collisionDetectionStrategy: BRUTE_FORCE
19:59:52.965 [FXGL Background Thread 3 ] DEBUG Engine               - configClass: Optional.empty
19:59:52.965 [FXGL Background Thread 3 ] DEBUG Engine               - credits: []
19:59:52.965 [FXGL Background Thread 3 ] DEBUG Engine               - defaultCursor: CursorInfo(imageName=fxgl_default_cursor.png, hotspotX=7.0, hotspotY=6.0)
19:59:52.965 [FXGL Background Thread 3 ] DEBUG Engine               - devBBoxColorProperty: ObjectProperty [value: 0xff0000ff]
19:59:52.965 [FXGL Background Thread 3 ] DEBUG Engine               - devEnableDebugCameraProperty: BooleanProperty [value: false]
19:59:52.965 [FXGL Background Thread 3 ] DEBUG Engine               - devSensorColorProperty: ObjectProperty [value: 0xffff00ff]
19:59:52.965 [FXGL Background Thread 3 ] DEBUG Engine               - devShowBBoxProperty: BooleanProperty [value: false]
19:59:52.965 [FXGL Background Thread 3 ] DEBUG Engine               - devShowPositionProperty: BooleanProperty [value: false]
19:59:52.965 [FXGL Background Thread 3 ] DEBUG Engine               - enabledMenuItems: []
19:59:52.965 [FXGL Background Thread 3 ] DEBUG Engine               - engineServices: [class com.almasb.fxgl.app.services.FXGLAssetLoaderService, class com.almasb.fxgl.app.FXGLApplication$GameApplicationService, class com.almasb.fxgl.app.services.FXGLDialogService, class com.almasb.fxgl.app.services.IOTaskExecutorService, class com.almasb.fxgl.io.FileSystemService, class com.almasb.fxgl.localization.LocalizationService, class com.almasb.fxgl.app.services.SystemBundleService, class com.almasb.fxgl.profile.SaveLoadService, class com.almasb.fxgl.ui.FXGLUIFactoryServiceProvider, class com.almasb.fxgl.ui.FXGLDialogFactoryServiceProvider, class com.almasb.fxgl.audio.AudioPlayer, class com.almasb.fxgl.notification.impl.NotificationServiceProvider, class com.almasb.fxgl.achievement.AchievementService, class com.almasb.fxgl.cutscene.CutsceneService, class com.almasb.fxgl.minigames.MiniGameService, class com.almasb.fxgl.net.NetService, class com.almasb.fxgl.app.services.UpdaterService, class com.almasb.fxgl.dev.DevService]
19:59:52.965 [FXGL Background Thread 3 ] DEBUG Engine               - fontGame: Abel-Regular.ttf
19:59:52.965 [FXGL Background Thread 3 ] DEBUG Engine               - fontMono: TerminalLandMono-Regular.otf
19:59:52.965 [FXGL Background Thread 3 ] DEBUG Engine               - fontSizeScaleUI: 1.0
19:59:52.965 [FXGL Background Thread 3 ] DEBUG Engine               - fontText: Courier-Prime.ttf
19:59:52.965 [FXGL Background Thread 3 ] DEBUG Engine               - fontUI: VarelaRound-Regular.ttf
19:59:52.965 [FXGL Background Thread 3 ] DEBUG Engine               - fpsRefreshRate: 500.0 ms
19:59:52.965 [FXGL Background Thread 3 ] DEBUG Engine               - fullScreen: BooleanProperty [value: false]
19:59:52.965 [FXGL Background Thread 3 ] DEBUG Engine               - gameDifficulty: MEDIUM
19:59:52.965 [FXGL Background Thread 3 ] DEBUG Engine               - gameDifficultyProperty: ObjectProperty [value: MEDIUM]
19:59:52.965 [FXGL Background Thread 3 ] DEBUG Engine               - globalMusicVolume: 0.5
19:59:52.965 [FXGL Background Thread 3 ] DEBUG Engine               - globalMusicVolumeProperty: DoubleProperty [value: 0.5]
19:59:52.965 [FXGL Background Thread 3 ] DEBUG Engine               - globalSoundVolume: 0.5
19:59:52.965 [FXGL Background Thread 3 ] DEBUG Engine               - globalSoundVolumeProperty: DoubleProperty [value: 0.5]
19:59:52.966 [FXGL Background Thread 3 ] DEBUG Engine               - height: 880
19:59:52.966 [FXGL Background Thread 3 ] DEBUG Engine               - is3D: false
19:59:52.966 [FXGL Background Thread 3 ] DEBUG Engine               - isAndroid: false
19:59:52.966 [FXGL Background Thread 3 ] DEBUG Engine               - isBrowser: false
19:59:52.966 [FXGL Background Thread 3 ] DEBUG Engine               - isClickFeedbackEnabled: false
19:59:52.966 [FXGL Background Thread 3 ] DEBUG Engine               - isCloseConfirmation: false
19:59:52.966 [FXGL Background Thread 3 ] DEBUG Engine               - isDesktop: true
19:59:52.966 [FXGL Background Thread 3 ] DEBUG Engine               - isDeveloperMenuEnabled: false
19:59:52.966 [FXGL Background Thread 3 ] DEBUG Engine               - isEmbedded: false
19:59:52.966 [FXGL Background Thread 3 ] DEBUG Engine               - isEntityPreloadEnabled: true
19:59:52.966 [FXGL Background Thread 3 ] DEBUG Engine               - isExperimentalTiledLargeMap: false
19:59:52.966 [FXGL Background Thread 3 ] DEBUG Engine               - isFileSystemWriteAllowed: true
19:59:52.966 [FXGL Background Thread 3 ] DEBUG Engine               - isFullScreenAllowed: true
19:59:52.966 [FXGL Background Thread 3 ] DEBUG Engine               - isFullScreenFromStart: false
19:59:52.966 [FXGL Background Thread 3 ] DEBUG Engine               - isGameMenuEnabled: true
19:59:52.966 [FXGL Background Thread 3 ] DEBUG Engine               - isIOS: false
19:59:52.966 [FXGL Background Thread 3 ] DEBUG Engine               - isIntroEnabled: false
19:59:52.966 [FXGL Background Thread 3 ] DEBUG Engine               - isLinux: false
19:59:52.966 [FXGL Background Thread 3 ] DEBUG Engine               - isMac: false
19:59:52.966 [FXGL Background Thread 3 ] DEBUG Engine               - isMainMenuEnabled: false
19:59:52.966 [FXGL Background Thread 3 ] DEBUG Engine               - isManualResizeEnabled: false
19:59:52.966 [FXGL Background Thread 3 ] DEBUG Engine               - isMobile: false
19:59:52.966 [FXGL Background Thread 3 ] DEBUG Engine               - isNative: false
19:59:52.966 [FXGL Background Thread 3 ] DEBUG Engine               - isPauseMusicWhenMinimized: true
19:59:52.966 [FXGL Background Thread 3 ] DEBUG Engine               - isPreserveResizeRatio: false
19:59:52.966 [FXGL Background Thread 3 ] DEBUG Engine               - isProfilingEnabled: false
19:59:52.966 [FXGL Background Thread 3 ] DEBUG Engine               - isScaleAffectedOnResize: true
19:59:52.966 [FXGL Background Thread 3 ] DEBUG Engine               - isSingleStep: false
19:59:52.966 [FXGL Background Thread 3 ] DEBUG Engine               - isUserProfileEnabled: false
19:59:52.966 [FXGL Background Thread 3 ] DEBUG Engine               - isWindows: true
19:59:52.967 [FXGL Background Thread 3 ] DEBUG Engine               - language: ObjectProperty [value: ENGLISH]
19:59:52.967 [FXGL Background Thread 3 ] DEBUG Engine               - menuKey: ESCAPE
19:59:52.967 [FXGL Background Thread 3 ] DEBUG Engine               - mouseSensitivity: 0.2
19:59:52.967 [FXGL Background Thread 3 ] DEBUG Engine               - notificationViewClass: class com.almasb.fxgl.notification.view.XboxNotificationView
19:59:52.967 [FXGL Background Thread 3 ] DEBUG Engine               - pixelsPerMeter: 50.0
19:59:52.967 [FXGL Background Thread 3 ] DEBUG Engine               - platform: WINDOWS
19:59:52.967 [FXGL Background Thread 3 ] DEBUG Engine               - prefHeightProperty: ReadOnlyDoubleProperty [value: 880.0]
19:59:52.967 [FXGL Background Thread 3 ] DEBUG Engine               - prefWidthProperty: ReadOnlyDoubleProperty [value: 1280.0]
19:59:52.967 [FXGL Background Thread 3 ] DEBUG Engine               - profileDir: profiles/
19:59:52.967 [FXGL Background Thread 3 ] DEBUG Engine               - profileName: StringProperty [value: DEFAULT]
19:59:52.967 [FXGL Background Thread 3 ] DEBUG Engine               - randomSeed: -1
19:59:52.967 [FXGL Background Thread 3 ] DEBUG Engine               - runtimeInfo: RuntimeInfo(platform=WINDOWS, version=25, build=05.02.2026 22.57)
19:59:52.967 [FXGL Background Thread 3 ] DEBUG Engine               - saveFileExt: sav
19:59:52.967 [FXGL Background Thread 3 ] DEBUG Engine               - scaledHeightProp$fxgl: DoubleProperty [bound, value: 880.0]
19:59:52.967 [FXGL Background Thread 3 ] DEBUG Engine               - scaledWidthProp$fxgl: DoubleProperty [bound, value: 1280.0]
19:59:52.967 [FXGL Background Thread 3 ] DEBUG Engine               - sceneFactory: com.almasb.fxgl.app.scene.SceneFactory@2cebcea3
19:59:52.967 [FXGL Background Thread 3 ] DEBUG Engine               - secondsIn24h: 60
19:59:52.967 [FXGL Background Thread 3 ] DEBUG Engine               - soundMenuBack: menu/back.wav
19:59:52.967 [FXGL Background Thread 3 ] DEBUG Engine               - soundMenuPress: menu/press.wav
19:59:52.967 [FXGL Background Thread 3 ] DEBUG Engine               - soundMenuSelect: menu/select.wav
19:59:52.967 [FXGL Background Thread 3 ] DEBUG Engine               - soundNotification: core/notification.wav
19:59:52.967 [FXGL Background Thread 3 ] DEBUG Engine               - stageStyle: DECORATED
19:59:52.967 [FXGL Background Thread 3 ] DEBUG Engine               - supportedLanguages: [ENGLISH, FRENCH, GERMAN, HUNGARIAN, RUSSIAN]
19:59:52.967 [FXGL Background Thread 3 ] DEBUG Engine               - ticksPerSecond: -1
19:59:52.967 [FXGL Background Thread 3 ] DEBUG Engine               - title: Mein erstes Game mit FXGL
19:59:52.968 [FXGL Background Thread 3 ] DEBUG Engine               - urlGithub: https://github.com/AlmasB/FXGL
19:59:52.968 [FXGL Background Thread 3 ] DEBUG Engine               - urlLeaderboard: http://fxgl-top.herokuapp.com/
19:59:52.968 [FXGL Background Thread 3 ] DEBUG Engine               - urlPOM: https://raw.githubusercontent.com/AlmasB/FXGL/release/README.md
19:59:52.968 [FXGL Background Thread 3 ] DEBUG Engine               - userAppClass: class btaahaus.ahrfxglgame.App
19:59:52.968 [FXGL Background Thread 3 ] DEBUG Engine               - version: 0.0.1
19:59:52.968 [FXGL Background Thread 3 ] DEBUG Engine               - versionCheckDays: 7
19:59:52.968 [FXGL Background Thread 3 ] DEBUG Engine               - width: 1280
19:59:52.968 [FXGL Background Thread 3 ] DEBUG Engine               - Logging services
19:59:52.968 [FXGL Background Thread 3 ] DEBUG Engine               - class com.almasb.fxgl.app.services.FXGLAssetLoaderService
19:59:52.968 [FXGL Background Thread 3 ] DEBUG Engine               - class com.almasb.fxgl.app.FXGLApplication$GameApplicationService
19:59:52.968 [FXGL Background Thread 3 ] DEBUG Engine               - class com.almasb.fxgl.app.services.FXGLDialogService
19:59:52.968 [FXGL Background Thread 3 ] DEBUG Engine               - class com.almasb.fxgl.app.services.IOTaskExecutorService
19:59:52.968 [FXGL Background Thread 3 ] DEBUG Engine               - class com.almasb.fxgl.io.FileSystemService
19:59:52.968 [FXGL Background Thread 3 ] DEBUG Engine               - class com.almasb.fxgl.localization.LocalizationService
19:59:52.968 [FXGL Background Thread 3 ] DEBUG Engine               - class com.almasb.fxgl.app.services.SystemBundleService
19:59:52.968 [FXGL Background Thread 3 ] DEBUG Engine               - class com.almasb.fxgl.profile.SaveLoadService
19:59:52.968 [FXGL Background Thread 3 ] DEBUG Engine               - class com.almasb.fxgl.ui.FXGLUIFactoryServiceProvider
19:59:52.968 [FXGL Background Thread 3 ] DEBUG Engine               - class com.almasb.fxgl.ui.FXGLDialogFactoryServiceProvider
19:59:52.968 [FXGL Background Thread 3 ] DEBUG Engine               - class com.almasb.fxgl.audio.AudioPlayer
19:59:52.968 [FXGL Background Thread 3 ] DEBUG Engine               - class com.almasb.fxgl.notification.impl.NotificationServiceProvider
19:59:52.968 [FXGL Background Thread 3 ] DEBUG Engine               - class com.almasb.fxgl.achievement.AchievementService
19:59:52.968 [FXGL Background Thread 3 ] DEBUG Engine               - class com.almasb.fxgl.cutscene.CutsceneService
19:59:52.968 [FXGL Background Thread 3 ] DEBUG Engine               - class com.almasb.fxgl.minigames.MiniGameService
19:59:52.968 [FXGL Background Thread 3 ] DEBUG Engine               - class com.almasb.fxgl.net.NetService
19:59:52.968 [FXGL Background Thread 3 ] DEBUG Engine               - class com.almasb.fxgl.app.services.UpdaterService
19:59:52.968 [FXGL Background Thread 3 ] DEBUG Engine               - class com.almasb.fxgl.dev.DevService
19:59:53.004 [JavaFX Application Thread] DEBUG FXGLAssetLoaderServi - Loading from file system: file:/C:/Users/administrator/Documents/NetBeansProjekte/ahrFXGLGame/target/classes/assets/textures/fireBallSenkrecht.png
19:59:53.052 [JavaFX Application Thread] DEBUG FXGLAssetLoaderServi - Loading from file system: file:/C:/Users/administrator/Documents/NetBeansProjekte/ahrFXGLGame/target/classes/assets/textures/fireBallSenkrecht.png
19:59:53.100 [JavaFX Application Thread] DEBUG FXGLAssetLoaderServi - Loading from file system: file:/C:/Users/administrator/Documents/NetBeansProjekte/ahrFXGLGame/target/classes/assets/textures/fireBallSenkrecht.png
19:59:53.147 [JavaFX Application Thread] DEBUG FXGLAssetLoaderServi - Loading from file system: file:/C:/Users/administrator/Documents/NetBeansProjekte/ahrFXGLGame/target/classes/assets/textures/fireBallSenkrecht.png
19:59:53.196 [JavaFX Application Thread] DEBUG FXGLAssetLoaderServi - Loading from file system: file:/C:/Users/administrator/Documents/NetBeansProjekte/ahrFXGLGame/target/classes/assets/textures/fireBallSenkrecht.png
19:59:53.243 [JavaFX Application Thread] DEBUG FXGLAssetLoaderServi - Loading from file system: file:/C:/Users/administrator/Documents/NetBeansProjekte/ahrFXGLGame/target/classes/assets/textures/fireBallSenkrecht.png
19:59:53.305 [JavaFX Application Thread] DEBUG FXGLAssetLoaderServi - Loading from file system: file:/C:/Users/administrator/Documents/NetBeansProjekte/ahrFXGLGame/target/classes/assets/textures/fireBallSenkrecht.png
19:59:53.355 [JavaFX Application Thread] DEBUG FXGLAssetLoaderServi - Loading from file system: file:/C:/Users/administrator/Documents/NetBeansProjekte/ahrFXGLGame/target/classes/assets/textures/fireBallSenkrecht.png
19:59:53.403 [JavaFX Application Thread] DEBUG FXGLAssetLoaderServi - Loading from file system: file:/C:/Users/administrator/Documents/NetBeansProjekte/ahrFXGLGame/target/classes/assets/textures/fireBallSenkrecht.png
19:59:53.452 [JavaFX Application Thread] DEBUG FXGLAssetLoaderServi - Loading from file system: file:/C:/Users/administrator/Documents/NetBeansProjekte/ahrFXGLGame/target/classes/assets/textures/fireBallSenkrecht.png
19:59:53.499 [JavaFX Application Thread] DEBUG FXGLAssetLoaderServi - Loading from file system: file:/C:/Users/administrator/Documents/NetBeansProjekte/ahrFXGLGame/target/classes/assets/textures/fireBallSenkrecht.png
19:59:53.547 [JavaFX Application Thread] DEBUG FXGLAssetLoaderServi - Loading from file system: file:/C:/Users/administrator/Documents/NetBeansProjekte/ahrFXGLGame/target/classes/assets/textures/fireBallSenkrecht.png
19:59:53.596 [JavaFX Application Thread] DEBUG FXGLAssetLoaderServi - Loading from file system: file:/C:/Users/administrator/Documents/NetBeansProjekte/ahrFXGLGame/target/classes/assets/textures/fireBallSenkrecht.png
19:59:53.643 [JavaFX Application Thread] DEBUG FXGLAssetLoaderServi - Loading from file system: file:/C:/Users/administrator/Documents/NetBeansProjekte/ahrFXGLGame/target/classes/assets/textures/fireBallSenkrecht.png
19:59:53.687 [JavaFX Application Thread] DEBUG FXGLAssetLoaderServi - Loading from file system: file:/C:/Users/administrator/Documents/NetBeansProjekte/ahrFXGLGame/target/classes/assets/textures/fireBallSenkrecht.png
19:59:53.724 [JavaFX Application Thread] DEBUG FXGLAssetLoaderServi - Loading from file system: file:/C:/Users/administrator/Documents/NetBeansProjekte/ahrFXGLGame/target/classes/assets/textures/fireBallSenkrecht.png
19:59:53.770 [JavaFX Application Thread] DEBUG FXGLAssetLoaderServi - Loading from file system: file:/C:/Users/administrator/Documents/NetBeansProjekte/ahrFXGLGame/target/classes/assets/textures/fireBallSenkrecht.png
19:59:53.821 [JavaFX Application Thread] DEBUG FXGLAssetLoaderServi - Loading from file system: file:/C:/Users/administrator/Documents/NetBeansProjekte/ahrFXGLGame/target/classes/assets/textures/fireBallSenkrecht.png
19:59:53.868 [JavaFX Application Thread] DEBUG FXGLAssetLoaderServi - Loading from file system: file:/C:/Users/administrator/Documents/NetBeansProjekte/ahrFXGLGame/target/classes/assets/textures/fireBallSenkrecht.png
19:59:53.916 [JavaFX Application Thread] DEBUG FXGLAssetLoaderServi - Loading from file system: file:/C:/Users/administrator/Documents/NetBeansProjekte/ahrFXGLGame/target/classes/assets/textures/fireBallSenkrecht.png
19:59:53.963 [JavaFX Application Thread] DEBUG FXGLAssetLoaderServi - Loading from file system: file:/C:/Users/administrator/Documents/NetBeansProjekte/ahrFXGLGame/target/classes/assets/textures/fireBallSenkrecht.png
19:59:54.011 [JavaFX Application Thread] DEBUG FXGLAssetLoaderServi - Loading from file system: file:/C:/Users/administrator/Documents/NetBeansProjekte/ahrFXGLGame/target/classes/assets/textures/fireBallSenkrecht.png
19:59:54.054 [JavaFX Application Thread] DEBUG FXGLAssetLoaderServi - Loading from file system: file:/C:/Users/administrator/Documents/NetBeansProjekte/ahrFXGLGame/target/classes/assets/textures/fireBallSenkrecht.png
19:59:54.091 [JavaFX Application Thread] DEBUG FXGLAssetLoaderServi - Loading from file system: file:/C:/Users/administrator/Documents/NetBeansProjekte/ahrFXGLGame/target/classes/assets/textures/fireBallSenkrecht.png
19:59:54.137 [JavaFX Application Thread] DEBUG FXGLAssetLoaderServi - Loading from file system: file:/C:/Users/administrator/Documents/NetBeansProjekte/ahrFXGLGame/target/classes/assets/textures/fireBallSenkrecht.png
19:59:54.172 [JavaFX Application Thread] DEBUG FXGLAssetLoaderServi - Loading from file system: file:/C:/Users/administrator/Documents/NetBeansProjekte/ahrFXGLGame/target/classes/assets/textures/fireBallSenkrecht.png
19:59:54.219 [JavaFX Application Thread] DEBUG FXGLAssetLoaderServi - Loading from file system: file:/C:/Users/administrator/Documents/NetBeansProjekte/ahrFXGLGame/target/classes/assets/textures/fireBallSenkrecht.png
19:59:54.284 [JavaFX Application Thread] DEBUG FXGLAssetLoaderServi - Loading from file system: file:/C:/Users/administrator/Documents/NetBeansProjekte/ahrFXGLGame/target/classes/assets/textures/fireBallSenkrecht.png
19:59:54.332 [JavaFX Application Thread] DEBUG FXGLAssetLoaderServi - Loading from file system: file:/C:/Users/administrator/Documents/NetBeansProjekte/ahrFXGLGame/target/classes/assets/textures/fireBallSenkrecht.png
19:59:54.380 [JavaFX Application Thread] DEBUG FXGLAssetLoaderServi - Loading from file system: file:/C:/Users/administrator/Documents/NetBeansProjekte/ahrFXGLGame/target/classes/assets/textures/fireBallSenkrecht.png
19:59:54.427 [JavaFX Application Thread] DEBUG FXGLAssetLoaderServi - Loading from file system: file:/C:/Users/administrator/Documents/NetBeansProjekte/ahrFXGLGame/target/classes/assets/textures/fireBallSenkrecht.png
19:59:54.471 [JavaFX Application Thread] DEBUG FXGLAssetLoaderServi - Loading from file system: file:/C:/Users/administrator/Documents/NetBeansProjekte/ahrFXGLGame/target/classes/assets/textures/fireBallSenkrecht.png
19:59:54.521 [JavaFX Application Thread] DEBUG FXGLAssetLoaderServi - Loading from file system: file:/C:/Users/administrator/Documents/NetBeansProjekte/ahrFXGLGame/target/classes/assets/textures/fireBallSenkrecht.png
19:59:54.570 [JavaFX Application Thread] DEBUG FXGLAssetLoaderServi - Loading from file system: file:/C:/Users/administrator/Documents/NetBeansProjekte/ahrFXGLGame/target/classes/assets/textures/fireBallSenkrecht.png
19:59:54.620 [JavaFX Application Thread] DEBUG FXGLAssetLoaderServi - Loading from file system: file:/C:/Users/administrator/Documents/NetBeansProjekte/ahrFXGLGame/target/classes/assets/textures/fireBallSenkrecht.png
19:59:54.668 [JavaFX Application Thread] DEBUG FXGLAssetLoaderServi - Loading from file system: file:/C:/Users/administrator/Documents/NetBeansProjekte/ahrFXGLGame/target/classes/assets/textures/fireBallSenkrecht.png
19:59:54.716 [JavaFX Application Thread] DEBUG FXGLAssetLoaderServi - Loading from file system: file:/C:/Users/administrator/Documents/NetBeansProjekte/ahrFXGLGame/target/classes/assets/textures/fireBallSenkrecht.png
19:59:54.763 [JavaFX Application Thread] DEBUG FXGLAssetLoaderServi - Loading from file system: file:/C:/Users/administrator/Documents/NetBeansProjekte/ahrFXGLGame/target/classes/assets/textures/fireBallSenkrecht.png
19:59:54.811 [JavaFX Application Thread] DEBUG FXGLAssetLoaderServi - Loading from file system: file:/C:/Users/administrator/Documents/NetBeansProjekte/ahrFXGLGame/target/classes/assets/textures/fireBallSenkrecht.png
19:59:54.859 [JavaFX Application Thread] DEBUG FXGLAssetLoaderServi - Loading from file system: file:/C:/Users/administrator/Documents/NetBeansProjekte/ahrFXGLGame/target/classes/assets/textures/fireBallSenkrecht.png
19:59:54.921 [JavaFX Application Thread] DEBUG FXGLAssetLoaderServi - Loading from file system: file:/C:/Users/administrator/Documents/NetBeansProjekte/ahrFXGLGame/target/classes/assets/textures/fireBallSenkrecht.png
19:59:54.971 [JavaFX Application Thread] DEBUG FXGLAssetLoaderServi - Loading from file system: file:/C:/Users/administrator/Documents/NetBeansProjekte/ahrFXGLGame/target/classes/assets/textures/fireBallSenkrecht.png
19:59:55.019 [JavaFX Application Thread] DEBUG FXGLAssetLoaderServi - Loading from file system: file:/C:/Users/administrator/Documents/NetBeansProjekte/ahrFXGLGame/target/classes/assets/textures/fireBallSenkrecht.png
19:59:55.067 [JavaFX Application Thread] DEBUG FXGLAssetLoaderServi - Loading from file system: file:/C:/Users/administrator/Documents/NetBeansProjekte/ahrFXGLGame/target/classes/assets/textures/fireBallSenkrecht.png
19:59:55.116 [JavaFX Application Thread] DEBUG FXGLAssetLoaderServi - Loading from file system: file:/C:/Users/administrator/Documents/NetBeansProjekte/ahrFXGLGame/target/classes/assets/textures/fireBallSenkrecht.png
19:59:55.165 [JavaFX Application Thread] DEBUG FXGLAssetLoaderServi - Loading from file system: file:/C:/Users/administrator/Documents/NetBeansProjekte/ahrFXGLGame/target/classes/assets/textures/fireBallSenkrecht.png
19:59:55.228 [JavaFX Application Thread] DEBUG FXGLAssetLoaderServi - Loading from file system: file:/C:/Users/administrator/Documents/NetBeansProjekte/ahrFXGLGame/target/classes/assets/textures/fireBallSenkrecht.png
19:59:55.275 [JavaFX Application Thread] DEBUG FXGLAssetLoaderServi - Loading from file system: file:/C:/Users/administrator/Documents/NetBeansProjekte/ahrFXGLGame/target/classes/assets/textures/fireBallSenkrecht.png
19:59:55.322 [JavaFX Application Thread] DEBUG FXGLAssetLoaderServi - Loading from file system: file:/C:/Users/administrator/Documents/NetBeansProjekte/ahrFXGLGame/target/classes/assets/textures/fireBallSenkrecht.png
19:59:55.370 [JavaFX Application Thread] DEBUG FXGLAssetLoaderServi - Loading from file system: file:/C:/Users/administrator/Documents/NetBeansProjekte/ahrFXGLGame/target/classes/assets/textures/fireBallSenkrecht.png
19:59:55.419 [JavaFX Application Thread] DEBUG FXGLAssetLoaderServi - Loading from file system: file:/C:/Users/administrator/Documents/NetBeansProjekte/ahrFXGLGame/target/classes/assets/textures/fireBallSenkrecht.png
19:59:55.467 [JavaFX Application Thread] DEBUG FXGLAssetLoaderServi - Loading from file system: file:/C:/Users/administrator/Documents/NetBeansProjekte/ahrFXGLGame/target/classes/assets/textures/fireBallSenkrecht.png
19:59:55.515 [JavaFX Application Thread] DEBUG FXGLAssetLoaderServi - Loading from file system: file:/C:/Users/administrator/Documents/NetBeansProjekte/ahrFXGLGame/target/classes/assets/textures/fireBallSenkrecht.png
19:59:55.563 [JavaFX Application Thread] DEBUG FXGLAssetLoaderServi - Loading from file system: file:/C:/Users/administrator/Documents/NetBeansProjekte/ahrFXGLGame/target/classes/assets/textures/fireBallSenkrecht.png
19:59:55.611 [JavaFX Application Thread] DEBUG FXGLAssetLoaderServi - Loading from file system: file:/C:/Users/administrator/Documents/NetBeansProjekte/ahrFXGLGame/target/classes/assets/textures/fireBallSenkrecht.png
19:59:55.660 [JavaFX Application Thread] DEBUG FXGLAssetLoaderServi - Loading from file system: file:/C:/Users/administrator/Documents/NetBeansProjekte/ahrFXGLGame/target/classes/assets/textures/fireBallSenkrecht.png
19:59:55.704 [JavaFX Application Thread] DEBUG FXGLAssetLoaderServi - Loading from file system: file:/C:/Users/administrator/Documents/NetBeansProjekte/ahrFXGLGame/target/classes/assets/textures/fireBallSenkrecht.png
19:59:55.740 [JavaFX Application Thread] DEBUG FXGLAssetLoaderServi - Loading from file system: file:/C:/Users/administrator/Documents/NetBeansProjekte/ahrFXGLGame/target/classes/assets/textures/fireBallSenkrecht.png
19:59:55.788 [JavaFX Application Thread] DEBUG FXGLAssetLoaderServi - Loading from file system: file:/C:/Users/administrator/Documents/NetBeansProjekte/ahrFXGLGame/target/classes/assets/textures/fireBallSenkrecht.png
19:59:55.836 [JavaFX Application Thread] DEBUG FXGLAssetLoaderServi - Loading from file system: file:/C:/Users/administrator/Documents/NetBeansProjekte/ahrFXGLGame/target/classes/assets/textures/fireBallSenkrecht.png
19:59:55.883 [JavaFX Application Thread] DEBUG FXGLAssetLoaderServi - Loading from file system: file:/C:/Users/administrator/Documents/NetBeansProjekte/ahrFXGLGame/target/classes/assets/textures/fireBallSenkrecht.png
19:59:55.932 [JavaFX Application Thread] DEBUG FXGLAssetLoaderServi - Loading from file system: file:/C:/Users/administrator/Documents/NetBeansProjekte/ahrFXGLGame/target/classes/assets/textures/fireBallSenkrecht.png
19:59:55.979 [JavaFX Application Thread] DEBUG FXGLAssetLoaderServi - Loading from file system: file:/C:/Users/administrator/Documents/NetBeansProjekte/ahrFXGLGame/target/classes/assets/textures/fireBallSenkrecht.png
19:59:56.027 [JavaFX Application Thread] DEBUG FXGLAssetLoaderServi - Loading from file system: file:/C:/Users/administrator/Documents/NetBeansProjekte/ahrFXGLGame/target/classes/assets/textures/fireBallSenkrecht.png
19:59:56.075 [JavaFX Application Thread] DEBUG FXGLAssetLoaderServi - Loading from file system: file:/C:/Users/administrator/Documents/NetBeansProjekte/ahrFXGLGame/target/classes/assets/textures/fireBallSenkrecht.png
19:59:56.124 [JavaFX Application Thread] DEBUG FXGLAssetLoaderServi - Loading from file system: file:/C:/Users/administrator/Documents/NetBeansProjekte/ahrFXGLGame/target/classes/assets/textures/fireBallSenkrecht.png
19:59:56.172 [JavaFX Application Thread] DEBUG FXGLAssetLoaderServi - Loading from file system: file:/C:/Users/administrator/Documents/NetBeansProjekte/ahrFXGLGame/target/classes/assets/textures/fireBallSenkrecht.png
19:59:56.235 [JavaFX Application Thread] DEBUG FXGLAssetLoaderServi - Loading from file system: file:/C:/Users/administrator/Documents/NetBeansProjekte/ahrFXGLGame/target/classes/assets/textures/fireBallSenkrecht.png
19:59:56.284 [JavaFX Application Thread] DEBUG FXGLAssetLoaderServi - Loading from file system: file:/C:/Users/administrator/Documents/NetBeansProjekte/ahrFXGLGame/target/classes/assets/textures/fireBallSenkrecht.png
19:59:56.332 [JavaFX Application Thread] DEBUG FXGLAssetLoaderServi - Loading from file system: file:/C:/Users/administrator/Documents/NetBeansProjekte/ahrFXGLGame/target/classes/assets/textures/fireBallSenkrecht.png
19:59:56.380 [JavaFX Application Thread] DEBUG FXGLAssetLoaderServi - Loading from file system: file:/C:/Users/administrator/Documents/NetBeansProjekte/ahrFXGLGame/target/classes/assets/textures/fireBallSenkrecht.png
19:59:56.429 [JavaFX Application Thread] DEBUG FXGLAssetLoaderServi - Loading from file system: file:/C:/Users/administrator/Documents/NetBeansProjekte/ahrFXGLGame/target/classes/assets/textures/fireBallSenkrecht.png
19:59:56.471 [JavaFX Application Thread] DEBUG FXGLAssetLoaderServi - Loading from file system: file:/C:/Users/administrator/Documents/NetBeansProjekte/ahrFXGLGame/target/classes/assets/textures/fireBallSenkrecht.png
19:59:56.507 [JavaFX Application Thread] DEBUG FXGLAssetLoaderServi - Loading from file system: file:/C:/Users/administrator/Documents/NetBeansProjekte/ahrFXGLGame/target/classes/assets/textures/fireBallSenkrecht.png
19:59:56.554 [JavaFX Application Thread] DEBUG FXGLAssetLoaderServi - Loading from file system: file:/C:/Users/administrator/Documents/NetBeansProjekte/ahrFXGLGame/target/classes/assets/textures/fireBallSenkrecht.png
19:59:56.604 [JavaFX Application Thread] DEBUG FXGLAssetLoaderServi - Loading from file system: file:/C:/Users/administrator/Documents/NetBeansProjekte/ahrFXGLGame/target/classes/assets/textures/fireBallSenkrecht.png
19:59:56.652 [JavaFX Application Thread] DEBUG FXGLAssetLoaderServi - Loading from file system: file:/C:/Users/administrator/Documents/NetBeansProjekte/ahrFXGLGame/target/classes/assets/textures/fireBallSenkrecht.png
19:59:56.700 [JavaFX Application Thread] DEBUG FXGLAssetLoaderServi - Loading from file system: file:/C:/Users/administrator/Documents/NetBeansProjekte/ahrFXGLGame/target/classes/assets/textures/fireBallSenkrecht.png
19:59:56.748 [JavaFX Application Thread] DEBUG FXGLAssetLoaderServi - Loading from file system: file:/C:/Users/administrator/Documents/NetBeansProjekte/ahrFXGLGame/target/classes/assets/textures/fireBallSenkrecht.png
19:59:56.835 [JavaFX Application Thread] DEBUG FXGLApplication      - Exiting FXGL
19:59:56.835 [JavaFX Application Thread] DEBUG LoopRunner           - Stopping loop
19:59:56.835 [JavaFX Application Thread] DEBUG SystemBundleService  - Saving FXGL system data
19:59:56.837 [JavaFX Application Thread] DEBUG FileSystemAccess     - Writing to: C:\Users\administrator\Documents\NetBeansProjekte\ahrFXGLGame\system\fxgl.bundle
19:59:56.839 [JavaFX Application Thread] DEBUG Async                - Shutting down background threads
19:59:56.839 [JavaFX Application Thread] DEBUG PrimaryStageWindow   - Closing main window
19:59:56.848 [JavaFX Application Thread] DEBUG Logger               - Closing Logger
