10:49:32.963 [main                     ] DEBUG Logger               - Configured Logger
10:49:32.970 [main                     ] DEBUG GameApplication      - Logging settings
Title: Mein erstes Game mit FXGL
Version: 0.0.1
Width: 1280
Height: 880
Fullscreen: true
Intro: false
Profiling: false
Single step:false
App Mode: DEVELOPER
Menu Key: ESCAPE
Stage Style: DECORATED
Scene Factory: class com.almasb.fxgl.app.scene.SceneFactory

10:49:33.388 [JavaFX Application Thread] DEBUG FXGLApplication      - Initializing FXGL
10:49:33.391 [JavaFX Application Thread] INFO  Engine               - FXGL-25 (05.02.2026 22.57) on WINDOWS (J:25.0.3 FX:25.0.1)
10:49:33.391 [JavaFX Application Thread] DEBUG Engine               - JRE Vendor Name: Oracle Corporation
10:49:33.391 [JavaFX Application Thread] DEBUG Engine               - Running on OS: Windows 11 version 10.0
10:49:33.391 [JavaFX Application Thread] DEBUG Engine               - Architecture: amd64
10:49:33.391 [JavaFX Application Thread] INFO  Engine               - Source code and latest versions at: https://github.com/AlmasB/FXGL
10:49:33.391 [JavaFX Application Thread] INFO  Engine               -       Ask questions and discuss at: https://github.com/AlmasB/FXGL/discussions
10:49:33.473 [JavaFX Application Thread] DEBUG PrimaryStageWindow   - Creating a JavaFX scene
10:49:33.508 [JavaFX Application Thread] DEBUG PrimaryStageWindow   - Target settings size: 1280.0 x 880.0
10:49:33.509 [JavaFX Application Thread] DEBUG PrimaryStageWindow   - Scaled scene size:    1280.0 x 880.0
10:49:33.509 [JavaFX Application Thread] DEBUG PrimaryStageWindow   - Scaled ratio: (1.0, 1.0)
10:49:33.509 [JavaFX Application Thread] DEBUG PrimaryStageWindow   - Set initial scene to FXGLStartupScene
10:49:33.513 [JavaFX Application Thread] DEBUG PrimaryStageWindow   - Opening main window
10:49:33.747 [JavaFX Application Thread] DEBUG PrimaryStageWindow   - Window border size: (16.0, 39.0)
10:49:33.748 [JavaFX Application Thread] DEBUG PrimaryStageWindow   - Scaled size: 1280.0 x 880.0
10:49:33.748 [JavaFX Application Thread] DEBUG PrimaryStageWindow   - Scaled ratio: (1.0, 1.0)
10:49:33.748 [JavaFX Application Thread] DEBUG PrimaryStageWindow   - Scene size: 1280.0 x 880.0
10:49:33.748 [JavaFX Application Thread] DEBUG PrimaryStageWindow   - Stage size: 1296.0 x 919.0
10:49:33.754 [FXGL Background Thread 1 ] DEBUG Engine               - Initializing environment variables
10:49:33.797 [FXGL Background Thread 1 ] DEBUG FXGLAssetLoaderServi - User app class for loading assets: class btaahaus.spaceInvader.App
10:49:33.797 [FXGL Background Thread 1 ] DEBUG GameApplicationServi - Applying CSS: fxgl_dark.css
10:49:33.798 [FXGL Background Thread 1 ] DEBUG FXGLAssetLoaderServi - Loading from file system: jar:file:/C:/Users/Lehrer.BTA5112/.m2/repository/com/github/almasb/fxgl/25/fxgl-25.jar!/fxglassets/ui/css/fxgl_dark.css
10:49:33.830 [FXGL Background Thread 1 ] DEBUG GameApplicationServi - Initializing application scenes
10:49:33.864 [FXGL Background Thread 1 ] DEBUG GameWorld            - Game world initialized
10:49:33.897 [FXGL Background Thread 1 ] DEBUG PhysicsWorld         - Physics world initialized: appHeight=880, physics.ppm=50,0
10:49:33.897 [FXGL Background Thread 1 ] DEBUG PhysicsWorld         - Using strategy: BRUTE_FORCE
10:49:33.900 [FXGL Background Thread 1 ] DEBUG GameScene            - Game scene initialized: 1280x880
10:49:33.909 [FXGL Background Thread 1 ] DEBUG FXGL.DefaultMenu     - createMenuBodyGameMenu()
10:49:33.923 [FXGL Background Thread 1 ] DEBUG FXGL.DefaultMenu     - createOptionsMenu()
10:49:33.930 [FXGL Background Thread 1 ] DEBUG FXGLAssetLoaderServi - Loading from file system: jar:file:/C:/Users/Lehrer.BTA5112/.m2/repository/com/github/almasb/fxgl/25/fxgl-25.jar!/fxglassets/textures/particles/smoke.png
10:49:33.988 [FXGL Background Thread 1 ] DEBUG FXGLAssetLoaderServi - Loading from file system: jar:file:/C:/Users/Lehrer.BTA5112/.m2/repository/com/github/almasb/fxgl/25/fxgl-25.jar!/fxglassets/textures/particles/trace_horizontal.png
10:49:34.006 [FXGL Background Thread 1 ] DEBUG GameApplicationServi - Application scenes initialized
10:49:34.016 [FXGL Background Thread 1 ] DEBUG SystemBundleService  - Loading FXGL system data
10:49:34.019 [FXGL Background Thread 1 ] DEBUG FileSystemAccess     - Reading from: C:\Users\Administrator\Dokumente\netBeansProjekt\spaceInvader\system\fxgl.bundle
10:49:34.024 [FXGL Background Thread 1 ] DEBUG SystemBundleService  - Bundle FXGL: {}
10:49:34.024 [FXGL Background Thread 1 ] DEBUG UpdaterService       - Checking for updates
10:49:34.027 [FXGL Background Thread 4 ] DEBUG FXGLApplication      - Loading fonts
10:49:34.028 [FXGL Background Thread 4 ] DEBUG FXGLAssetLoaderServi - Loading from file system: jar:file:/C:/Users/Lehrer.BTA5112/.m2/repository/com/github/almasb/fxgl/25/fxgl-25.jar!/fxglassets/ui/fonts/VarelaRound-Regular.ttf
10:49:34.029 [FXGL Background Thread 1 ] DEBUG FXGLApplication      - Loading default localization
10:49:34.029 [FXGL Background Thread 1 ] DEBUG FXGLAssetLoaderServi - Loading from file system: jar:file:/C:/Users/Lehrer.BTA5112/.m2/repository/com/github/almasb/fxgl/25/fxgl-25.jar!/fxglassets/languages/english.lang
10:49:34.041 [FXGL Background Thread 1 ] INFO  FXGLApplication      - FXGL initialization took: 0,286 sec
10:49:34.050 [JavaFX Application Thread] DEBUG Input                - Registered new binding: shootPlayer - Space
10:49:34.050 [JavaFX Application Thread] DEBUG Input                - Registered new binding: right - D
10:49:34.050 [JavaFX Application Thread] DEBUG Input                - Registered new binding: left - A
10:49:34.050 [JavaFX Application Thread] DEBUG Input                - Registered new binding: up - W
10:49:34.050 [JavaFX Application Thread] DEBUG Input                - Registered new binding: down - S
10:49:34.051 [JavaFX Application Thread] DEBUG FXGLAssetLoaderServi - Loading from file system: jar:file:/C:/Users/Lehrer.BTA5112/.m2/repository/com/github/almasb/fxgl/25/fxgl-25.jar!/fxglassets/textures/fxgl_icon.png
10:49:34.054 [FXGL Background Thread 4 ] DEBUG FXGLAssetLoaderServi - Loading from file system: jar:file:/C:/Users/Lehrer.BTA5112/.m2/repository/com/github/almasb/fxgl/25/fxgl-25.jar!/fxglassets/ui/fonts/Abel-Regular.ttf
10:49:34.057 [FXGL Background Thread 4 ] DEBUG FXGLAssetLoaderServi - Loading from file system: jar:file:/C:/Users/Lehrer.BTA5112/.m2/repository/com/github/almasb/fxgl/25/fxgl-25.jar!/fxglassets/ui/fonts/TerminalLandMono-Regular.otf
10:49:34.061 [FXGL Background Thread 4 ] DEBUG FXGLAssetLoaderServi - Loading from file system: jar:file:/C:/Users/Lehrer.BTA5112/.m2/repository/com/github/almasb/fxgl/25/fxgl-25.jar!/fxglassets/ui/fonts/Courier-Prime.ttf
10:49:34.064 [JavaFX Application Thread] DEBUG FXGLAssetLoaderServi - Loading from file system: jar:file:/C:/Users/Lehrer.BTA5112/.m2/repository/com/github/almasb/fxgl/25/fxgl-25.jar!/fxglassets/textures/fxgl_default_cursor.png
10:49:34.067 [JavaFX Application Thread] DEBUG Input                - Registered new binding: Screenshot - CTRL+8
10:49:34.067 [JavaFX Application Thread] DEBUG Input                - Registered new binding: System info dump - CTRL+9
10:49:34.068 [JavaFX Application Thread] DEBUG Input                - Registered new binding: Restart - CTRL+R
10:49:34.068 [JavaFX Application Thread] DEBUG Input                - Registered new binding: Toggle Debug Camera - CTRL+7
10:49:34.071 [JavaFX Application Thread] DEBUG LoopRunner           - Starting loop
10:49:34.071 [JavaFX Application Thread] DEBUG LoopRunner           - Initializing JavaFX AnimationTimerLoop
10:49:34.073 [JavaFX Application Thread] DEBUG GameApplicationServi - Starting new game
10:49:34.073 [JavaFX Application Thread] DEBUG Input                - Clearing active input actions
10:49:34.084 [JavaFX Application Thread] DEBUG GameApplicationServi - Removing overlay from FXGLStartupScene and adding to FXGLLoadingScene
10:49:34.085 [JavaFX Application Thread] DEBUG PrimaryStageWindow   - FXGLStartupScene -> FXGLLoadingScene
10:49:34.085 [JavaFX Application Thread] DEBUG GameApplicationServi - Clearing previous game
10:49:34.085 [JavaFX Application Thread] DEBUG GameScene            - Clearing game scene
10:49:34.085 [JavaFX Application Thread] DEBUG GameWorld            - Clearing game world
10:49:34.085 [JavaFX Application Thread] DEBUG PhysicsWorld         - Clearing physics world
10:49:34.087 [JavaFX Application Thread] DEBUG FXGLApplication      - Registering font factories with UI factory
10:49:34.087 [FXGL Background Thread 4 ] DEBUG FXGLApplication      - Initializing game
10:49:34.095 [FXGL Background Thread 4 ] DEBUG FXGLAssetLoaderServi - Loading from file system: file:/C:/Users/Administrator/Dokumente/netBeansProjekt/spaceInvader/target/classes/assets/textures/bgSpace.jpg
10:49:34.165 [FXGL Background Thread 4 ] DEBUG FXGLAssetLoaderServi - Loading from file system: file:/C:/Users/Administrator/Dokumente/netBeansProjekt/spaceInvader/target/classes/assets/textures/meteorit.png
10:49:34.187 [FXGL Background Thread 4 ] DEBUG FXGLAssetLoaderServi - Loading from file system: file:/C:/Users/Administrator/Dokumente/netBeansProjekt/spaceInvader/target/classes/assets/textures/rocketSchmal.png
10:49:34.194 [FXGL Background Thread 4 ] INFO  FXGLApplication      - Game initialization took: 0,108 sec
10:49:34.204 [JavaFX Application Thread] DEBUG Input                - Clearing active input actions
10:49:34.210 [JavaFX Application Thread] DEBUG GameApplicationServi - Removing overlay from FXGLLoadingScene and adding to GameScene
10:49:34.210 [JavaFX Application Thread] DEBUG PrimaryStageWindow   - FXGLLoadingScene -> GameScene
10:49:34.712 [JavaFX Application Thread] DEBUG FXGLAssetLoaderServi - Loading from file system: file:/C:/Users/Administrator/Dokumente/netBeansProjekt/spaceInvader/target/classes/assets/textures/fireBallSenkrecht.png
10:49:35.268 [JavaFX Application Thread] DEBUG FXGLAssetLoaderServi - Loading from file system: file:/C:/Users/Administrator/Dokumente/netBeansProjekt/spaceInvader/target/classes/assets/textures/fireBallSenkrecht.png
10:49:35.492 [JavaFX Application Thread] DEBUG FXGLAssetLoaderServi - Loading from file system: file:/C:/Users/Administrator/Dokumente/netBeansProjekt/spaceInvader/target/classes/assets/textures/fireBallSenkrecht.png
10:49:35.572 [JavaFX Application Thread] DEBUG FXGLAssetLoaderServi - Loading from file system: file:/C:/Users/Administrator/Dokumente/netBeansProjekt/spaceInvader/target/classes/assets/textures/fireBallSenkrecht.png
10:49:36.100 [JavaFX Application Thread] DEBUG FXGLAssetLoaderServi - Loading from file system: file:/C:/Users/Administrator/Dokumente/netBeansProjekt/spaceInvader/target/classes/assets/textures/fireBallSenkrecht.png
10:49:36.660 [JavaFX Application Thread] DEBUG FXGLAssetLoaderServi - Loading from file system: file:/C:/Users/Administrator/Dokumente/netBeansProjekt/spaceInvader/target/classes/assets/textures/fireBallSenkrecht.png
10:49:37.026 [FXGL Background Thread 3 ] DEBUG Engine               - Logging environment variables
10:49:37.026 [FXGL Background Thread 3 ] DEBUG Engine               - achievements: []
10:49:37.026 [FXGL Background Thread 3 ] DEBUG Engine               - actualHeight: 880.0
10:49:37.026 [FXGL Background Thread 3 ] DEBUG Engine               - actualHeightProperty: ReadOnlyDoubleProperty [value: 880.0]
10:49:37.026 [FXGL Background Thread 3 ] DEBUG Engine               - actualWidth: 1280.0
10:49:37.026 [FXGL Background Thread 3 ] DEBUG Engine               - actualWidthProperty: ReadOnlyDoubleProperty [value: 1280.0]
10:49:37.026 [FXGL Background Thread 3 ] DEBUG Engine               - appIcon: fxgl_icon.png
10:49:37.027 [FXGL Background Thread 3 ] DEBUG Engine               - applicationMode: DEVELOPER
10:49:37.027 [FXGL Background Thread 3 ] DEBUG Engine               - cSSList: [fxgl_dark.css]
10:49:37.027 [FXGL Background Thread 3 ] DEBUG Engine               - collisionDetectionStrategy: BRUTE_FORCE
10:49:37.027 [FXGL Background Thread 3 ] DEBUG Engine               - configClass: Optional.empty
10:49:37.027 [FXGL Background Thread 3 ] DEBUG Engine               - credits: []
10:49:37.027 [FXGL Background Thread 3 ] DEBUG Engine               - defaultCursor: CursorInfo(imageName=fxgl_default_cursor.png, hotspotX=7.0, hotspotY=6.0)
10:49:37.027 [FXGL Background Thread 3 ] DEBUG Engine               - devBBoxColorProperty: ObjectProperty [value: 0xff0000ff]
10:49:37.027 [FXGL Background Thread 3 ] DEBUG Engine               - devEnableDebugCameraProperty: BooleanProperty [value: false]
10:49:37.027 [FXGL Background Thread 3 ] DEBUG Engine               - devSensorColorProperty: ObjectProperty [value: 0xffff00ff]
10:49:37.027 [FXGL Background Thread 3 ] DEBUG Engine               - devShowBBoxProperty: BooleanProperty [value: false]
10:49:37.027 [FXGL Background Thread 3 ] DEBUG Engine               - devShowPositionProperty: BooleanProperty [value: false]
10:49:37.027 [FXGL Background Thread 3 ] DEBUG Engine               - enabledMenuItems: []
10:49:37.027 [FXGL Background Thread 3 ] DEBUG Engine               - engineServices: [class com.almasb.fxgl.app.services.FXGLAssetLoaderService, class com.almasb.fxgl.app.FXGLApplication$GameApplicationService, class com.almasb.fxgl.app.services.FXGLDialogService, class com.almasb.fxgl.app.services.IOTaskExecutorService, class com.almasb.fxgl.io.FileSystemService, class com.almasb.fxgl.localization.LocalizationService, class com.almasb.fxgl.app.services.SystemBundleService, class com.almasb.fxgl.profile.SaveLoadService, class com.almasb.fxgl.ui.FXGLUIFactoryServiceProvider, class com.almasb.fxgl.ui.FXGLDialogFactoryServiceProvider, class com.almasb.fxgl.audio.AudioPlayer, class com.almasb.fxgl.notification.impl.NotificationServiceProvider, class com.almasb.fxgl.achievement.AchievementService, class com.almasb.fxgl.cutscene.CutsceneService, class com.almasb.fxgl.minigames.MiniGameService, class com.almasb.fxgl.net.NetService, class com.almasb.fxgl.app.services.UpdaterService, class com.almasb.fxgl.dev.DevService]
10:49:37.027 [FXGL Background Thread 3 ] DEBUG Engine               - fontGame: Abel-Regular.ttf
10:49:37.027 [FXGL Background Thread 3 ] DEBUG Engine               - fontMono: TerminalLandMono-Regular.otf
10:49:37.027 [FXGL Background Thread 3 ] DEBUG Engine               - fontSizeScaleUI: 1.0
10:49:37.027 [FXGL Background Thread 3 ] DEBUG Engine               - fontText: Courier-Prime.ttf
10:49:37.027 [FXGL Background Thread 3 ] DEBUG Engine               - fontUI: VarelaRound-Regular.ttf
10:49:37.027 [FXGL Background Thread 3 ] DEBUG Engine               - fpsRefreshRate: 500.0 ms
10:49:37.027 [FXGL Background Thread 3 ] DEBUG Engine               - fullScreen: BooleanProperty [value: false]
10:49:37.027 [FXGL Background Thread 3 ] DEBUG Engine               - gameDifficulty: MEDIUM
10:49:37.028 [FXGL Background Thread 3 ] DEBUG Engine               - gameDifficultyProperty: ObjectProperty [value: MEDIUM]
10:49:37.028 [FXGL Background Thread 3 ] DEBUG Engine               - globalMusicVolume: 0.5
10:49:37.028 [FXGL Background Thread 3 ] DEBUG Engine               - globalMusicVolumeProperty: DoubleProperty [value: 0.5]
10:49:37.028 [FXGL Background Thread 3 ] DEBUG Engine               - globalSoundVolume: 0.5
10:49:37.028 [FXGL Background Thread 3 ] DEBUG Engine               - globalSoundVolumeProperty: DoubleProperty [value: 0.5]
10:49:37.028 [FXGL Background Thread 3 ] DEBUG Engine               - height: 880
10:49:37.028 [FXGL Background Thread 3 ] DEBUG Engine               - is3D: false
10:49:37.028 [FXGL Background Thread 3 ] DEBUG Engine               - isAndroid: false
10:49:37.028 [FXGL Background Thread 3 ] DEBUG Engine               - isBrowser: false
10:49:37.028 [FXGL Background Thread 3 ] DEBUG Engine               - isClickFeedbackEnabled: false
10:49:37.028 [FXGL Background Thread 3 ] DEBUG Engine               - isCloseConfirmation: false
10:49:37.028 [FXGL Background Thread 3 ] DEBUG Engine               - isDesktop: true
10:49:37.028 [FXGL Background Thread 3 ] DEBUG Engine               - isDeveloperMenuEnabled: false
10:49:37.028 [FXGL Background Thread 3 ] DEBUG Engine               - isEmbedded: false
10:49:37.028 [FXGL Background Thread 3 ] DEBUG Engine               - isEntityPreloadEnabled: true
10:49:37.028 [FXGL Background Thread 3 ] DEBUG Engine               - isExperimentalTiledLargeMap: false
10:49:37.028 [FXGL Background Thread 3 ] DEBUG Engine               - isFileSystemWriteAllowed: true
10:49:37.028 [FXGL Background Thread 3 ] DEBUG Engine               - isFullScreenAllowed: true
10:49:37.028 [FXGL Background Thread 3 ] DEBUG Engine               - isFullScreenFromStart: false
10:49:37.028 [FXGL Background Thread 3 ] DEBUG Engine               - isGameMenuEnabled: true
10:49:37.028 [FXGL Background Thread 3 ] DEBUG Engine               - isIOS: false
10:49:37.028 [FXGL Background Thread 3 ] DEBUG Engine               - isIntroEnabled: false
10:49:37.029 [FXGL Background Thread 3 ] DEBUG Engine               - isLinux: false
10:49:37.029 [FXGL Background Thread 3 ] DEBUG Engine               - isMac: false
10:49:37.029 [FXGL Background Thread 3 ] DEBUG Engine               - isMainMenuEnabled: false
10:49:37.029 [FXGL Background Thread 3 ] DEBUG Engine               - isManualResizeEnabled: false
10:49:37.029 [FXGL Background Thread 3 ] DEBUG Engine               - isMobile: false
10:49:37.029 [FXGL Background Thread 3 ] DEBUG Engine               - isNative: false
10:49:37.029 [FXGL Background Thread 3 ] DEBUG Engine               - isPauseMusicWhenMinimized: true
10:49:37.029 [FXGL Background Thread 3 ] DEBUG Engine               - isPreserveResizeRatio: false
10:49:37.029 [FXGL Background Thread 3 ] DEBUG Engine               - isProfilingEnabled: false
10:49:37.029 [FXGL Background Thread 3 ] DEBUG Engine               - isScaleAffectedOnResize: true
10:49:37.029 [FXGL Background Thread 3 ] DEBUG Engine               - isSingleStep: false
10:49:37.029 [FXGL Background Thread 3 ] DEBUG Engine               - isUserProfileEnabled: false
10:49:37.029 [FXGL Background Thread 3 ] DEBUG Engine               - isWindows: true
10:49:37.029 [FXGL Background Thread 3 ] DEBUG Engine               - language: ObjectProperty [value: ENGLISH]
10:49:37.029 [FXGL Background Thread 3 ] DEBUG Engine               - menuKey: ESCAPE
10:49:37.029 [FXGL Background Thread 3 ] DEBUG Engine               - mouseSensitivity: 0.2
10:49:37.029 [FXGL Background Thread 3 ] DEBUG Engine               - notificationViewClass: class com.almasb.fxgl.notification.view.XboxNotificationView
10:49:37.029 [FXGL Background Thread 3 ] DEBUG Engine               - pixelsPerMeter: 50.0
10:49:37.029 [FXGL Background Thread 3 ] DEBUG Engine               - platform: WINDOWS
10:49:37.029 [FXGL Background Thread 3 ] DEBUG Engine               - prefHeightProperty: ReadOnlyDoubleProperty [value: 880.0]
10:49:37.029 [FXGL Background Thread 3 ] DEBUG Engine               - prefWidthProperty: ReadOnlyDoubleProperty [value: 1280.0]
10:49:37.029 [FXGL Background Thread 3 ] DEBUG Engine               - profileDir: profiles/
10:49:37.029 [FXGL Background Thread 3 ] DEBUG Engine               - profileName: StringProperty [value: DEFAULT]
10:49:37.029 [FXGL Background Thread 3 ] DEBUG Engine               - randomSeed: -1
10:49:37.029 [FXGL Background Thread 3 ] DEBUG Engine               - runtimeInfo: RuntimeInfo(platform=WINDOWS, version=25, build=05.02.2026 22.57)
10:49:37.029 [FXGL Background Thread 3 ] DEBUG Engine               - saveFileExt: sav
10:49:37.029 [FXGL Background Thread 3 ] DEBUG Engine               - scaledHeightProp$fxgl: DoubleProperty [bound, value: 880.0]
10:49:37.029 [FXGL Background Thread 3 ] DEBUG Engine               - scaledWidthProp$fxgl: DoubleProperty [bound, value: 1280.0]
10:49:37.029 [FXGL Background Thread 3 ] DEBUG Engine               - sceneFactory: com.almasb.fxgl.app.scene.SceneFactory@73b91504
10:49:37.029 [FXGL Background Thread 3 ] DEBUG Engine               - secondsIn24h: 60
10:49:37.029 [FXGL Background Thread 3 ] DEBUG Engine               - soundMenuBack: menu/back.wav
10:49:37.029 [FXGL Background Thread 3 ] DEBUG Engine               - soundMenuPress: menu/press.wav
10:49:37.029 [FXGL Background Thread 3 ] DEBUG Engine               - soundMenuSelect: menu/select.wav
10:49:37.029 [FXGL Background Thread 3 ] DEBUG Engine               - soundNotification: core/notification.wav
10:49:37.029 [FXGL Background Thread 3 ] DEBUG Engine               - stageStyle: DECORATED
10:49:37.029 [FXGL Background Thread 3 ] DEBUG Engine               - supportedLanguages: [ENGLISH, FRENCH, GERMAN, HUNGARIAN, RUSSIAN]
10:49:37.029 [FXGL Background Thread 3 ] DEBUG Engine               - ticksPerSecond: -1
10:49:37.030 [FXGL Background Thread 3 ] DEBUG Engine               - title: Mein erstes Game mit FXGL
10:49:37.030 [FXGL Background Thread 3 ] DEBUG Engine               - urlGithub: https://github.com/AlmasB/FXGL
10:49:37.030 [FXGL Background Thread 3 ] DEBUG Engine               - urlLeaderboard: http://fxgl-top.herokuapp.com/
10:49:37.030 [FXGL Background Thread 3 ] DEBUG Engine               - urlPOM: https://raw.githubusercontent.com/AlmasB/FXGL/release/README.md
10:49:37.030 [FXGL Background Thread 3 ] DEBUG Engine               - userAppClass: class btaahaus.spaceInvader.App
10:49:37.030 [FXGL Background Thread 3 ] DEBUG Engine               - version: 0.0.1
10:49:37.030 [FXGL Background Thread 3 ] DEBUG Engine               - versionCheckDays: 7
10:49:37.030 [FXGL Background Thread 3 ] DEBUG Engine               - width: 1280
10:49:37.030 [FXGL Background Thread 3 ] DEBUG Engine               - Logging services
10:49:37.030 [FXGL Background Thread 3 ] DEBUG Engine               - class com.almasb.fxgl.app.services.FXGLAssetLoaderService
10:49:37.030 [FXGL Background Thread 3 ] DEBUG Engine               - class com.almasb.fxgl.app.FXGLApplication$GameApplicationService
10:49:37.030 [FXGL Background Thread 3 ] DEBUG Engine               - class com.almasb.fxgl.app.services.FXGLDialogService
10:49:37.030 [FXGL Background Thread 3 ] DEBUG Engine               - class com.almasb.fxgl.app.services.IOTaskExecutorService
10:49:37.030 [FXGL Background Thread 3 ] DEBUG Engine               - class com.almasb.fxgl.io.FileSystemService
10:49:37.030 [FXGL Background Thread 3 ] DEBUG Engine               - class com.almasb.fxgl.localization.LocalizationService
10:49:37.030 [FXGL Background Thread 3 ] DEBUG Engine               - class com.almasb.fxgl.app.services.SystemBundleService
10:49:37.030 [FXGL Background Thread 3 ] DEBUG Engine               - class com.almasb.fxgl.profile.SaveLoadService
10:49:37.030 [FXGL Background Thread 3 ] DEBUG Engine               - class com.almasb.fxgl.ui.FXGLUIFactoryServiceProvider
10:49:37.030 [FXGL Background Thread 3 ] DEBUG Engine               - class com.almasb.fxgl.ui.FXGLDialogFactoryServiceProvider
10:49:37.030 [FXGL Background Thread 3 ] DEBUG Engine               - class com.almasb.fxgl.audio.AudioPlayer
10:49:37.030 [FXGL Background Thread 3 ] DEBUG Engine               - class com.almasb.fxgl.notification.impl.NotificationServiceProvider
10:49:37.030 [FXGL Background Thread 3 ] DEBUG Engine               - class com.almasb.fxgl.achievement.AchievementService
10:49:37.030 [FXGL Background Thread 3 ] DEBUG Engine               - class com.almasb.fxgl.cutscene.CutsceneService
10:49:37.030 [FXGL Background Thread 3 ] DEBUG Engine               - class com.almasb.fxgl.minigames.MiniGameService
10:49:37.030 [FXGL Background Thread 3 ] DEBUG Engine               - class com.almasb.fxgl.net.NetService
10:49:37.030 [FXGL Background Thread 3 ] DEBUG Engine               - class com.almasb.fxgl.app.services.UpdaterService
10:49:37.030 [FXGL Background Thread 3 ] DEBUG Engine               - class com.almasb.fxgl.dev.DevService
10:49:37.188 [JavaFX Application Thread] DEBUG FXGLAssetLoaderServi - Loading from file system: file:/C:/Users/Administrator/Dokumente/netBeansProjekt/spaceInvader/target/classes/assets/textures/fireBallSenkrecht.png
10:49:37.715 [JavaFX Application Thread] DEBUG FXGLAssetLoaderServi - Loading from file system: file:/C:/Users/Administrator/Dokumente/netBeansProjekt/spaceInvader/target/classes/assets/textures/fireBallSenkrecht.png
10:49:38.276 [JavaFX Application Thread] DEBUG FXGLAssetLoaderServi - Loading from file system: file:/C:/Users/Administrator/Dokumente/netBeansProjekt/spaceInvader/target/classes/assets/textures/fireBallSenkrecht.png
10:49:38.804 [JavaFX Application Thread] DEBUG FXGLAssetLoaderServi - Loading from file system: file:/C:/Users/Administrator/Dokumente/netBeansProjekt/spaceInvader/target/classes/assets/textures/fireBallSenkrecht.png
10:49:39.332 [JavaFX Application Thread] DEBUG FXGLAssetLoaderServi - Loading from file system: file:/C:/Users/Administrator/Dokumente/netBeansProjekt/spaceInvader/target/classes/assets/textures/fireBallSenkrecht.png
10:49:39.444 [JavaFX Application Thread] DEBUG FXGLAssetLoaderServi - Loading from file system: file:/C:/Users/Administrator/Dokumente/netBeansProjekt/spaceInvader/target/classes/assets/textures/bullet.png
10:49:39.891 [JavaFX Application Thread] DEBUG FXGLAssetLoaderServi - Loading from file system: file:/C:/Users/Administrator/Dokumente/netBeansProjekt/spaceInvader/target/classes/assets/textures/fireBallSenkrecht.png
10:49:40.436 [JavaFX Application Thread] DEBUG FXGLAssetLoaderServi - Loading from file system: file:/C:/Users/Administrator/Dokumente/netBeansProjekt/spaceInvader/target/classes/assets/textures/fireBallSenkrecht.png
10:49:40.995 [JavaFX Application Thread] DEBUG FXGLAssetLoaderServi - Loading from file system: file:/C:/Users/Administrator/Dokumente/netBeansProjekt/spaceInvader/target/classes/assets/textures/fireBallSenkrecht.png
10:49:41.540 [JavaFX Application Thread] DEBUG FXGLAssetLoaderServi - Loading from file system: file:/C:/Users/Administrator/Dokumente/netBeansProjekt/spaceInvader/target/classes/assets/textures/fireBallSenkrecht.png
10:49:42.084 [JavaFX Application Thread] DEBUG FXGLAssetLoaderServi - Loading from file system: file:/C:/Users/Administrator/Dokumente/netBeansProjekt/spaceInvader/target/classes/assets/textures/fireBallSenkrecht.png
10:49:42.628 [JavaFX Application Thread] DEBUG FXGLAssetLoaderServi - Loading from file system: file:/C:/Users/Administrator/Dokumente/netBeansProjekt/spaceInvader/target/classes/assets/textures/fireBallSenkrecht.png
10:49:42.834 [JavaFX Application Thread] DEBUG FXGLAssetLoaderServi - Loading from file system: file:/C:/Users/Administrator/Dokumente/netBeansProjekt/spaceInvader/target/classes/assets/textures/fireBallSenkrecht.png
10:49:42.897 [JavaFX Application Thread] DEBUG FXGLAssetLoaderServi - Loading from file system: file:/C:/Users/Administrator/Dokumente/netBeansProjekt/spaceInvader/target/classes/assets/textures/fireBallSenkrecht.png
10:49:43.431 [JavaFX Application Thread] DEBUG FXGLAssetLoaderServi - Loading from file system: file:/C:/Users/Administrator/Dokumente/netBeansProjekt/spaceInvader/target/classes/assets/textures/fireBallSenkrecht.png
10:49:43.963 [JavaFX Application Thread] DEBUG FXGLAssetLoaderServi - Loading from file system: file:/C:/Users/Administrator/Dokumente/netBeansProjekt/spaceInvader/target/classes/assets/textures/fireBallSenkrecht.png
10:49:44.311 [JavaFX Application Thread] DEBUG FXGLAssetLoaderServi - Loading from file system: file:/C:/Users/Administrator/Dokumente/netBeansProjekt/spaceInvader/target/classes/assets/textures/fireBallSenkrecht.png
10:49:44.837 [JavaFX Application Thread] DEBUG FXGLAssetLoaderServi - Loading from file system: file:/C:/Users/Administrator/Dokumente/netBeansProjekt/spaceInvader/target/classes/assets/textures/fireBallSenkrecht.png
10:49:44.946 [JavaFX Application Thread] DEBUG FXGLAssetLoaderServi - Loading from file system: file:/C:/Users/Administrator/Dokumente/netBeansProjekt/spaceInvader/target/classes/assets/textures/fireBallSenkrecht.png
10:49:45.457 [JavaFX Application Thread] DEBUG FXGLAssetLoaderServi - Loading from file system: file:/C:/Users/Administrator/Dokumente/netBeansProjekt/spaceInvader/target/classes/assets/textures/fireBallSenkrecht.png
10:49:45.521 [JavaFX Application Thread] DEBUG FXGLAssetLoaderServi - Loading from file system: file:/C:/Users/Administrator/Dokumente/netBeansProjekt/spaceInvader/target/classes/assets/textures/fireBallSenkrecht.png
10:49:46.050 [JavaFX Application Thread] DEBUG FXGLAssetLoaderServi - Loading from file system: file:/C:/Users/Administrator/Dokumente/netBeansProjekt/spaceInvader/target/classes/assets/textures/fireBallSenkrecht.png
10:49:46.580 [JavaFX Application Thread] DEBUG FXGLAssetLoaderServi - Loading from file system: file:/C:/Users/Administrator/Dokumente/netBeansProjekt/spaceInvader/target/classes/assets/textures/fireBallSenkrecht.png
10:49:47.158 [JavaFX Application Thread] DEBUG FXGLAssetLoaderServi - Loading from file system: file:/C:/Users/Administrator/Dokumente/netBeansProjekt/spaceInvader/target/classes/assets/textures/fireBallSenkrecht.png
10:49:47.362 [JavaFX Application Thread] DEBUG FXGLAssetLoaderServi - Loading from file system: file:/C:/Users/Administrator/Dokumente/netBeansProjekt/spaceInvader/target/classes/assets/textures/fireBallSenkrecht.png
10:49:47.612 [JavaFX Application Thread] DEBUG FXGLAssetLoaderServi - Loading from file system: file:/C:/Users/Administrator/Dokumente/netBeansProjekt/spaceInvader/target/classes/assets/textures/fireBallSenkrecht.png
10:49:48.137 [JavaFX Application Thread] DEBUG FXGLAssetLoaderServi - Loading from file system: file:/C:/Users/Administrator/Dokumente/netBeansProjekt/spaceInvader/target/classes/assets/textures/fireBallSenkrecht.png
10:49:48.529 [JavaFX Application Thread] DEBUG FXGLAssetLoaderServi - Loading from file system: file:/C:/Users/Administrator/Dokumente/netBeansProjekt/spaceInvader/target/classes/assets/textures/fireBallSenkrecht.png
10:49:49.093 [JavaFX Application Thread] DEBUG FXGLAssetLoaderServi - Loading from file system: file:/C:/Users/Administrator/Dokumente/netBeansProjekt/spaceInvader/target/classes/assets/textures/fireBallSenkrecht.png
10:49:49.546 [JavaFX Application Thread] DEBUG FXGLAssetLoaderServi - Loading from file system: file:/C:/Users/Administrator/Dokumente/netBeansProjekt/spaceInvader/target/classes/assets/textures/fireBallSenkrecht.png
10:49:49.813 [JavaFX Application Thread] DEBUG FXGLAssetLoaderServi - Loading from file system: file:/C:/Users/Administrator/Dokumente/netBeansProjekt/spaceInvader/target/classes/assets/textures/fireBallSenkrecht.png
10:49:50.357 [JavaFX Application Thread] DEBUG FXGLAssetLoaderServi - Loading from file system: file:/C:/Users/Administrator/Dokumente/netBeansProjekt/spaceInvader/target/classes/assets/textures/fireBallSenkrecht.png
10:49:50.529 [JavaFX Application Thread] DEBUG FXGLAssetLoaderServi - Loading from file system: file:/C:/Users/Administrator/Dokumente/netBeansProjekt/spaceInvader/target/classes/assets/textures/fireBallSenkrecht.png
10:49:51.014 [JavaFX Application Thread] DEBUG FXGLAssetLoaderServi - Loading from file system: file:/C:/Users/Administrator/Dokumente/netBeansProjekt/spaceInvader/target/classes/assets/textures/fireBallSenkrecht.png
10:49:51.246 [JavaFX Application Thread] DEBUG FXGLAssetLoaderServi - Loading from file system: file:/C:/Users/Administrator/Dokumente/netBeansProjekt/spaceInvader/target/classes/assets/textures/fireBallSenkrecht.png
10:49:51.602 [JavaFX Application Thread] DEBUG FXGLAssetLoaderServi - Loading from file system: file:/C:/Users/Administrator/Dokumente/netBeansProjekt/spaceInvader/target/classes/assets/textures/fireBallSenkrecht.png
10:49:51.681 [JavaFX Application Thread] DEBUG FXGLAssetLoaderServi - Loading from file system: file:/C:/Users/Administrator/Dokumente/netBeansProjekt/spaceInvader/target/classes/assets/textures/fireBallSenkrecht.png
10:49:51.945 [JavaFX Application Thread] DEBUG FXGLAssetLoaderServi - Loading from file system: file:/C:/Users/Administrator/Dokumente/netBeansProjekt/spaceInvader/target/classes/assets/textures/fireBallSenkrecht.png
10:49:52.098 [JavaFX Application Thread] DEBUG FXGLAssetLoaderServi - Loading from file system: file:/C:/Users/Administrator/Dokumente/netBeansProjekt/spaceInvader/target/classes/assets/textures/fireBallSenkrecht.png
10:49:52.692 [JavaFX Application Thread] DEBUG FXGLAssetLoaderServi - Loading from file system: file:/C:/Users/Administrator/Dokumente/netBeansProjekt/spaceInvader/target/classes/assets/textures/fireBallSenkrecht.png
10:49:52.755 [JavaFX Application Thread] DEBUG FXGLAssetLoaderServi - Loading from file system: file:/C:/Users/Administrator/Dokumente/netBeansProjekt/spaceInvader/target/classes/assets/textures/fireBallSenkrecht.png
10:49:53.200 [JavaFX Application Thread] DEBUG FXGLAssetLoaderServi - Loading from file system: file:/C:/Users/Administrator/Dokumente/netBeansProjekt/spaceInvader/target/classes/assets/textures/fireBallSenkrecht.png
10:49:53.267 [JavaFX Application Thread] DEBUG FXGLAssetLoaderServi - Loading from file system: file:/C:/Users/Administrator/Dokumente/netBeansProjekt/spaceInvader/target/classes/assets/textures/fireBallSenkrecht.png
10:49:53.797 [JavaFX Application Thread] DEBUG FXGLAssetLoaderServi - Loading from file system: file:/C:/Users/Administrator/Dokumente/netBeansProjekt/spaceInvader/target/classes/assets/textures/fireBallSenkrecht.png
10:49:53.845 [JavaFX Application Thread] DEBUG FXGLAssetLoaderServi - Loading from file system: file:/C:/Users/Administrator/Dokumente/netBeansProjekt/spaceInvader/target/classes/assets/textures/fireBallSenkrecht.png
10:49:53.876 [JavaFX Application Thread] DEBUG FXGLAssetLoaderServi - Loading from file system: file:/C:/Users/Administrator/Dokumente/netBeansProjekt/spaceInvader/target/classes/assets/textures/fireBallSenkrecht.png
10:49:54.406 [JavaFX Application Thread] DEBUG FXGLAssetLoaderServi - Loading from file system: file:/C:/Users/Administrator/Dokumente/netBeansProjekt/spaceInvader/target/classes/assets/textures/fireBallSenkrecht.png
10:49:54.579 [JavaFX Application Thread] DEBUG FXGLAssetLoaderServi - Loading from file system: file:/C:/Users/Administrator/Dokumente/netBeansProjekt/spaceInvader/target/classes/assets/textures/fireBallSenkrecht.png
10:49:55.095 [JavaFX Application Thread] DEBUG FXGLAssetLoaderServi - Loading from file system: file:/C:/Users/Administrator/Dokumente/netBeansProjekt/spaceInvader/target/classes/assets/textures/fireBallSenkrecht.png
10:49:55.641 [JavaFX Application Thread] DEBUG FXGLAssetLoaderServi - Loading from file system: file:/C:/Users/Administrator/Dokumente/netBeansProjekt/spaceInvader/target/classes/assets/textures/fireBallSenkrecht.png
10:49:56.171 [JavaFX Application Thread] DEBUG FXGLAssetLoaderServi - Loading from file system: file:/C:/Users/Administrator/Dokumente/netBeansProjekt/spaceInvader/target/classes/assets/textures/fireBallSenkrecht.png
10:49:56.547 [JavaFX Application Thread] DEBUG FXGLAssetLoaderServi - Loading from file system: file:/C:/Users/Administrator/Dokumente/netBeansProjekt/spaceInvader/target/classes/assets/textures/fireBallSenkrecht.png
10:49:57.091 [JavaFX Application Thread] DEBUG FXGLAssetLoaderServi - Loading from file system: file:/C:/Users/Administrator/Dokumente/netBeansProjekt/spaceInvader/target/classes/assets/textures/fireBallSenkrecht.png
10:49:57.604 [JavaFX Application Thread] DEBUG FXGLAssetLoaderServi - Loading from file system: file:/C:/Users/Administrator/Dokumente/netBeansProjekt/spaceInvader/target/classes/assets/textures/fireBallSenkrecht.png
10:49:57.714 [JavaFX Application Thread] DEBUG FXGLAssetLoaderServi - Loading from file system: file:/C:/Users/Administrator/Dokumente/netBeansProjekt/spaceInvader/target/classes/assets/textures/fireBallSenkrecht.png
10:49:58.258 [JavaFX Application Thread] DEBUG FXGLAssetLoaderServi - Loading from file system: file:/C:/Users/Administrator/Dokumente/netBeansProjekt/spaceInvader/target/classes/assets/textures/fireBallSenkrecht.png
10:49:58.323 [JavaFX Application Thread] DEBUG FXGLAssetLoaderServi - Loading from file system: file:/C:/Users/Administrator/Dokumente/netBeansProjekt/spaceInvader/target/classes/assets/textures/fireBallSenkrecht.png
10:49:58.529 [JavaFX Application Thread] DEBUG FXGLAssetLoaderServi - Loading from file system: file:/C:/Users/Administrator/Dokumente/netBeansProjekt/spaceInvader/target/classes/assets/textures/fireBallSenkrecht.png
10:49:59.059 [JavaFX Application Thread] DEBUG FXGLAssetLoaderServi - Loading from file system: file:/C:/Users/Administrator/Dokumente/netBeansProjekt/spaceInvader/target/classes/assets/textures/fireBallSenkrecht.png
10:49:59.603 [JavaFX Application Thread] DEBUG FXGLAssetLoaderServi - Loading from file system: file:/C:/Users/Administrator/Dokumente/netBeansProjekt/spaceInvader/target/classes/assets/textures/fireBallSenkrecht.png
10:49:59.649 [JavaFX Application Thread] DEBUG FXGLAssetLoaderServi - Loading from file system: file:/C:/Users/Administrator/Dokumente/netBeansProjekt/spaceInvader/target/classes/assets/textures/fireBallSenkrecht.png
10:50:00.180 [JavaFX Application Thread] DEBUG FXGLAssetLoaderServi - Loading from file system: file:/C:/Users/Administrator/Dokumente/netBeansProjekt/spaceInvader/target/classes/assets/textures/fireBallSenkrecht.png
10:50:00.528 [JavaFX Application Thread] DEBUG FXGLAssetLoaderServi - Loading from file system: file:/C:/Users/Administrator/Dokumente/netBeansProjekt/spaceInvader/target/classes/assets/textures/fireBallSenkrecht.png
10:50:00.802 [JavaFX Application Thread] DEBUG FXGLAssetLoaderServi - Loading from file system: file:/C:/Users/Administrator/Dokumente/netBeansProjekt/spaceInvader/target/classes/assets/textures/fireBallSenkrecht.png
10:50:01.129 [JavaFX Application Thread] DEBUG FXGLAssetLoaderServi - Loading from file system: file:/C:/Users/Administrator/Dokumente/netBeansProjekt/spaceInvader/target/classes/assets/textures/fireBallSenkrecht.png
10:50:01.691 [JavaFX Application Thread] DEBUG FXGLAssetLoaderServi - Loading from file system: file:/C:/Users/Administrator/Dokumente/netBeansProjekt/spaceInvader/target/classes/assets/textures/fireBallSenkrecht.png
10:50:02.018 [JavaFX Application Thread] DEBUG FXGLAssetLoaderServi - Loading from file system: file:/C:/Users/Administrator/Dokumente/netBeansProjekt/spaceInvader/target/classes/assets/textures/fireBallSenkrecht.png
10:50:02.532 [JavaFX Application Thread] DEBUG FXGLAssetLoaderServi - Loading from file system: file:/C:/Users/Administrator/Dokumente/netBeansProjekt/spaceInvader/target/classes/assets/textures/fireBallSenkrecht.png
10:50:03.062 [JavaFX Application Thread] DEBUG FXGLAssetLoaderServi - Loading from file system: file:/C:/Users/Administrator/Dokumente/netBeansProjekt/spaceInvader/target/classes/assets/textures/fireBallSenkrecht.png
10:50:03.528 [JavaFX Application Thread] DEBUG FXGLAssetLoaderServi - Loading from file system: file:/C:/Users/Administrator/Dokumente/netBeansProjekt/spaceInvader/target/classes/assets/textures/fireBallSenkrecht.png
10:50:04.047 [JavaFX Application Thread] DEBUG FXGLAssetLoaderServi - Loading from file system: file:/C:/Users/Administrator/Dokumente/netBeansProjekt/spaceInvader/target/classes/assets/textures/fireBallSenkrecht.png
10:50:04.451 [JavaFX Application Thread] DEBUG FXGLAssetLoaderServi - Loading from file system: file:/C:/Users/Administrator/Dokumente/netBeansProjekt/spaceInvader/target/classes/assets/textures/fireBallSenkrecht.png
10:50:04.982 [JavaFX Application Thread] DEBUG FXGLAssetLoaderServi - Loading from file system: file:/C:/Users/Administrator/Dokumente/netBeansProjekt/spaceInvader/target/classes/assets/textures/fireBallSenkrecht.png
10:50:05.013 [JavaFX Application Thread] DEBUG FXGLAssetLoaderServi - Loading from file system: file:/C:/Users/Administrator/Dokumente/netBeansProjekt/spaceInvader/target/classes/assets/textures/fireBallSenkrecht.png
10:50:05.545 [JavaFX Application Thread] DEBUG FXGLAssetLoaderServi - Loading from file system: file:/C:/Users/Administrator/Dokumente/netBeansProjekt/spaceInvader/target/classes/assets/textures/fireBallSenkrecht.png
10:50:05.715 [JavaFX Application Thread] DEBUG FXGLAssetLoaderServi - Loading from file system: file:/C:/Users/Administrator/Dokumente/netBeansProjekt/spaceInvader/target/classes/assets/textures/fireBallSenkrecht.png
10:50:06.230 [JavaFX Application Thread] DEBUG FXGLAssetLoaderServi - Loading from file system: file:/C:/Users/Administrator/Dokumente/netBeansProjekt/spaceInvader/target/classes/assets/textures/fireBallSenkrecht.png
10:50:06.791 [JavaFX Application Thread] DEBUG FXGLAssetLoaderServi - Loading from file system: file:/C:/Users/Administrator/Dokumente/netBeansProjekt/spaceInvader/target/classes/assets/textures/fireBallSenkrecht.png
10:50:06.980 [JavaFX Application Thread] DEBUG FXGLAssetLoaderServi - Loading from file system: file:/C:/Users/Administrator/Dokumente/netBeansProjekt/spaceInvader/target/classes/assets/textures/fireBallSenkrecht.png
10:50:07.479 [JavaFX Application Thread] DEBUG FXGLAssetLoaderServi - Loading from file system: file:/C:/Users/Administrator/Dokumente/netBeansProjekt/spaceInvader/target/classes/assets/textures/fireBallSenkrecht.png
10:50:07.666 [JavaFX Application Thread] DEBUG FXGLAssetLoaderServi - Loading from file system: file:/C:/Users/Administrator/Dokumente/netBeansProjekt/spaceInvader/target/classes/assets/textures/fireBallSenkrecht.png
10:50:08.195 [JavaFX Application Thread] DEBUG FXGLAssetLoaderServi - Loading from file system: file:/C:/Users/Administrator/Dokumente/netBeansProjekt/spaceInvader/target/classes/assets/textures/fireBallSenkrecht.png
10:50:08.481 [JavaFX Application Thread] DEBUG FXGLAssetLoaderServi - Loading from file system: file:/C:/Users/Administrator/Dokumente/netBeansProjekt/spaceInvader/target/classes/assets/textures/fireBallSenkrecht.png
10:50:08.711 [JavaFX Application Thread] DEBUG FXGLAssetLoaderServi - Loading from file system: file:/C:/Users/Administrator/Dokumente/netBeansProjekt/spaceInvader/target/classes/assets/textures/fireBallSenkrecht.png
10:50:08.914 [JavaFX Application Thread] DEBUG FXGLAssetLoaderServi - Loading from file system: file:/C:/Users/Administrator/Dokumente/netBeansProjekt/spaceInvader/target/classes/assets/textures/fireBallSenkrecht.png
10:50:09.491 [JavaFX Application Thread] DEBUG FXGLAssetLoaderServi - Loading from file system: file:/C:/Users/Administrator/Dokumente/netBeansProjekt/spaceInvader/target/classes/assets/textures/fireBallSenkrecht.png
10:50:09.895 [JavaFX Application Thread] DEBUG FXGLAssetLoaderServi - Loading from file system: file:/C:/Users/Administrator/Dokumente/netBeansProjekt/spaceInvader/target/classes/assets/textures/fireBallSenkrecht.png
10:50:10.412 [JavaFX Application Thread] DEBUG FXGLAssetLoaderServi - Loading from file system: file:/C:/Users/Administrator/Dokumente/netBeansProjekt/spaceInvader/target/classes/assets/textures/fireBallSenkrecht.png
10:50:10.979 [JavaFX Application Thread] DEBUG FXGLAssetLoaderServi - Loading from file system: file:/C:/Users/Administrator/Dokumente/netBeansProjekt/spaceInvader/target/classes/assets/textures/fireBallSenkrecht.png
10:50:11.042 [JavaFX Application Thread] DEBUG FXGLAssetLoaderServi - Loading from file system: file:/C:/Users/Administrator/Dokumente/netBeansProjekt/spaceInvader/target/classes/assets/textures/fireBallSenkrecht.png
10:50:11.087 [JavaFX Application Thread] DEBUG FXGLAssetLoaderServi - Loading from file system: file:/C:/Users/Administrator/Dokumente/netBeansProjekt/spaceInvader/target/classes/assets/textures/fireBallSenkrecht.png
10:50:11.621 [JavaFX Application Thread] DEBUG FXGLAssetLoaderServi - Loading from file system: file:/C:/Users/Administrator/Dokumente/netBeansProjekt/spaceInvader/target/classes/assets/textures/fireBallSenkrecht.png
10:50:12.113 [JavaFX Application Thread] DEBUG FXGLAssetLoaderServi - Loading from file system: file:/C:/Users/Administrator/Dokumente/netBeansProjekt/spaceInvader/target/classes/assets/textures/fireBallSenkrecht.png
10:50:12.171 [JavaFX Application Thread] DEBUG FXGLAssetLoaderServi - Loading from file system: file:/C:/Users/Administrator/Dokumente/netBeansProjekt/spaceInvader/target/classes/assets/textures/fireBallSenkrecht.png
10:50:12.499 [JavaFX Application Thread] DEBUG FXGLAssetLoaderServi - Loading from file system: file:/C:/Users/Administrator/Dokumente/netBeansProjekt/spaceInvader/target/classes/assets/textures/fireBallSenkrecht.png
10:50:13.030 [JavaFX Application Thread] DEBUG FXGLAssetLoaderServi - Loading from file system: file:/C:/Users/Administrator/Dokumente/netBeansProjekt/spaceInvader/target/classes/assets/textures/fireBallSenkrecht.png
10:50:13.266 [JavaFX Application Thread] DEBUG FXGLAssetLoaderServi - Loading from file system: file:/C:/Users/Administrator/Dokumente/netBeansProjekt/spaceInvader/target/classes/assets/textures/fireBallSenkrecht.png
10:50:13.361 [JavaFX Application Thread] DEBUG FXGLAssetLoaderServi - Loading from file system: file:/C:/Users/Administrator/Dokumente/netBeansProjekt/spaceInvader/target/classes/assets/textures/fireBallSenkrecht.png
10:50:13.762 [JavaFX Application Thread] DEBUG FXGLAssetLoaderServi - Loading from file system: file:/C:/Users/Administrator/Dokumente/netBeansProjekt/spaceInvader/target/classes/assets/textures/fireBallSenkrecht.png
10:50:14.307 [JavaFX Application Thread] DEBUG FXGLAssetLoaderServi - Loading from file system: file:/C:/Users/Administrator/Dokumente/netBeansProjekt/spaceInvader/target/classes/assets/textures/fireBallSenkrecht.png
10:50:14.869 [JavaFX Application Thread] DEBUG FXGLAssetLoaderServi - Loading from file system: file:/C:/Users/Administrator/Dokumente/netBeansProjekt/spaceInvader/target/classes/assets/textures/fireBallSenkrecht.png
10:50:14.962 [JavaFX Application Thread] DEBUG FXGLAssetLoaderServi - Loading from file system: file:/C:/Users/Administrator/Dokumente/netBeansProjekt/spaceInvader/target/classes/assets/textures/fireBallSenkrecht.png
10:50:15.541 [JavaFX Application Thread] DEBUG FXGLAssetLoaderServi - Loading from file system: file:/C:/Users/Administrator/Dokumente/netBeansProjekt/spaceInvader/target/classes/assets/textures/fireBallSenkrecht.png
10:50:16.072 [JavaFX Application Thread] DEBUG FXGLAssetLoaderServi - Loading from file system: file:/C:/Users/Administrator/Dokumente/netBeansProjekt/spaceInvader/target/classes/assets/textures/fireBallSenkrecht.png
10:50:16.538 [JavaFX Application Thread] DEBUG FXGLAssetLoaderServi - Loading from file system: file:/C:/Users/Administrator/Dokumente/netBeansProjekt/spaceInvader/target/classes/assets/textures/fireBallSenkrecht.png
10:50:16.803 [JavaFX Application Thread] DEBUG FXGLAssetLoaderServi - Loading from file system: file:/C:/Users/Administrator/Dokumente/netBeansProjekt/spaceInvader/target/classes/assets/textures/fireBallSenkrecht.png
10:50:17.335 [JavaFX Application Thread] DEBUG FXGLAssetLoaderServi - Loading from file system: file:/C:/Users/Administrator/Dokumente/netBeansProjekt/spaceInvader/target/classes/assets/textures/fireBallSenkrecht.png
10:50:17.428 [JavaFX Application Thread] DEBUG FXGLAssetLoaderServi - Loading from file system: file:/C:/Users/Administrator/Dokumente/netBeansProjekt/spaceInvader/target/classes/assets/textures/fireBallSenkrecht.png
10:50:17.973 [JavaFX Application Thread] DEBUG FXGLAssetLoaderServi - Loading from file system: file:/C:/Users/Administrator/Dokumente/netBeansProjekt/spaceInvader/target/classes/assets/textures/fireBallSenkrecht.png
10:50:18.114 [JavaFX Application Thread] DEBUG FXGLAssetLoaderServi - Loading from file system: file:/C:/Users/Administrator/Dokumente/netBeansProjekt/spaceInvader/target/classes/assets/textures/fireBallSenkrecht.png
10:50:18.646 [JavaFX Application Thread] DEBUG FXGLAssetLoaderServi - Loading from file system: file:/C:/Users/Administrator/Dokumente/netBeansProjekt/spaceInvader/target/classes/assets/textures/fireBallSenkrecht.png
10:50:19.149 [JavaFX Application Thread] DEBUG FXGLAssetLoaderServi - Loading from file system: file:/C:/Users/Administrator/Dokumente/netBeansProjekt/spaceInvader/target/classes/assets/textures/fireBallSenkrecht.png
10:50:19.212 [JavaFX Application Thread] DEBUG FXGLAssetLoaderServi - Loading from file system: file:/C:/Users/Administrator/Dokumente/netBeansProjekt/spaceInvader/target/classes/assets/textures/fireBallSenkrecht.png
10:50:19.362 [JavaFX Application Thread] DEBUG FXGLAssetLoaderServi - Loading from file system: file:/C:/Users/Administrator/Dokumente/netBeansProjekt/spaceInvader/target/classes/assets/textures/fireBallSenkrecht.png
10:50:19.960 [JavaFX Application Thread] DEBUG FXGLAssetLoaderServi - Loading from file system: file:/C:/Users/Administrator/Dokumente/netBeansProjekt/spaceInvader/target/classes/assets/textures/fireBallSenkrecht.png
10:50:20.146 [JavaFX Application Thread] DEBUG FXGLAssetLoaderServi - Loading from file system: file:/C:/Users/Administrator/Dokumente/netBeansProjekt/spaceInvader/target/classes/assets/textures/fireBallSenkrecht.png
10:50:20.488 [JavaFX Application Thread] DEBUG FXGLAssetLoaderServi - Loading from file system: file:/C:/Users/Administrator/Dokumente/netBeansProjekt/spaceInvader/target/classes/assets/textures/fireBallSenkrecht.png
10:50:20.988 [JavaFX Application Thread] DEBUG FXGLAssetLoaderServi - Loading from file system: file:/C:/Users/Administrator/Dokumente/netBeansProjekt/spaceInvader/target/classes/assets/textures/fireBallSenkrecht.png
10:50:21.283 [JavaFX Application Thread] DEBUG FXGLAssetLoaderServi - Loading from file system: file:/C:/Users/Administrator/Dokumente/netBeansProjekt/spaceInvader/target/classes/assets/textures/fireBallSenkrecht.png
10:50:21.813 [JavaFX Application Thread] DEBUG FXGLAssetLoaderServi - Loading from file system: file:/C:/Users/Administrator/Dokumente/netBeansProjekt/spaceInvader/target/classes/assets/textures/fireBallSenkrecht.png
10:50:22.357 [JavaFX Application Thread] DEBUG FXGLAssetLoaderServi - Loading from file system: file:/C:/Users/Administrator/Dokumente/netBeansProjekt/spaceInvader/target/classes/assets/textures/fireBallSenkrecht.png
10:50:22.889 [JavaFX Application Thread] DEBUG FXGLAssetLoaderServi - Loading from file system: file:/C:/Users/Administrator/Dokumente/netBeansProjekt/spaceInvader/target/classes/assets/textures/fireBallSenkrecht.png
10:50:23.098 [JavaFX Application Thread] DEBUG FXGLAssetLoaderServi - Loading from file system: file:/C:/Users/Administrator/Dokumente/netBeansProjekt/spaceInvader/target/classes/assets/textures/fireBallSenkrecht.png
10:50:23.621 [JavaFX Application Thread] DEBUG FXGLAssetLoaderServi - Loading from file system: file:/C:/Users/Administrator/Dokumente/netBeansProjekt/spaceInvader/target/classes/assets/textures/fireBallSenkrecht.png
10:50:23.747 [JavaFX Application Thread] DEBUG FXGLAssetLoaderServi - Loading from file system: file:/C:/Users/Administrator/Dokumente/netBeansProjekt/spaceInvader/target/classes/assets/textures/fireBallSenkrecht.png
10:50:24.292 [JavaFX Application Thread] DEBUG FXGLAssetLoaderServi - Loading from file system: file:/C:/Users/Administrator/Dokumente/netBeansProjekt/spaceInvader/target/classes/assets/textures/fireBallSenkrecht.png
10:50:24.822 [JavaFX Application Thread] DEBUG FXGLAssetLoaderServi - Loading from file system: file:/C:/Users/Administrator/Dokumente/netBeansProjekt/spaceInvader/target/classes/assets/textures/fireBallSenkrecht.png
10:50:25.323 [JavaFX Application Thread] DEBUG FXGLAssetLoaderServi - Loading from file system: file:/C:/Users/Administrator/Dokumente/netBeansProjekt/spaceInvader/target/classes/assets/textures/fireBallSenkrecht.png
10:50:25.681 [JavaFX Application Thread] DEBUG FXGLAssetLoaderServi - Loading from file system: file:/C:/Users/Administrator/Dokumente/netBeansProjekt/spaceInvader/target/classes/assets/textures/fireBallSenkrecht.png
10:50:26.115 [JavaFX Application Thread] DEBUG FXGLAssetLoaderServi - Loading from file system: file:/C:/Users/Administrator/Dokumente/netBeansProjekt/spaceInvader/target/classes/assets/textures/fireBallSenkrecht.png
10:50:26.614 [JavaFX Application Thread] DEBUG FXGLAssetLoaderServi - Loading from file system: file:/C:/Users/Administrator/Dokumente/netBeansProjekt/spaceInvader/target/classes/assets/textures/fireBallSenkrecht.png
10:50:26.980 [JavaFX Application Thread] DEBUG FXGLAssetLoaderServi - Loading from file system: file:/C:/Users/Administrator/Dokumente/netBeansProjekt/spaceInvader/target/classes/assets/textures/fireBallSenkrecht.png
10:50:27.540 [JavaFX Application Thread] DEBUG FXGLAssetLoaderServi - Loading from file system: file:/C:/Users/Administrator/Dokumente/netBeansProjekt/spaceInvader/target/classes/assets/textures/fireBallSenkrecht.png
10:50:27.988 [JavaFX Application Thread] DEBUG FXGLApplication      - Exiting FXGL
10:50:27.988 [JavaFX Application Thread] DEBUG LoopRunner           - Stopping loop
10:50:27.988 [JavaFX Application Thread] DEBUG SystemBundleService  - Saving FXGL system data
10:50:27.989 [JavaFX Application Thread] DEBUG FileSystemAccess     - Writing to: C:\Users\Administrator\Dokumente\netBeansProjekt\spaceInvader\system\fxgl.bundle
10:50:27.991 [JavaFX Application Thread] DEBUG Async                - Shutting down background threads
10:50:27.991 [JavaFX Application Thread] DEBUG PrimaryStageWindow   - Closing main window
10:50:27.998 [JavaFX Application Thread] DEBUG Logger               - Closing Logger
