08:47:26.367 [main                     ] DEBUG Logger               - Configured Logger
08:47:26.377 [main                     ] DEBUG GameApplication      - Logging settings
Title: Mein erstes Game mit FXGL
Version: 0.0.1
Width: 1280
Height: 880
Fullscreen: true
Intro: false
Profiling: false
Single step:false
App Mode: DEVELOPER
Menu Key: ESCAPE
Stage Style: DECORATED
Scene Factory: class com.almasb.fxgl.app.scene.SceneFactory

08:47:26.865 [JavaFX Application Thread] DEBUG FXGLApplication      - Initializing FXGL
08:47:26.870 [JavaFX Application Thread] INFO  Engine               - FXGL-25 (05.02.2026 22.57) on WINDOWS (J:25.0.2 FX:25.0.1)
08:47:26.871 [JavaFX Application Thread] DEBUG Engine               - JRE Vendor Name: Eclipse Adoptium
08:47:26.871 [JavaFX Application Thread] DEBUG Engine               - Running on OS: Windows 10 version 10.0
08:47:26.871 [JavaFX Application Thread] DEBUG Engine               - Architecture: amd64
08:47:26.871 [JavaFX Application Thread] INFO  Engine               - Source code and latest versions at: https://github.com/AlmasB/FXGL
08:47:26.871 [JavaFX Application Thread] INFO  Engine               -       Ask questions and discuss at: https://github.com/AlmasB/FXGL/discussions
08:47:27.030 [JavaFX Application Thread] DEBUG PrimaryStageWindow   - Creating a JavaFX scene
08:47:27.101 [JavaFX Application Thread] DEBUG PrimaryStageWindow   - Target settings size: 1280.0 x 880.0
08:47:27.101 [JavaFX Application Thread] DEBUG PrimaryStageWindow   - Scaled scene size:    1280.0 x 880.0
08:47:27.102 [JavaFX Application Thread] DEBUG PrimaryStageWindow   - Scaled ratio: (1.0, 1.0)
08:47:27.103 [JavaFX Application Thread] DEBUG PrimaryStageWindow   - Set initial scene to FXGLStartupScene
08:47:27.112 [JavaFX Application Thread] DEBUG PrimaryStageWindow   - Opening main window
08:47:27.523 [JavaFX Application Thread] DEBUG PrimaryStageWindow   - Window border size: (16.0, 39.0)
08:47:27.523 [JavaFX Application Thread] DEBUG PrimaryStageWindow   - Scaled size: 1280.0 x 880.0
08:47:27.524 [JavaFX Application Thread] DEBUG PrimaryStageWindow   - Scaled ratio: (1.0, 1.0)
08:47:27.524 [JavaFX Application Thread] DEBUG PrimaryStageWindow   - Scene size: 1280.0 x 880.0
08:47:27.524 [JavaFX Application Thread] DEBUG PrimaryStageWindow   - Stage size: 1296.0 x 919.0
08:47:27.535 [FXGL Background Thread 1 ] DEBUG Engine               - Initializing environment variables
08:47:27.600 [FXGL Background Thread 1 ] DEBUG FXGLAssetLoaderServi - User app class for loading assets: class btaahaus.spaceInvader.App
08:47:27.601 [FXGL Background Thread 1 ] DEBUG GameApplicationServi - Applying CSS: fxgl_dark.css
08:47:27.601 [FXGL Background Thread 1 ] DEBUG FXGLAssetLoaderServi - Loading from file system: jar:file:/C:/Users/Gerighausen/.m2/repository/com/github/almasb/fxgl/25/fxgl-25.jar!/fxglassets/ui/css/fxgl_dark.css
08:47:27.665 [FXGL Background Thread 1 ] DEBUG GameApplicationServi - Initializing application scenes
08:47:27.764 [FXGL Background Thread 1 ] DEBUG GameWorld            - Game world initialized
08:47:27.818 [FXGL Background Thread 1 ] DEBUG PhysicsWorld         - Physics world initialized: appHeight=880, physics.ppm=50,0
08:47:27.818 [FXGL Background Thread 1 ] DEBUG PhysicsWorld         - Using strategy: BRUTE_FORCE
08:47:27.827 [FXGL Background Thread 1 ] DEBUG GameScene            - Game scene initialized: 1280x880
08:47:27.840 [FXGL Background Thread 1 ] DEBUG FXGL.DefaultMenu     - createMenuBodyGameMenu()
08:47:27.864 [FXGL Background Thread 1 ] DEBUG FXGL.DefaultMenu     - createOptionsMenu()
08:47:27.876 [FXGL Background Thread 1 ] DEBUG FXGLAssetLoaderServi - Loading from file system: jar:file:/C:/Users/Gerighausen/.m2/repository/com/github/almasb/fxgl/25/fxgl-25.jar!/fxglassets/textures/particles/smoke.png
08:47:27.978 [FXGL Background Thread 1 ] DEBUG FXGLAssetLoaderServi - Loading from file system: jar:file:/C:/Users/Gerighausen/.m2/repository/com/github/almasb/fxgl/25/fxgl-25.jar!/fxglassets/textures/particles/trace_horizontal.png
08:47:28.008 [FXGL Background Thread 1 ] DEBUG GameApplicationServi - Application scenes initialized
08:47:28.025 [FXGL Background Thread 1 ] DEBUG SystemBundleService  - Loading FXGL system data
08:47:28.029 [FXGL Background Thread 1 ] DEBUG FileSystemAccess     - Reading from: C:\Users\Gerighausen\Documents\NetBeansProjects\spaceInvader\system\fxgl.bundle
08:47:28.036 [FXGL Background Thread 1 ] DEBUG SystemBundleService  - Bundle FXGL: {}
08:47:28.036 [FXGL Background Thread 1 ] DEBUG UpdaterService       - Checking for updates
08:47:28.044 [FXGL Background Thread 1 ] DEBUG FXGLApplication      - Loading default localization
08:47:28.045 [FXGL Background Thread 1 ] DEBUG FXGLAssetLoaderServi - Loading from file system: jar:file:/C:/Users/Gerighausen/.m2/repository/com/github/almasb/fxgl/25/fxgl-25.jar!/fxglassets/languages/english.lang
08:47:28.047 [FXGL Background Thread 4 ] DEBUG FXGLApplication      - Loading fonts
08:47:28.048 [FXGL Background Thread 4 ] DEBUG FXGLAssetLoaderServi - Loading from file system: jar:file:/C:/Users/Gerighausen/.m2/repository/com/github/almasb/fxgl/25/fxgl-25.jar!/fxglassets/ui/fonts/VarelaRound-Regular.ttf
08:47:28.059 [FXGL Background Thread 1 ] INFO  FXGLApplication      - FXGL initialization took: 0,525 sec
08:47:28.069 [JavaFX Application Thread] DEBUG Input                - Registered new binding: right - D
08:47:28.069 [JavaFX Application Thread] DEBUG Input                - Registered new binding: left - A
08:47:28.069 [JavaFX Application Thread] DEBUG Input                - Registered new binding: up - W
08:47:28.069 [JavaFX Application Thread] DEBUG Input                - Registered new binding: down - S
08:47:28.070 [JavaFX Application Thread] DEBUG FXGLAssetLoaderServi - Loading from file system: jar:file:/C:/Users/Gerighausen/.m2/repository/com/github/almasb/fxgl/25/fxgl-25.jar!/fxglassets/textures/fxgl_icon.png
08:47:28.112 [JavaFX Application Thread] DEBUG FXGLAssetLoaderServi - Loading from file system: jar:file:/C:/Users/Gerighausen/.m2/repository/com/github/almasb/fxgl/25/fxgl-25.jar!/fxglassets/textures/fxgl_default_cursor.png
08:47:28.114 [JavaFX Application Thread] DEBUG Input                - Registered new binding: Screenshot - CTRL+8
08:47:28.114 [JavaFX Application Thread] DEBUG Input                - Registered new binding: System info dump - CTRL+9
08:47:28.115 [JavaFX Application Thread] DEBUG Input                - Registered new binding: Restart - CTRL+R
08:47:28.115 [JavaFX Application Thread] DEBUG Input                - Registered new binding: Toggle Debug Camera - CTRL+7
08:47:28.118 [JavaFX Application Thread] DEBUG LoopRunner           - Starting loop
08:47:28.118 [JavaFX Application Thread] DEBUG LoopRunner           - Initializing JavaFX AnimationTimerLoop
08:47:28.120 [JavaFX Application Thread] DEBUG GameApplicationServi - Starting new game
08:47:28.121 [JavaFX Application Thread] DEBUG Input                - Clearing active input actions
08:47:28.130 [JavaFX Application Thread] DEBUG GameApplicationServi - Removing overlay from FXGLStartupScene and adding to FXGLLoadingScene
08:47:28.131 [JavaFX Application Thread] DEBUG PrimaryStageWindow   - FXGLStartupScene -> FXGLLoadingScene
08:47:28.131 [JavaFX Application Thread] DEBUG GameApplicationServi - Clearing previous game
08:47:28.131 [JavaFX Application Thread] DEBUG GameScene            - Clearing game scene
08:47:28.131 [JavaFX Application Thread] DEBUG GameWorld            - Clearing game world
08:47:28.131 [JavaFX Application Thread] DEBUG PhysicsWorld         - Clearing physics world
08:47:28.133 [FXGL Background Thread 1 ] DEBUG FXGLApplication      - Initializing game
08:47:28.253 [FXGL Background Thread 1 ] DEBUG FXGLAssetLoaderServi - Loading from file system: file:/C:/Users/Gerighausen/Documents/NetBeansProjects/spaceInvader/target/classes/assets/textures/bgSpace.jpg
08:47:28.302 [FXGL Background Thread 4 ] DEBUG FXGLAssetLoaderServi - Loading from file system: jar:file:/C:/Users/Gerighausen/.m2/repository/com/github/almasb/fxgl/25/fxgl-25.jar!/fxglassets/ui/fonts/Abel-Regular.ttf
08:47:28.310 [FXGL Background Thread 4 ] DEBUG FXGLAssetLoaderServi - Loading from file system: jar:file:/C:/Users/Gerighausen/.m2/repository/com/github/almasb/fxgl/25/fxgl-25.jar!/fxglassets/ui/fonts/TerminalLandMono-Regular.otf
08:47:28.315 [FXGL Background Thread 4 ] DEBUG FXGLAssetLoaderServi - Loading from file system: jar:file:/C:/Users/Gerighausen/.m2/repository/com/github/almasb/fxgl/25/fxgl-25.jar!/fxglassets/ui/fonts/Courier-Prime.ttf
08:47:28.376 [FXGL Background Thread 1 ] DEBUG FXGLAssetLoaderServi - Loading from file system: file:/C:/Users/Gerighausen/Documents/NetBeansProjects/spaceInvader/target/classes/assets/textures/meteorit.png
08:47:28.425 [FXGL Background Thread 1 ] DEBUG FXGLAssetLoaderServi - Loading from file system: file:/C:/Users/Gerighausen/Documents/NetBeansProjects/spaceInvader/target/classes/assets/textures/rocketSchmal.png
08:47:28.442 [FXGL Background Thread 1 ] INFO  FXGLApplication      - Game initialization took: 0,309 sec
08:47:28.501 [JavaFX Application Thread] DEBUG FXGLApplication      - Registering font factories with UI factory
08:47:28.506 [JavaFX Application Thread] DEBUG Input                - Clearing active input actions
08:47:28.516 [JavaFX Application Thread] DEBUG GameApplicationServi - Removing overlay from FXGLLoadingScene and adding to GameScene
08:47:28.516 [JavaFX Application Thread] DEBUG PrimaryStageWindow   - FXGLLoadingScene -> GameScene
08:47:29.007 [JavaFX Application Thread] DEBUG FXGLAssetLoaderServi - Loading from file system: file:/C:/Users/Gerighausen/Documents/NetBeansProjects/spaceInvader/target/classes/assets/textures/fireBallSenkrecht.png
08:47:29.391 [JavaFX Application Thread] DEBUG FXGLAssetLoaderServi - Loading from file system: file:/C:/Users/Gerighausen/Documents/NetBeansProjects/spaceInvader/target/classes/assets/textures/fireBallSenkrecht.png
08:47:29.966 [JavaFX Application Thread] DEBUG FXGLAssetLoaderServi - Loading from file system: file:/C:/Users/Gerighausen/Documents/NetBeansProjects/spaceInvader/target/classes/assets/textures/fireBallSenkrecht.png
08:47:30.542 [JavaFX Application Thread] DEBUG FXGLAssetLoaderServi - Loading from file system: file:/C:/Users/Gerighausen/Documents/NetBeansProjects/spaceInvader/target/classes/assets/textures/fireBallSenkrecht.png
08:47:31.041 [FXGL Background Thread 3 ] DEBUG Engine               - Logging environment variables
08:47:31.041 [FXGL Background Thread 3 ] DEBUG Engine               - achievements: []
08:47:31.041 [FXGL Background Thread 3 ] DEBUG Engine               - actualHeight: 880.0
08:47:31.041 [FXGL Background Thread 3 ] DEBUG Engine               - actualHeightProperty: ReadOnlyDoubleProperty [value: 880.0]
08:47:31.041 [FXGL Background Thread 3 ] DEBUG Engine               - actualWidth: 1280.0
08:47:31.042 [FXGL Background Thread 3 ] DEBUG Engine               - actualWidthProperty: ReadOnlyDoubleProperty [value: 1280.0]
08:47:31.042 [FXGL Background Thread 3 ] DEBUG Engine               - appIcon: fxgl_icon.png
08:47:31.042 [FXGL Background Thread 3 ] DEBUG Engine               - applicationMode: DEVELOPER
08:47:31.042 [FXGL Background Thread 3 ] DEBUG Engine               - cSSList: [fxgl_dark.css]
08:47:31.042 [FXGL Background Thread 3 ] DEBUG Engine               - collisionDetectionStrategy: BRUTE_FORCE
08:47:31.042 [FXGL Background Thread 3 ] DEBUG Engine               - configClass: Optional.empty
08:47:31.042 [FXGL Background Thread 3 ] DEBUG Engine               - credits: []
08:47:31.042 [FXGL Background Thread 3 ] DEBUG Engine               - defaultCursor: CursorInfo(imageName=fxgl_default_cursor.png, hotspotX=7.0, hotspotY=6.0)
08:47:31.042 [FXGL Background Thread 3 ] DEBUG Engine               - devBBoxColorProperty: ObjectProperty [value: 0xff0000ff]
08:47:31.042 [FXGL Background Thread 3 ] DEBUG Engine               - devEnableDebugCameraProperty: BooleanProperty [value: false]
08:47:31.042 [FXGL Background Thread 3 ] DEBUG Engine               - devSensorColorProperty: ObjectProperty [value: 0xffff00ff]
08:47:31.042 [FXGL Background Thread 3 ] DEBUG Engine               - devShowBBoxProperty: BooleanProperty [value: false]
08:47:31.042 [FXGL Background Thread 3 ] DEBUG Engine               - devShowPositionProperty: BooleanProperty [value: false]
08:47:31.043 [FXGL Background Thread 3 ] DEBUG Engine               - enabledMenuItems: []
08:47:31.043 [FXGL Background Thread 3 ] DEBUG Engine               - engineServices: [class com.almasb.fxgl.app.services.FXGLAssetLoaderService, class com.almasb.fxgl.app.FXGLApplication$GameApplicationService, class com.almasb.fxgl.app.services.FXGLDialogService, class com.almasb.fxgl.app.services.IOTaskExecutorService, class com.almasb.fxgl.io.FileSystemService, class com.almasb.fxgl.localization.LocalizationService, class com.almasb.fxgl.app.services.SystemBundleService, class com.almasb.fxgl.profile.SaveLoadService, class com.almasb.fxgl.ui.FXGLUIFactoryServiceProvider, class com.almasb.fxgl.ui.FXGLDialogFactoryServiceProvider, class com.almasb.fxgl.audio.AudioPlayer, class com.almasb.fxgl.notification.impl.NotificationServiceProvider, class com.almasb.fxgl.achievement.AchievementService, class com.almasb.fxgl.cutscene.CutsceneService, class com.almasb.fxgl.minigames.MiniGameService, class com.almasb.fxgl.net.NetService, class com.almasb.fxgl.app.services.UpdaterService, class com.almasb.fxgl.dev.DevService]
08:47:31.043 [FXGL Background Thread 3 ] DEBUG Engine               - fontGame: Abel-Regular.ttf
08:47:31.043 [FXGL Background Thread 3 ] DEBUG Engine               - fontMono: TerminalLandMono-Regular.otf
08:47:31.043 [FXGL Background Thread 3 ] DEBUG Engine               - fontSizeScaleUI: 1.0
08:47:31.043 [FXGL Background Thread 3 ] DEBUG Engine               - fontText: Courier-Prime.ttf
08:47:31.043 [FXGL Background Thread 3 ] DEBUG Engine               - fontUI: VarelaRound-Regular.ttf
08:47:31.043 [FXGL Background Thread 3 ] DEBUG Engine               - fpsRefreshRate: 500.0 ms
08:47:31.043 [FXGL Background Thread 3 ] DEBUG Engine               - fullScreen: BooleanProperty [value: false]
08:47:31.043 [FXGL Background Thread 3 ] DEBUG Engine               - gameDifficulty: MEDIUM
08:47:31.043 [FXGL Background Thread 3 ] DEBUG Engine               - gameDifficultyProperty: ObjectProperty [value: MEDIUM]
08:47:31.043 [FXGL Background Thread 3 ] DEBUG Engine               - globalMusicVolume: 0.5
08:47:31.043 [FXGL Background Thread 3 ] DEBUG Engine               - globalMusicVolumeProperty: DoubleProperty [value: 0.5]
08:47:31.043 [FXGL Background Thread 3 ] DEBUG Engine               - globalSoundVolume: 0.5
08:47:31.043 [FXGL Background Thread 3 ] DEBUG Engine               - globalSoundVolumeProperty: DoubleProperty [value: 0.5]
08:47:31.044 [FXGL Background Thread 3 ] DEBUG Engine               - height: 880
08:47:31.044 [FXGL Background Thread 3 ] DEBUG Engine               - is3D: false
08:47:31.044 [FXGL Background Thread 3 ] DEBUG Engine               - isAndroid: false
08:47:31.044 [FXGL Background Thread 3 ] DEBUG Engine               - isBrowser: false
08:47:31.044 [FXGL Background Thread 3 ] DEBUG Engine               - isClickFeedbackEnabled: false
08:47:31.044 [FXGL Background Thread 3 ] DEBUG Engine               - isCloseConfirmation: false
08:47:31.044 [FXGL Background Thread 3 ] DEBUG Engine               - isDesktop: true
08:47:31.044 [FXGL Background Thread 3 ] DEBUG Engine               - isDeveloperMenuEnabled: false
08:47:31.044 [FXGL Background Thread 3 ] DEBUG Engine               - isEmbedded: false
08:47:31.044 [FXGL Background Thread 3 ] DEBUG Engine               - isEntityPreloadEnabled: true
08:47:31.044 [FXGL Background Thread 3 ] DEBUG Engine               - isExperimentalTiledLargeMap: false
08:47:31.044 [FXGL Background Thread 3 ] DEBUG Engine               - isFileSystemWriteAllowed: true
08:47:31.044 [FXGL Background Thread 3 ] DEBUG Engine               - isFullScreenAllowed: true
08:47:31.044 [FXGL Background Thread 3 ] DEBUG Engine               - isFullScreenFromStart: false
08:47:31.044 [FXGL Background Thread 3 ] DEBUG Engine               - isGameMenuEnabled: true
08:47:31.044 [FXGL Background Thread 3 ] DEBUG Engine               - isIOS: false
08:47:31.044 [FXGL Background Thread 3 ] DEBUG Engine               - isIntroEnabled: false
08:47:31.044 [FXGL Background Thread 3 ] DEBUG Engine               - isLinux: false
08:47:31.044 [FXGL Background Thread 3 ] DEBUG Engine               - isMac: false
08:47:31.045 [FXGL Background Thread 3 ] DEBUG Engine               - isMainMenuEnabled: false
08:47:31.045 [FXGL Background Thread 3 ] DEBUG Engine               - isManualResizeEnabled: false
08:47:31.045 [FXGL Background Thread 3 ] DEBUG Engine               - isMobile: false
08:47:31.045 [FXGL Background Thread 3 ] DEBUG Engine               - isNative: false
08:47:31.045 [FXGL Background Thread 3 ] DEBUG Engine               - isPauseMusicWhenMinimized: true
08:47:31.045 [FXGL Background Thread 3 ] DEBUG Engine               - isPreserveResizeRatio: false
08:47:31.045 [FXGL Background Thread 3 ] DEBUG Engine               - isProfilingEnabled: false
08:47:31.045 [FXGL Background Thread 3 ] DEBUG Engine               - isScaleAffectedOnResize: true
08:47:31.045 [FXGL Background Thread 3 ] DEBUG Engine               - isSingleStep: false
08:47:31.045 [FXGL Background Thread 3 ] DEBUG Engine               - isUserProfileEnabled: false
08:47:31.045 [FXGL Background Thread 3 ] DEBUG Engine               - isWindows: true
08:47:31.045 [FXGL Background Thread 3 ] DEBUG Engine               - language: ObjectProperty [value: ENGLISH]
08:47:31.045 [FXGL Background Thread 3 ] DEBUG Engine               - menuKey: ESCAPE
08:47:31.045 [FXGL Background Thread 3 ] DEBUG Engine               - mouseSensitivity: 0.2
08:47:31.045 [FXGL Background Thread 3 ] DEBUG Engine               - notificationViewClass: class com.almasb.fxgl.notification.view.XboxNotificationView
08:47:31.045 [FXGL Background Thread 3 ] DEBUG Engine               - pixelsPerMeter: 50.0
08:47:31.045 [FXGL Background Thread 3 ] DEBUG Engine               - platform: WINDOWS
08:47:31.045 [FXGL Background Thread 3 ] DEBUG Engine               - prefHeightProperty: ReadOnlyDoubleProperty [value: 880.0]
08:47:31.045 [FXGL Background Thread 3 ] DEBUG Engine               - prefWidthProperty: ReadOnlyDoubleProperty [value: 1280.0]
08:47:31.045 [FXGL Background Thread 3 ] DEBUG Engine               - profileDir: profiles/
08:47:31.045 [FXGL Background Thread 3 ] DEBUG Engine               - profileName: StringProperty [value: DEFAULT]
08:47:31.046 [FXGL Background Thread 3 ] DEBUG Engine               - randomSeed: -1
08:47:31.046 [FXGL Background Thread 3 ] DEBUG Engine               - runtimeInfo: RuntimeInfo(platform=WINDOWS, version=25, build=05.02.2026 22.57)
08:47:31.046 [FXGL Background Thread 3 ] DEBUG Engine               - saveFileExt: sav
08:47:31.046 [FXGL Background Thread 3 ] DEBUG Engine               - scaledHeightProp$fxgl: DoubleProperty [bound, value: 880.0]
08:47:31.046 [FXGL Background Thread 3 ] DEBUG Engine               - scaledWidthProp$fxgl: DoubleProperty [bound, value: 1280.0]
08:47:31.046 [FXGL Background Thread 3 ] DEBUG Engine               - sceneFactory: com.almasb.fxgl.app.scene.SceneFactory@7767deb3
08:47:31.046 [FXGL Background Thread 3 ] DEBUG Engine               - secondsIn24h: 60
08:47:31.046 [FXGL Background Thread 3 ] DEBUG Engine               - soundMenuBack: menu/back.wav
08:47:31.046 [FXGL Background Thread 3 ] DEBUG Engine               - soundMenuPress: menu/press.wav
08:47:31.046 [FXGL Background Thread 3 ] DEBUG Engine               - soundMenuSelect: menu/select.wav
08:47:31.046 [FXGL Background Thread 3 ] DEBUG Engine               - soundNotification: core/notification.wav
08:47:31.046 [FXGL Background Thread 3 ] DEBUG Engine               - stageStyle: DECORATED
08:47:31.046 [FXGL Background Thread 3 ] DEBUG Engine               - supportedLanguages: [ENGLISH, FRENCH, GERMAN, HUNGARIAN, RUSSIAN]
08:47:31.046 [FXGL Background Thread 3 ] DEBUG Engine               - ticksPerSecond: -1
08:47:31.046 [FXGL Background Thread 3 ] DEBUG Engine               - title: Mein erstes Game mit FXGL
08:47:31.046 [FXGL Background Thread 3 ] DEBUG Engine               - urlGithub: https://github.com/AlmasB/FXGL
08:47:31.047 [FXGL Background Thread 3 ] DEBUG Engine               - urlLeaderboard: http://fxgl-top.herokuapp.com/
08:47:31.047 [FXGL Background Thread 3 ] DEBUG Engine               - urlPOM: https://raw.githubusercontent.com/AlmasB/FXGL/release/README.md
08:47:31.047 [FXGL Background Thread 3 ] DEBUG Engine               - userAppClass: class btaahaus.spaceInvader.App
08:47:31.047 [FXGL Background Thread 3 ] DEBUG Engine               - version: 0.0.1
08:47:31.047 [FXGL Background Thread 3 ] DEBUG Engine               - versionCheckDays: 7
08:47:31.047 [FXGL Background Thread 3 ] DEBUG Engine               - width: 1280
08:47:31.047 [FXGL Background Thread 3 ] DEBUG Engine               - Logging services
08:47:31.047 [FXGL Background Thread 3 ] DEBUG Engine               - class com.almasb.fxgl.app.services.FXGLAssetLoaderService
08:47:31.047 [FXGL Background Thread 3 ] DEBUG Engine               - class com.almasb.fxgl.app.FXGLApplication$GameApplicationService
08:47:31.047 [FXGL Background Thread 3 ] DEBUG Engine               - class com.almasb.fxgl.app.services.FXGLDialogService
08:47:31.047 [FXGL Background Thread 3 ] DEBUG Engine               - class com.almasb.fxgl.app.services.IOTaskExecutorService
08:47:31.047 [FXGL Background Thread 3 ] DEBUG Engine               - class com.almasb.fxgl.io.FileSystemService
08:47:31.047 [FXGL Background Thread 3 ] DEBUG Engine               - class com.almasb.fxgl.localization.LocalizationService
08:47:31.047 [FXGL Background Thread 3 ] DEBUG Engine               - class com.almasb.fxgl.app.services.SystemBundleService
08:47:31.047 [FXGL Background Thread 3 ] DEBUG Engine               - class com.almasb.fxgl.profile.SaveLoadService
08:47:31.047 [FXGL Background Thread 3 ] DEBUG Engine               - class com.almasb.fxgl.ui.FXGLUIFactoryServiceProvider
08:47:31.047 [FXGL Background Thread 3 ] DEBUG Engine               - class com.almasb.fxgl.ui.FXGLDialogFactoryServiceProvider
08:47:31.047 [FXGL Background Thread 3 ] DEBUG Engine               - class com.almasb.fxgl.audio.AudioPlayer
08:47:31.047 [FXGL Background Thread 3 ] DEBUG Engine               - class com.almasb.fxgl.notification.impl.NotificationServiceProvider
08:47:31.047 [FXGL Background Thread 3 ] DEBUG Engine               - class com.almasb.fxgl.achievement.AchievementService
08:47:31.047 [FXGL Background Thread 3 ] DEBUG Engine               - class com.almasb.fxgl.cutscene.CutsceneService
08:47:31.047 [FXGL Background Thread 3 ] DEBUG Engine               - class com.almasb.fxgl.minigames.MiniGameService
08:47:31.047 [FXGL Background Thread 3 ] DEBUG Engine               - class com.almasb.fxgl.net.NetService
08:47:31.048 [FXGL Background Thread 3 ] DEBUG Engine               - class com.almasb.fxgl.app.services.UpdaterService
08:47:31.048 [FXGL Background Thread 3 ] DEBUG Engine               - class com.almasb.fxgl.dev.DevService
08:47:31.102 [JavaFX Application Thread] DEBUG FXGLAssetLoaderServi - Loading from file system: file:/C:/Users/Gerighausen/Documents/NetBeansProjects/spaceInvader/target/classes/assets/textures/fireBallSenkrecht.png
08:47:31.646 [JavaFX Application Thread] DEBUG FXGLAssetLoaderServi - Loading from file system: file:/C:/Users/Gerighausen/Documents/NetBeansProjects/spaceInvader/target/classes/assets/textures/fireBallSenkrecht.png
08:47:32.190 [JavaFX Application Thread] DEBUG FXGLAssetLoaderServi - Loading from file system: file:/C:/Users/Gerighausen/Documents/NetBeansProjects/spaceInvader/target/classes/assets/textures/fireBallSenkrecht.png
08:47:32.750 [JavaFX Application Thread] DEBUG FXGLAssetLoaderServi - Loading from file system: file:/C:/Users/Gerighausen/Documents/NetBeansProjects/spaceInvader/target/classes/assets/textures/fireBallSenkrecht.png
08:47:33.278 [JavaFX Application Thread] DEBUG FXGLAssetLoaderServi - Loading from file system: file:/C:/Users/Gerighausen/Documents/NetBeansProjects/spaceInvader/target/classes/assets/textures/fireBallSenkrecht.png
08:47:33.807 [JavaFX Application Thread] DEBUG FXGLAssetLoaderServi - Loading from file system: file:/C:/Users/Gerighausen/Documents/NetBeansProjects/spaceInvader/target/classes/assets/textures/fireBallSenkrecht.png
08:47:34.350 [JavaFX Application Thread] DEBUG FXGLAssetLoaderServi - Loading from file system: file:/C:/Users/Gerighausen/Documents/NetBeansProjects/spaceInvader/target/classes/assets/textures/fireBallSenkrecht.png
08:47:34.894 [JavaFX Application Thread] DEBUG FXGLAssetLoaderServi - Loading from file system: file:/C:/Users/Gerighausen/Documents/NetBeansProjects/spaceInvader/target/classes/assets/textures/fireBallSenkrecht.png
08:47:35.454 [JavaFX Application Thread] DEBUG FXGLAssetLoaderServi - Loading from file system: file:/C:/Users/Gerighausen/Documents/NetBeansProjects/spaceInvader/target/classes/assets/textures/fireBallSenkrecht.png
08:47:35.998 [JavaFX Application Thread] DEBUG FXGLAssetLoaderServi - Loading from file system: file:/C:/Users/Gerighausen/Documents/NetBeansProjects/spaceInvader/target/classes/assets/textures/fireBallSenkrecht.png
08:47:36.558 [JavaFX Application Thread] DEBUG FXGLAssetLoaderServi - Loading from file system: file:/C:/Users/Gerighausen/Documents/NetBeansProjects/spaceInvader/target/classes/assets/textures/fireBallSenkrecht.png
08:47:37.118 [JavaFX Application Thread] DEBUG FXGLAssetLoaderServi - Loading from file system: file:/C:/Users/Gerighausen/Documents/NetBeansProjects/spaceInvader/target/classes/assets/textures/fireBallSenkrecht.png
08:47:37.678 [JavaFX Application Thread] DEBUG FXGLAssetLoaderServi - Loading from file system: file:/C:/Users/Gerighausen/Documents/NetBeansProjects/spaceInvader/target/classes/assets/textures/fireBallSenkrecht.png
08:47:38.206 [JavaFX Application Thread] DEBUG FXGLAssetLoaderServi - Loading from file system: file:/C:/Users/Gerighausen/Documents/NetBeansProjects/spaceInvader/target/classes/assets/textures/fireBallSenkrecht.png
08:47:38.254 [JavaFX Application Thread] DEBUG FXGLAssetLoaderServi - Loading from file system: file:/C:/Users/Gerighausen/Documents/NetBeansProjects/spaceInvader/target/classes/assets/textures/fireBallSenkrecht.png
08:47:38.798 [JavaFX Application Thread] DEBUG FXGLAssetLoaderServi - Loading from file system: file:/C:/Users/Gerighausen/Documents/NetBeansProjects/spaceInvader/target/classes/assets/textures/fireBallSenkrecht.png
08:47:39.342 [JavaFX Application Thread] DEBUG FXGLAssetLoaderServi - Loading from file system: file:/C:/Users/Gerighausen/Documents/NetBeansProjects/spaceInvader/target/classes/assets/textures/fireBallSenkrecht.png
08:47:39.872 [JavaFX Application Thread] DEBUG FXGLAssetLoaderServi - Loading from file system: file:/C:/Users/Gerighausen/Documents/NetBeansProjects/spaceInvader/target/classes/assets/textures/fireBallSenkrecht.png
08:47:40.414 [JavaFX Application Thread] DEBUG FXGLAssetLoaderServi - Loading from file system: file:/C:/Users/Gerighausen/Documents/NetBeansProjects/spaceInvader/target/classes/assets/textures/fireBallSenkrecht.png
08:47:40.942 [JavaFX Application Thread] DEBUG FXGLAssetLoaderServi - Loading from file system: file:/C:/Users/Gerighausen/Documents/NetBeansProjects/spaceInvader/target/classes/assets/textures/fireBallSenkrecht.png
08:47:41.470 [JavaFX Application Thread] DEBUG FXGLAssetLoaderServi - Loading from file system: file:/C:/Users/Gerighausen/Documents/NetBeansProjects/spaceInvader/target/classes/assets/textures/fireBallSenkrecht.png
08:47:42.031 [JavaFX Application Thread] DEBUG FXGLAssetLoaderServi - Loading from file system: file:/C:/Users/Gerighausen/Documents/NetBeansProjects/spaceInvader/target/classes/assets/textures/fireBallSenkrecht.png
08:47:42.574 [JavaFX Application Thread] DEBUG FXGLAssetLoaderServi - Loading from file system: file:/C:/Users/Gerighausen/Documents/NetBeansProjects/spaceInvader/target/classes/assets/textures/fireBallSenkrecht.png
08:47:43.150 [JavaFX Application Thread] DEBUG FXGLAssetLoaderServi - Loading from file system: file:/C:/Users/Gerighausen/Documents/NetBeansProjects/spaceInvader/target/classes/assets/textures/fireBallSenkrecht.png
08:47:43.710 [JavaFX Application Thread] DEBUG FXGLAssetLoaderServi - Loading from file system: file:/C:/Users/Gerighausen/Documents/NetBeansProjects/spaceInvader/target/classes/assets/textures/fireBallSenkrecht.png
08:47:44.255 [JavaFX Application Thread] DEBUG FXGLAssetLoaderServi - Loading from file system: file:/C:/Users/Gerighausen/Documents/NetBeansProjects/spaceInvader/target/classes/assets/textures/fireBallSenkrecht.png
08:47:44.798 [JavaFX Application Thread] DEBUG FXGLAssetLoaderServi - Loading from file system: file:/C:/Users/Gerighausen/Documents/NetBeansProjects/spaceInvader/target/classes/assets/textures/fireBallSenkrecht.png
08:47:45.342 [JavaFX Application Thread] DEBUG FXGLAssetLoaderServi - Loading from file system: file:/C:/Users/Gerighausen/Documents/NetBeansProjects/spaceInvader/target/classes/assets/textures/fireBallSenkrecht.png
08:47:45.854 [JavaFX Application Thread] DEBUG FXGLAssetLoaderServi - Loading from file system: file:/C:/Users/Gerighausen/Documents/NetBeansProjects/spaceInvader/target/classes/assets/textures/fireBallSenkrecht.png
08:47:46.414 [JavaFX Application Thread] DEBUG FXGLAssetLoaderServi - Loading from file system: file:/C:/Users/Gerighausen/Documents/NetBeansProjects/spaceInvader/target/classes/assets/textures/fireBallSenkrecht.png
08:47:46.975 [JavaFX Application Thread] DEBUG FXGLAssetLoaderServi - Loading from file system: file:/C:/Users/Gerighausen/Documents/NetBeansProjects/spaceInvader/target/classes/assets/textures/fireBallSenkrecht.png
08:47:47.535 [JavaFX Application Thread] DEBUG FXGLAssetLoaderServi - Loading from file system: file:/C:/Users/Gerighausen/Documents/NetBeansProjects/spaceInvader/target/classes/assets/textures/fireBallSenkrecht.png
08:47:48.079 [JavaFX Application Thread] DEBUG FXGLApplication      - Exiting FXGL
08:47:48.079 [JavaFX Application Thread] DEBUG LoopRunner           - Stopping loop
08:47:48.080 [JavaFX Application Thread] DEBUG SystemBundleService  - Saving FXGL system data
08:47:48.081 [JavaFX Application Thread] DEBUG FileSystemAccess     - Writing to: C:\Users\Gerighausen\Documents\NetBeansProjects\spaceInvader\system\fxgl.bundle
08:47:48.083 [JavaFX Application Thread] DEBUG Async                - Shutting down background threads
08:47:48.084 [JavaFX Application Thread] DEBUG PrimaryStageWindow   - Closing main window
08:47:48.092 [JavaFX Application Thread] DEBUG Logger               - Closing Logger
