10:40:35.704 [main                     ] DEBUG Logger               - Configured Logger
10:40:35.710 [main                     ] DEBUG GameApplication      - Logging settings
Title: Mein erstes Game mit FXGL
Version: 0.0.1
Width: 1280
Height: 880
Fullscreen: true
Intro: false
Profiling: false
Single step:false
App Mode: DEVELOPER
Menu Key: ESCAPE
Stage Style: DECORATED
Scene Factory: class com.almasb.fxgl.app.scene.SceneFactory

10:40:36.066 [JavaFX Application Thread] DEBUG FXGLApplication      - Initializing FXGL
10:40:36.069 [JavaFX Application Thread] INFO  Engine               - FXGL-25 (05.02.2026 22.57) on WINDOWS (J:25.0.3 FX:25.0.1)
10:40:36.069 [JavaFX Application Thread] DEBUG Engine               - JRE Vendor Name: Oracle Corporation
10:40:36.069 [JavaFX Application Thread] DEBUG Engine               - Running on OS: Windows 11 version 10.0
10:40:36.069 [JavaFX Application Thread] DEBUG Engine               - Architecture: amd64
10:40:36.069 [JavaFX Application Thread] INFO  Engine               - Source code and latest versions at: https://github.com/AlmasB/FXGL
10:40:36.069 [JavaFX Application Thread] INFO  Engine               -       Ask questions and discuss at: https://github.com/AlmasB/FXGL/discussions
10:40:36.131 [JavaFX Application Thread] DEBUG PrimaryStageWindow   - Creating a JavaFX scene
10:40:36.163 [JavaFX Application Thread] DEBUG PrimaryStageWindow   - Target settings size: 1280.0 x 880.0
10:40:36.163 [JavaFX Application Thread] DEBUG PrimaryStageWindow   - Scaled scene size:    1280.0 x 880.0
10:40:36.163 [JavaFX Application Thread] DEBUG PrimaryStageWindow   - Scaled ratio: (1.0, 1.0)
10:40:36.164 [JavaFX Application Thread] DEBUG PrimaryStageWindow   - Set initial scene to FXGLStartupScene
10:40:36.167 [JavaFX Application Thread] DEBUG PrimaryStageWindow   - Opening main window
10:40:36.392 [JavaFX Application Thread] DEBUG PrimaryStageWindow   - Window border size: (16.0, 39.0)
10:40:36.392 [JavaFX Application Thread] DEBUG PrimaryStageWindow   - Scaled size: 1280.0 x 880.0
10:40:36.392 [JavaFX Application Thread] DEBUG PrimaryStageWindow   - Scaled ratio: (1.0, 1.0)
10:40:36.392 [JavaFX Application Thread] DEBUG PrimaryStageWindow   - Scene size: 1280.0 x 880.0
10:40:36.393 [JavaFX Application Thread] DEBUG PrimaryStageWindow   - Stage size: 1296.0 x 919.0
10:40:36.400 [FXGL Background Thread 1 ] DEBUG Engine               - Initializing environment variables
10:40:36.447 [FXGL Background Thread 1 ] DEBUG FXGLAssetLoaderServi - User app class for loading assets: class btaahaus.spaceInvader.App
10:40:36.447 [FXGL Background Thread 1 ] DEBUG GameApplicationServi - Applying CSS: fxgl_dark.css
10:40:36.448 [FXGL Background Thread 1 ] DEBUG FXGLAssetLoaderServi - Loading from file system: jar:file:/C:/Users/Lehrer.BTA5112/.m2/repository/com/github/almasb/fxgl/25/fxgl-25.jar!/fxglassets/ui/css/fxgl_dark.css
10:40:36.484 [FXGL Background Thread 1 ] DEBUG GameApplicationServi - Initializing application scenes
10:40:36.516 [FXGL Background Thread 1 ] DEBUG GameWorld            - Game world initialized
10:40:36.548 [FXGL Background Thread 1 ] DEBUG PhysicsWorld         - Physics world initialized: appHeight=880, physics.ppm=50,0
10:40:36.548 [FXGL Background Thread 1 ] DEBUG PhysicsWorld         - Using strategy: BRUTE_FORCE
10:40:36.552 [FXGL Background Thread 1 ] DEBUG GameScene            - Game scene initialized: 1280x880
10:40:36.562 [FXGL Background Thread 1 ] DEBUG FXGL.DefaultMenu     - createMenuBodyGameMenu()
10:40:36.575 [FXGL Background Thread 1 ] DEBUG FXGL.DefaultMenu     - createOptionsMenu()
10:40:36.583 [FXGL Background Thread 1 ] DEBUG FXGLAssetLoaderServi - Loading from file system: jar:file:/C:/Users/Lehrer.BTA5112/.m2/repository/com/github/almasb/fxgl/25/fxgl-25.jar!/fxglassets/textures/particles/smoke.png
10:40:36.643 [FXGL Background Thread 1 ] DEBUG FXGLAssetLoaderServi - Loading from file system: jar:file:/C:/Users/Lehrer.BTA5112/.m2/repository/com/github/almasb/fxgl/25/fxgl-25.jar!/fxglassets/textures/particles/trace_horizontal.png
10:40:36.662 [FXGL Background Thread 1 ] DEBUG GameApplicationServi - Application scenes initialized
10:40:36.671 [FXGL Background Thread 1 ] DEBUG SystemBundleService  - Loading FXGL system data
10:40:36.674 [FXGL Background Thread 1 ] DEBUG FileSystemAccess     - Reading from: C:\Users\Administrator\Dokumente\netBeansProjekt\spaceInvader\system\fxgl.bundle
10:40:36.679 [FXGL Background Thread 1 ] DEBUG SystemBundleService  - Bundle FXGL: {}
10:40:36.679 [FXGL Background Thread 1 ] DEBUG UpdaterService       - Checking for updates
10:40:36.682 [FXGL Background Thread 4 ] DEBUG FXGLApplication      - Loading fonts
10:40:36.682 [FXGL Background Thread 4 ] DEBUG FXGLAssetLoaderServi - Loading from file system: jar:file:/C:/Users/Lehrer.BTA5112/.m2/repository/com/github/almasb/fxgl/25/fxgl-25.jar!/fxglassets/ui/fonts/VarelaRound-Regular.ttf
10:40:36.682 [FXGL Background Thread 1 ] DEBUG FXGLApplication      - Loading default localization
10:40:36.683 [FXGL Background Thread 1 ] DEBUG FXGLAssetLoaderServi - Loading from file system: jar:file:/C:/Users/Lehrer.BTA5112/.m2/repository/com/github/almasb/fxgl/25/fxgl-25.jar!/fxglassets/languages/english.lang
10:40:36.695 [FXGL Background Thread 1 ] INFO  FXGLApplication      - FXGL initialization took: 0,295 sec
10:40:36.702 [JavaFX Application Thread] DEBUG Input                - Registered new binding: shootPlayer - Space
10:40:36.703 [JavaFX Application Thread] DEBUG Input                - Registered new binding: right - D
10:40:36.703 [JavaFX Application Thread] DEBUG Input                - Registered new binding: left - A
10:40:36.703 [JavaFX Application Thread] DEBUG Input                - Registered new binding: up - W
10:40:36.703 [JavaFX Application Thread] DEBUG Input                - Registered new binding: down - S
10:40:36.703 [JavaFX Application Thread] DEBUG FXGLAssetLoaderServi - Loading from file system: jar:file:/C:/Users/Lehrer.BTA5112/.m2/repository/com/github/almasb/fxgl/25/fxgl-25.jar!/fxglassets/textures/fxgl_icon.png
10:40:36.705 [FXGL Background Thread 4 ] DEBUG FXGLAssetLoaderServi - Loading from file system: jar:file:/C:/Users/Lehrer.BTA5112/.m2/repository/com/github/almasb/fxgl/25/fxgl-25.jar!/fxglassets/ui/fonts/Abel-Regular.ttf
10:40:36.708 [FXGL Background Thread 4 ] DEBUG FXGLAssetLoaderServi - Loading from file system: jar:file:/C:/Users/Lehrer.BTA5112/.m2/repository/com/github/almasb/fxgl/25/fxgl-25.jar!/fxglassets/ui/fonts/TerminalLandMono-Regular.otf
10:40:36.712 [FXGL Background Thread 4 ] DEBUG FXGLAssetLoaderServi - Loading from file system: jar:file:/C:/Users/Lehrer.BTA5112/.m2/repository/com/github/almasb/fxgl/25/fxgl-25.jar!/fxglassets/ui/fonts/Courier-Prime.ttf
10:40:36.715 [JavaFX Application Thread] DEBUG FXGLAssetLoaderServi - Loading from file system: jar:file:/C:/Users/Lehrer.BTA5112/.m2/repository/com/github/almasb/fxgl/25/fxgl-25.jar!/fxglassets/textures/fxgl_default_cursor.png
10:40:36.717 [JavaFX Application Thread] DEBUG Input                - Registered new binding: Screenshot - CTRL+8
10:40:36.717 [JavaFX Application Thread] DEBUG Input                - Registered new binding: System info dump - CTRL+9
10:40:36.718 [JavaFX Application Thread] DEBUG Input                - Registered new binding: Restart - CTRL+R
10:40:36.718 [JavaFX Application Thread] DEBUG Input                - Registered new binding: Toggle Debug Camera - CTRL+7
10:40:36.721 [JavaFX Application Thread] DEBUG LoopRunner           - Starting loop
10:40:36.721 [JavaFX Application Thread] DEBUG LoopRunner           - Initializing JavaFX AnimationTimerLoop
10:40:36.723 [JavaFX Application Thread] DEBUG GameApplicationServi - Starting new game
10:40:36.724 [JavaFX Application Thread] DEBUG Input                - Clearing active input actions
10:40:36.734 [JavaFX Application Thread] DEBUG GameApplicationServi - Removing overlay from FXGLStartupScene and adding to FXGLLoadingScene
10:40:36.734 [JavaFX Application Thread] DEBUG PrimaryStageWindow   - FXGLStartupScene -> FXGLLoadingScene
10:40:36.734 [JavaFX Application Thread] DEBUG GameApplicationServi - Clearing previous game
10:40:36.735 [JavaFX Application Thread] DEBUG GameScene            - Clearing game scene
10:40:36.735 [JavaFX Application Thread] DEBUG GameWorld            - Clearing game world
10:40:36.735 [JavaFX Application Thread] DEBUG PhysicsWorld         - Clearing physics world
10:40:36.737 [JavaFX Application Thread] DEBUG FXGLApplication      - Registering font factories with UI factory
10:40:36.737 [FXGL Background Thread 4 ] DEBUG FXGLApplication      - Initializing game
10:40:36.743 [FXGL Background Thread 4 ] DEBUG FXGLAssetLoaderServi - Loading from file system: file:/C:/Users/Administrator/Dokumente/netBeansProjekt/spaceInvader/target/classes/assets/textures/bgSpace.jpg
10:40:36.829 [FXGL Background Thread 4 ] DEBUG FXGLAssetLoaderServi - Loading from file system: file:/C:/Users/Administrator/Dokumente/netBeansProjekt/spaceInvader/target/classes/assets/textures/meteorit.png
10:40:36.855 [FXGL Background Thread 4 ] DEBUG FXGLAssetLoaderServi - Loading from file system: file:/C:/Users/Administrator/Dokumente/netBeansProjekt/spaceInvader/target/classes/assets/textures/rocketSchmal.png
10:40:36.862 [FXGL Background Thread 4 ] INFO  FXGLApplication      - Game initialization took: 0,125 sec
10:40:36.871 [JavaFX Application Thread] DEBUG Input                - Clearing active input actions
10:40:36.879 [JavaFX Application Thread] DEBUG GameApplicationServi - Removing overlay from FXGLLoadingScene and adding to GameScene
10:40:36.879 [JavaFX Application Thread] DEBUG PrimaryStageWindow   - FXGLLoadingScene -> GameScene
10:40:36.907 [JavaFX Application Thread] DEBUG FXGLAssetLoaderServi - Loading from file system: file:/C:/Users/Administrator/Dokumente/netBeansProjekt/spaceInvader/target/classes/assets/textures/fireBallSenkrecht.png
10:40:37.451 [JavaFX Application Thread] DEBUG FXGLAssetLoaderServi - Loading from file system: file:/C:/Users/Administrator/Dokumente/netBeansProjekt/spaceInvader/target/classes/assets/textures/fireBallSenkrecht.png
10:40:37.980 [JavaFX Application Thread] DEBUG FXGLAssetLoaderServi - Loading from file system: file:/C:/Users/Administrator/Dokumente/netBeansProjekt/spaceInvader/target/classes/assets/textures/fireBallSenkrecht.png
10:40:38.523 [JavaFX Application Thread] DEBUG FXGLAssetLoaderServi - Loading from file system: file:/C:/Users/Administrator/Dokumente/netBeansProjekt/spaceInvader/target/classes/assets/textures/fireBallSenkrecht.png
10:40:39.051 [JavaFX Application Thread] DEBUG FXGLAssetLoaderServi - Loading from file system: file:/C:/Users/Administrator/Dokumente/netBeansProjekt/spaceInvader/target/classes/assets/textures/fireBallSenkrecht.png
10:40:39.339 [JavaFX Application Thread] DEBUG FXGLAssetLoaderServi - Loading from file system: file:/C:/Users/Administrator/Dokumente/netBeansProjekt/spaceInvader/target/classes/assets/textures/bullet.png
10:40:39.387 [JavaFX Application Thread] DEBUG FXGLAssetLoaderServi - Loading from file system: file:/C:/Users/Administrator/Dokumente/netBeansProjekt/spaceInvader/target/classes/assets/textures/fireBallSenkrecht.png
10:40:39.681 [FXGL Background Thread 3 ] DEBUG Engine               - Logging environment variables
10:40:39.681 [FXGL Background Thread 3 ] DEBUG Engine               - achievements: []
10:40:39.681 [FXGL Background Thread 3 ] DEBUG Engine               - actualHeight: 880.0
10:40:39.682 [FXGL Background Thread 3 ] DEBUG Engine               - actualHeightProperty: ReadOnlyDoubleProperty [value: 880.0]
10:40:39.682 [FXGL Background Thread 3 ] DEBUG Engine               - actualWidth: 1280.0
10:40:39.682 [FXGL Background Thread 3 ] DEBUG Engine               - actualWidthProperty: ReadOnlyDoubleProperty [value: 1280.0]
10:40:39.682 [FXGL Background Thread 3 ] DEBUG Engine               - appIcon: fxgl_icon.png
10:40:39.682 [FXGL Background Thread 3 ] DEBUG Engine               - applicationMode: DEVELOPER
10:40:39.682 [FXGL Background Thread 3 ] DEBUG Engine               - cSSList: [fxgl_dark.css]
10:40:39.682 [FXGL Background Thread 3 ] DEBUG Engine               - collisionDetectionStrategy: BRUTE_FORCE
10:40:39.682 [FXGL Background Thread 3 ] DEBUG Engine               - configClass: Optional.empty
10:40:39.682 [FXGL Background Thread 3 ] DEBUG Engine               - credits: []
10:40:39.682 [FXGL Background Thread 3 ] DEBUG Engine               - defaultCursor: CursorInfo(imageName=fxgl_default_cursor.png, hotspotX=7.0, hotspotY=6.0)
10:40:39.682 [FXGL Background Thread 3 ] DEBUG Engine               - devBBoxColorProperty: ObjectProperty [value: 0xff0000ff]
10:40:39.682 [FXGL Background Thread 3 ] DEBUG Engine               - devEnableDebugCameraProperty: BooleanProperty [value: false]
10:40:39.682 [FXGL Background Thread 3 ] DEBUG Engine               - devSensorColorProperty: ObjectProperty [value: 0xffff00ff]
10:40:39.682 [FXGL Background Thread 3 ] DEBUG Engine               - devShowBBoxProperty: BooleanProperty [value: false]
10:40:39.682 [FXGL Background Thread 3 ] DEBUG Engine               - devShowPositionProperty: BooleanProperty [value: false]
10:40:39.682 [FXGL Background Thread 3 ] DEBUG Engine               - enabledMenuItems: []
10:40:39.682 [FXGL Background Thread 3 ] DEBUG Engine               - engineServices: [class com.almasb.fxgl.app.services.FXGLAssetLoaderService, class com.almasb.fxgl.app.FXGLApplication$GameApplicationService, class com.almasb.fxgl.app.services.FXGLDialogService, class com.almasb.fxgl.app.services.IOTaskExecutorService, class com.almasb.fxgl.io.FileSystemService, class com.almasb.fxgl.localization.LocalizationService, class com.almasb.fxgl.app.services.SystemBundleService, class com.almasb.fxgl.profile.SaveLoadService, class com.almasb.fxgl.ui.FXGLUIFactoryServiceProvider, class com.almasb.fxgl.ui.FXGLDialogFactoryServiceProvider, class com.almasb.fxgl.audio.AudioPlayer, class com.almasb.fxgl.notification.impl.NotificationServiceProvider, class com.almasb.fxgl.achievement.AchievementService, class com.almasb.fxgl.cutscene.CutsceneService, class com.almasb.fxgl.minigames.MiniGameService, class com.almasb.fxgl.net.NetService, class com.almasb.fxgl.app.services.UpdaterService, class com.almasb.fxgl.dev.DevService]
10:40:39.682 [FXGL Background Thread 3 ] DEBUG Engine               - fontGame: Abel-Regular.ttf
10:40:39.682 [FXGL Background Thread 3 ] DEBUG Engine               - fontMono: TerminalLandMono-Regular.otf
10:40:39.682 [FXGL Background Thread 3 ] DEBUG Engine               - fontSizeScaleUI: 1.0
10:40:39.682 [FXGL Background Thread 3 ] DEBUG Engine               - fontText: Courier-Prime.ttf
10:40:39.682 [FXGL Background Thread 3 ] DEBUG Engine               - fontUI: VarelaRound-Regular.ttf
10:40:39.683 [FXGL Background Thread 3 ] DEBUG Engine               - fpsRefreshRate: 500.0 ms
10:40:39.683 [FXGL Background Thread 3 ] DEBUG Engine               - fullScreen: BooleanProperty [value: false]
10:40:39.683 [FXGL Background Thread 3 ] DEBUG Engine               - gameDifficulty: MEDIUM
10:40:39.683 [FXGL Background Thread 3 ] DEBUG Engine               - gameDifficultyProperty: ObjectProperty [value: MEDIUM]
10:40:39.683 [FXGL Background Thread 3 ] DEBUG Engine               - globalMusicVolume: 0.5
10:40:39.683 [FXGL Background Thread 3 ] DEBUG Engine               - globalMusicVolumeProperty: DoubleProperty [value: 0.5]
10:40:39.683 [FXGL Background Thread 3 ] DEBUG Engine               - globalSoundVolume: 0.5
10:40:39.683 [FXGL Background Thread 3 ] DEBUG Engine               - globalSoundVolumeProperty: DoubleProperty [value: 0.5]
10:40:39.683 [FXGL Background Thread 3 ] DEBUG Engine               - height: 880
10:40:39.683 [FXGL Background Thread 3 ] DEBUG Engine               - is3D: false
10:40:39.683 [FXGL Background Thread 3 ] DEBUG Engine               - isAndroid: false
10:40:39.683 [FXGL Background Thread 3 ] DEBUG Engine               - isBrowser: false
10:40:39.683 [FXGL Background Thread 3 ] DEBUG Engine               - isClickFeedbackEnabled: false
10:40:39.683 [FXGL Background Thread 3 ] DEBUG Engine               - isCloseConfirmation: false
10:40:39.683 [FXGL Background Thread 3 ] DEBUG Engine               - isDesktop: true
10:40:39.683 [FXGL Background Thread 3 ] DEBUG Engine               - isDeveloperMenuEnabled: false
10:40:39.683 [FXGL Background Thread 3 ] DEBUG Engine               - isEmbedded: false
10:40:39.683 [FXGL Background Thread 3 ] DEBUG Engine               - isEntityPreloadEnabled: true
10:40:39.683 [FXGL Background Thread 3 ] DEBUG Engine               - isExperimentalTiledLargeMap: false
10:40:39.683 [FXGL Background Thread 3 ] DEBUG Engine               - isFileSystemWriteAllowed: true
10:40:39.683 [FXGL Background Thread 3 ] DEBUG Engine               - isFullScreenAllowed: true
10:40:39.683 [FXGL Background Thread 3 ] DEBUG Engine               - isFullScreenFromStart: false
10:40:39.683 [FXGL Background Thread 3 ] DEBUG Engine               - isGameMenuEnabled: true
10:40:39.683 [FXGL Background Thread 3 ] DEBUG Engine               - isIOS: false
10:40:39.683 [FXGL Background Thread 3 ] DEBUG Engine               - isIntroEnabled: false
10:40:39.683 [FXGL Background Thread 3 ] DEBUG Engine               - isLinux: false
10:40:39.683 [FXGL Background Thread 3 ] DEBUG Engine               - isMac: false
10:40:39.683 [FXGL Background Thread 3 ] DEBUG Engine               - isMainMenuEnabled: false
10:40:39.683 [FXGL Background Thread 3 ] DEBUG Engine               - isManualResizeEnabled: false
10:40:39.683 [FXGL Background Thread 3 ] DEBUG Engine               - isMobile: false
10:40:39.683 [FXGL Background Thread 3 ] DEBUG Engine               - isNative: false
10:40:39.683 [FXGL Background Thread 3 ] DEBUG Engine               - isPauseMusicWhenMinimized: true
10:40:39.683 [FXGL Background Thread 3 ] DEBUG Engine               - isPreserveResizeRatio: false
10:40:39.684 [FXGL Background Thread 3 ] DEBUG Engine               - isProfilingEnabled: false
10:40:39.684 [FXGL Background Thread 3 ] DEBUG Engine               - isScaleAffectedOnResize: true
10:40:39.684 [FXGL Background Thread 3 ] DEBUG Engine               - isSingleStep: false
10:40:39.684 [FXGL Background Thread 3 ] DEBUG Engine               - isUserProfileEnabled: false
10:40:39.684 [FXGL Background Thread 3 ] DEBUG Engine               - isWindows: true
10:40:39.684 [FXGL Background Thread 3 ] DEBUG Engine               - language: ObjectProperty [value: ENGLISH]
10:40:39.684 [FXGL Background Thread 3 ] DEBUG Engine               - menuKey: ESCAPE
10:40:39.684 [FXGL Background Thread 3 ] DEBUG Engine               - mouseSensitivity: 0.2
10:40:39.684 [FXGL Background Thread 3 ] DEBUG Engine               - notificationViewClass: class com.almasb.fxgl.notification.view.XboxNotificationView
10:40:39.684 [FXGL Background Thread 3 ] DEBUG Engine               - pixelsPerMeter: 50.0
10:40:39.684 [FXGL Background Thread 3 ] DEBUG Engine               - platform: WINDOWS
10:40:39.684 [FXGL Background Thread 3 ] DEBUG Engine               - prefHeightProperty: ReadOnlyDoubleProperty [value: 880.0]
10:40:39.684 [FXGL Background Thread 3 ] DEBUG Engine               - prefWidthProperty: ReadOnlyDoubleProperty [value: 1280.0]
10:40:39.684 [FXGL Background Thread 3 ] DEBUG Engine               - profileDir: profiles/
10:40:39.684 [FXGL Background Thread 3 ] DEBUG Engine               - profileName: StringProperty [value: DEFAULT]
10:40:39.684 [FXGL Background Thread 3 ] DEBUG Engine               - randomSeed: -1
10:40:39.684 [FXGL Background Thread 3 ] DEBUG Engine               - runtimeInfo: RuntimeInfo(platform=WINDOWS, version=25, build=05.02.2026 22.57)
10:40:39.684 [FXGL Background Thread 3 ] DEBUG Engine               - saveFileExt: sav
10:40:39.684 [FXGL Background Thread 3 ] DEBUG Engine               - scaledHeightProp$fxgl: DoubleProperty [bound, value: 880.0]
10:40:39.684 [FXGL Background Thread 3 ] DEBUG Engine               - scaledWidthProp$fxgl: DoubleProperty [bound, value: 1280.0]
10:40:39.684 [FXGL Background Thread 3 ] DEBUG Engine               - sceneFactory: com.almasb.fxgl.app.scene.SceneFactory@489ae843
10:40:39.684 [FXGL Background Thread 3 ] DEBUG Engine               - secondsIn24h: 60
10:40:39.684 [FXGL Background Thread 3 ] DEBUG Engine               - soundMenuBack: menu/back.wav
10:40:39.684 [FXGL Background Thread 3 ] DEBUG Engine               - soundMenuPress: menu/press.wav
10:40:39.684 [FXGL Background Thread 3 ] DEBUG Engine               - soundMenuSelect: menu/select.wav
10:40:39.684 [FXGL Background Thread 3 ] DEBUG Engine               - soundNotification: core/notification.wav
10:40:39.684 [FXGL Background Thread 3 ] DEBUG Engine               - stageStyle: DECORATED
10:40:39.684 [FXGL Background Thread 3 ] DEBUG Engine               - supportedLanguages: [ENGLISH, FRENCH, GERMAN, HUNGARIAN, RUSSIAN]
10:40:39.684 [FXGL Background Thread 3 ] DEBUG Engine               - ticksPerSecond: -1
10:40:39.684 [FXGL Background Thread 3 ] DEBUG Engine               - title: Mein erstes Game mit FXGL
10:40:39.684 [FXGL Background Thread 3 ] DEBUG Engine               - urlGithub: https://github.com/AlmasB/FXGL
10:40:39.684 [FXGL Background Thread 3 ] DEBUG Engine               - urlLeaderboard: http://fxgl-top.herokuapp.com/
10:40:39.684 [FXGL Background Thread 3 ] DEBUG Engine               - urlPOM: https://raw.githubusercontent.com/AlmasB/FXGL/release/README.md
10:40:39.684 [FXGL Background Thread 3 ] DEBUG Engine               - userAppClass: class btaahaus.spaceInvader.App
10:40:39.684 [FXGL Background Thread 3 ] DEBUG Engine               - version: 0.0.1
10:40:39.684 [FXGL Background Thread 3 ] DEBUG Engine               - versionCheckDays: 7
10:40:39.684 [FXGL Background Thread 3 ] DEBUG Engine               - width: 1280
10:40:39.684 [FXGL Background Thread 3 ] DEBUG Engine               - Logging services
10:40:39.684 [FXGL Background Thread 3 ] DEBUG Engine               - class com.almasb.fxgl.app.services.FXGLAssetLoaderService
10:40:39.684 [FXGL Background Thread 3 ] DEBUG Engine               - class com.almasb.fxgl.app.FXGLApplication$GameApplicationService
10:40:39.684 [FXGL Background Thread 3 ] DEBUG Engine               - class com.almasb.fxgl.app.services.FXGLDialogService
10:40:39.684 [FXGL Background Thread 3 ] DEBUG Engine               - class com.almasb.fxgl.app.services.IOTaskExecutorService
10:40:39.684 [FXGL Background Thread 3 ] DEBUG Engine               - class com.almasb.fxgl.io.FileSystemService
10:40:39.684 [FXGL Background Thread 3 ] DEBUG Engine               - class com.almasb.fxgl.localization.LocalizationService
10:40:39.684 [FXGL Background Thread 3 ] DEBUG Engine               - class com.almasb.fxgl.app.services.SystemBundleService
10:40:39.684 [FXGL Background Thread 3 ] DEBUG Engine               - class com.almasb.fxgl.profile.SaveLoadService
10:40:39.684 [FXGL Background Thread 3 ] DEBUG Engine               - class com.almasb.fxgl.ui.FXGLUIFactoryServiceProvider
10:40:39.684 [FXGL Background Thread 3 ] DEBUG Engine               - class com.almasb.fxgl.ui.FXGLDialogFactoryServiceProvider
10:40:39.684 [FXGL Background Thread 3 ] DEBUG Engine               - class com.almasb.fxgl.audio.AudioPlayer
10:40:39.684 [FXGL Background Thread 3 ] DEBUG Engine               - class com.almasb.fxgl.notification.impl.NotificationServiceProvider
10:40:39.684 [FXGL Background Thread 3 ] DEBUG Engine               - class com.almasb.fxgl.achievement.AchievementService
10:40:39.684 [FXGL Background Thread 3 ] DEBUG Engine               - class com.almasb.fxgl.cutscene.CutsceneService
10:40:39.684 [FXGL Background Thread 3 ] DEBUG Engine               - class com.almasb.fxgl.minigames.MiniGameService
10:40:39.684 [FXGL Background Thread 3 ] DEBUG Engine               - class com.almasb.fxgl.net.NetService
10:40:39.685 [FXGL Background Thread 3 ] DEBUG Engine               - class com.almasb.fxgl.app.services.UpdaterService
10:40:39.685 [FXGL Background Thread 3 ] DEBUG Engine               - class com.almasb.fxgl.dev.DevService
10:40:39.931 [JavaFX Application Thread] DEBUG FXGLAssetLoaderServi - Loading from file system: file:/C:/Users/Administrator/Dokumente/netBeansProjekt/spaceInvader/target/classes/assets/textures/fireBallSenkrecht.png
10:40:40.492 [JavaFX Application Thread] DEBUG FXGLAssetLoaderServi - Loading from file system: file:/C:/Users/Administrator/Dokumente/netBeansProjekt/spaceInvader/target/classes/assets/textures/fireBallSenkrecht.png
10:40:41.051 [JavaFX Application Thread] DEBUG FXGLAssetLoaderServi - Loading from file system: file:/C:/Users/Administrator/Dokumente/netBeansProjekt/spaceInvader/target/classes/assets/textures/fireBallSenkrecht.png
10:40:41.595 [JavaFX Application Thread] DEBUG FXGLAssetLoaderServi - Loading from file system: file:/C:/Users/Administrator/Dokumente/netBeansProjekt/spaceInvader/target/classes/assets/textures/fireBallSenkrecht.png
10:40:42.155 [JavaFX Application Thread] DEBUG FXGLAssetLoaderServi - Loading from file system: file:/C:/Users/Administrator/Dokumente/netBeansProjekt/spaceInvader/target/classes/assets/textures/fireBallSenkrecht.png
10:40:42.733 [JavaFX Application Thread] DEBUG FXGLAssetLoaderServi - Loading from file system: file:/C:/Users/Administrator/Dokumente/netBeansProjekt/spaceInvader/target/classes/assets/textures/fireBallSenkrecht.png
10:40:42.954 [JavaFX Application Thread] DEBUG FXGLAssetLoaderServi - Loading from file system: file:/C:/Users/Administrator/Dokumente/netBeansProjekt/spaceInvader/target/classes/assets/textures/fireBallSenkrecht.png
10:40:43.271 [JavaFX Application Thread] DEBUG FXGLAssetLoaderServi - Loading from file system: file:/C:/Users/Administrator/Dokumente/netBeansProjekt/spaceInvader/target/classes/assets/textures/fireBallSenkrecht.png
10:40:43.610 [JavaFX Application Thread] DEBUG FXGLAssetLoaderServi - Loading from file system: file:/C:/Users/Administrator/Dokumente/netBeansProjekt/spaceInvader/target/classes/assets/textures/fireBallSenkrecht.png
10:40:44.023 [JavaFX Application Thread] DEBUG FXGLAssetLoaderServi - Loading from file system: file:/C:/Users/Administrator/Dokumente/netBeansProjekt/spaceInvader/target/classes/assets/textures/fireBallSenkrecht.png
10:40:44.251 [JavaFX Application Thread] DEBUG FXGLAssetLoaderServi - Loading from file system: file:/C:/Users/Administrator/Dokumente/netBeansProjekt/spaceInvader/target/classes/assets/textures/fireBallSenkrecht.png
10:40:44.657 [JavaFX Application Thread] DEBUG FXGLAssetLoaderServi - Loading from file system: file:/C:/Users/Administrator/Dokumente/netBeansProjekt/spaceInvader/target/classes/assets/textures/fireBallSenkrecht.png
10:40:45.214 [JavaFX Application Thread] DEBUG FXGLAssetLoaderServi - Loading from file system: file:/C:/Users/Administrator/Dokumente/netBeansProjekt/spaceInvader/target/classes/assets/textures/fireBallSenkrecht.png
10:40:45.452 [JavaFX Application Thread] DEBUG FXGLAssetLoaderServi - Loading from file system: file:/C:/Users/Administrator/Dokumente/netBeansProjekt/spaceInvader/target/classes/assets/textures/fireBallSenkrecht.png
10:40:45.687 [JavaFX Application Thread] DEBUG FXGLAssetLoaderServi - Loading from file system: file:/C:/Users/Administrator/Dokumente/netBeansProjekt/spaceInvader/target/classes/assets/textures/fireBallSenkrecht.png
10:40:46.041 [JavaFX Application Thread] DEBUG FXGLAssetLoaderServi - Loading from file system: file:/C:/Users/Administrator/Dokumente/netBeansProjekt/spaceInvader/target/classes/assets/textures/fireBallSenkrecht.png
10:40:46.153 [JavaFX Application Thread] DEBUG FXGLAssetLoaderServi - Loading from file system: file:/C:/Users/Administrator/Dokumente/netBeansProjekt/spaceInvader/target/classes/assets/textures/fireBallSenkrecht.png
10:40:46.696 [JavaFX Application Thread] DEBUG FXGLAssetLoaderServi - Loading from file system: file:/C:/Users/Administrator/Dokumente/netBeansProjekt/spaceInvader/target/classes/assets/textures/fireBallSenkrecht.png
10:40:46.805 [JavaFX Application Thread] DEBUG FXGLAssetLoaderServi - Loading from file system: file:/C:/Users/Administrator/Dokumente/netBeansProjekt/spaceInvader/target/classes/assets/textures/fireBallSenkrecht.png
10:40:47.104 [JavaFX Application Thread] DEBUG FXGLAssetLoaderServi - Loading from file system: file:/C:/Users/Administrator/Dokumente/netBeansProjekt/spaceInvader/target/classes/assets/textures/fireBallSenkrecht.png
10:40:47.354 [JavaFX Application Thread] DEBUG FXGLAssetLoaderServi - Loading from file system: file:/C:/Users/Administrator/Dokumente/netBeansProjekt/spaceInvader/target/classes/assets/textures/fireBallSenkrecht.png
10:40:47.897 [JavaFX Application Thread] DEBUG FXGLAssetLoaderServi - Loading from file system: file:/C:/Users/Administrator/Dokumente/netBeansProjekt/spaceInvader/target/classes/assets/textures/fireBallSenkrecht.png
10:40:48.068 [JavaFX Application Thread] DEBUG FXGLAssetLoaderServi - Loading from file system: file:/C:/Users/Administrator/Dokumente/netBeansProjekt/spaceInvader/target/classes/assets/textures/fireBallSenkrecht.png
10:40:48.117 [JavaFX Application Thread] DEBUG FXGLAssetLoaderServi - Loading from file system: file:/C:/Users/Administrator/Dokumente/netBeansProjekt/spaceInvader/target/classes/assets/textures/fireBallSenkrecht.png
10:40:48.435 [JavaFX Application Thread] DEBUG FXGLAssetLoaderServi - Loading from file system: file:/C:/Users/Administrator/Dokumente/netBeansProjekt/spaceInvader/target/classes/assets/textures/fireBallSenkrecht.png
10:40:48.495 [JavaFX Application Thread] DEBUG FXGLAssetLoaderServi - Loading from file system: file:/C:/Users/Administrator/Dokumente/netBeansProjekt/spaceInvader/target/classes/assets/textures/fireBallSenkrecht.png
10:40:48.652 [JavaFX Application Thread] DEBUG FXGLAssetLoaderServi - Loading from file system: file:/C:/Users/Administrator/Dokumente/netBeansProjekt/spaceInvader/target/classes/assets/textures/fireBallSenkrecht.png
10:40:49.230 [JavaFX Application Thread] DEBUG FXGLAssetLoaderServi - Loading from file system: file:/C:/Users/Administrator/Dokumente/netBeansProjekt/spaceInvader/target/classes/assets/textures/fireBallSenkrecht.png
10:40:49.431 [JavaFX Application Thread] DEBUG FXGLAssetLoaderServi - Loading from file system: file:/C:/Users/Administrator/Dokumente/netBeansProjekt/spaceInvader/target/classes/assets/textures/fireBallSenkrecht.png
10:40:49.996 [JavaFX Application Thread] DEBUG FXGLAssetLoaderServi - Loading from file system: file:/C:/Users/Administrator/Dokumente/netBeansProjekt/spaceInvader/target/classes/assets/textures/fireBallSenkrecht.png
10:40:50.435 [JavaFX Application Thread] DEBUG FXGLAssetLoaderServi - Loading from file system: file:/C:/Users/Administrator/Dokumente/netBeansProjekt/spaceInvader/target/classes/assets/textures/fireBallSenkrecht.png
10:40:50.901 [JavaFX Application Thread] DEBUG FXGLAssetLoaderServi - Loading from file system: file:/C:/Users/Administrator/Dokumente/netBeansProjekt/spaceInvader/target/classes/assets/textures/fireBallSenkrecht.png
10:40:50.995 [JavaFX Application Thread] DEBUG FXGLAssetLoaderServi - Loading from file system: file:/C:/Users/Administrator/Dokumente/netBeansProjekt/spaceInvader/target/classes/assets/textures/fireBallSenkrecht.png
10:40:51.579 [JavaFX Application Thread] DEBUG FXGLAssetLoaderServi - Loading from file system: file:/C:/Users/Administrator/Dokumente/netBeansProjekt/spaceInvader/target/classes/assets/textures/fireBallSenkrecht.png
10:40:52.000 [JavaFX Application Thread] DEBUG FXGLApplication      - Exiting FXGL
10:40:52.000 [JavaFX Application Thread] DEBUG LoopRunner           - Stopping loop
10:40:52.000 [JavaFX Application Thread] DEBUG SystemBundleService  - Saving FXGL system data
10:40:52.002 [JavaFX Application Thread] DEBUG FileSystemAccess     - Writing to: C:\Users\Administrator\Dokumente\netBeansProjekt\spaceInvader\system\fxgl.bundle
10:40:52.003 [JavaFX Application Thread] DEBUG Async                - Shutting down background threads
10:40:52.003 [JavaFX Application Thread] DEBUG PrimaryStageWindow   - Closing main window
10:40:52.008 [JavaFX Application Thread] DEBUG Logger               - Closing Logger
