09:18:59.488 [main                     ] DEBUG Logger               - Configured Logger
09:18:59.497 [main                     ] DEBUG GameApplication      - Logging settings
Title: Mein erstes Game mit FXGL
Version: 0.0.1
Width: 1280
Height: 880
Fullscreen: true
Intro: false
Profiling: false
Single step:false
App Mode: DEVELOPER
Menu Key: ESCAPE
Stage Style: DECORATED
Scene Factory: class com.almasb.fxgl.app.scene.SceneFactory

09:18:59.952 [JavaFX Application Thread] DEBUG FXGLApplication      - Initializing FXGL
09:18:59.957 [JavaFX Application Thread] INFO  Engine               - FXGL-25 (05.02.2026 22.57) on WINDOWS (J:25.0.2 FX:25.0.1)
09:18:59.957 [JavaFX Application Thread] DEBUG Engine               - JRE Vendor Name: Eclipse Adoptium
09:18:59.957 [JavaFX Application Thread] DEBUG Engine               - Running on OS: Windows 10 version 10.0
09:18:59.957 [JavaFX Application Thread] DEBUG Engine               - Architecture: amd64
09:18:59.957 [JavaFX Application Thread] INFO  Engine               - Source code and latest versions at: https://github.com/AlmasB/FXGL
09:18:59.958 [JavaFX Application Thread] INFO  Engine               -       Ask questions and discuss at: https://github.com/AlmasB/FXGL/discussions
09:19:00.105 [JavaFX Application Thread] DEBUG PrimaryStageWindow   - Creating a JavaFX scene
09:19:00.164 [JavaFX Application Thread] DEBUG PrimaryStageWindow   - Target settings size: 1280.0 x 880.0
09:19:00.164 [JavaFX Application Thread] DEBUG PrimaryStageWindow   - Scaled scene size:    1280.0 x 880.0
09:19:00.165 [JavaFX Application Thread] DEBUG PrimaryStageWindow   - Scaled ratio: (1.0, 1.0)
09:19:00.166 [JavaFX Application Thread] DEBUG PrimaryStageWindow   - Set initial scene to FXGLStartupScene
09:19:00.173 [JavaFX Application Thread] DEBUG PrimaryStageWindow   - Opening main window
09:19:00.541 [JavaFX Application Thread] DEBUG PrimaryStageWindow   - Window border size: (16.0, 39.0)
09:19:00.542 [JavaFX Application Thread] DEBUG PrimaryStageWindow   - Scaled size: 1280.0 x 880.0
09:19:00.542 [JavaFX Application Thread] DEBUG PrimaryStageWindow   - Scaled ratio: (1.0, 1.0)
09:19:00.542 [JavaFX Application Thread] DEBUG PrimaryStageWindow   - Scene size: 1280.0 x 880.0
09:19:00.542 [JavaFX Application Thread] DEBUG PrimaryStageWindow   - Stage size: 1296.0 x 919.0
09:19:00.550 [FXGL Background Thread 1 ] DEBUG Engine               - Initializing environment variables
09:19:00.612 [FXGL Background Thread 1 ] DEBUG FXGLAssetLoaderServi - User app class for loading assets: class btaahaus.spaceInvader.App
09:19:00.612 [FXGL Background Thread 1 ] DEBUG GameApplicationServi - Applying CSS: fxgl_dark.css
09:19:00.613 [FXGL Background Thread 1 ] DEBUG FXGLAssetLoaderServi - Loading from file system: jar:file:/C:/Users/Gerighausen/.m2/repository/com/github/almasb/fxgl/25/fxgl-25.jar!/fxglassets/ui/css/fxgl_dark.css
09:19:00.664 [FXGL Background Thread 1 ] DEBUG GameApplicationServi - Initializing application scenes
09:19:00.725 [FXGL Background Thread 1 ] DEBUG GameWorld            - Game world initialized
09:19:00.776 [FXGL Background Thread 1 ] DEBUG PhysicsWorld         - Physics world initialized: appHeight=880, physics.ppm=50,0
09:19:00.777 [FXGL Background Thread 1 ] DEBUG PhysicsWorld         - Using strategy: BRUTE_FORCE
09:19:00.782 [FXGL Background Thread 1 ] DEBUG GameScene            - Game scene initialized: 1280x880
09:19:00.797 [FXGL Background Thread 1 ] DEBUG FXGL.DefaultMenu     - createMenuBodyGameMenu()
09:19:00.815 [FXGL Background Thread 1 ] DEBUG FXGL.DefaultMenu     - createOptionsMenu()
09:19:00.826 [FXGL Background Thread 1 ] DEBUG FXGLAssetLoaderServi - Loading from file system: jar:file:/C:/Users/Gerighausen/.m2/repository/com/github/almasb/fxgl/25/fxgl-25.jar!/fxglassets/textures/particles/smoke.png
09:19:00.918 [FXGL Background Thread 1 ] DEBUG FXGLAssetLoaderServi - Loading from file system: jar:file:/C:/Users/Gerighausen/.m2/repository/com/github/almasb/fxgl/25/fxgl-25.jar!/fxglassets/textures/particles/trace_horizontal.png
09:19:00.941 [FXGL Background Thread 1 ] DEBUG GameApplicationServi - Application scenes initialized
09:19:00.954 [FXGL Background Thread 1 ] DEBUG SystemBundleService  - Loading FXGL system data
09:19:00.961 [FXGL Background Thread 1 ] DEBUG FileSystemAccess     - Reading from: C:\Users\Gerighausen\Documents\NetBeansProjects\spaceInvader\system\fxgl.bundle
09:19:00.968 [FXGL Background Thread 1 ] DEBUG SystemBundleService  - Bundle FXGL: {}
09:19:00.968 [FXGL Background Thread 1 ] DEBUG UpdaterService       - Checking for updates
09:19:00.974 [FXGL Background Thread 1 ] DEBUG FXGLApplication      - Loading default localization
09:19:00.974 [FXGL Background Thread 4 ] DEBUG FXGLApplication      - Loading fonts
09:19:00.975 [FXGL Background Thread 1 ] DEBUG FXGLAssetLoaderServi - Loading from file system: jar:file:/C:/Users/Gerighausen/.m2/repository/com/github/almasb/fxgl/25/fxgl-25.jar!/fxglassets/languages/english.lang
09:19:00.975 [FXGL Background Thread 4 ] DEBUG FXGLAssetLoaderServi - Loading from file system: jar:file:/C:/Users/Gerighausen/.m2/repository/com/github/almasb/fxgl/25/fxgl-25.jar!/fxglassets/ui/fonts/VarelaRound-Regular.ttf
09:19:01.018 [FXGL Background Thread 1 ] INFO  FXGLApplication      - FXGL initialization took: 0,468 sec
09:19:01.027 [JavaFX Application Thread] DEBUG Input                - Registered new binding: right - D
09:19:01.028 [JavaFX Application Thread] DEBUG Input                - Registered new binding: left - A
09:19:01.028 [JavaFX Application Thread] DEBUG Input                - Registered new binding: up - W
09:19:01.028 [JavaFX Application Thread] DEBUG Input                - Registered new binding: down - S
09:19:01.028 [JavaFX Application Thread] DEBUG FXGLAssetLoaderServi - Loading from file system: jar:file:/C:/Users/Gerighausen/.m2/repository/com/github/almasb/fxgl/25/fxgl-25.jar!/fxglassets/textures/fxgl_icon.png
09:19:01.041 [FXGL Background Thread 4 ] DEBUG FXGLAssetLoaderServi - Loading from file system: jar:file:/C:/Users/Gerighausen/.m2/repository/com/github/almasb/fxgl/25/fxgl-25.jar!/fxglassets/ui/fonts/Abel-Regular.ttf
09:19:01.044 [FXGL Background Thread 4 ] DEBUG FXGLAssetLoaderServi - Loading from file system: jar:file:/C:/Users/Gerighausen/.m2/repository/com/github/almasb/fxgl/25/fxgl-25.jar!/fxglassets/ui/fonts/TerminalLandMono-Regular.otf
09:19:01.048 [JavaFX Application Thread] DEBUG FXGLAssetLoaderServi - Loading from file system: jar:file:/C:/Users/Gerighausen/.m2/repository/com/github/almasb/fxgl/25/fxgl-25.jar!/fxglassets/textures/fxgl_default_cursor.png
09:19:01.050 [FXGL Background Thread 4 ] DEBUG FXGLAssetLoaderServi - Loading from file system: jar:file:/C:/Users/Gerighausen/.m2/repository/com/github/almasb/fxgl/25/fxgl-25.jar!/fxglassets/ui/fonts/Courier-Prime.ttf
09:19:01.050 [JavaFX Application Thread] DEBUG Input                - Registered new binding: Screenshot - CTRL+8
09:19:01.051 [JavaFX Application Thread] DEBUG Input                - Registered new binding: System info dump - CTRL+9
09:19:01.051 [JavaFX Application Thread] DEBUG Input                - Registered new binding: Restart - CTRL+R
09:19:01.052 [JavaFX Application Thread] DEBUG Input                - Registered new binding: Toggle Debug Camera - CTRL+7
09:19:01.055 [JavaFX Application Thread] DEBUG LoopRunner           - Starting loop
09:19:01.055 [JavaFX Application Thread] DEBUG LoopRunner           - Initializing JavaFX AnimationTimerLoop
09:19:01.059 [JavaFX Application Thread] DEBUG GameApplicationServi - Starting new game
09:19:01.059 [JavaFX Application Thread] DEBUG Input                - Clearing active input actions
09:19:01.072 [JavaFX Application Thread] DEBUG GameApplicationServi - Removing overlay from FXGLStartupScene and adding to FXGLLoadingScene
09:19:01.072 [JavaFX Application Thread] DEBUG PrimaryStageWindow   - FXGLStartupScene -> FXGLLoadingScene
09:19:01.072 [JavaFX Application Thread] DEBUG GameApplicationServi - Clearing previous game
09:19:01.072 [JavaFX Application Thread] DEBUG GameScene            - Clearing game scene
09:19:01.073 [JavaFX Application Thread] DEBUG GameWorld            - Clearing game world
09:19:01.073 [JavaFX Application Thread] DEBUG PhysicsWorld         - Clearing physics world
09:19:01.074 [FXGL Background Thread 4 ] DEBUG FXGLApplication      - Initializing game
09:19:01.074 [JavaFX Application Thread] DEBUG FXGLApplication      - Registering font factories with UI factory
09:19:01.086 [FXGL Background Thread 4 ] DEBUG FXGLAssetLoaderServi - Loading from file system: file:/C:/Users/Gerighausen/Documents/NetBeansProjects/spaceInvader/target/classes/assets/textures/bgSpace.jpg
09:19:01.256 [FXGL Background Thread 4 ] DEBUG FXGLAssetLoaderServi - Loading from file system: file:/C:/Users/Gerighausen/Documents/NetBeansProjects/spaceInvader/target/classes/assets/textures/meteorit.png
09:19:01.287 [FXGL Background Thread 4 ] DEBUG FXGLAssetLoaderServi - Loading from file system: file:/C:/Users/Gerighausen/Documents/NetBeansProjects/spaceInvader/target/classes/assets/textures/rocketSchmal.png
09:19:01.298 [FXGL Background Thread 4 ] INFO  FXGLApplication      - Game initialization took: 0,224 sec
09:19:01.448 [JavaFX Application Thread] DEBUG Input                - Clearing active input actions
09:19:01.457 [JavaFX Application Thread] DEBUG GameApplicationServi - Removing overlay from FXGLLoadingScene and adding to GameScene
09:19:01.457 [JavaFX Application Thread] DEBUG PrimaryStageWindow   - FXGLLoadingScene -> GameScene
09:19:01.538 [JavaFX Application Thread] DEBUG FXGLAssetLoaderServi - Loading from file system: file:/C:/Users/Gerighausen/Documents/NetBeansProjects/spaceInvader/target/classes/assets/textures/fireBallSenkrecht.png
09:19:02.114 [JavaFX Application Thread] DEBUG FXGLAssetLoaderServi - Loading from file system: file:/C:/Users/Gerighausen/Documents/NetBeansProjects/spaceInvader/target/classes/assets/textures/fireBallSenkrecht.png
09:19:02.690 [JavaFX Application Thread] DEBUG FXGLAssetLoaderServi - Loading from file system: file:/C:/Users/Gerighausen/Documents/NetBeansProjects/spaceInvader/target/classes/assets/textures/fireBallSenkrecht.png
09:19:03.233 [JavaFX Application Thread] DEBUG FXGLAssetLoaderServi - Loading from file system: file:/C:/Users/Gerighausen/Documents/NetBeansProjects/spaceInvader/target/classes/assets/textures/fireBallSenkrecht.png
09:19:03.778 [JavaFX Application Thread] DEBUG FXGLAssetLoaderServi - Loading from file system: file:/C:/Users/Gerighausen/Documents/NetBeansProjects/spaceInvader/target/classes/assets/textures/fireBallSenkrecht.png
09:19:03.971 [FXGL Background Thread 3 ] DEBUG Engine               - Logging environment variables
09:19:03.972 [FXGL Background Thread 3 ] DEBUG Engine               - achievements: []
09:19:03.972 [FXGL Background Thread 3 ] DEBUG Engine               - actualHeight: 880.0
09:19:03.972 [FXGL Background Thread 3 ] DEBUG Engine               - actualHeightProperty: ReadOnlyDoubleProperty [value: 880.0]
09:19:03.973 [FXGL Background Thread 3 ] DEBUG Engine               - actualWidth: 1280.0
09:19:03.973 [FXGL Background Thread 3 ] DEBUG Engine               - actualWidthProperty: ReadOnlyDoubleProperty [value: 1280.0]
09:19:03.973 [FXGL Background Thread 3 ] DEBUG Engine               - appIcon: fxgl_icon.png
09:19:03.973 [FXGL Background Thread 3 ] DEBUG Engine               - applicationMode: DEVELOPER
09:19:03.973 [FXGL Background Thread 3 ] DEBUG Engine               - cSSList: [fxgl_dark.css]
09:19:03.974 [FXGL Background Thread 3 ] DEBUG Engine               - collisionDetectionStrategy: BRUTE_FORCE
09:19:03.974 [FXGL Background Thread 3 ] DEBUG Engine               - configClass: Optional.empty
09:19:03.974 [FXGL Background Thread 3 ] DEBUG Engine               - credits: []
09:19:03.974 [FXGL Background Thread 3 ] DEBUG Engine               - defaultCursor: CursorInfo(imageName=fxgl_default_cursor.png, hotspotX=7.0, hotspotY=6.0)
09:19:03.975 [FXGL Background Thread 3 ] DEBUG Engine               - devBBoxColorProperty: ObjectProperty [value: 0xff0000ff]
09:19:03.975 [FXGL Background Thread 3 ] DEBUG Engine               - devEnableDebugCameraProperty: BooleanProperty [value: false]
09:19:03.975 [FXGL Background Thread 3 ] DEBUG Engine               - devSensorColorProperty: ObjectProperty [value: 0xffff00ff]
09:19:03.975 [FXGL Background Thread 3 ] DEBUG Engine               - devShowBBoxProperty: BooleanProperty [value: false]
09:19:03.975 [FXGL Background Thread 3 ] DEBUG Engine               - devShowPositionProperty: BooleanProperty [value: false]
09:19:03.975 [FXGL Background Thread 3 ] DEBUG Engine               - enabledMenuItems: []
09:19:03.976 [FXGL Background Thread 3 ] DEBUG Engine               - engineServices: [class com.almasb.fxgl.app.services.FXGLAssetLoaderService, class com.almasb.fxgl.app.FXGLApplication$GameApplicationService, class com.almasb.fxgl.app.services.FXGLDialogService, class com.almasb.fxgl.app.services.IOTaskExecutorService, class com.almasb.fxgl.io.FileSystemService, class com.almasb.fxgl.localization.LocalizationService, class com.almasb.fxgl.app.services.SystemBundleService, class com.almasb.fxgl.profile.SaveLoadService, class com.almasb.fxgl.ui.FXGLUIFactoryServiceProvider, class com.almasb.fxgl.ui.FXGLDialogFactoryServiceProvider, class com.almasb.fxgl.audio.AudioPlayer, class com.almasb.fxgl.notification.impl.NotificationServiceProvider, class com.almasb.fxgl.achievement.AchievementService, class com.almasb.fxgl.cutscene.CutsceneService, class com.almasb.fxgl.minigames.MiniGameService, class com.almasb.fxgl.net.NetService, class com.almasb.fxgl.app.services.UpdaterService, class com.almasb.fxgl.dev.DevService]
09:19:03.976 [FXGL Background Thread 3 ] DEBUG Engine               - fontGame: Abel-Regular.ttf
09:19:03.976 [FXGL Background Thread 3 ] DEBUG Engine               - fontMono: TerminalLandMono-Regular.otf
09:19:03.976 [FXGL Background Thread 3 ] DEBUG Engine               - fontSizeScaleUI: 1.0
09:19:03.976 [FXGL Background Thread 3 ] DEBUG Engine               - fontText: Courier-Prime.ttf
09:19:03.976 [FXGL Background Thread 3 ] DEBUG Engine               - fontUI: VarelaRound-Regular.ttf
09:19:03.976 [FXGL Background Thread 3 ] DEBUG Engine               - fpsRefreshRate: 500.0 ms
09:19:03.976 [FXGL Background Thread 3 ] DEBUG Engine               - fullScreen: BooleanProperty [value: false]
09:19:03.976 [FXGL Background Thread 3 ] DEBUG Engine               - gameDifficulty: MEDIUM
09:19:03.976 [FXGL Background Thread 3 ] DEBUG Engine               - gameDifficultyProperty: ObjectProperty [value: MEDIUM]
09:19:03.977 [FXGL Background Thread 3 ] DEBUG Engine               - globalMusicVolume: 0.5
09:19:03.977 [FXGL Background Thread 3 ] DEBUG Engine               - globalMusicVolumeProperty: DoubleProperty [value: 0.5]
09:19:03.977 [FXGL Background Thread 3 ] DEBUG Engine               - globalSoundVolume: 0.5
09:19:03.977 [FXGL Background Thread 3 ] DEBUG Engine               - globalSoundVolumeProperty: DoubleProperty [value: 0.5]
09:19:03.977 [FXGL Background Thread 3 ] DEBUG Engine               - height: 880
09:19:03.977 [FXGL Background Thread 3 ] DEBUG Engine               - is3D: false
09:19:03.977 [FXGL Background Thread 3 ] DEBUG Engine               - isAndroid: false
09:19:03.977 [FXGL Background Thread 3 ] DEBUG Engine               - isBrowser: false
09:19:03.977 [FXGL Background Thread 3 ] DEBUG Engine               - isClickFeedbackEnabled: false
09:19:03.977 [FXGL Background Thread 3 ] DEBUG Engine               - isCloseConfirmation: false
09:19:03.977 [FXGL Background Thread 3 ] DEBUG Engine               - isDesktop: true
09:19:03.977 [FXGL Background Thread 3 ] DEBUG Engine               - isDeveloperMenuEnabled: false
09:19:03.977 [FXGL Background Thread 3 ] DEBUG Engine               - isEmbedded: false
09:19:03.978 [FXGL Background Thread 3 ] DEBUG Engine               - isEntityPreloadEnabled: true
09:19:03.978 [FXGL Background Thread 3 ] DEBUG Engine               - isExperimentalTiledLargeMap: false
09:19:03.978 [FXGL Background Thread 3 ] DEBUG Engine               - isFileSystemWriteAllowed: true
09:19:03.978 [FXGL Background Thread 3 ] DEBUG Engine               - isFullScreenAllowed: true
09:19:03.978 [FXGL Background Thread 3 ] DEBUG Engine               - isFullScreenFromStart: false
09:19:03.978 [FXGL Background Thread 3 ] DEBUG Engine               - isGameMenuEnabled: true
09:19:03.978 [FXGL Background Thread 3 ] DEBUG Engine               - isIOS: false
09:19:03.978 [FXGL Background Thread 3 ] DEBUG Engine               - isIntroEnabled: false
09:19:03.978 [FXGL Background Thread 3 ] DEBUG Engine               - isLinux: false
09:19:03.978 [FXGL Background Thread 3 ] DEBUG Engine               - isMac: false
09:19:03.978 [FXGL Background Thread 3 ] DEBUG Engine               - isMainMenuEnabled: false
09:19:03.978 [FXGL Background Thread 3 ] DEBUG Engine               - isManualResizeEnabled: false
09:19:03.978 [FXGL Background Thread 3 ] DEBUG Engine               - isMobile: false
09:19:03.979 [FXGL Background Thread 3 ] DEBUG Engine               - isNative: false
09:19:03.979 [FXGL Background Thread 3 ] DEBUG Engine               - isPauseMusicWhenMinimized: true
09:19:03.979 [FXGL Background Thread 3 ] DEBUG Engine               - isPreserveResizeRatio: false
09:19:03.979 [FXGL Background Thread 3 ] DEBUG Engine               - isProfilingEnabled: false
09:19:03.979 [FXGL Background Thread 3 ] DEBUG Engine               - isScaleAffectedOnResize: true
09:19:03.979 [FXGL Background Thread 3 ] DEBUG Engine               - isSingleStep: false
09:19:03.979 [FXGL Background Thread 3 ] DEBUG Engine               - isUserProfileEnabled: false
09:19:03.979 [FXGL Background Thread 3 ] DEBUG Engine               - isWindows: true
09:19:03.979 [FXGL Background Thread 3 ] DEBUG Engine               - language: ObjectProperty [value: ENGLISH]
09:19:03.979 [FXGL Background Thread 3 ] DEBUG Engine               - menuKey: ESCAPE
09:19:03.979 [FXGL Background Thread 3 ] DEBUG Engine               - mouseSensitivity: 0.2
09:19:03.979 [FXGL Background Thread 3 ] DEBUG Engine               - notificationViewClass: class com.almasb.fxgl.notification.view.XboxNotificationView
09:19:03.979 [FXGL Background Thread 3 ] DEBUG Engine               - pixelsPerMeter: 50.0
09:19:03.980 [FXGL Background Thread 3 ] DEBUG Engine               - platform: WINDOWS
09:19:03.980 [FXGL Background Thread 3 ] DEBUG Engine               - prefHeightProperty: ReadOnlyDoubleProperty [value: 880.0]
09:19:03.980 [FXGL Background Thread 3 ] DEBUG Engine               - prefWidthProperty: ReadOnlyDoubleProperty [value: 1280.0]
09:19:03.980 [FXGL Background Thread 3 ] DEBUG Engine               - profileDir: profiles/
09:19:03.980 [FXGL Background Thread 3 ] DEBUG Engine               - profileName: StringProperty [value: DEFAULT]
09:19:03.980 [FXGL Background Thread 3 ] DEBUG Engine               - randomSeed: -1
09:19:03.980 [FXGL Background Thread 3 ] DEBUG Engine               - runtimeInfo: RuntimeInfo(platform=WINDOWS, version=25, build=05.02.2026 22.57)
09:19:03.980 [FXGL Background Thread 3 ] DEBUG Engine               - saveFileExt: sav
09:19:03.980 [FXGL Background Thread 3 ] DEBUG Engine               - scaledHeightProp$fxgl: DoubleProperty [bound, value: 880.0]
09:19:03.980 [FXGL Background Thread 3 ] DEBUG Engine               - scaledWidthProp$fxgl: DoubleProperty [bound, value: 1280.0]
09:19:03.980 [FXGL Background Thread 3 ] DEBUG Engine               - sceneFactory: com.almasb.fxgl.app.scene.SceneFactory@655572eb
09:19:03.981 [FXGL Background Thread 3 ] DEBUG Engine               - secondsIn24h: 60
09:19:03.981 [FXGL Background Thread 3 ] DEBUG Engine               - soundMenuBack: menu/back.wav
09:19:03.981 [FXGL Background Thread 3 ] DEBUG Engine               - soundMenuPress: menu/press.wav
09:19:03.981 [FXGL Background Thread 3 ] DEBUG Engine               - soundMenuSelect: menu/select.wav
09:19:03.981 [FXGL Background Thread 3 ] DEBUG Engine               - soundNotification: core/notification.wav
09:19:03.981 [FXGL Background Thread 3 ] DEBUG Engine               - stageStyle: DECORATED
09:19:03.981 [FXGL Background Thread 3 ] DEBUG Engine               - supportedLanguages: [ENGLISH, FRENCH, GERMAN, HUNGARIAN, RUSSIAN]
09:19:03.981 [FXGL Background Thread 3 ] DEBUG Engine               - ticksPerSecond: -1
09:19:03.981 [FXGL Background Thread 3 ] DEBUG Engine               - title: Mein erstes Game mit FXGL
09:19:03.981 [FXGL Background Thread 3 ] DEBUG Engine               - urlGithub: https://github.com/AlmasB/FXGL
09:19:03.981 [FXGL Background Thread 3 ] DEBUG Engine               - urlLeaderboard: http://fxgl-top.herokuapp.com/
09:19:03.981 [FXGL Background Thread 3 ] DEBUG Engine               - urlPOM: https://raw.githubusercontent.com/AlmasB/FXGL/release/README.md
09:19:03.982 [FXGL Background Thread 3 ] DEBUG Engine               - userAppClass: class btaahaus.spaceInvader.App
09:19:03.982 [FXGL Background Thread 3 ] DEBUG Engine               - version: 0.0.1
09:19:03.982 [FXGL Background Thread 3 ] DEBUG Engine               - versionCheckDays: 7
09:19:03.982 [FXGL Background Thread 3 ] DEBUG Engine               - width: 1280
09:19:03.982 [FXGL Background Thread 3 ] DEBUG Engine               - Logging services
09:19:03.982 [FXGL Background Thread 3 ] DEBUG Engine               - class com.almasb.fxgl.app.services.FXGLAssetLoaderService
09:19:03.982 [FXGL Background Thread 3 ] DEBUG Engine               - class com.almasb.fxgl.app.FXGLApplication$GameApplicationService
09:19:03.982 [FXGL Background Thread 3 ] DEBUG Engine               - class com.almasb.fxgl.app.services.FXGLDialogService
09:19:03.982 [FXGL Background Thread 3 ] DEBUG Engine               - class com.almasb.fxgl.app.services.IOTaskExecutorService
09:19:03.982 [FXGL Background Thread 3 ] DEBUG Engine               - class com.almasb.fxgl.io.FileSystemService
09:19:03.982 [FXGL Background Thread 3 ] DEBUG Engine               - class com.almasb.fxgl.localization.LocalizationService
09:19:03.982 [FXGL Background Thread 3 ] DEBUG Engine               - class com.almasb.fxgl.app.services.SystemBundleService
09:19:03.982 [FXGL Background Thread 3 ] DEBUG Engine               - class com.almasb.fxgl.profile.SaveLoadService
09:19:03.982 [FXGL Background Thread 3 ] DEBUG Engine               - class com.almasb.fxgl.ui.FXGLUIFactoryServiceProvider
09:19:03.982 [FXGL Background Thread 3 ] DEBUG Engine               - class com.almasb.fxgl.ui.FXGLDialogFactoryServiceProvider
09:19:03.982 [FXGL Background Thread 3 ] DEBUG Engine               - class com.almasb.fxgl.audio.AudioPlayer
09:19:03.983 [FXGL Background Thread 3 ] DEBUG Engine               - class com.almasb.fxgl.notification.impl.NotificationServiceProvider
09:19:03.983 [FXGL Background Thread 3 ] DEBUG Engine               - class com.almasb.fxgl.achievement.AchievementService
09:19:03.983 [FXGL Background Thread 3 ] DEBUG Engine               - class com.almasb.fxgl.cutscene.CutsceneService
09:19:03.983 [FXGL Background Thread 3 ] DEBUG Engine               - class com.almasb.fxgl.minigames.MiniGameService
09:19:03.983 [FXGL Background Thread 3 ] DEBUG Engine               - class com.almasb.fxgl.net.NetService
09:19:03.983 [FXGL Background Thread 3 ] DEBUG Engine               - class com.almasb.fxgl.app.services.UpdaterService
09:19:03.983 [FXGL Background Thread 3 ] DEBUG Engine               - class com.almasb.fxgl.dev.DevService
09:19:04.353 [JavaFX Application Thread] DEBUG FXGLAssetLoaderServi - Loading from file system: file:/C:/Users/Gerighausen/Documents/NetBeansProjects/spaceInvader/target/classes/assets/textures/fireBallSenkrecht.png
09:19:04.897 [JavaFX Application Thread] DEBUG FXGLAssetLoaderServi - Loading from file system: file:/C:/Users/Gerighausen/Documents/NetBeansProjects/spaceInvader/target/classes/assets/textures/fireBallSenkrecht.png
09:19:05.442 [JavaFX Application Thread] DEBUG FXGLAssetLoaderServi - Loading from file system: file:/C:/Users/Gerighausen/Documents/NetBeansProjects/spaceInvader/target/classes/assets/textures/fireBallSenkrecht.png
09:19:06.017 [JavaFX Application Thread] DEBUG FXGLAssetLoaderServi - Loading from file system: file:/C:/Users/Gerighausen/Documents/NetBeansProjects/spaceInvader/target/classes/assets/textures/fireBallSenkrecht.png
09:19:06.561 [JavaFX Application Thread] DEBUG FXGLAssetLoaderServi - Loading from file system: file:/C:/Users/Gerighausen/Documents/NetBeansProjects/spaceInvader/target/classes/assets/textures/fireBallSenkrecht.png
09:19:07.138 [JavaFX Application Thread] DEBUG FXGLAssetLoaderServi - Loading from file system: file:/C:/Users/Gerighausen/Documents/NetBeansProjects/spaceInvader/target/classes/assets/textures/fireBallSenkrecht.png
09:19:07.697 [JavaFX Application Thread] DEBUG FXGLAssetLoaderServi - Loading from file system: file:/C:/Users/Gerighausen/Documents/NetBeansProjects/spaceInvader/target/classes/assets/textures/fireBallSenkrecht.png
09:19:08.259 [JavaFX Application Thread] DEBUG FXGLAssetLoaderServi - Loading from file system: file:/C:/Users/Gerighausen/Documents/NetBeansProjects/spaceInvader/target/classes/assets/textures/fireBallSenkrecht.png
09:19:08.401 [JavaFX Application Thread] DEBUG PrimaryStageWindow   - Push state: FXGLDefaultMenu
09:19:08.414 [JavaFX Application Thread] DEBUG Input                - Clearing active input actions
09:19:08.428 [JavaFX Application Thread] DEBUG GameApplicationServi - Removing overlay from GameScene and adding to FXGLDefaultMenu
09:19:08.428 [JavaFX Application Thread] DEBUG PrimaryStageWindow   - GameScene -> FXGLDefaultMenu
09:19:09.992 [JavaFX Application Thread] DEBUG PrimaryStageWindow   - Pop state: FXGLDefaultMenu
09:19:09.992 [JavaFX Application Thread] DEBUG Input                - Clearing active input actions
09:19:09.992 [JavaFX Application Thread] DEBUG GameApplicationServi - Removing overlay from FXGLDefaultMenu and adding to GameScene
09:19:09.993 [JavaFX Application Thread] DEBUG PrimaryStageWindow   - GameScene <- FXGLDefaultMenu
09:19:10.417 [JavaFX Application Thread] DEBUG FXGLAssetLoaderServi - Loading from file system: file:/C:/Users/Gerighausen/Documents/NetBeansProjects/spaceInvader/target/classes/assets/textures/fireBallSenkrecht.png
09:19:10.977 [JavaFX Application Thread] DEBUG FXGLAssetLoaderServi - Loading from file system: file:/C:/Users/Gerighausen/Documents/NetBeansProjects/spaceInvader/target/classes/assets/textures/fireBallSenkrecht.png
09:19:11.147 [JavaFX Application Thread] DEBUG PrimaryStageWindow   - Push state: FXGLDefaultMenu
09:19:11.147 [JavaFX Application Thread] DEBUG Input                - Clearing active input actions
09:19:11.148 [JavaFX Application Thread] DEBUG GameApplicationServi - Removing overlay from GameScene and adding to FXGLDefaultMenu
09:19:11.148 [JavaFX Application Thread] DEBUG PrimaryStageWindow   - GameScene -> FXGLDefaultMenu
09:19:11.572 [JavaFX Application Thread] DEBUG PrimaryStageWindow   - Pop state: FXGLDefaultMenu
09:19:11.572 [JavaFX Application Thread] DEBUG Input                - Clearing active input actions
09:19:11.572 [JavaFX Application Thread] DEBUG GameApplicationServi - Removing overlay from FXGLDefaultMenu and adding to GameScene
09:19:11.573 [JavaFX Application Thread] DEBUG PrimaryStageWindow   - GameScene <- FXGLDefaultMenu
09:19:11.841 [JavaFX Application Thread] DEBUG FXGLAssetLoaderServi - Loading from file system: file:/C:/Users/Gerighausen/Documents/NetBeansProjects/spaceInvader/target/classes/assets/textures/fireBallSenkrecht.png
09:19:12.385 [JavaFX Application Thread] DEBUG FXGLAssetLoaderServi - Loading from file system: file:/C:/Users/Gerighausen/Documents/NetBeansProjects/spaceInvader/target/classes/assets/textures/fireBallSenkrecht.png
09:19:12.929 [JavaFX Application Thread] DEBUG FXGLAssetLoaderServi - Loading from file system: file:/C:/Users/Gerighausen/Documents/NetBeansProjects/spaceInvader/target/classes/assets/textures/fireBallSenkrecht.png
09:19:13.473 [JavaFX Application Thread] DEBUG FXGLAssetLoaderServi - Loading from file system: file:/C:/Users/Gerighausen/Documents/NetBeansProjects/spaceInvader/target/classes/assets/textures/fireBallSenkrecht.png
09:19:13.644 [JavaFX Application Thread] DEBUG FXGLApplication      - Exiting FXGL
09:19:13.644 [JavaFX Application Thread] DEBUG LoopRunner           - Stopping loop
09:19:13.644 [JavaFX Application Thread] DEBUG SystemBundleService  - Saving FXGL system data
09:19:13.646 [JavaFX Application Thread] DEBUG FileSystemAccess     - Writing to: C:\Users\Gerighausen\Documents\NetBeansProjects\spaceInvader\system\fxgl.bundle
09:19:13.649 [JavaFX Application Thread] DEBUG Async                - Shutting down background threads
09:19:13.649 [JavaFX Application Thread] DEBUG PrimaryStageWindow   - Closing main window
09:19:13.663 [JavaFX Application Thread] DEBUG Logger               - Closing Logger
