10:38:51.028 [main                     ] DEBUG Logger               - Configured Logger
10:38:51.033 [main                     ] DEBUG GameApplication      - Logging settings
Title: Mein erstes Game mit FXGL
Version: 0.0.1
Width: 1280
Height: 880
Fullscreen: true
Intro: false
Profiling: false
Single step:false
App Mode: DEVELOPER
Menu Key: ESCAPE
Stage Style: DECORATED
Scene Factory: class com.almasb.fxgl.app.scene.SceneFactory

10:38:51.419 [JavaFX Application Thread] DEBUG FXGLApplication      - Initializing FXGL
10:38:51.422 [JavaFX Application Thread] INFO  Engine               - FXGL-25 (05.02.2026 22.57) on WINDOWS (J:25.0.3 FX:25.0.1)
10:38:51.422 [JavaFX Application Thread] DEBUG Engine               - JRE Vendor Name: Oracle Corporation
10:38:51.422 [JavaFX Application Thread] DEBUG Engine               - Running on OS: Windows 11 version 10.0
10:38:51.422 [JavaFX Application Thread] DEBUG Engine               - Architecture: amd64
10:38:51.422 [JavaFX Application Thread] INFO  Engine               - Source code and latest versions at: https://github.com/AlmasB/FXGL
10:38:51.422 [JavaFX Application Thread] INFO  Engine               -       Ask questions and discuss at: https://github.com/AlmasB/FXGL/discussions
10:38:51.486 [JavaFX Application Thread] DEBUG PrimaryStageWindow   - Creating a JavaFX scene
10:38:51.519 [JavaFX Application Thread] DEBUG PrimaryStageWindow   - Target settings size: 1280.0 x 880.0
10:38:51.519 [JavaFX Application Thread] DEBUG PrimaryStageWindow   - Scaled scene size:    1280.0 x 880.0
10:38:51.520 [JavaFX Application Thread] DEBUG PrimaryStageWindow   - Scaled ratio: (1.0, 1.0)
10:38:51.520 [JavaFX Application Thread] DEBUG PrimaryStageWindow   - Set initial scene to FXGLStartupScene
10:38:51.524 [JavaFX Application Thread] DEBUG PrimaryStageWindow   - Opening main window
10:38:51.744 [JavaFX Application Thread] DEBUG PrimaryStageWindow   - Window border size: (16.0, 39.0)
10:38:51.745 [JavaFX Application Thread] DEBUG PrimaryStageWindow   - Scaled size: 1280.0 x 880.0
10:38:51.745 [JavaFX Application Thread] DEBUG PrimaryStageWindow   - Scaled ratio: (1.0, 1.0)
10:38:51.745 [JavaFX Application Thread] DEBUG PrimaryStageWindow   - Scene size: 1280.0 x 880.0
10:38:51.745 [JavaFX Application Thread] DEBUG PrimaryStageWindow   - Stage size: 1296.0 x 919.0
10:38:51.752 [FXGL Background Thread 1 ] DEBUG Engine               - Initializing environment variables
10:38:51.797 [FXGL Background Thread 1 ] DEBUG FXGLAssetLoaderServi - User app class for loading assets: class btaahaus.spaceInvader.App
10:38:51.797 [FXGL Background Thread 1 ] DEBUG GameApplicationServi - Applying CSS: fxgl_dark.css
10:38:51.798 [FXGL Background Thread 1 ] DEBUG FXGLAssetLoaderServi - Loading from file system: jar:file:/C:/Users/Lehrer.BTA5112/.m2/repository/com/github/almasb/fxgl/25/fxgl-25.jar!/fxglassets/ui/css/fxgl_dark.css
10:38:51.831 [FXGL Background Thread 1 ] DEBUG GameApplicationServi - Initializing application scenes
10:38:51.862 [FXGL Background Thread 1 ] DEBUG GameWorld            - Game world initialized
10:38:51.893 [FXGL Background Thread 1 ] DEBUG PhysicsWorld         - Physics world initialized: appHeight=880, physics.ppm=50,0
10:38:51.893 [FXGL Background Thread 1 ] DEBUG PhysicsWorld         - Using strategy: BRUTE_FORCE
10:38:51.896 [FXGL Background Thread 1 ] DEBUG GameScene            - Game scene initialized: 1280x880
10:38:51.906 [FXGL Background Thread 1 ] DEBUG FXGL.DefaultMenu     - createMenuBodyGameMenu()
10:38:51.917 [FXGL Background Thread 1 ] DEBUG FXGL.DefaultMenu     - createOptionsMenu()
10:38:51.924 [FXGL Background Thread 1 ] DEBUG FXGLAssetLoaderServi - Loading from file system: jar:file:/C:/Users/Lehrer.BTA5112/.m2/repository/com/github/almasb/fxgl/25/fxgl-25.jar!/fxglassets/textures/particles/smoke.png
10:38:51.979 [FXGL Background Thread 1 ] DEBUG FXGLAssetLoaderServi - Loading from file system: jar:file:/C:/Users/Lehrer.BTA5112/.m2/repository/com/github/almasb/fxgl/25/fxgl-25.jar!/fxglassets/textures/particles/trace_horizontal.png
10:38:51.996 [FXGL Background Thread 1 ] DEBUG GameApplicationServi - Application scenes initialized
10:38:52.005 [FXGL Background Thread 1 ] DEBUG SystemBundleService  - Loading FXGL system data
10:38:52.008 [FXGL Background Thread 1 ] DEBUG FileSystemAccess     - Reading from: C:\Users\Administrator\Dokumente\netBeansProjekt\spaceInvader\system\fxgl.bundle
10:38:52.012 [FXGL Background Thread 1 ] DEBUG SystemBundleService  - Bundle FXGL: {}
10:38:52.013 [FXGL Background Thread 1 ] DEBUG UpdaterService       - Checking for updates
10:38:52.015 [FXGL Background Thread 4 ] DEBUG FXGLApplication      - Loading fonts
10:38:52.016 [FXGL Background Thread 4 ] DEBUG FXGLAssetLoaderServi - Loading from file system: jar:file:/C:/Users/Lehrer.BTA5112/.m2/repository/com/github/almasb/fxgl/25/fxgl-25.jar!/fxglassets/ui/fonts/VarelaRound-Regular.ttf
10:38:52.016 [FXGL Background Thread 1 ] DEBUG FXGLApplication      - Loading default localization
10:38:52.016 [FXGL Background Thread 1 ] DEBUG FXGLAssetLoaderServi - Loading from file system: jar:file:/C:/Users/Lehrer.BTA5112/.m2/repository/com/github/almasb/fxgl/25/fxgl-25.jar!/fxglassets/languages/english.lang
10:38:52.028 [FXGL Background Thread 1 ] INFO  FXGLApplication      - FXGL initialization took: 0,277 sec
10:38:52.034 [JavaFX Application Thread] DEBUG Input                - Registered new binding: shootPlayer - Space
10:38:52.035 [JavaFX Application Thread] DEBUG Input                - Registered new binding: right - D
10:38:52.035 [JavaFX Application Thread] DEBUG Input                - Registered new binding: left - A
10:38:52.035 [JavaFX Application Thread] DEBUG Input                - Registered new binding: up - W
10:38:52.035 [JavaFX Application Thread] DEBUG Input                - Registered new binding: down - S
10:38:52.035 [JavaFX Application Thread] DEBUG FXGLAssetLoaderServi - Loading from file system: jar:file:/C:/Users/Lehrer.BTA5112/.m2/repository/com/github/almasb/fxgl/25/fxgl-25.jar!/fxglassets/textures/fxgl_icon.png
10:38:52.039 [FXGL Background Thread 4 ] DEBUG FXGLAssetLoaderServi - Loading from file system: jar:file:/C:/Users/Lehrer.BTA5112/.m2/repository/com/github/almasb/fxgl/25/fxgl-25.jar!/fxglassets/ui/fonts/Abel-Regular.ttf
10:38:52.042 [FXGL Background Thread 4 ] DEBUG FXGLAssetLoaderServi - Loading from file system: jar:file:/C:/Users/Lehrer.BTA5112/.m2/repository/com/github/almasb/fxgl/25/fxgl-25.jar!/fxglassets/ui/fonts/TerminalLandMono-Regular.otf
10:38:52.046 [FXGL Background Thread 4 ] DEBUG FXGLAssetLoaderServi - Loading from file system: jar:file:/C:/Users/Lehrer.BTA5112/.m2/repository/com/github/almasb/fxgl/25/fxgl-25.jar!/fxglassets/ui/fonts/Courier-Prime.ttf
10:38:52.048 [JavaFX Application Thread] DEBUG FXGLAssetLoaderServi - Loading from file system: jar:file:/C:/Users/Lehrer.BTA5112/.m2/repository/com/github/almasb/fxgl/25/fxgl-25.jar!/fxglassets/textures/fxgl_default_cursor.png
10:38:52.050 [JavaFX Application Thread] DEBUG Input                - Registered new binding: Screenshot - CTRL+8
10:38:52.051 [JavaFX Application Thread] DEBUG Input                - Registered new binding: System info dump - CTRL+9
10:38:52.051 [JavaFX Application Thread] DEBUG Input                - Registered new binding: Restart - CTRL+R
10:38:52.053 [JavaFX Application Thread] DEBUG Input                - Registered new binding: Toggle Debug Camera - CTRL+7
10:38:52.056 [JavaFX Application Thread] DEBUG LoopRunner           - Starting loop
10:38:52.056 [JavaFX Application Thread] DEBUG LoopRunner           - Initializing JavaFX AnimationTimerLoop
10:38:52.058 [JavaFX Application Thread] DEBUG GameApplicationServi - Starting new game
10:38:52.059 [JavaFX Application Thread] DEBUG Input                - Clearing active input actions
10:38:52.067 [JavaFX Application Thread] DEBUG GameApplicationServi - Removing overlay from FXGLStartupScene and adding to FXGLLoadingScene
10:38:52.067 [JavaFX Application Thread] DEBUG PrimaryStageWindow   - FXGLStartupScene -> FXGLLoadingScene
10:38:52.068 [JavaFX Application Thread] DEBUG GameApplicationServi - Clearing previous game
10:38:52.068 [JavaFX Application Thread] DEBUG GameScene            - Clearing game scene
10:38:52.068 [JavaFX Application Thread] DEBUG GameWorld            - Clearing game world
10:38:52.068 [JavaFX Application Thread] DEBUG PhysicsWorld         - Clearing physics world
10:38:52.069 [JavaFX Application Thread] DEBUG FXGLApplication      - Registering font factories with UI factory
10:38:52.069 [FXGL Background Thread 4 ] DEBUG FXGLApplication      - Initializing game
10:38:52.075 [FXGL Background Thread 4 ] DEBUG FXGLAssetLoaderServi - Loading from file system: file:/C:/Users/Administrator/Dokumente/netBeansProjekt/spaceInvader/target/classes/assets/textures/bgSpace.jpg
10:38:52.147 [FXGL Background Thread 4 ] DEBUG FXGLAssetLoaderServi - Loading from file system: file:/C:/Users/Administrator/Dokumente/netBeansProjekt/spaceInvader/target/classes/assets/textures/meteorit.png
10:38:52.167 [FXGL Background Thread 4 ] DEBUG FXGLAssetLoaderServi - Loading from file system: file:/C:/Users/Administrator/Dokumente/netBeansProjekt/spaceInvader/target/classes/assets/textures/rocketSchmal.png
10:38:52.177 [FXGL Background Thread 4 ] INFO  FXGLApplication      - Game initialization took: 0,107 sec
10:38:52.187 [JavaFX Application Thread] DEBUG Input                - Clearing active input actions
10:38:52.193 [JavaFX Application Thread] DEBUG GameApplicationServi - Removing overlay from FXGLLoadingScene and adding to GameScene
10:38:52.193 [JavaFX Application Thread] DEBUG PrimaryStageWindow   - FXGLLoadingScene -> GameScene
10:38:52.658 [JavaFX Application Thread] DEBUG FXGLAssetLoaderServi - Loading from file system: file:/C:/Users/Administrator/Dokumente/netBeansProjekt/spaceInvader/target/classes/assets/textures/fireBallSenkrecht.png
10:38:52.740 [JavaFX Application Thread] DEBUG FXGLAssetLoaderServi - Loading from file system: file:/C:/Users/Administrator/Dokumente/netBeansProjekt/spaceInvader/target/classes/assets/textures/fireBallSenkrecht.png
10:38:53.091 [JavaFX Application Thread] DEBUG FXGLAssetLoaderServi - Loading from file system: file:/C:/Users/Administrator/Dokumente/netBeansProjekt/spaceInvader/target/classes/assets/textures/bullet.png
10:38:53.139 [JavaFX Application Thread] DEBUG FXGLAssetLoaderServi - Loading from file system: file:/C:/Users/Administrator/Dokumente/netBeansProjekt/spaceInvader/target/classes/assets/textures/fireBallSenkrecht.png
10:38:53.539 [JavaFX Application Thread] DEBUG FXGLAssetLoaderServi - Loading from file system: file:/C:/Users/Administrator/Dokumente/netBeansProjekt/spaceInvader/target/classes/assets/textures/fireBallSenkrecht.png
10:38:54.066 [JavaFX Application Thread] DEBUG FXGLAssetLoaderServi - Loading from file system: file:/C:/Users/Administrator/Dokumente/netBeansProjekt/spaceInvader/target/classes/assets/textures/fireBallSenkrecht.png
10:38:54.578 [JavaFX Application Thread] DEBUG FXGLAssetLoaderServi - Loading from file system: file:/C:/Users/Administrator/Dokumente/netBeansProjekt/spaceInvader/target/classes/assets/textures/fireBallSenkrecht.png
10:38:55.016 [FXGL Background Thread 3 ] DEBUG Engine               - Logging environment variables
10:38:55.016 [FXGL Background Thread 3 ] DEBUG Engine               - achievements: []
10:38:55.016 [FXGL Background Thread 3 ] DEBUG Engine               - actualHeight: 880.0
10:38:55.017 [FXGL Background Thread 3 ] DEBUG Engine               - actualHeightProperty: ReadOnlyDoubleProperty [value: 880.0]
10:38:55.017 [FXGL Background Thread 3 ] DEBUG Engine               - actualWidth: 1280.0
10:38:55.017 [FXGL Background Thread 3 ] DEBUG Engine               - actualWidthProperty: ReadOnlyDoubleProperty [value: 1280.0]
10:38:55.017 [FXGL Background Thread 3 ] DEBUG Engine               - appIcon: fxgl_icon.png
10:38:55.017 [FXGL Background Thread 3 ] DEBUG Engine               - applicationMode: DEVELOPER
10:38:55.017 [FXGL Background Thread 3 ] DEBUG Engine               - cSSList: [fxgl_dark.css]
10:38:55.017 [FXGL Background Thread 3 ] DEBUG Engine               - collisionDetectionStrategy: BRUTE_FORCE
10:38:55.017 [FXGL Background Thread 3 ] DEBUG Engine               - configClass: Optional.empty
10:38:55.017 [FXGL Background Thread 3 ] DEBUG Engine               - credits: []
10:38:55.017 [FXGL Background Thread 3 ] DEBUG Engine               - defaultCursor: CursorInfo(imageName=fxgl_default_cursor.png, hotspotX=7.0, hotspotY=6.0)
10:38:55.018 [FXGL Background Thread 3 ] DEBUG Engine               - devBBoxColorProperty: ObjectProperty [value: 0xff0000ff]
10:38:55.018 [FXGL Background Thread 3 ] DEBUG Engine               - devEnableDebugCameraProperty: BooleanProperty [value: false]
10:38:55.018 [FXGL Background Thread 3 ] DEBUG Engine               - devSensorColorProperty: ObjectProperty [value: 0xffff00ff]
10:38:55.018 [FXGL Background Thread 3 ] DEBUG Engine               - devShowBBoxProperty: BooleanProperty [value: false]
10:38:55.018 [FXGL Background Thread 3 ] DEBUG Engine               - devShowPositionProperty: BooleanProperty [value: false]
10:38:55.018 [FXGL Background Thread 3 ] DEBUG Engine               - enabledMenuItems: []
10:38:55.018 [FXGL Background Thread 3 ] DEBUG Engine               - engineServices: [class com.almasb.fxgl.app.services.FXGLAssetLoaderService, class com.almasb.fxgl.app.FXGLApplication$GameApplicationService, class com.almasb.fxgl.app.services.FXGLDialogService, class com.almasb.fxgl.app.services.IOTaskExecutorService, class com.almasb.fxgl.io.FileSystemService, class com.almasb.fxgl.localization.LocalizationService, class com.almasb.fxgl.app.services.SystemBundleService, class com.almasb.fxgl.profile.SaveLoadService, class com.almasb.fxgl.ui.FXGLUIFactoryServiceProvider, class com.almasb.fxgl.ui.FXGLDialogFactoryServiceProvider, class com.almasb.fxgl.audio.AudioPlayer, class com.almasb.fxgl.notification.impl.NotificationServiceProvider, class com.almasb.fxgl.achievement.AchievementService, class com.almasb.fxgl.cutscene.CutsceneService, class com.almasb.fxgl.minigames.MiniGameService, class com.almasb.fxgl.net.NetService, class com.almasb.fxgl.app.services.UpdaterService, class com.almasb.fxgl.dev.DevService]
10:38:55.018 [FXGL Background Thread 3 ] DEBUG Engine               - fontGame: Abel-Regular.ttf
10:38:55.018 [FXGL Background Thread 3 ] DEBUG Engine               - fontMono: TerminalLandMono-Regular.otf
10:38:55.018 [FXGL Background Thread 3 ] DEBUG Engine               - fontSizeScaleUI: 1.0
10:38:55.018 [FXGL Background Thread 3 ] DEBUG Engine               - fontText: Courier-Prime.ttf
10:38:55.018 [FXGL Background Thread 3 ] DEBUG Engine               - fontUI: VarelaRound-Regular.ttf
10:38:55.018 [FXGL Background Thread 3 ] DEBUG Engine               - fpsRefreshRate: 500.0 ms
10:38:55.018 [FXGL Background Thread 3 ] DEBUG Engine               - fullScreen: BooleanProperty [value: false]
10:38:55.018 [FXGL Background Thread 3 ] DEBUG Engine               - gameDifficulty: MEDIUM
10:38:55.018 [FXGL Background Thread 3 ] DEBUG Engine               - gameDifficultyProperty: ObjectProperty [value: MEDIUM]
10:38:55.018 [FXGL Background Thread 3 ] DEBUG Engine               - globalMusicVolume: 0.5
10:38:55.018 [FXGL Background Thread 3 ] DEBUG Engine               - globalMusicVolumeProperty: DoubleProperty [value: 0.5]
10:38:55.018 [FXGL Background Thread 3 ] DEBUG Engine               - globalSoundVolume: 0.5
10:38:55.018 [FXGL Background Thread 3 ] DEBUG Engine               - globalSoundVolumeProperty: DoubleProperty [value: 0.5]
10:38:55.018 [FXGL Background Thread 3 ] DEBUG Engine               - height: 880
10:38:55.018 [FXGL Background Thread 3 ] DEBUG Engine               - is3D: false
10:38:55.018 [FXGL Background Thread 3 ] DEBUG Engine               - isAndroid: false
10:38:55.019 [FXGL Background Thread 3 ] DEBUG Engine               - isBrowser: false
10:38:55.019 [FXGL Background Thread 3 ] DEBUG Engine               - isClickFeedbackEnabled: false
10:38:55.020 [FXGL Background Thread 3 ] DEBUG Engine               - isCloseConfirmation: false
10:38:55.020 [FXGL Background Thread 3 ] DEBUG Engine               - isDesktop: true
10:38:55.020 [FXGL Background Thread 3 ] DEBUG Engine               - isDeveloperMenuEnabled: false
10:38:55.020 [FXGL Background Thread 3 ] DEBUG Engine               - isEmbedded: false
10:38:55.020 [FXGL Background Thread 3 ] DEBUG Engine               - isEntityPreloadEnabled: true
10:38:55.020 [FXGL Background Thread 3 ] DEBUG Engine               - isExperimentalTiledLargeMap: false
10:38:55.021 [FXGL Background Thread 3 ] DEBUG Engine               - isFileSystemWriteAllowed: true
10:38:55.021 [FXGL Background Thread 3 ] DEBUG Engine               - isFullScreenAllowed: true
10:38:55.021 [FXGL Background Thread 3 ] DEBUG Engine               - isFullScreenFromStart: false
10:38:55.021 [FXGL Background Thread 3 ] DEBUG Engine               - isGameMenuEnabled: true
10:38:55.021 [FXGL Background Thread 3 ] DEBUG Engine               - isIOS: false
10:38:55.021 [FXGL Background Thread 3 ] DEBUG Engine               - isIntroEnabled: false
10:38:55.021 [FXGL Background Thread 3 ] DEBUG Engine               - isLinux: false
10:38:55.021 [FXGL Background Thread 3 ] DEBUG Engine               - isMac: false
10:38:55.021 [FXGL Background Thread 3 ] DEBUG Engine               - isMainMenuEnabled: false
10:38:55.021 [FXGL Background Thread 3 ] DEBUG Engine               - isManualResizeEnabled: false
10:38:55.021 [FXGL Background Thread 3 ] DEBUG Engine               - isMobile: false
10:38:55.022 [FXGL Background Thread 3 ] DEBUG Engine               - isNative: false
10:38:55.022 [FXGL Background Thread 3 ] DEBUG Engine               - isPauseMusicWhenMinimized: true
10:38:55.022 [FXGL Background Thread 3 ] DEBUG Engine               - isPreserveResizeRatio: false
10:38:55.022 [FXGL Background Thread 3 ] DEBUG Engine               - isProfilingEnabled: false
10:38:55.022 [FXGL Background Thread 3 ] DEBUG Engine               - isScaleAffectedOnResize: true
10:38:55.022 [FXGL Background Thread 3 ] DEBUG Engine               - isSingleStep: false
10:38:55.022 [FXGL Background Thread 3 ] DEBUG Engine               - isUserProfileEnabled: false
10:38:55.022 [FXGL Background Thread 3 ] DEBUG Engine               - isWindows: true
10:38:55.022 [FXGL Background Thread 3 ] DEBUG Engine               - language: ObjectProperty [value: ENGLISH]
10:38:55.022 [FXGL Background Thread 3 ] DEBUG Engine               - menuKey: ESCAPE
10:38:55.022 [FXGL Background Thread 3 ] DEBUG Engine               - mouseSensitivity: 0.2
10:38:55.022 [FXGL Background Thread 3 ] DEBUG Engine               - notificationViewClass: class com.almasb.fxgl.notification.view.XboxNotificationView
10:38:55.022 [FXGL Background Thread 3 ] DEBUG Engine               - pixelsPerMeter: 50.0
10:38:55.022 [FXGL Background Thread 3 ] DEBUG Engine               - platform: WINDOWS
10:38:55.022 [FXGL Background Thread 3 ] DEBUG Engine               - prefHeightProperty: ReadOnlyDoubleProperty [value: 880.0]
10:38:55.022 [FXGL Background Thread 3 ] DEBUG Engine               - prefWidthProperty: ReadOnlyDoubleProperty [value: 1280.0]
10:38:55.022 [FXGL Background Thread 3 ] DEBUG Engine               - profileDir: profiles/
10:38:55.022 [FXGL Background Thread 3 ] DEBUG Engine               - profileName: StringProperty [value: DEFAULT]
10:38:55.022 [FXGL Background Thread 3 ] DEBUG Engine               - randomSeed: -1
10:38:55.022 [FXGL Background Thread 3 ] DEBUG Engine               - runtimeInfo: RuntimeInfo(platform=WINDOWS, version=25, build=05.02.2026 22.57)
10:38:55.022 [FXGL Background Thread 3 ] DEBUG Engine               - saveFileExt: sav
10:38:55.022 [FXGL Background Thread 3 ] DEBUG Engine               - scaledHeightProp$fxgl: DoubleProperty [bound, value: 880.0]
10:38:55.022 [FXGL Background Thread 3 ] DEBUG Engine               - scaledWidthProp$fxgl: DoubleProperty [bound, value: 1280.0]
10:38:55.022 [FXGL Background Thread 3 ] DEBUG Engine               - sceneFactory: com.almasb.fxgl.app.scene.SceneFactory@30fa367a
10:38:55.022 [FXGL Background Thread 3 ] DEBUG Engine               - secondsIn24h: 60
10:38:55.022 [FXGL Background Thread 3 ] DEBUG Engine               - soundMenuBack: menu/back.wav
10:38:55.022 [FXGL Background Thread 3 ] DEBUG Engine               - soundMenuPress: menu/press.wav
10:38:55.022 [FXGL Background Thread 3 ] DEBUG Engine               - soundMenuSelect: menu/select.wav
10:38:55.022 [FXGL Background Thread 3 ] DEBUG Engine               - soundNotification: core/notification.wav
10:38:55.022 [FXGL Background Thread 3 ] DEBUG Engine               - stageStyle: DECORATED
10:38:55.022 [FXGL Background Thread 3 ] DEBUG Engine               - supportedLanguages: [ENGLISH, FRENCH, GERMAN, HUNGARIAN, RUSSIAN]
10:38:55.022 [FXGL Background Thread 3 ] DEBUG Engine               - ticksPerSecond: -1
10:38:55.022 [FXGL Background Thread 3 ] DEBUG Engine               - title: Mein erstes Game mit FXGL
10:38:55.022 [FXGL Background Thread 3 ] DEBUG Engine               - urlGithub: https://github.com/AlmasB/FXGL
10:38:55.022 [FXGL Background Thread 3 ] DEBUG Engine               - urlLeaderboard: http://fxgl-top.herokuapp.com/
10:38:55.022 [FXGL Background Thread 3 ] DEBUG Engine               - urlPOM: https://raw.githubusercontent.com/AlmasB/FXGL/release/README.md
10:38:55.022 [FXGL Background Thread 3 ] DEBUG Engine               - userAppClass: class btaahaus.spaceInvader.App
10:38:55.023 [FXGL Background Thread 3 ] DEBUG Engine               - version: 0.0.1
10:38:55.023 [FXGL Background Thread 3 ] DEBUG Engine               - versionCheckDays: 7
10:38:55.023 [FXGL Background Thread 3 ] DEBUG Engine               - width: 1280
10:38:55.023 [FXGL Background Thread 3 ] DEBUG Engine               - Logging services
10:38:55.023 [FXGL Background Thread 3 ] DEBUG Engine               - class com.almasb.fxgl.app.services.FXGLAssetLoaderService
10:38:55.023 [FXGL Background Thread 3 ] DEBUG Engine               - class com.almasb.fxgl.app.FXGLApplication$GameApplicationService
10:38:55.023 [FXGL Background Thread 3 ] DEBUG Engine               - class com.almasb.fxgl.app.services.FXGLDialogService
10:38:55.023 [FXGL Background Thread 3 ] DEBUG Engine               - class com.almasb.fxgl.app.services.IOTaskExecutorService
10:38:55.023 [FXGL Background Thread 3 ] DEBUG Engine               - class com.almasb.fxgl.io.FileSystemService
10:38:55.023 [FXGL Background Thread 3 ] DEBUG Engine               - class com.almasb.fxgl.localization.LocalizationService
10:38:55.023 [FXGL Background Thread 3 ] DEBUG Engine               - class com.almasb.fxgl.app.services.SystemBundleService
10:38:55.023 [FXGL Background Thread 3 ] DEBUG Engine               - class com.almasb.fxgl.profile.SaveLoadService
10:38:55.023 [FXGL Background Thread 3 ] DEBUG Engine               - class com.almasb.fxgl.ui.FXGLUIFactoryServiceProvider
10:38:55.023 [FXGL Background Thread 3 ] DEBUG Engine               - class com.almasb.fxgl.ui.FXGLDialogFactoryServiceProvider
10:38:55.023 [FXGL Background Thread 3 ] DEBUG Engine               - class com.almasb.fxgl.audio.AudioPlayer
10:38:55.023 [FXGL Background Thread 3 ] DEBUG Engine               - class com.almasb.fxgl.notification.impl.NotificationServiceProvider
10:38:55.023 [FXGL Background Thread 3 ] DEBUG Engine               - class com.almasb.fxgl.achievement.AchievementService
10:38:55.023 [FXGL Background Thread 3 ] DEBUG Engine               - class com.almasb.fxgl.cutscene.CutsceneService
10:38:55.023 [FXGL Background Thread 3 ] DEBUG Engine               - class com.almasb.fxgl.minigames.MiniGameService
10:38:55.023 [FXGL Background Thread 3 ] DEBUG Engine               - class com.almasb.fxgl.net.NetService
10:38:55.023 [FXGL Background Thread 3 ] DEBUG Engine               - class com.almasb.fxgl.app.services.UpdaterService
10:38:55.023 [FXGL Background Thread 3 ] DEBUG Engine               - class com.almasb.fxgl.dev.DevService
10:38:55.106 [JavaFX Application Thread] DEBUG FXGLAssetLoaderServi - Loading from file system: file:/C:/Users/Administrator/Dokumente/netBeansProjekt/spaceInvader/target/classes/assets/textures/fireBallSenkrecht.png
10:38:55.139 [JavaFX Application Thread] DEBUG FXGLAssetLoaderServi - Loading from file system: file:/C:/Users/Administrator/Dokumente/netBeansProjekt/spaceInvader/target/classes/assets/textures/fireBallSenkrecht.png
10:38:55.682 [JavaFX Application Thread] DEBUG FXGLAssetLoaderServi - Loading from file system: file:/C:/Users/Administrator/Dokumente/netBeansProjekt/spaceInvader/target/classes/assets/textures/fireBallSenkrecht.png
10:38:56.210 [JavaFX Application Thread] DEBUG FXGLAssetLoaderServi - Loading from file system: file:/C:/Users/Administrator/Dokumente/netBeansProjekt/spaceInvader/target/classes/assets/textures/fireBallSenkrecht.png
10:38:56.371 [JavaFX Application Thread] DEBUG FXGLAssetLoaderServi - Loading from file system: file:/C:/Users/Administrator/Dokumente/netBeansProjekt/spaceInvader/target/classes/assets/textures/fireBallSenkrecht.png
10:38:56.914 [JavaFX Application Thread] DEBUG FXGLAssetLoaderServi - Loading from file system: file:/C:/Users/Administrator/Dokumente/netBeansProjekt/spaceInvader/target/classes/assets/textures/fireBallSenkrecht.png
10:38:57.459 [JavaFX Application Thread] DEBUG FXGLAssetLoaderServi - Loading from file system: file:/C:/Users/Administrator/Dokumente/netBeansProjekt/spaceInvader/target/classes/assets/textures/fireBallSenkrecht.png
10:38:58.019 [JavaFX Application Thread] DEBUG FXGLAssetLoaderServi - Loading from file system: file:/C:/Users/Administrator/Dokumente/netBeansProjekt/spaceInvader/target/classes/assets/textures/fireBallSenkrecht.png
10:38:58.546 [JavaFX Application Thread] DEBUG FXGLAssetLoaderServi - Loading from file system: file:/C:/Users/Administrator/Dokumente/netBeansProjekt/spaceInvader/target/classes/assets/textures/fireBallSenkrecht.png
10:38:59.091 [JavaFX Application Thread] DEBUG FXGLAssetLoaderServi - Loading from file system: file:/C:/Users/Administrator/Dokumente/netBeansProjekt/spaceInvader/target/classes/assets/textures/fireBallSenkrecht.png
10:38:59.620 [JavaFX Application Thread] DEBUG FXGLAssetLoaderServi - Loading from file system: file:/C:/Users/Administrator/Dokumente/netBeansProjekt/spaceInvader/target/classes/assets/textures/fireBallSenkrecht.png
10:39:00.147 [JavaFX Application Thread] DEBUG FXGLAssetLoaderServi - Loading from file system: file:/C:/Users/Administrator/Dokumente/netBeansProjekt/spaceInvader/target/classes/assets/textures/fireBallSenkrecht.png
10:39:00.674 [JavaFX Application Thread] DEBUG FXGLAssetLoaderServi - Loading from file system: file:/C:/Users/Administrator/Dokumente/netBeansProjekt/spaceInvader/target/classes/assets/textures/fireBallSenkrecht.png
10:39:01.219 [JavaFX Application Thread] DEBUG FXGLAssetLoaderServi - Loading from file system: file:/C:/Users/Administrator/Dokumente/netBeansProjekt/spaceInvader/target/classes/assets/textures/fireBallSenkrecht.png
10:39:01.747 [JavaFX Application Thread] DEBUG FXGLAssetLoaderServi - Loading from file system: file:/C:/Users/Administrator/Dokumente/netBeansProjekt/spaceInvader/target/classes/assets/textures/fireBallSenkrecht.png
10:39:02.242 [JavaFX Application Thread] DEBUG FXGLAssetLoaderServi - Loading from file system: file:/C:/Users/Administrator/Dokumente/netBeansProjekt/spaceInvader/target/classes/assets/textures/fireBallSenkrecht.png
10:39:02.818 [JavaFX Application Thread] DEBUG FXGLAssetLoaderServi - Loading from file system: file:/C:/Users/Administrator/Dokumente/netBeansProjekt/spaceInvader/target/classes/assets/textures/fireBallSenkrecht.png
10:39:03.330 [JavaFX Application Thread] DEBUG FXGLAssetLoaderServi - Loading from file system: file:/C:/Users/Administrator/Dokumente/netBeansProjekt/spaceInvader/target/classes/assets/textures/fireBallSenkrecht.png
10:39:03.874 [JavaFX Application Thread] DEBUG FXGLAssetLoaderServi - Loading from file system: file:/C:/Users/Administrator/Dokumente/netBeansProjekt/spaceInvader/target/classes/assets/textures/fireBallSenkrecht.png
10:39:04.452 [JavaFX Application Thread] DEBUG FXGLAssetLoaderServi - Loading from file system: file:/C:/Users/Administrator/Dokumente/netBeansProjekt/spaceInvader/target/classes/assets/textures/fireBallSenkrecht.png
10:39:04.820 [JavaFX Application Thread] DEBUG FXGLAssetLoaderServi - Loading from file system: file:/C:/Users/Administrator/Dokumente/netBeansProjekt/spaceInvader/target/classes/assets/textures/fireBallSenkrecht.png
10:39:05.346 [JavaFX Application Thread] DEBUG FXGLAssetLoaderServi - Loading from file system: file:/C:/Users/Administrator/Dokumente/netBeansProjekt/spaceInvader/target/classes/assets/textures/fireBallSenkrecht.png
10:39:05.890 [JavaFX Application Thread] DEBUG FXGLAssetLoaderServi - Loading from file system: file:/C:/Users/Administrator/Dokumente/netBeansProjekt/spaceInvader/target/classes/assets/textures/fireBallSenkrecht.png
10:39:06.418 [JavaFX Application Thread] DEBUG FXGLAssetLoaderServi - Loading from file system: file:/C:/Users/Administrator/Dokumente/netBeansProjekt/spaceInvader/target/classes/assets/textures/fireBallSenkrecht.png
10:39:06.946 [JavaFX Application Thread] DEBUG FXGLAssetLoaderServi - Loading from file system: file:/C:/Users/Administrator/Dokumente/netBeansProjekt/spaceInvader/target/classes/assets/textures/fireBallSenkrecht.png
10:39:07.475 [JavaFX Application Thread] DEBUG FXGLAssetLoaderServi - Loading from file system: file:/C:/Users/Administrator/Dokumente/netBeansProjekt/spaceInvader/target/classes/assets/textures/fireBallSenkrecht.png
10:39:08.050 [JavaFX Application Thread] DEBUG FXGLAssetLoaderServi - Loading from file system: file:/C:/Users/Administrator/Dokumente/netBeansProjekt/spaceInvader/target/classes/assets/textures/fireBallSenkrecht.png
10:39:08.595 [JavaFX Application Thread] DEBUG FXGLAssetLoaderServi - Loading from file system: file:/C:/Users/Administrator/Dokumente/netBeansProjekt/spaceInvader/target/classes/assets/textures/fireBallSenkrecht.png
10:39:09.139 [JavaFX Application Thread] DEBUG FXGLAssetLoaderServi - Loading from file system: file:/C:/Users/Administrator/Dokumente/netBeansProjekt/spaceInvader/target/classes/assets/textures/fireBallSenkrecht.png
10:39:09.699 [JavaFX Application Thread] DEBUG FXGLAssetLoaderServi - Loading from file system: file:/C:/Users/Administrator/Dokumente/netBeansProjekt/spaceInvader/target/classes/assets/textures/fireBallSenkrecht.png
10:39:10.226 [JavaFX Application Thread] DEBUG FXGLAssetLoaderServi - Loading from file system: file:/C:/Users/Administrator/Dokumente/netBeansProjekt/spaceInvader/target/classes/assets/textures/fireBallSenkrecht.png
10:39:10.786 [JavaFX Application Thread] DEBUG FXGLAssetLoaderServi - Loading from file system: file:/C:/Users/Administrator/Dokumente/netBeansProjekt/spaceInvader/target/classes/assets/textures/fireBallSenkrecht.png
10:39:11.075 [JavaFX Application Thread] DEBUG FXGLAssetLoaderServi - Loading from file system: file:/C:/Users/Administrator/Dokumente/netBeansProjekt/spaceInvader/target/classes/assets/textures/fireBallSenkrecht.png
10:39:11.635 [JavaFX Application Thread] DEBUG FXGLAssetLoaderServi - Loading from file system: file:/C:/Users/Administrator/Dokumente/netBeansProjekt/spaceInvader/target/classes/assets/textures/fireBallSenkrecht.png
10:39:12.162 [JavaFX Application Thread] DEBUG FXGLAssetLoaderServi - Loading from file system: file:/C:/Users/Administrator/Dokumente/netBeansProjekt/spaceInvader/target/classes/assets/textures/fireBallSenkrecht.png
10:39:12.690 [JavaFX Application Thread] DEBUG FXGLAssetLoaderServi - Loading from file system: file:/C:/Users/Administrator/Dokumente/netBeansProjekt/spaceInvader/target/classes/assets/textures/fireBallSenkrecht.png
10:39:12.722 [JavaFX Application Thread] DEBUG FXGLAssetLoaderServi - Loading from file system: file:/C:/Users/Administrator/Dokumente/netBeansProjekt/spaceInvader/target/classes/assets/textures/fireBallSenkrecht.png
10:39:12.755 [JavaFX Application Thread] DEBUG FXGLAssetLoaderServi - Loading from file system: file:/C:/Users/Administrator/Dokumente/netBeansProjekt/spaceInvader/target/classes/assets/textures/fireBallSenkrecht.png
10:39:13.314 [JavaFX Application Thread] DEBUG FXGLAssetLoaderServi - Loading from file system: file:/C:/Users/Administrator/Dokumente/netBeansProjekt/spaceInvader/target/classes/assets/textures/fireBallSenkrecht.png
10:39:13.346 [JavaFX Application Thread] DEBUG FXGLAssetLoaderServi - Loading from file system: file:/C:/Users/Administrator/Dokumente/netBeansProjekt/spaceInvader/target/classes/assets/textures/fireBallSenkrecht.png
10:39:13.890 [JavaFX Application Thread] DEBUG FXGLAssetLoaderServi - Loading from file system: file:/C:/Users/Administrator/Dokumente/netBeansProjekt/spaceInvader/target/classes/assets/textures/fireBallSenkrecht.png
10:39:14.450 [JavaFX Application Thread] DEBUG FXGLAssetLoaderServi - Loading from file system: file:/C:/Users/Administrator/Dokumente/netBeansProjekt/spaceInvader/target/classes/assets/textures/fireBallSenkrecht.png
10:39:14.979 [JavaFX Application Thread] DEBUG FXGLAssetLoaderServi - Loading from file system: file:/C:/Users/Administrator/Dokumente/netBeansProjekt/spaceInvader/target/classes/assets/textures/fireBallSenkrecht.png
10:39:15.506 [JavaFX Application Thread] DEBUG FXGLAssetLoaderServi - Loading from file system: file:/C:/Users/Administrator/Dokumente/netBeansProjekt/spaceInvader/target/classes/assets/textures/fireBallSenkrecht.png
10:39:15.926 [JavaFX Application Thread] DEBUG FXGLAssetLoaderServi - Loading from file system: file:/C:/Users/Administrator/Dokumente/netBeansProjekt/spaceInvader/target/classes/assets/textures/fireBallSenkrecht.png
10:39:15.957 [JavaFX Application Thread] DEBUG FXGLAssetLoaderServi - Loading from file system: file:/C:/Users/Administrator/Dokumente/netBeansProjekt/spaceInvader/target/classes/assets/textures/fireBallSenkrecht.png
10:39:16.239 [JavaFX Application Thread] DEBUG FXGLAssetLoaderServi - Loading from file system: file:/C:/Users/Administrator/Dokumente/netBeansProjekt/spaceInvader/target/classes/assets/textures/fireBallSenkrecht.png
10:39:16.523 [JavaFX Application Thread] DEBUG FXGLAssetLoaderServi - Loading from file system: file:/C:/Users/Administrator/Dokumente/netBeansProjekt/spaceInvader/target/classes/assets/textures/fireBallSenkrecht.png
10:39:16.769 [JavaFX Application Thread] DEBUG FXGLAssetLoaderServi - Loading from file system: file:/C:/Users/Administrator/Dokumente/netBeansProjekt/spaceInvader/target/classes/assets/textures/fireBallSenkrecht.png
10:39:17.331 [JavaFX Application Thread] DEBUG FXGLAssetLoaderServi - Loading from file system: file:/C:/Users/Administrator/Dokumente/netBeansProjekt/spaceInvader/target/classes/assets/textures/fireBallSenkrecht.png
10:39:17.488 [JavaFX Application Thread] DEBUG FXGLAssetLoaderServi - Loading from file system: file:/C:/Users/Administrator/Dokumente/netBeansProjekt/spaceInvader/target/classes/assets/textures/fireBallSenkrecht.png
10:39:18.020 [JavaFX Application Thread] DEBUG FXGLAssetLoaderServi - Loading from file system: file:/C:/Users/Administrator/Dokumente/netBeansProjekt/spaceInvader/target/classes/assets/textures/fireBallSenkrecht.png
10:39:18.564 [JavaFX Application Thread] DEBUG FXGLAssetLoaderServi - Loading from file system: file:/C:/Users/Administrator/Dokumente/netBeansProjekt/spaceInvader/target/classes/assets/textures/fireBallSenkrecht.png
10:39:18.722 [JavaFX Application Thread] DEBUG FXGLAssetLoaderServi - Loading from file system: file:/C:/Users/Administrator/Dokumente/netBeansProjekt/spaceInvader/target/classes/assets/textures/fireBallSenkrecht.png
10:39:19.240 [JavaFX Application Thread] DEBUG FXGLAssetLoaderServi - Loading from file system: file:/C:/Users/Administrator/Dokumente/netBeansProjekt/spaceInvader/target/classes/assets/textures/fireBallSenkrecht.png
10:39:19.505 [JavaFX Application Thread] DEBUG FXGLAssetLoaderServi - Loading from file system: file:/C:/Users/Administrator/Dokumente/netBeansProjekt/spaceInvader/target/classes/assets/textures/fireBallSenkrecht.png
10:39:19.553 [JavaFX Application Thread] DEBUG FXGLAssetLoaderServi - Loading from file system: file:/C:/Users/Administrator/Dokumente/netBeansProjekt/spaceInvader/target/classes/assets/textures/fireBallSenkrecht.png
10:39:20.036 [JavaFX Application Thread] DEBUG FXGLAssetLoaderServi - Loading from file system: file:/C:/Users/Administrator/Dokumente/netBeansProjekt/spaceInvader/target/classes/assets/textures/fireBallSenkrecht.png
10:39:20.595 [JavaFX Application Thread] DEBUG FXGLAssetLoaderServi - Loading from file system: file:/C:/Users/Administrator/Dokumente/netBeansProjekt/spaceInvader/target/classes/assets/textures/fireBallSenkrecht.png
10:39:21.155 [JavaFX Application Thread] DEBUG FXGLAssetLoaderServi - Loading from file system: file:/C:/Users/Administrator/Dokumente/netBeansProjekt/spaceInvader/target/classes/assets/textures/fireBallSenkrecht.png
10:39:21.201 [JavaFX Application Thread] DEBUG FXGLAssetLoaderServi - Loading from file system: file:/C:/Users/Administrator/Dokumente/netBeansProjekt/spaceInvader/target/classes/assets/textures/fireBallSenkrecht.png
10:39:21.701 [JavaFX Application Thread] DEBUG FXGLAssetLoaderServi - Loading from file system: file:/C:/Users/Administrator/Dokumente/netBeansProjekt/spaceInvader/target/classes/assets/textures/fireBallSenkrecht.png
10:39:22.259 [JavaFX Application Thread] DEBUG FXGLAssetLoaderServi - Loading from file system: file:/C:/Users/Administrator/Dokumente/netBeansProjekt/spaceInvader/target/classes/assets/textures/fireBallSenkrecht.png
10:39:22.352 [JavaFX Application Thread] DEBUG FXGLAssetLoaderServi - Loading from file system: file:/C:/Users/Administrator/Dokumente/netBeansProjekt/spaceInvader/target/classes/assets/textures/fireBallSenkrecht.png
10:39:22.434 [JavaFX Application Thread] DEBUG FXGLAssetLoaderServi - Loading from file system: file:/C:/Users/Administrator/Dokumente/netBeansProjekt/spaceInvader/target/classes/assets/textures/fireBallSenkrecht.png
10:39:22.979 [JavaFX Application Thread] DEBUG FXGLAssetLoaderServi - Loading from file system: file:/C:/Users/Administrator/Dokumente/netBeansProjekt/spaceInvader/target/classes/assets/textures/fireBallSenkrecht.png
10:39:23.475 [JavaFX Application Thread] DEBUG FXGLAssetLoaderServi - Loading from file system: file:/C:/Users/Administrator/Dokumente/netBeansProjekt/spaceInvader/target/classes/assets/textures/fireBallSenkrecht.png
10:39:23.569 [JavaFX Application Thread] DEBUG FXGLAssetLoaderServi - Loading from file system: file:/C:/Users/Administrator/Dokumente/netBeansProjekt/spaceInvader/target/classes/assets/textures/fireBallSenkrecht.png
10:39:23.601 [JavaFX Application Thread] DEBUG FXGLAssetLoaderServi - Loading from file system: file:/C:/Users/Administrator/Dokumente/netBeansProjekt/spaceInvader/target/classes/assets/textures/fireBallSenkrecht.png
10:39:24.136 [JavaFX Application Thread] DEBUG FXGLAssetLoaderServi - Loading from file system: file:/C:/Users/Administrator/Dokumente/netBeansProjekt/spaceInvader/target/classes/assets/textures/fireBallSenkrecht.png
10:39:24.215 [JavaFX Application Thread] DEBUG FXGLAssetLoaderServi - Loading from file system: file:/C:/Users/Administrator/Dokumente/netBeansProjekt/spaceInvader/target/classes/assets/textures/fireBallSenkrecht.png
10:39:24.391 [JavaFX Application Thread] DEBUG FXGLAssetLoaderServi - Loading from file system: file:/C:/Users/Administrator/Dokumente/netBeansProjekt/spaceInvader/target/classes/assets/textures/fireBallSenkrecht.png
10:39:24.720 [JavaFX Application Thread] DEBUG FXGLAssetLoaderServi - Loading from file system: file:/C:/Users/Administrator/Dokumente/netBeansProjekt/spaceInvader/target/classes/assets/textures/fireBallSenkrecht.png
10:39:24.872 [JavaFX Application Thread] DEBUG FXGLAssetLoaderServi - Loading from file system: file:/C:/Users/Administrator/Dokumente/netBeansProjekt/spaceInvader/target/classes/assets/textures/fireBallSenkrecht.png
10:39:25.095 [JavaFX Application Thread] DEBUG FXGLAssetLoaderServi - Loading from file system: file:/C:/Users/Administrator/Dokumente/netBeansProjekt/spaceInvader/target/classes/assets/textures/fireBallSenkrecht.png
10:39:25.219 [JavaFX Application Thread] DEBUG FXGLAssetLoaderServi - Loading from file system: file:/C:/Users/Administrator/Dokumente/netBeansProjekt/spaceInvader/target/classes/assets/textures/fireBallSenkrecht.png
10:39:25.296 [JavaFX Application Thread] DEBUG FXGLAssetLoaderServi - Loading from file system: file:/C:/Users/Administrator/Dokumente/netBeansProjekt/spaceInvader/target/classes/assets/textures/fireBallSenkrecht.png
10:39:25.698 [JavaFX Application Thread] DEBUG FXGLAssetLoaderServi - Loading from file system: file:/C:/Users/Administrator/Dokumente/netBeansProjekt/spaceInvader/target/classes/assets/textures/fireBallSenkrecht.png
10:39:26.251 [JavaFX Application Thread] DEBUG FXGLAssetLoaderServi - Loading from file system: file:/C:/Users/Administrator/Dokumente/netBeansProjekt/spaceInvader/target/classes/assets/textures/fireBallSenkrecht.png
10:39:26.795 [JavaFX Application Thread] DEBUG FXGLAssetLoaderServi - Loading from file system: file:/C:/Users/Administrator/Dokumente/netBeansProjekt/spaceInvader/target/classes/assets/textures/fireBallSenkrecht.png
10:39:27.121 [JavaFX Application Thread] DEBUG FXGLAssetLoaderServi - Loading from file system: file:/C:/Users/Administrator/Dokumente/netBeansProjekt/spaceInvader/target/classes/assets/textures/fireBallSenkrecht.png
10:39:27.618 [JavaFX Application Thread] DEBUG FXGLAssetLoaderServi - Loading from file system: file:/C:/Users/Administrator/Dokumente/netBeansProjekt/spaceInvader/target/classes/assets/textures/fireBallSenkrecht.png
10:39:28.131 [JavaFX Application Thread] DEBUG FXGLAssetLoaderServi - Loading from file system: file:/C:/Users/Administrator/Dokumente/netBeansProjekt/spaceInvader/target/classes/assets/textures/fireBallSenkrecht.png
10:39:28.659 [JavaFX Application Thread] DEBUG FXGLAssetLoaderServi - Loading from file system: file:/C:/Users/Administrator/Dokumente/netBeansProjekt/spaceInvader/target/classes/assets/textures/fireBallSenkrecht.png
10:39:28.953 [JavaFX Application Thread] DEBUG FXGLAssetLoaderServi - Loading from file system: file:/C:/Users/Administrator/Dokumente/netBeansProjekt/spaceInvader/target/classes/assets/textures/fireBallSenkrecht.png
10:39:28.984 [JavaFX Application Thread] DEBUG FXGLAssetLoaderServi - Loading from file system: file:/C:/Users/Administrator/Dokumente/netBeansProjekt/spaceInvader/target/classes/assets/textures/fireBallSenkrecht.png
10:39:29.529 [JavaFX Application Thread] DEBUG FXGLAssetLoaderServi - Loading from file system: file:/C:/Users/Administrator/Dokumente/netBeansProjekt/spaceInvader/target/classes/assets/textures/fireBallSenkrecht.png
10:39:30.043 [JavaFX Application Thread] DEBUG FXGLAssetLoaderServi - Loading from file system: file:/C:/Users/Administrator/Dokumente/netBeansProjekt/spaceInvader/target/classes/assets/textures/fireBallSenkrecht.png
10:39:30.369 [JavaFX Application Thread] DEBUG FXGLAssetLoaderServi - Loading from file system: file:/C:/Users/Administrator/Dokumente/netBeansProjekt/spaceInvader/target/classes/assets/textures/fireBallSenkrecht.png
10:39:30.914 [JavaFX Application Thread] DEBUG FXGLAssetLoaderServi - Loading from file system: file:/C:/Users/Administrator/Dokumente/netBeansProjekt/spaceInvader/target/classes/assets/textures/fireBallSenkrecht.png
10:39:31.460 [JavaFX Application Thread] DEBUG FXGLAssetLoaderServi - Loading from file system: file:/C:/Users/Administrator/Dokumente/netBeansProjekt/spaceInvader/target/classes/assets/textures/fireBallSenkrecht.png
10:39:31.618 [JavaFX Application Thread] DEBUG FXGLAssetLoaderServi - Loading from file system: file:/C:/Users/Administrator/Dokumente/netBeansProjekt/spaceInvader/target/classes/assets/textures/fireBallSenkrecht.png
10:39:32.168 [JavaFX Application Thread] DEBUG FXGLAssetLoaderServi - Loading from file system: file:/C:/Users/Administrator/Dokumente/netBeansProjekt/spaceInvader/target/classes/assets/textures/fireBallSenkrecht.png
10:39:32.353 [JavaFX Application Thread] DEBUG FXGLAssetLoaderServi - Loading from file system: file:/C:/Users/Administrator/Dokumente/netBeansProjekt/spaceInvader/target/classes/assets/textures/fireBallSenkrecht.png
10:39:32.886 [JavaFX Application Thread] DEBUG FXGLAssetLoaderServi - Loading from file system: file:/C:/Users/Administrator/Dokumente/netBeansProjekt/spaceInvader/target/classes/assets/textures/fireBallSenkrecht.png
10:39:33.420 [JavaFX Application Thread] DEBUG FXGLAssetLoaderServi - Loading from file system: file:/C:/Users/Administrator/Dokumente/netBeansProjekt/spaceInvader/target/classes/assets/textures/fireBallSenkrecht.png
10:39:33.873 [JavaFX Application Thread] DEBUG FXGLAssetLoaderServi - Loading from file system: file:/C:/Users/Administrator/Dokumente/netBeansProjekt/spaceInvader/target/classes/assets/textures/fireBallSenkrecht.png
10:39:34.405 [JavaFX Application Thread] DEBUG FXGLAssetLoaderServi - Loading from file system: file:/C:/Users/Administrator/Dokumente/netBeansProjekt/spaceInvader/target/classes/assets/textures/fireBallSenkrecht.png
10:39:34.947 [JavaFX Application Thread] DEBUG FXGLAssetLoaderServi - Loading from file system: file:/C:/Users/Administrator/Dokumente/netBeansProjekt/spaceInvader/target/classes/assets/textures/fireBallSenkrecht.png
10:39:35.010 [JavaFX Application Thread] DEBUG FXGLAssetLoaderServi - Loading from file system: file:/C:/Users/Administrator/Dokumente/netBeansProjekt/spaceInvader/target/classes/assets/textures/fireBallSenkrecht.png
10:39:35.289 [JavaFX Application Thread] DEBUG FXGLAssetLoaderServi - Loading from file system: file:/C:/Users/Administrator/Dokumente/netBeansProjekt/spaceInvader/target/classes/assets/textures/fireBallSenkrecht.png
10:39:35.805 [JavaFX Application Thread] DEBUG FXGLAssetLoaderServi - Loading from file system: file:/C:/Users/Administrator/Dokumente/netBeansProjekt/spaceInvader/target/classes/assets/textures/fireBallSenkrecht.png
10:39:35.961 [JavaFX Application Thread] DEBUG FXGLAssetLoaderServi - Loading from file system: file:/C:/Users/Administrator/Dokumente/netBeansProjekt/spaceInvader/target/classes/assets/textures/fireBallSenkrecht.png
10:39:36.323 [JavaFX Application Thread] DEBUG FXGLAssetLoaderServi - Loading from file system: file:/C:/Users/Administrator/Dokumente/netBeansProjekt/spaceInvader/target/classes/assets/textures/fireBallSenkrecht.png
10:39:36.853 [JavaFX Application Thread] DEBUG FXGLAssetLoaderServi - Loading from file system: file:/C:/Users/Administrator/Dokumente/netBeansProjekt/spaceInvader/target/classes/assets/textures/fireBallSenkrecht.png
10:39:37.353 [JavaFX Application Thread] DEBUG FXGLAssetLoaderServi - Loading from file system: file:/C:/Users/Administrator/Dokumente/netBeansProjekt/spaceInvader/target/classes/assets/textures/fireBallSenkrecht.png
10:39:37.777 [JavaFX Application Thread] DEBUG FXGLAssetLoaderServi - Loading from file system: file:/C:/Users/Administrator/Dokumente/netBeansProjekt/spaceInvader/target/classes/assets/textures/fireBallSenkrecht.png
10:39:38.308 [JavaFX Application Thread] DEBUG FXGLAssetLoaderServi - Loading from file system: file:/C:/Users/Administrator/Dokumente/netBeansProjekt/spaceInvader/target/classes/assets/textures/fireBallSenkrecht.png
10:39:38.825 [JavaFX Application Thread] DEBUG FXGLAssetLoaderServi - Loading from file system: file:/C:/Users/Administrator/Dokumente/netBeansProjekt/spaceInvader/target/classes/assets/textures/fireBallSenkrecht.png
10:39:39.073 [JavaFX Application Thread] DEBUG FXGLAssetLoaderServi - Loading from file system: file:/C:/Users/Administrator/Dokumente/netBeansProjekt/spaceInvader/target/classes/assets/textures/fireBallSenkrecht.png
10:39:39.588 [JavaFX Application Thread] DEBUG FXGLAssetLoaderServi - Loading from file system: file:/C:/Users/Administrator/Dokumente/netBeansProjekt/spaceInvader/target/classes/assets/textures/fireBallSenkrecht.png
10:39:39.651 [JavaFX Application Thread] DEBUG FXGLAssetLoaderServi - Loading from file system: file:/C:/Users/Administrator/Dokumente/netBeansProjekt/spaceInvader/target/classes/assets/textures/fireBallSenkrecht.png
10:39:39.903 [JavaFX Application Thread] DEBUG FXGLAssetLoaderServi - Loading from file system: file:/C:/Users/Administrator/Dokumente/netBeansProjekt/spaceInvader/target/classes/assets/textures/fireBallSenkrecht.png
10:39:40.419 [JavaFX Application Thread] DEBUG FXGLAssetLoaderServi - Loading from file system: file:/C:/Users/Administrator/Dokumente/netBeansProjekt/spaceInvader/target/classes/assets/textures/fireBallSenkrecht.png
10:39:40.985 [JavaFX Application Thread] DEBUG FXGLAssetLoaderServi - Loading from file system: file:/C:/Users/Administrator/Dokumente/netBeansProjekt/spaceInvader/target/classes/assets/textures/fireBallSenkrecht.png
10:39:41.351 [JavaFX Application Thread] DEBUG FXGLAssetLoaderServi - Loading from file system: file:/C:/Users/Administrator/Dokumente/netBeansProjekt/spaceInvader/target/classes/assets/textures/fireBallSenkrecht.png
10:39:41.557 [JavaFX Application Thread] DEBUG FXGLAssetLoaderServi - Loading from file system: file:/C:/Users/Administrator/Dokumente/netBeansProjekt/spaceInvader/target/classes/assets/textures/fireBallSenkrecht.png
10:39:42.051 [JavaFX Application Thread] DEBUG FXGLAssetLoaderServi - Loading from file system: file:/C:/Users/Administrator/Dokumente/netBeansProjekt/spaceInvader/target/classes/assets/textures/fireBallSenkrecht.png
10:39:42.290 [JavaFX Application Thread] DEBUG FXGLAssetLoaderServi - Loading from file system: file:/C:/Users/Administrator/Dokumente/netBeansProjekt/spaceInvader/target/classes/assets/textures/fireBallSenkrecht.png
10:39:42.873 [JavaFX Application Thread] DEBUG FXGLAssetLoaderServi - Loading from file system: file:/C:/Users/Administrator/Dokumente/netBeansProjekt/spaceInvader/target/classes/assets/textures/fireBallSenkrecht.png
10:39:43.252 [JavaFX Application Thread] DEBUG FXGLAssetLoaderServi - Loading from file system: file:/C:/Users/Administrator/Dokumente/netBeansProjekt/spaceInvader/target/classes/assets/textures/fireBallSenkrecht.png
10:39:43.797 [JavaFX Application Thread] DEBUG FXGLAssetLoaderServi - Loading from file system: file:/C:/Users/Administrator/Dokumente/netBeansProjekt/spaceInvader/target/classes/assets/textures/fireBallSenkrecht.png
10:39:44.217 [JavaFX Application Thread] DEBUG FXGLAssetLoaderServi - Loading from file system: file:/C:/Users/Administrator/Dokumente/netBeansProjekt/spaceInvader/target/classes/assets/textures/fireBallSenkrecht.png
10:39:44.762 [JavaFX Application Thread] DEBUG FXGLAssetLoaderServi - Loading from file system: file:/C:/Users/Administrator/Dokumente/netBeansProjekt/spaceInvader/target/classes/assets/textures/fireBallSenkrecht.png
10:39:45.057 [JavaFX Application Thread] DEBUG FXGLAssetLoaderServi - Loading from file system: file:/C:/Users/Administrator/Dokumente/netBeansProjekt/spaceInvader/target/classes/assets/textures/fireBallSenkrecht.png
10:39:45.105 [JavaFX Application Thread] DEBUG FXGLAssetLoaderServi - Loading from file system: file:/C:/Users/Administrator/Dokumente/netBeansProjekt/spaceInvader/target/classes/assets/textures/fireBallSenkrecht.png
10:39:45.634 [JavaFX Application Thread] DEBUG FXGLAssetLoaderServi - Loading from file system: file:/C:/Users/Administrator/Dokumente/netBeansProjekt/spaceInvader/target/classes/assets/textures/fireBallSenkrecht.png
10:39:46.177 [JavaFX Application Thread] DEBUG FXGLAssetLoaderServi - Loading from file system: file:/C:/Users/Administrator/Dokumente/netBeansProjekt/spaceInvader/target/classes/assets/textures/fireBallSenkrecht.png
10:39:46.707 [JavaFX Application Thread] DEBUG FXGLAssetLoaderServi - Loading from file system: file:/C:/Users/Administrator/Dokumente/netBeansProjekt/spaceInvader/target/classes/assets/textures/fireBallSenkrecht.png
10:39:46.785 [JavaFX Application Thread] DEBUG FXGLAssetLoaderServi - Loading from file system: file:/C:/Users/Administrator/Dokumente/netBeansProjekt/spaceInvader/target/classes/assets/textures/fireBallSenkrecht.png
10:39:47.315 [JavaFX Application Thread] DEBUG FXGLAssetLoaderServi - Loading from file system: file:/C:/Users/Administrator/Dokumente/netBeansProjekt/spaceInvader/target/classes/assets/textures/fireBallSenkrecht.png
10:39:47.687 [JavaFX Application Thread] DEBUG FXGLAssetLoaderServi - Loading from file system: file:/C:/Users/Administrator/Dokumente/netBeansProjekt/spaceInvader/target/classes/assets/textures/fireBallSenkrecht.png
10:39:47.921 [JavaFX Application Thread] DEBUG FXGLAssetLoaderServi - Loading from file system: file:/C:/Users/Administrator/Dokumente/netBeansProjekt/spaceInvader/target/classes/assets/textures/fireBallSenkrecht.png
10:39:48.420 [JavaFX Application Thread] DEBUG FXGLAssetLoaderServi - Loading from file system: file:/C:/Users/Administrator/Dokumente/netBeansProjekt/spaceInvader/target/classes/assets/textures/fireBallSenkrecht.png
10:39:48.467 [JavaFX Application Thread] DEBUG FXGLAssetLoaderServi - Loading from file system: file:/C:/Users/Administrator/Dokumente/netBeansProjekt/spaceInvader/target/classes/assets/textures/fireBallSenkrecht.png
10:39:48.951 [JavaFX Application Thread] DEBUG FXGLAssetLoaderServi - Loading from file system: file:/C:/Users/Administrator/Dokumente/netBeansProjekt/spaceInvader/target/classes/assets/textures/fireBallSenkrecht.png
10:39:49.121 [JavaFX Application Thread] DEBUG FXGLAssetLoaderServi - Loading from file system: file:/C:/Users/Administrator/Dokumente/netBeansProjekt/spaceInvader/target/classes/assets/textures/fireBallSenkrecht.png
10:39:49.636 [JavaFX Application Thread] DEBUG FXGLAssetLoaderServi - Loading from file system: file:/C:/Users/Administrator/Dokumente/netBeansProjekt/spaceInvader/target/classes/assets/textures/fireBallSenkrecht.png
10:39:50.137 [JavaFX Application Thread] DEBUG FXGLAssetLoaderServi - Loading from file system: file:/C:/Users/Administrator/Dokumente/netBeansProjekt/spaceInvader/target/classes/assets/textures/fireBallSenkrecht.png
10:39:50.437 [JavaFX Application Thread] DEBUG FXGLAssetLoaderServi - Loading from file system: file:/C:/Users/Administrator/Dokumente/netBeansProjekt/spaceInvader/target/classes/assets/textures/fireBallSenkrecht.png
10:39:51.012 [JavaFX Application Thread] DEBUG FXGLAssetLoaderServi - Loading from file system: file:/C:/Users/Administrator/Dokumente/netBeansProjekt/spaceInvader/target/classes/assets/textures/fireBallSenkrecht.png
10:39:51.538 [JavaFX Application Thread] DEBUG FXGLAssetLoaderServi - Loading from file system: file:/C:/Users/Administrator/Dokumente/netBeansProjekt/spaceInvader/target/classes/assets/textures/fireBallSenkrecht.png
10:39:52.085 [JavaFX Application Thread] DEBUG FXGLAssetLoaderServi - Loading from file system: file:/C:/Users/Administrator/Dokumente/netBeansProjekt/spaceInvader/target/classes/assets/textures/fireBallSenkrecht.png
10:39:52.610 [JavaFX Application Thread] DEBUG FXGLAssetLoaderServi - Loading from file system: file:/C:/Users/Administrator/Dokumente/netBeansProjekt/spaceInvader/target/classes/assets/textures/fireBallSenkrecht.png
10:39:53.121 [JavaFX Application Thread] DEBUG FXGLAssetLoaderServi - Loading from file system: file:/C:/Users/Administrator/Dokumente/netBeansProjekt/spaceInvader/target/classes/assets/textures/fireBallSenkrecht.png
10:39:53.651 [JavaFX Application Thread] DEBUG FXGLAssetLoaderServi - Loading from file system: file:/C:/Users/Administrator/Dokumente/netBeansProjekt/spaceInvader/target/classes/assets/textures/fireBallSenkrecht.png
10:39:54.230 [JavaFX Application Thread] DEBUG FXGLAssetLoaderServi - Loading from file system: file:/C:/Users/Administrator/Dokumente/netBeansProjekt/spaceInvader/target/classes/assets/textures/fireBallSenkrecht.png
10:39:54.371 [JavaFX Application Thread] DEBUG FXGLAssetLoaderServi - Loading from file system: file:/C:/Users/Administrator/Dokumente/netBeansProjekt/spaceInvader/target/classes/assets/textures/fireBallSenkrecht.png
10:39:54.559 [JavaFX Application Thread] DEBUG FXGLAssetLoaderServi - Loading from file system: file:/C:/Users/Administrator/Dokumente/netBeansProjekt/spaceInvader/target/classes/assets/textures/fireBallSenkrecht.png
10:39:55.013 [JavaFX Application Thread] DEBUG FXGLAssetLoaderServi - Loading from file system: file:/C:/Users/Administrator/Dokumente/netBeansProjekt/spaceInvader/target/classes/assets/textures/fireBallSenkrecht.png
10:39:55.509 [JavaFX Application Thread] DEBUG FXGLAssetLoaderServi - Loading from file system: file:/C:/Users/Administrator/Dokumente/netBeansProjekt/spaceInvader/target/classes/assets/textures/fireBallSenkrecht.png
10:39:56.023 [JavaFX Application Thread] DEBUG FXGLAssetLoaderServi - Loading from file system: file:/C:/Users/Administrator/Dokumente/netBeansProjekt/spaceInvader/target/classes/assets/textures/fireBallSenkrecht.png
10:39:56.258 [JavaFX Application Thread] DEBUG FXGLAssetLoaderServi - Loading from file system: file:/C:/Users/Administrator/Dokumente/netBeansProjekt/spaceInvader/target/classes/assets/textures/fireBallSenkrecht.png
10:39:56.536 [JavaFX Application Thread] DEBUG FXGLAssetLoaderServi - Loading from file system: file:/C:/Users/Administrator/Dokumente/netBeansProjekt/spaceInvader/target/classes/assets/textures/fireBallSenkrecht.png
10:39:56.739 [JavaFX Application Thread] DEBUG FXGLAssetLoaderServi - Loading from file system: file:/C:/Users/Administrator/Dokumente/netBeansProjekt/spaceInvader/target/classes/assets/textures/fireBallSenkrecht.png
10:39:56.785 [JavaFX Application Thread] DEBUG FXGLAssetLoaderServi - Loading from file system: file:/C:/Users/Administrator/Dokumente/netBeansProjekt/spaceInvader/target/classes/assets/textures/fireBallSenkrecht.png
10:39:57.330 [JavaFX Application Thread] DEBUG FXGLAssetLoaderServi - Loading from file system: file:/C:/Users/Administrator/Dokumente/netBeansProjekt/spaceInvader/target/classes/assets/textures/fireBallSenkrecht.png
10:39:57.842 [JavaFX Application Thread] DEBUG FXGLAssetLoaderServi - Loading from file system: file:/C:/Users/Administrator/Dokumente/netBeansProjekt/spaceInvader/target/classes/assets/textures/fireBallSenkrecht.png
10:39:58.373 [JavaFX Application Thread] DEBUG FXGLAssetLoaderServi - Loading from file system: file:/C:/Users/Administrator/Dokumente/netBeansProjekt/spaceInvader/target/classes/assets/textures/fireBallSenkrecht.png
10:39:58.887 [JavaFX Application Thread] DEBUG FXGLAssetLoaderServi - Loading from file system: file:/C:/Users/Administrator/Dokumente/netBeansProjekt/spaceInvader/target/classes/assets/textures/fireBallSenkrecht.png
10:39:58.951 [JavaFX Application Thread] DEBUG FXGLAssetLoaderServi - Loading from file system: file:/C:/Users/Administrator/Dokumente/netBeansProjekt/spaceInvader/target/classes/assets/textures/fireBallSenkrecht.png
10:39:59.154 [JavaFX Application Thread] DEBUG FXGLAssetLoaderServi - Loading from file system: file:/C:/Users/Administrator/Dokumente/netBeansProjekt/spaceInvader/target/classes/assets/textures/fireBallSenkrecht.png
10:39:59.654 [JavaFX Application Thread] DEBUG FXGLAssetLoaderServi - Loading from file system: file:/C:/Users/Administrator/Dokumente/netBeansProjekt/spaceInvader/target/classes/assets/textures/fireBallSenkrecht.png
10:40:00.185 [JavaFX Application Thread] DEBUG FXGLAssetLoaderServi - Loading from file system: file:/C:/Users/Administrator/Dokumente/netBeansProjekt/spaceInvader/target/classes/assets/textures/fireBallSenkrecht.png
10:40:00.748 [JavaFX Application Thread] DEBUG FXGLAssetLoaderServi - Loading from file system: file:/C:/Users/Administrator/Dokumente/netBeansProjekt/spaceInvader/target/classes/assets/textures/fireBallSenkrecht.png
10:40:00.778 [JavaFX Application Thread] DEBUG FXGLAssetLoaderServi - Loading from file system: file:/C:/Users/Administrator/Dokumente/netBeansProjekt/spaceInvader/target/classes/assets/textures/fireBallSenkrecht.png
10:40:01.105 [JavaFX Application Thread] DEBUG FXGLAssetLoaderServi - Loading from file system: file:/C:/Users/Administrator/Dokumente/netBeansProjekt/spaceInvader/target/classes/assets/textures/fireBallSenkrecht.png
10:40:01.618 [JavaFX Application Thread] DEBUG FXGLAssetLoaderServi - Loading from file system: file:/C:/Users/Administrator/Dokumente/netBeansProjekt/spaceInvader/target/classes/assets/textures/fireBallSenkrecht.png
10:40:02.163 [JavaFX Application Thread] DEBUG FXGLAssetLoaderServi - Loading from file system: file:/C:/Users/Administrator/Dokumente/netBeansProjekt/spaceInvader/target/classes/assets/textures/fireBallSenkrecht.png
10:40:02.677 [JavaFX Application Thread] DEBUG FXGLAssetLoaderServi - Loading from file system: file:/C:/Users/Administrator/Dokumente/netBeansProjekt/spaceInvader/target/classes/assets/textures/fireBallSenkrecht.png
10:40:02.837 [JavaFX Application Thread] DEBUG FXGLAssetLoaderServi - Loading from file system: file:/C:/Users/Administrator/Dokumente/netBeansProjekt/spaceInvader/target/classes/assets/textures/fireBallSenkrecht.png
10:40:03.347 [JavaFX Application Thread] DEBUG FXGLAssetLoaderServi - Loading from file system: file:/C:/Users/Administrator/Dokumente/netBeansProjekt/spaceInvader/target/classes/assets/textures/fireBallSenkrecht.png
10:40:03.862 [JavaFX Application Thread] DEBUG FXGLAssetLoaderServi - Loading from file system: file:/C:/Users/Administrator/Dokumente/netBeansProjekt/spaceInvader/target/classes/assets/textures/fireBallSenkrecht.png
10:40:04.018 [JavaFX Application Thread] DEBUG FXGLAssetLoaderServi - Loading from file system: file:/C:/Users/Administrator/Dokumente/netBeansProjekt/spaceInvader/target/classes/assets/textures/fireBallSenkrecht.png
10:40:04.580 [JavaFX Application Thread] DEBUG FXGLAssetLoaderServi - Loading from file system: file:/C:/Users/Administrator/Dokumente/netBeansProjekt/spaceInvader/target/classes/assets/textures/fireBallSenkrecht.png
10:40:05.126 [JavaFX Application Thread] DEBUG FXGLAssetLoaderServi - Loading from file system: file:/C:/Users/Administrator/Dokumente/netBeansProjekt/spaceInvader/target/classes/assets/textures/fireBallSenkrecht.png
10:40:05.626 [JavaFX Application Thread] DEBUG FXGLAssetLoaderServi - Loading from file system: file:/C:/Users/Administrator/Dokumente/netBeansProjekt/spaceInvader/target/classes/assets/textures/fireBallSenkrecht.png
10:40:05.953 [JavaFX Application Thread] DEBUG FXGLAssetLoaderServi - Loading from file system: file:/C:/Users/Administrator/Dokumente/netBeansProjekt/spaceInvader/target/classes/assets/textures/fireBallSenkrecht.png
10:40:06.500 [JavaFX Application Thread] DEBUG FXGLAssetLoaderServi - Loading from file system: file:/C:/Users/Administrator/Dokumente/netBeansProjekt/spaceInvader/target/classes/assets/textures/fireBallSenkrecht.png
10:40:07.048 [JavaFX Application Thread] DEBUG FXGLAssetLoaderServi - Loading from file system: file:/C:/Users/Administrator/Dokumente/netBeansProjekt/spaceInvader/target/classes/assets/textures/fireBallSenkrecht.png
10:40:07.361 [JavaFX Application Thread] DEBUG FXGLAssetLoaderServi - Loading from file system: file:/C:/Users/Administrator/Dokumente/netBeansProjekt/spaceInvader/target/classes/assets/textures/fireBallSenkrecht.png
10:40:07.894 [JavaFX Application Thread] DEBUG FXGLAssetLoaderServi - Loading from file system: file:/C:/Users/Administrator/Dokumente/netBeansProjekt/spaceInvader/target/classes/assets/textures/fireBallSenkrecht.png
10:40:08.034 [JavaFX Application Thread] DEBUG FXGLAssetLoaderServi - Loading from file system: file:/C:/Users/Administrator/Dokumente/netBeansProjekt/spaceInvader/target/classes/assets/textures/fireBallSenkrecht.png
10:40:08.567 [JavaFX Application Thread] DEBUG FXGLAssetLoaderServi - Loading from file system: file:/C:/Users/Administrator/Dokumente/netBeansProjekt/spaceInvader/target/classes/assets/textures/fireBallSenkrecht.png
10:40:09.114 [JavaFX Application Thread] DEBUG FXGLAssetLoaderServi - Loading from file system: file:/C:/Users/Administrator/Dokumente/netBeansProjekt/spaceInvader/target/classes/assets/textures/fireBallSenkrecht.png
10:40:09.538 [JavaFX Application Thread] DEBUG FXGLAssetLoaderServi - Loading from file system: file:/C:/Users/Administrator/Dokumente/netBeansProjekt/spaceInvader/target/classes/assets/textures/fireBallSenkrecht.png
10:40:09.584 [JavaFX Application Thread] DEBUG FXGLAssetLoaderServi - Loading from file system: file:/C:/Users/Administrator/Dokumente/netBeansProjekt/spaceInvader/target/classes/assets/textures/fireBallSenkrecht.png
10:40:10.148 [JavaFX Application Thread] DEBUG FXGLAssetLoaderServi - Loading from file system: file:/C:/Users/Administrator/Dokumente/netBeansProjekt/spaceInvader/target/classes/assets/textures/fireBallSenkrecht.png
10:40:10.676 [JavaFX Application Thread] DEBUG FXGLAssetLoaderServi - Loading from file system: file:/C:/Users/Administrator/Dokumente/netBeansProjekt/spaceInvader/target/classes/assets/textures/fireBallSenkrecht.png
10:40:10.802 [JavaFX Application Thread] DEBUG FXGLAssetLoaderServi - Loading from file system: file:/C:/Users/Administrator/Dokumente/netBeansProjekt/spaceInvader/target/classes/assets/textures/fireBallSenkrecht.png
10:40:11.334 [JavaFX Application Thread] DEBUG FXGLAssetLoaderServi - Loading from file system: file:/C:/Users/Administrator/Dokumente/netBeansProjekt/spaceInvader/target/classes/assets/textures/fireBallSenkrecht.png
10:40:11.505 [JavaFX Application Thread] DEBUG FXGLAssetLoaderServi - Loading from file system: file:/C:/Users/Administrator/Dokumente/netBeansProjekt/spaceInvader/target/classes/assets/textures/fireBallSenkrecht.png
10:40:11.555 [JavaFX Application Thread] DEBUG FXGLAssetLoaderServi - Loading from file system: file:/C:/Users/Administrator/Dokumente/netBeansProjekt/spaceInvader/target/classes/assets/textures/fireBallSenkrecht.png
10:40:12.164 [JavaFX Application Thread] DEBUG FXGLAssetLoaderServi - Loading from file system: file:/C:/Users/Administrator/Dokumente/netBeansProjekt/spaceInvader/target/classes/assets/textures/fireBallSenkrecht.png
10:40:12.339 [JavaFX Application Thread] DEBUG FXGLAssetLoaderServi - Loading from file system: file:/C:/Users/Administrator/Dokumente/netBeansProjekt/spaceInvader/target/classes/assets/textures/fireBallSenkrecht.png
10:40:12.433 [JavaFX Application Thread] DEBUG FXGLAssetLoaderServi - Loading from file system: file:/C:/Users/Administrator/Dokumente/netBeansProjekt/spaceInvader/target/classes/assets/textures/fireBallSenkrecht.png
10:40:12.994 [JavaFX Application Thread] DEBUG FXGLAssetLoaderServi - Loading from file system: file:/C:/Users/Administrator/Dokumente/netBeansProjekt/spaceInvader/target/classes/assets/textures/fireBallSenkrecht.png
10:40:13.462 [JavaFX Application Thread] DEBUG FXGLAssetLoaderServi - Loading from file system: file:/C:/Users/Administrator/Dokumente/netBeansProjekt/spaceInvader/target/classes/assets/textures/fireBallSenkrecht.png
10:40:13.512 [JavaFX Application Thread] DEBUG FXGLAssetLoaderServi - Loading from file system: file:/C:/Users/Administrator/Dokumente/netBeansProjekt/spaceInvader/target/classes/assets/textures/fireBallSenkrecht.png
10:40:13.840 [JavaFX Application Thread] DEBUG FXGLAssetLoaderServi - Loading from file system: file:/C:/Users/Administrator/Dokumente/netBeansProjekt/spaceInvader/target/classes/assets/textures/fireBallSenkrecht.png
10:40:13.903 [JavaFX Application Thread] DEBUG FXGLAssetLoaderServi - Loading from file system: file:/C:/Users/Administrator/Dokumente/netBeansProjekt/spaceInvader/target/classes/assets/textures/fireBallSenkrecht.png
10:40:14.451 [JavaFX Application Thread] DEBUG FXGLAssetLoaderServi - Loading from file system: file:/C:/Users/Administrator/Dokumente/netBeansProjekt/spaceInvader/target/classes/assets/textures/fireBallSenkrecht.png
10:40:15.026 [JavaFX Application Thread] DEBUG FXGLAssetLoaderServi - Loading from file system: file:/C:/Users/Administrator/Dokumente/netBeansProjekt/spaceInvader/target/classes/assets/textures/fireBallSenkrecht.png
10:40:15.556 [JavaFX Application Thread] DEBUG FXGLAssetLoaderServi - Loading from file system: file:/C:/Users/Administrator/Dokumente/netBeansProjekt/spaceInvader/target/classes/assets/textures/fireBallSenkrecht.png
10:40:15.619 [JavaFX Application Thread] DEBUG FXGLAssetLoaderServi - Loading from file system: file:/C:/Users/Administrator/Dokumente/netBeansProjekt/spaceInvader/target/classes/assets/textures/fireBallSenkrecht.png
10:40:15.785 [JavaFX Application Thread] DEBUG FXGLAssetLoaderServi - Loading from file system: file:/C:/Users/Administrator/Dokumente/netBeansProjekt/spaceInvader/target/classes/assets/textures/fireBallSenkrecht.png
10:40:16.337 [JavaFX Application Thread] DEBUG FXGLAssetLoaderServi - Loading from file system: file:/C:/Users/Administrator/Dokumente/netBeansProjekt/spaceInvader/target/classes/assets/textures/fireBallSenkrecht.png
10:40:16.869 [JavaFX Application Thread] DEBUG FXGLAssetLoaderServi - Loading from file system: file:/C:/Users/Administrator/Dokumente/netBeansProjekt/spaceInvader/target/classes/assets/textures/fireBallSenkrecht.png
10:40:17.368 [JavaFX Application Thread] DEBUG FXGLAssetLoaderServi - Loading from file system: file:/C:/Users/Administrator/Dokumente/netBeansProjekt/spaceInvader/target/classes/assets/textures/fireBallSenkrecht.png
10:40:17.555 [JavaFX Application Thread] DEBUG FXGLAssetLoaderServi - Loading from file system: file:/C:/Users/Administrator/Dokumente/netBeansProjekt/spaceInvader/target/classes/assets/textures/fireBallSenkrecht.png
10:40:17.668 [JavaFX Application Thread] DEBUG FXGLAssetLoaderServi - Loading from file system: file:/C:/Users/Administrator/Dokumente/netBeansProjekt/spaceInvader/target/classes/assets/textures/fireBallSenkrecht.png
10:40:18.196 [JavaFX Application Thread] DEBUG FXGLAssetLoaderServi - Loading from file system: file:/C:/Users/Administrator/Dokumente/netBeansProjekt/spaceInvader/target/classes/assets/textures/fireBallSenkrecht.png
10:40:18.725 [JavaFX Application Thread] DEBUG FXGLAssetLoaderServi - Loading from file system: file:/C:/Users/Administrator/Dokumente/netBeansProjekt/spaceInvader/target/classes/assets/textures/fireBallSenkrecht.png
10:40:18.773 [JavaFX Application Thread] DEBUG FXGLAssetLoaderServi - Loading from file system: file:/C:/Users/Administrator/Dokumente/netBeansProjekt/spaceInvader/target/classes/assets/textures/fireBallSenkrecht.png
10:40:19.302 [JavaFX Application Thread] DEBUG FXGLAssetLoaderServi - Loading from file system: file:/C:/Users/Administrator/Dokumente/netBeansProjekt/spaceInvader/target/classes/assets/textures/fireBallSenkrecht.png
10:40:19.846 [JavaFX Application Thread] DEBUG FXGLAssetLoaderServi - Loading from file system: file:/C:/Users/Administrator/Dokumente/netBeansProjekt/spaceInvader/target/classes/assets/textures/fireBallSenkrecht.png
10:40:20.001 [JavaFX Application Thread] DEBUG FXGLAssetLoaderServi - Loading from file system: file:/C:/Users/Administrator/Dokumente/netBeansProjekt/spaceInvader/target/classes/assets/textures/fireBallSenkrecht.png
10:40:20.514 [JavaFX Application Thread] DEBUG FXGLAssetLoaderServi - Loading from file system: file:/C:/Users/Administrator/Dokumente/netBeansProjekt/spaceInvader/target/classes/assets/textures/fireBallSenkrecht.png
10:40:20.884 [JavaFX Application Thread] DEBUG FXGLAssetLoaderServi - Loading from file system: file:/C:/Users/Administrator/Dokumente/netBeansProjekt/spaceInvader/target/classes/assets/textures/fireBallSenkrecht.png
10:40:21.104 [JavaFX Application Thread] DEBUG FXGLAssetLoaderServi - Loading from file system: file:/C:/Users/Administrator/Dokumente/netBeansProjekt/spaceInvader/target/classes/assets/textures/fireBallSenkrecht.png
10:40:21.135 [JavaFX Application Thread] DEBUG FXGLAssetLoaderServi - Loading from file system: file:/C:/Users/Administrator/Dokumente/netBeansProjekt/spaceInvader/target/classes/assets/textures/fireBallSenkrecht.png
10:40:21.435 [JavaFX Application Thread] DEBUG FXGLAssetLoaderServi - Loading from file system: file:/C:/Users/Administrator/Dokumente/netBeansProjekt/spaceInvader/target/classes/assets/textures/fireBallSenkrecht.png
10:40:21.960 [JavaFX Application Thread] DEBUG FXGLAssetLoaderServi - Loading from file system: file:/C:/Users/Administrator/Dokumente/netBeansProjekt/spaceInvader/target/classes/assets/textures/fireBallSenkrecht.png
10:40:22.290 [JavaFX Application Thread] DEBUG FXGLAssetLoaderServi - Loading from file system: file:/C:/Users/Administrator/Dokumente/netBeansProjekt/spaceInvader/target/classes/assets/textures/fireBallSenkrecht.png
10:40:22.804 [JavaFX Application Thread] DEBUG FXGLAssetLoaderServi - Loading from file system: file:/C:/Users/Administrator/Dokumente/netBeansProjekt/spaceInvader/target/classes/assets/textures/fireBallSenkrecht.png
10:40:23.347 [JavaFX Application Thread] DEBUG FXGLAssetLoaderServi - Loading from file system: file:/C:/Users/Administrator/Dokumente/netBeansProjekt/spaceInvader/target/classes/assets/textures/fireBallSenkrecht.png
10:40:23.860 [JavaFX Application Thread] DEBUG FXGLAssetLoaderServi - Loading from file system: file:/C:/Users/Administrator/Dokumente/netBeansProjekt/spaceInvader/target/classes/assets/textures/fireBallSenkrecht.png
10:40:23.985 [JavaFX Application Thread] DEBUG FXGLAssetLoaderServi - Loading from file system: file:/C:/Users/Administrator/Dokumente/netBeansProjekt/spaceInvader/target/classes/assets/textures/fireBallSenkrecht.png
10:40:24.219 [JavaFX Application Thread] DEBUG FXGLAssetLoaderServi - Loading from file system: file:/C:/Users/Administrator/Dokumente/netBeansProjekt/spaceInvader/target/classes/assets/textures/fireBallSenkrecht.png
10:40:24.746 [JavaFX Application Thread] DEBUG FXGLAssetLoaderServi - Loading from file system: file:/C:/Users/Administrator/Dokumente/netBeansProjekt/spaceInvader/target/classes/assets/textures/fireBallSenkrecht.png
10:40:25.169 [JavaFX Application Thread] DEBUG FXGLAssetLoaderServi - Loading from file system: file:/C:/Users/Administrator/Dokumente/netBeansProjekt/spaceInvader/target/classes/assets/textures/fireBallSenkrecht.png
10:40:25.218 [JavaFX Application Thread] DEBUG FXGLAssetLoaderServi - Loading from file system: file:/C:/Users/Administrator/Dokumente/netBeansProjekt/spaceInvader/target/classes/assets/textures/fireBallSenkrecht.png
10:40:25.420 [JavaFX Application Thread] DEBUG FXGLAssetLoaderServi - Loading from file system: file:/C:/Users/Administrator/Dokumente/netBeansProjekt/spaceInvader/target/classes/assets/textures/fireBallSenkrecht.png
10:40:25.451 [JavaFX Application Thread] DEBUG FXGLAssetLoaderServi - Loading from file system: file:/C:/Users/Administrator/Dokumente/netBeansProjekt/spaceInvader/target/classes/assets/textures/fireBallSenkrecht.png
10:40:25.825 [JavaFX Application Thread] DEBUG FXGLAssetLoaderServi - Loading from file system: file:/C:/Users/Administrator/Dokumente/netBeansProjekt/spaceInvader/target/classes/assets/textures/fireBallSenkrecht.png
10:40:26.289 [JavaFX Application Thread] DEBUG FXGLAssetLoaderServi - Loading from file system: file:/C:/Users/Administrator/Dokumente/netBeansProjekt/spaceInvader/target/classes/assets/textures/fireBallSenkrecht.png
10:40:26.835 [JavaFX Application Thread] DEBUG FXGLAssetLoaderServi - Loading from file system: file:/C:/Users/Administrator/Dokumente/netBeansProjekt/spaceInvader/target/classes/assets/textures/fireBallSenkrecht.png
10:40:27.397 [JavaFX Application Thread] DEBUG FXGLAssetLoaderServi - Loading from file system: file:/C:/Users/Administrator/Dokumente/netBeansProjekt/spaceInvader/target/classes/assets/textures/fireBallSenkrecht.png
10:40:27.926 [JavaFX Application Thread] DEBUG FXGLAssetLoaderServi - Loading from file system: file:/C:/Users/Administrator/Dokumente/netBeansProjekt/spaceInvader/target/classes/assets/textures/fireBallSenkrecht.png
10:40:27.957 [JavaFX Application Thread] DEBUG FXGLAssetLoaderServi - Loading from file system: file:/C:/Users/Administrator/Dokumente/netBeansProjekt/spaceInvader/target/classes/assets/textures/fireBallSenkrecht.png
10:40:28.004 [JavaFX Application Thread] DEBUG FXGLAssetLoaderServi - Loading from file system: file:/C:/Users/Administrator/Dokumente/netBeansProjekt/spaceInvader/target/classes/assets/textures/fireBallSenkrecht.png
10:40:28.439 [JavaFX Application Thread] DEBUG FXGLAssetLoaderServi - Loading from file system: file:/C:/Users/Administrator/Dokumente/netBeansProjekt/spaceInvader/target/classes/assets/textures/fireBallSenkrecht.png
10:40:28.737 [JavaFX Application Thread] DEBUG FXGLAssetLoaderServi - Loading from file system: file:/C:/Users/Administrator/Dokumente/netBeansProjekt/spaceInvader/target/classes/assets/textures/fireBallSenkrecht.png
10:40:28.769 [JavaFX Application Thread] DEBUG FXGLAssetLoaderServi - Loading from file system: file:/C:/Users/Administrator/Dokumente/netBeansProjekt/spaceInvader/target/classes/assets/textures/fireBallSenkrecht.png
10:40:29.315 [JavaFX Application Thread] DEBUG FXGLAssetLoaderServi - Loading from file system: file:/C:/Users/Administrator/Dokumente/netBeansProjekt/spaceInvader/target/classes/assets/textures/fireBallSenkrecht.png
10:40:29.864 [JavaFX Application Thread] DEBUG FXGLAssetLoaderServi - Loading from file system: file:/C:/Users/Administrator/Dokumente/netBeansProjekt/spaceInvader/target/classes/assets/textures/fireBallSenkrecht.png
10:40:30.418 [JavaFX Application Thread] DEBUG FXGLAssetLoaderServi - Loading from file system: file:/C:/Users/Administrator/Dokumente/netBeansProjekt/spaceInvader/target/classes/assets/textures/fireBallSenkrecht.png
10:40:30.739 [JavaFX Application Thread] DEBUG FXGLAssetLoaderServi - Loading from file system: file:/C:/Users/Administrator/Dokumente/netBeansProjekt/spaceInvader/target/classes/assets/textures/fireBallSenkrecht.png
10:40:31.282 [JavaFX Application Thread] DEBUG FXGLAssetLoaderServi - Loading from file system: file:/C:/Users/Administrator/Dokumente/netBeansProjekt/spaceInvader/target/classes/assets/textures/fireBallSenkrecht.png
10:40:31.864 [JavaFX Application Thread] DEBUG FXGLApplication      - Exiting FXGL
10:40:31.864 [JavaFX Application Thread] DEBUG LoopRunner           - Stopping loop
10:40:31.864 [JavaFX Application Thread] DEBUG SystemBundleService  - Saving FXGL system data
10:40:31.866 [JavaFX Application Thread] DEBUG FileSystemAccess     - Writing to: C:\Users\Administrator\Dokumente\netBeansProjekt\spaceInvader\system\fxgl.bundle
10:40:31.867 [JavaFX Application Thread] DEBUG Async                - Shutting down background threads
10:40:31.867 [JavaFX Application Thread] DEBUG PrimaryStageWindow   - Closing main window
10:40:31.875 [JavaFX Application Thread] DEBUG Logger               - Closing Logger
