18:49:06.347 [main                     ] DEBUG Logger               - Configured Logger
18:49:06.355 [main                     ] DEBUG GameApplication      - Logging settings
Title: Mein erstes Game mit FXGL
Version: 0.0.1
Width: 1280
Height: 880
Fullscreen: true
Intro: false
Profiling: false
Single step:false
App Mode: DEVELOPER
Menu Key: ESCAPE
Stage Style: DECORATED
Scene Factory: class com.almasb.fxgl.app.scene.SceneFactory

18:49:07.192 [JavaFX Application Thread] DEBUG FXGLApplication      - Initializing FXGL
18:49:07.196 [JavaFX Application Thread] INFO  Engine               - FXGL-25 (05.02.2026 22.57) on WINDOWS (J:25.0.2 FX:25.0.1)
18:49:07.196 [JavaFX Application Thread] DEBUG Engine               - JRE Vendor Name: Eclipse Adoptium
18:49:07.196 [JavaFX Application Thread] DEBUG Engine               - Running on OS: Windows 10 version 10.0
18:49:07.196 [JavaFX Application Thread] DEBUG Engine               - Architecture: amd64
18:49:07.197 [JavaFX Application Thread] INFO  Engine               - Source code and latest versions at: https://github.com/AlmasB/FXGL
18:49:07.197 [JavaFX Application Thread] INFO  Engine               -       Ask questions and discuss at: https://github.com/AlmasB/FXGL/discussions
18:49:07.332 [JavaFX Application Thread] DEBUG PrimaryStageWindow   - Creating a JavaFX scene
18:49:07.384 [JavaFX Application Thread] DEBUG PrimaryStageWindow   - Target settings size: 1280.0 x 880.0
18:49:07.384 [JavaFX Application Thread] DEBUG PrimaryStageWindow   - Scaled scene size:    1280.0 x 880.0
18:49:07.384 [JavaFX Application Thread] DEBUG PrimaryStageWindow   - Scaled ratio: (1.0, 1.0)
18:49:07.385 [JavaFX Application Thread] DEBUG PrimaryStageWindow   - Set initial scene to FXGLStartupScene
18:49:07.390 [JavaFX Application Thread] DEBUG PrimaryStageWindow   - Opening main window
18:49:07.746 [JavaFX Application Thread] DEBUG PrimaryStageWindow   - Window border size: (16.0, 39.0)
18:49:07.746 [JavaFX Application Thread] DEBUG PrimaryStageWindow   - Scaled size: 1280.0 x 880.0
18:49:07.747 [JavaFX Application Thread] DEBUG PrimaryStageWindow   - Scaled ratio: (1.0, 1.0)
18:49:07.747 [JavaFX Application Thread] DEBUG PrimaryStageWindow   - Scene size: 1280.0 x 880.0
18:49:07.747 [JavaFX Application Thread] DEBUG PrimaryStageWindow   - Stage size: 1296.0 x 919.0
18:49:07.758 [FXGL Background Thread 1 ] DEBUG Engine               - Initializing environment variables
18:49:07.833 [FXGL Background Thread 1 ] DEBUG FXGLAssetLoaderServi - User app class for loading assets: class btaahaus.ahrfxglgame.App
18:49:07.833 [FXGL Background Thread 1 ] DEBUG GameApplicationServi - Applying CSS: fxgl_dark.css
18:49:07.834 [FXGL Background Thread 1 ] DEBUG FXGLAssetLoaderServi - Loading from file system: jar:file:/C:/Users/Administrator.Rechner09/.m2/repository/com/github/almasb/fxgl/25/fxgl-25.jar!/fxglassets/ui/css/fxgl_dark.css
18:49:07.884 [FXGL Background Thread 1 ] DEBUG GameApplicationServi - Initializing application scenes
18:49:07.955 [FXGL Background Thread 1 ] DEBUG GameWorld            - Game world initialized
18:49:08.011 [FXGL Background Thread 1 ] DEBUG PhysicsWorld         - Physics world initialized: appHeight=880, physics.ppm=50,0
18:49:08.011 [FXGL Background Thread 1 ] DEBUG PhysicsWorld         - Using strategy: BRUTE_FORCE
18:49:08.016 [FXGL Background Thread 1 ] DEBUG GameScene            - Game scene initialized: 1280x880
18:49:08.028 [FXGL Background Thread 1 ] DEBUG FXGL.DefaultMenu     - createMenuBodyGameMenu()
18:49:08.047 [FXGL Background Thread 1 ] DEBUG FXGL.DefaultMenu     - createOptionsMenu()
18:49:08.057 [FXGL Background Thread 1 ] DEBUG FXGLAssetLoaderServi - Loading from file system: jar:file:/C:/Users/Administrator.Rechner09/.m2/repository/com/github/almasb/fxgl/25/fxgl-25.jar!/fxglassets/textures/particles/smoke.png
18:49:08.140 [FXGL Background Thread 1 ] DEBUG FXGLAssetLoaderServi - Loading from file system: jar:file:/C:/Users/Administrator.Rechner09/.m2/repository/com/github/almasb/fxgl/25/fxgl-25.jar!/fxglassets/textures/particles/trace_horizontal.png
18:49:08.160 [FXGL Background Thread 1 ] DEBUG GameApplicationServi - Application scenes initialized
18:49:08.173 [FXGL Background Thread 1 ] DEBUG SystemBundleService  - Loading FXGL system data
18:49:08.178 [FXGL Background Thread 1 ] DEBUG FileSystemAccess     - Reading from: C:\Users\administrator\Documents\NetBeansProjekte\ahrFXGLGame\system\fxgl.bundle
18:49:08.187 [FXGL Background Thread 1 ] DEBUG SystemBundleService  - Bundle FXGL: {}
18:49:08.187 [FXGL Background Thread 1 ] DEBUG UpdaterService       - Checking for updates
18:49:08.191 [FXGL Background Thread 4 ] DEBUG FXGLApplication      - Loading fonts
18:49:08.191 [FXGL Background Thread 1 ] DEBUG FXGLApplication      - Loading default localization
18:49:08.192 [FXGL Background Thread 4 ] DEBUG FXGLAssetLoaderServi - Loading from file system: jar:file:/C:/Users/Administrator.Rechner09/.m2/repository/com/github/almasb/fxgl/25/fxgl-25.jar!/fxglassets/ui/fonts/VarelaRound-Regular.ttf
18:49:08.192 [FXGL Background Thread 1 ] DEBUG FXGLAssetLoaderServi - Loading from file system: jar:file:/C:/Users/Administrator.Rechner09/.m2/repository/com/github/almasb/fxgl/25/fxgl-25.jar!/fxglassets/languages/english.lang
18:49:08.209 [FXGL Background Thread 1 ] INFO  FXGLApplication      - FXGL initialization took: 0,451 sec
18:49:08.217 [JavaFX Application Thread] DEBUG Input                - Registered new binding: right - D
18:49:08.218 [JavaFX Application Thread] DEBUG Input                - Registered new binding: left - A
18:49:08.218 [JavaFX Application Thread] DEBUG Input                - Registered new binding: up - W
18:49:08.218 [JavaFX Application Thread] DEBUG Input                - Registered new binding: down - S
18:49:08.218 [JavaFX Application Thread] DEBUG FXGLAssetLoaderServi - Loading from file system: jar:file:/C:/Users/Administrator.Rechner09/.m2/repository/com/github/almasb/fxgl/25/fxgl-25.jar!/fxglassets/textures/fxgl_icon.png
18:49:08.244 [FXGL Background Thread 4 ] DEBUG FXGLAssetLoaderServi - Loading from file system: jar:file:/C:/Users/Administrator.Rechner09/.m2/repository/com/github/almasb/fxgl/25/fxgl-25.jar!/fxglassets/ui/fonts/Abel-Regular.ttf
18:49:08.245 [JavaFX Application Thread] DEBUG FXGLAssetLoaderServi - Loading from file system: jar:file:/C:/Users/Administrator.Rechner09/.m2/repository/com/github/almasb/fxgl/25/fxgl-25.jar!/fxglassets/textures/fxgl_default_cursor.png
18:49:08.247 [JavaFX Application Thread] DEBUG Input                - Registered new binding: Screenshot - CTRL+8
18:49:08.247 [JavaFX Application Thread] DEBUG Input                - Registered new binding: System info dump - CTRL+9
18:49:08.248 [JavaFX Application Thread] DEBUG Input                - Registered new binding: Restart - CTRL+R
18:49:08.249 [JavaFX Application Thread] DEBUG Input                - Registered new binding: Toggle Debug Camera - CTRL+7
18:49:08.251 [JavaFX Application Thread] DEBUG LoopRunner           - Starting loop
18:49:08.251 [JavaFX Application Thread] DEBUG LoopRunner           - Initializing JavaFX AnimationTimerLoop
18:49:08.253 [FXGL Background Thread 4 ] DEBUG FXGLAssetLoaderServi - Loading from file system: jar:file:/C:/Users/Administrator.Rechner09/.m2/repository/com/github/almasb/fxgl/25/fxgl-25.jar!/fxglassets/ui/fonts/TerminalLandMono-Regular.otf
18:49:08.254 [JavaFX Application Thread] DEBUG GameApplicationServi - Starting new game
18:49:08.254 [JavaFX Application Thread] DEBUG Input                - Clearing active input actions
18:49:08.256 [FXGL Background Thread 4 ] DEBUG FXGLAssetLoaderServi - Loading from file system: jar:file:/C:/Users/Administrator.Rechner09/.m2/repository/com/github/almasb/fxgl/25/fxgl-25.jar!/fxglassets/ui/fonts/Courier-Prime.ttf
18:49:08.264 [JavaFX Application Thread] DEBUG GameApplicationServi - Removing overlay from FXGLStartupScene and adding to FXGLLoadingScene
18:49:08.264 [JavaFX Application Thread] DEBUG PrimaryStageWindow   - FXGLStartupScene -> FXGLLoadingScene
18:49:08.265 [JavaFX Application Thread] DEBUG GameApplicationServi - Clearing previous game
18:49:08.265 [JavaFX Application Thread] DEBUG GameScene            - Clearing game scene
18:49:08.265 [JavaFX Application Thread] DEBUG GameWorld            - Clearing game world
18:49:08.265 [JavaFX Application Thread] DEBUG PhysicsWorld         - Clearing physics world
18:49:08.266 [FXGL Background Thread 4 ] DEBUG FXGLApplication      - Initializing game
18:49:08.274 [FXGL Background Thread 4 ] DEBUG FXGLAssetLoaderServi - Loading from file system: file:/C:/Users/administrator/Documents/NetBeansProjekte/ahrFXGLGame/target/classes/assets/textures/rocketSchmal.png
18:49:08.282 [FXGL Background Thread 4 ] DEBUG FXGLAssetLoaderServi - Loading from file system: file:/C:/Users/administrator/Documents/NetBeansProjekte/ahrFXGLGame/target/classes/assets/textures/bgSpace.jpg
18:49:08.449 [FXGL Background Thread 4 ] DEBUG FXGLAssetLoaderServi - Loading from file system: file:/C:/Users/administrator/Documents/NetBeansProjekte/ahrFXGLGame/target/classes/assets/textures/meteorit.png
18:49:08.477 [FXGL Background Thread 4 ] INFO  FXGLApplication      - Game initialization took: 0,211 sec
18:49:08.521 [JavaFX Application Thread] DEBUG Input                - Clearing active input actions
18:49:08.530 [JavaFX Application Thread] DEBUG GameApplicationServi - Removing overlay from FXGLLoadingScene and adding to GameScene
18:49:08.530 [JavaFX Application Thread] DEBUG PrimaryStageWindow   - FXGLLoadingScene -> GameScene
18:49:09.005 [JavaFX Application Thread] DEBUG FXGLAssetLoaderServi - Loading from file system: file:/C:/Users/administrator/Documents/NetBeansProjekte/ahrFXGLGame/target/classes/assets/textures/fireBallSenkrecht.png
18:49:09.592 [JavaFX Application Thread] DEBUG FXGLAssetLoaderServi - Loading from file system: file:/C:/Users/administrator/Documents/NetBeansProjekte/ahrFXGLGame/target/classes/assets/textures/fireBallSenkrecht.png
18:49:10.120 [JavaFX Application Thread] DEBUG FXGLAssetLoaderServi - Loading from file system: file:/C:/Users/administrator/Documents/NetBeansProjekte/ahrFXGLGame/target/classes/assets/textures/fireBallSenkrecht.png
18:49:10.665 [JavaFX Application Thread] DEBUG FXGLAssetLoaderServi - Loading from file system: file:/C:/Users/administrator/Documents/NetBeansProjekte/ahrFXGLGame/target/classes/assets/textures/fireBallSenkrecht.png
18:49:11.191 [FXGL Background Thread 3 ] DEBUG Engine               - Logging environment variables
18:49:11.192 [FXGL Background Thread 3 ] DEBUG Engine               - achievements: []
18:49:11.192 [FXGL Background Thread 3 ] DEBUG Engine               - actualHeight: 880.0
18:49:11.192 [FXGL Background Thread 3 ] DEBUG Engine               - actualHeightProperty: ReadOnlyDoubleProperty [value: 880.0]
18:49:11.192 [FXGL Background Thread 3 ] DEBUG Engine               - actualWidth: 1280.0
18:49:11.193 [FXGL Background Thread 3 ] DEBUG Engine               - actualWidthProperty: ReadOnlyDoubleProperty [value: 1280.0]
18:49:11.193 [FXGL Background Thread 3 ] DEBUG Engine               - appIcon: fxgl_icon.png
18:49:11.193 [FXGL Background Thread 3 ] DEBUG Engine               - applicationMode: DEVELOPER
18:49:11.193 [FXGL Background Thread 3 ] DEBUG Engine               - cSSList: [fxgl_dark.css]
18:49:11.194 [FXGL Background Thread 3 ] DEBUG Engine               - collisionDetectionStrategy: BRUTE_FORCE
18:49:11.194 [FXGL Background Thread 3 ] DEBUG Engine               - configClass: Optional.empty
18:49:11.194 [FXGL Background Thread 3 ] DEBUG Engine               - credits: []
18:49:11.195 [FXGL Background Thread 3 ] DEBUG Engine               - defaultCursor: CursorInfo(imageName=fxgl_default_cursor.png, hotspotX=7.0, hotspotY=6.0)
18:49:11.196 [FXGL Background Thread 3 ] DEBUG Engine               - devBBoxColorProperty: ObjectProperty [value: 0xff0000ff]
18:49:11.196 [FXGL Background Thread 3 ] DEBUG Engine               - devEnableDebugCameraProperty: BooleanProperty [value: false]
18:49:11.196 [FXGL Background Thread 3 ] DEBUG Engine               - devSensorColorProperty: ObjectProperty [value: 0xffff00ff]
18:49:11.196 [FXGL Background Thread 3 ] DEBUG Engine               - devShowBBoxProperty: BooleanProperty [value: false]
18:49:11.197 [FXGL Background Thread 3 ] DEBUG Engine               - devShowPositionProperty: BooleanProperty [value: false]
18:49:11.197 [FXGL Background Thread 3 ] DEBUG Engine               - enabledMenuItems: []
18:49:11.197 [FXGL Background Thread 3 ] DEBUG Engine               - engineServices: [class com.almasb.fxgl.app.services.FXGLAssetLoaderService, class com.almasb.fxgl.app.FXGLApplication$GameApplicationService, class com.almasb.fxgl.app.services.FXGLDialogService, class com.almasb.fxgl.app.services.IOTaskExecutorService, class com.almasb.fxgl.io.FileSystemService, class com.almasb.fxgl.localization.LocalizationService, class com.almasb.fxgl.app.services.SystemBundleService, class com.almasb.fxgl.profile.SaveLoadService, class com.almasb.fxgl.ui.FXGLUIFactoryServiceProvider, class com.almasb.fxgl.ui.FXGLDialogFactoryServiceProvider, class com.almasb.fxgl.audio.AudioPlayer, class com.almasb.fxgl.notification.impl.NotificationServiceProvider, class com.almasb.fxgl.achievement.AchievementService, class com.almasb.fxgl.cutscene.CutsceneService, class com.almasb.fxgl.minigames.MiniGameService, class com.almasb.fxgl.net.NetService, class com.almasb.fxgl.app.services.UpdaterService, class com.almasb.fxgl.dev.DevService]
18:49:11.197 [FXGL Background Thread 3 ] DEBUG Engine               - fontGame: Abel-Regular.ttf
18:49:11.197 [FXGL Background Thread 3 ] DEBUG Engine               - fontMono: TerminalLandMono-Regular.otf
18:49:11.197 [FXGL Background Thread 3 ] DEBUG Engine               - fontSizeScaleUI: 1.0
18:49:11.197 [FXGL Background Thread 3 ] DEBUG Engine               - fontText: Courier-Prime.ttf
18:49:11.197 [FXGL Background Thread 3 ] DEBUG Engine               - fontUI: VarelaRound-Regular.ttf
18:49:11.197 [FXGL Background Thread 3 ] DEBUG Engine               - fpsRefreshRate: 500.0 ms
18:49:11.198 [FXGL Background Thread 3 ] DEBUG Engine               - fullScreen: BooleanProperty [value: false]
18:49:11.198 [FXGL Background Thread 3 ] DEBUG Engine               - gameDifficulty: MEDIUM
18:49:11.198 [FXGL Background Thread 3 ] DEBUG Engine               - gameDifficultyProperty: ObjectProperty [value: MEDIUM]
18:49:11.198 [FXGL Background Thread 3 ] DEBUG Engine               - globalMusicVolume: 0.5
18:49:11.198 [FXGL Background Thread 3 ] DEBUG Engine               - globalMusicVolumeProperty: DoubleProperty [value: 0.5]
18:49:11.198 [FXGL Background Thread 3 ] DEBUG Engine               - globalSoundVolume: 0.5
18:49:11.198 [FXGL Background Thread 3 ] DEBUG Engine               - globalSoundVolumeProperty: DoubleProperty [value: 0.5]
18:49:11.198 [FXGL Background Thread 3 ] DEBUG Engine               - height: 880
18:49:11.198 [FXGL Background Thread 3 ] DEBUG Engine               - is3D: false
18:49:11.198 [FXGL Background Thread 3 ] DEBUG Engine               - isAndroid: false
18:49:11.198 [FXGL Background Thread 3 ] DEBUG Engine               - isBrowser: false
18:49:11.198 [FXGL Background Thread 3 ] DEBUG Engine               - isClickFeedbackEnabled: false
18:49:11.198 [FXGL Background Thread 3 ] DEBUG Engine               - isCloseConfirmation: false
18:49:11.198 [FXGL Background Thread 3 ] DEBUG Engine               - isDesktop: true
18:49:11.198 [FXGL Background Thread 3 ] DEBUG Engine               - isDeveloperMenuEnabled: false
18:49:11.198 [FXGL Background Thread 3 ] DEBUG Engine               - isEmbedded: false
18:49:11.198 [FXGL Background Thread 3 ] DEBUG Engine               - isEntityPreloadEnabled: true
18:49:11.198 [FXGL Background Thread 3 ] DEBUG Engine               - isExperimentalTiledLargeMap: false
18:49:11.198 [FXGL Background Thread 3 ] DEBUG Engine               - isFileSystemWriteAllowed: true
18:49:11.198 [FXGL Background Thread 3 ] DEBUG Engine               - isFullScreenAllowed: true
18:49:11.198 [FXGL Background Thread 3 ] DEBUG Engine               - isFullScreenFromStart: false
18:49:11.198 [FXGL Background Thread 3 ] DEBUG Engine               - isGameMenuEnabled: true
18:49:11.199 [FXGL Background Thread 3 ] DEBUG Engine               - isIOS: false
18:49:11.199 [FXGL Background Thread 3 ] DEBUG Engine               - isIntroEnabled: false
18:49:11.199 [FXGL Background Thread 3 ] DEBUG Engine               - isLinux: false
18:49:11.199 [FXGL Background Thread 3 ] DEBUG Engine               - isMac: false
18:49:11.199 [FXGL Background Thread 3 ] DEBUG Engine               - isMainMenuEnabled: false
18:49:11.199 [FXGL Background Thread 3 ] DEBUG Engine               - isManualResizeEnabled: false
18:49:11.199 [FXGL Background Thread 3 ] DEBUG Engine               - isMobile: false
18:49:11.199 [FXGL Background Thread 3 ] DEBUG Engine               - isNative: false
18:49:11.199 [FXGL Background Thread 3 ] DEBUG Engine               - isPauseMusicWhenMinimized: true
18:49:11.199 [FXGL Background Thread 3 ] DEBUG Engine               - isPreserveResizeRatio: false
18:49:11.199 [FXGL Background Thread 3 ] DEBUG Engine               - isProfilingEnabled: false
18:49:11.199 [FXGL Background Thread 3 ] DEBUG Engine               - isScaleAffectedOnResize: true
18:49:11.199 [FXGL Background Thread 3 ] DEBUG Engine               - isSingleStep: false
18:49:11.199 [FXGL Background Thread 3 ] DEBUG Engine               - isUserProfileEnabled: false
18:49:11.199 [FXGL Background Thread 3 ] DEBUG Engine               - isWindows: true
18:49:11.199 [FXGL Background Thread 3 ] DEBUG Engine               - language: ObjectProperty [value: ENGLISH]
18:49:11.199 [FXGL Background Thread 3 ] DEBUG Engine               - menuKey: ESCAPE
18:49:11.199 [FXGL Background Thread 3 ] DEBUG Engine               - mouseSensitivity: 0.2
18:49:11.199 [FXGL Background Thread 3 ] DEBUG Engine               - notificationViewClass: class com.almasb.fxgl.notification.view.XboxNotificationView
18:49:11.199 [FXGL Background Thread 3 ] DEBUG Engine               - pixelsPerMeter: 50.0
18:49:11.199 [FXGL Background Thread 3 ] DEBUG Engine               - platform: WINDOWS
18:49:11.199 [FXGL Background Thread 3 ] DEBUG Engine               - prefHeightProperty: ReadOnlyDoubleProperty [value: 880.0]
18:49:11.199 [FXGL Background Thread 3 ] DEBUG Engine               - prefWidthProperty: ReadOnlyDoubleProperty [value: 1280.0]
18:49:11.200 [FXGL Background Thread 3 ] DEBUG Engine               - profileDir: profiles/
18:49:11.200 [FXGL Background Thread 3 ] DEBUG Engine               - profileName: StringProperty [value: DEFAULT]
18:49:11.200 [FXGL Background Thread 3 ] DEBUG Engine               - randomSeed: -1
18:49:11.200 [FXGL Background Thread 3 ] DEBUG Engine               - runtimeInfo: RuntimeInfo(platform=WINDOWS, version=25, build=05.02.2026 22.57)
18:49:11.200 [FXGL Background Thread 3 ] DEBUG Engine               - saveFileExt: sav
18:49:11.200 [FXGL Background Thread 3 ] DEBUG Engine               - scaledHeightProp$fxgl: DoubleProperty [bound, value: 880.0]
18:49:11.200 [FXGL Background Thread 3 ] DEBUG Engine               - scaledWidthProp$fxgl: DoubleProperty [bound, value: 1280.0]
18:49:11.200 [FXGL Background Thread 3 ] DEBUG Engine               - sceneFactory: com.almasb.fxgl.app.scene.SceneFactory@38ddd348
18:49:11.200 [FXGL Background Thread 3 ] DEBUG Engine               - secondsIn24h: 60
18:49:11.200 [FXGL Background Thread 3 ] DEBUG Engine               - soundMenuBack: menu/back.wav
18:49:11.200 [FXGL Background Thread 3 ] DEBUG Engine               - soundMenuPress: menu/press.wav
18:49:11.200 [FXGL Background Thread 3 ] DEBUG Engine               - soundMenuSelect: menu/select.wav
18:49:11.200 [FXGL Background Thread 3 ] DEBUG Engine               - soundNotification: core/notification.wav
18:49:11.200 [FXGL Background Thread 3 ] DEBUG Engine               - stageStyle: DECORATED
18:49:11.200 [FXGL Background Thread 3 ] DEBUG Engine               - supportedLanguages: [ENGLISH, FRENCH, GERMAN, HUNGARIAN, RUSSIAN]
18:49:11.200 [FXGL Background Thread 3 ] DEBUG Engine               - ticksPerSecond: -1
18:49:11.200 [FXGL Background Thread 3 ] DEBUG Engine               - title: Mein erstes Game mit FXGL
18:49:11.200 [FXGL Background Thread 3 ] DEBUG Engine               - urlGithub: https://github.com/AlmasB/FXGL
18:49:11.200 [FXGL Background Thread 3 ] DEBUG Engine               - urlLeaderboard: http://fxgl-top.herokuapp.com/
18:49:11.200 [FXGL Background Thread 3 ] DEBUG Engine               - urlPOM: https://raw.githubusercontent.com/AlmasB/FXGL/release/README.md
18:49:11.201 [FXGL Background Thread 3 ] DEBUG Engine               - userAppClass: class btaahaus.ahrfxglgame.App
18:49:11.201 [FXGL Background Thread 3 ] DEBUG Engine               - version: 0.0.1
18:49:11.201 [FXGL Background Thread 3 ] DEBUG Engine               - versionCheckDays: 7
18:49:11.201 [FXGL Background Thread 3 ] DEBUG Engine               - width: 1280
18:49:11.201 [FXGL Background Thread 3 ] DEBUG Engine               - Logging services
18:49:11.201 [FXGL Background Thread 3 ] DEBUG Engine               - class com.almasb.fxgl.app.services.FXGLAssetLoaderService
18:49:11.201 [FXGL Background Thread 3 ] DEBUG Engine               - class com.almasb.fxgl.app.FXGLApplication$GameApplicationService
18:49:11.201 [FXGL Background Thread 3 ] DEBUG Engine               - class com.almasb.fxgl.app.services.FXGLDialogService
18:49:11.201 [FXGL Background Thread 3 ] DEBUG Engine               - class com.almasb.fxgl.app.services.IOTaskExecutorService
18:49:11.201 [FXGL Background Thread 3 ] DEBUG Engine               - class com.almasb.fxgl.io.FileSystemService
18:49:11.201 [FXGL Background Thread 3 ] DEBUG Engine               - class com.almasb.fxgl.localization.LocalizationService
18:49:11.201 [FXGL Background Thread 3 ] DEBUG Engine               - class com.almasb.fxgl.app.services.SystemBundleService
18:49:11.201 [FXGL Background Thread 3 ] DEBUG Engine               - class com.almasb.fxgl.profile.SaveLoadService
18:49:11.201 [FXGL Background Thread 3 ] DEBUG Engine               - class com.almasb.fxgl.ui.FXGLUIFactoryServiceProvider
18:49:11.201 [FXGL Background Thread 3 ] DEBUG Engine               - class com.almasb.fxgl.ui.FXGLDialogFactoryServiceProvider
18:49:11.201 [FXGL Background Thread 3 ] DEBUG Engine               - class com.almasb.fxgl.audio.AudioPlayer
18:49:11.201 [FXGL Background Thread 3 ] DEBUG Engine               - class com.almasb.fxgl.notification.impl.NotificationServiceProvider
18:49:11.201 [FXGL Background Thread 3 ] DEBUG Engine               - class com.almasb.fxgl.achievement.AchievementService
18:49:11.201 [FXGL Background Thread 3 ] DEBUG Engine               - class com.almasb.fxgl.cutscene.CutsceneService
18:49:11.201 [FXGL Background Thread 3 ] DEBUG Engine               - class com.almasb.fxgl.minigames.MiniGameService
18:49:11.201 [FXGL Background Thread 3 ] DEBUG Engine               - class com.almasb.fxgl.net.NetService
18:49:11.201 [FXGL Background Thread 3 ] DEBUG Engine               - class com.almasb.fxgl.app.services.UpdaterService
18:49:11.201 [FXGL Background Thread 3 ] DEBUG Engine               - class com.almasb.fxgl.dev.DevService
18:49:11.241 [JavaFX Application Thread] DEBUG FXGLAssetLoaderServi - Loading from file system: file:/C:/Users/administrator/Documents/NetBeansProjekte/ahrFXGLGame/target/classes/assets/textures/fireBallSenkrecht.png
18:49:11.481 [JavaFX Application Thread] DEBUG FXGLAssetLoaderServi - Loading from file system: file:/C:/Users/administrator/Documents/NetBeansProjekte/ahrFXGLGame/target/classes/assets/textures/fireBallSenkrecht.png
18:49:12.041 [JavaFX Application Thread] DEBUG FXGLAssetLoaderServi - Loading from file system: file:/C:/Users/administrator/Documents/NetBeansProjekte/ahrFXGLGame/target/classes/assets/textures/fireBallSenkrecht.png
18:49:12.617 [JavaFX Application Thread] DEBUG FXGLAssetLoaderServi - Loading from file system: file:/C:/Users/administrator/Documents/NetBeansProjekte/ahrFXGLGame/target/classes/assets/textures/fireBallSenkrecht.png
18:49:13.209 [JavaFX Application Thread] DEBUG FXGLAssetLoaderServi - Loading from file system: file:/C:/Users/administrator/Documents/NetBeansProjekte/ahrFXGLGame/target/classes/assets/textures/fireBallSenkrecht.png
18:49:13.753 [JavaFX Application Thread] DEBUG FXGLAssetLoaderServi - Loading from file system: file:/C:/Users/administrator/Documents/NetBeansProjekte/ahrFXGLGame/target/classes/assets/textures/fireBallSenkrecht.png
18:49:14.329 [JavaFX Application Thread] DEBUG FXGLAssetLoaderServi - Loading from file system: file:/C:/Users/administrator/Documents/NetBeansProjekte/ahrFXGLGame/target/classes/assets/textures/fireBallSenkrecht.png
18:49:14.904 [JavaFX Application Thread] DEBUG FXGLAssetLoaderServi - Loading from file system: file:/C:/Users/administrator/Documents/NetBeansProjekte/ahrFXGLGame/target/classes/assets/textures/fireBallSenkrecht.png
18:49:15.449 [JavaFX Application Thread] DEBUG FXGLAssetLoaderServi - Loading from file system: file:/C:/Users/administrator/Documents/NetBeansProjekte/ahrFXGLGame/target/classes/assets/textures/fireBallSenkrecht.png
18:49:16.025 [JavaFX Application Thread] DEBUG FXGLAssetLoaderServi - Loading from file system: file:/C:/Users/administrator/Documents/NetBeansProjekte/ahrFXGLGame/target/classes/assets/textures/fireBallSenkrecht.png
18:49:16.584 [JavaFX Application Thread] DEBUG FXGLAssetLoaderServi - Loading from file system: file:/C:/Users/administrator/Documents/NetBeansProjekte/ahrFXGLGame/target/classes/assets/textures/fireBallSenkrecht.png
18:49:17.145 [JavaFX Application Thread] DEBUG FXGLAssetLoaderServi - Loading from file system: file:/C:/Users/administrator/Documents/NetBeansProjekte/ahrFXGLGame/target/classes/assets/textures/fireBallSenkrecht.png
18:49:17.705 [JavaFX Application Thread] DEBUG FXGLAssetLoaderServi - Loading from file system: file:/C:/Users/administrator/Documents/NetBeansProjekte/ahrFXGLGame/target/classes/assets/textures/fireBallSenkrecht.png
18:49:18.249 [JavaFX Application Thread] DEBUG FXGLAssetLoaderServi - Loading from file system: file:/C:/Users/administrator/Documents/NetBeansProjekte/ahrFXGLGame/target/classes/assets/textures/fireBallSenkrecht.png
18:49:18.808 [JavaFX Application Thread] DEBUG FXGLAssetLoaderServi - Loading from file system: file:/C:/Users/administrator/Documents/NetBeansProjekte/ahrFXGLGame/target/classes/assets/textures/fireBallSenkrecht.png
18:49:19.352 [JavaFX Application Thread] DEBUG FXGLAssetLoaderServi - Loading from file system: file:/C:/Users/administrator/Documents/NetBeansProjekte/ahrFXGLGame/target/classes/assets/textures/fireBallSenkrecht.png
18:49:19.896 [JavaFX Application Thread] DEBUG FXGLAssetLoaderServi - Loading from file system: file:/C:/Users/administrator/Documents/NetBeansProjekte/ahrFXGLGame/target/classes/assets/textures/fireBallSenkrecht.png
18:49:20.440 [JavaFX Application Thread] DEBUG FXGLAssetLoaderServi - Loading from file system: file:/C:/Users/administrator/Documents/NetBeansProjekte/ahrFXGLGame/target/classes/assets/textures/fireBallSenkrecht.png
18:49:20.985 [JavaFX Application Thread] DEBUG FXGLAssetLoaderServi - Loading from file system: file:/C:/Users/administrator/Documents/NetBeansProjekte/ahrFXGLGame/target/classes/assets/textures/fireBallSenkrecht.png
18:49:21.528 [JavaFX Application Thread] DEBUG FXGLAssetLoaderServi - Loading from file system: file:/C:/Users/administrator/Documents/NetBeansProjekte/ahrFXGLGame/target/classes/assets/textures/fireBallSenkrecht.png
18:49:22.073 [JavaFX Application Thread] DEBUG FXGLAssetLoaderServi - Loading from file system: file:/C:/Users/administrator/Documents/NetBeansProjekte/ahrFXGLGame/target/classes/assets/textures/fireBallSenkrecht.png
18:49:22.633 [JavaFX Application Thread] DEBUG FXGLAssetLoaderServi - Loading from file system: file:/C:/Users/administrator/Documents/NetBeansProjekte/ahrFXGLGame/target/classes/assets/textures/fireBallSenkrecht.png
18:49:23.209 [JavaFX Application Thread] DEBUG FXGLAssetLoaderServi - Loading from file system: file:/C:/Users/administrator/Documents/NetBeansProjekte/ahrFXGLGame/target/classes/assets/textures/fireBallSenkrecht.png
18:49:23.769 [JavaFX Application Thread] DEBUG FXGLAssetLoaderServi - Loading from file system: file:/C:/Users/administrator/Documents/NetBeansProjekte/ahrFXGLGame/target/classes/assets/textures/fireBallSenkrecht.png
18:49:24.329 [JavaFX Application Thread] DEBUG FXGLAssetLoaderServi - Loading from file system: file:/C:/Users/administrator/Documents/NetBeansProjekte/ahrFXGLGame/target/classes/assets/textures/fireBallSenkrecht.png
18:49:24.697 [JavaFX Application Thread] DEBUG FXGLAssetLoaderServi - Loading from file system: file:/C:/Users/administrator/Documents/NetBeansProjekte/ahrFXGLGame/target/classes/assets/textures/fireBallSenkrecht.png
18:49:25.289 [JavaFX Application Thread] DEBUG FXGLAssetLoaderServi - Loading from file system: file:/C:/Users/administrator/Documents/NetBeansProjekte/ahrFXGLGame/target/classes/assets/textures/fireBallSenkrecht.png
18:49:25.736 [JavaFX Application Thread] DEBUG LoopRunner           - Pausing loop
21:02:07.783 [JavaFX Application Thread] DEBUG LoopRunner           - Resuming loop
21:02:07.789 [JavaFX Application Thread] DEBUG FXGLAssetLoaderServi - Loading from file system: file:/C:/Users/administrator/Documents/NetBeansProjekte/ahrFXGLGame/target/classes/assets/textures/fireBallSenkrecht.png
21:02:08.377 [JavaFX Application Thread] DEBUG FXGLAssetLoaderServi - Loading from file system: file:/C:/Users/administrator/Documents/NetBeansProjekte/ahrFXGLGame/target/classes/assets/textures/fireBallSenkrecht.png
21:02:08.937 [JavaFX Application Thread] DEBUG FXGLAssetLoaderServi - Loading from file system: file:/C:/Users/administrator/Documents/NetBeansProjekte/ahrFXGLGame/target/classes/assets/textures/fireBallSenkrecht.png
21:02:09.305 [JavaFX Application Thread] DEBUG FXGLAssetLoaderServi - Loading from file system: file:/C:/Users/administrator/Documents/NetBeansProjekte/ahrFXGLGame/target/classes/assets/textures/fireBallSenkrecht.png
21:02:09.673 [JavaFX Application Thread] DEBUG FXGLAssetLoaderServi - Loading from file system: file:/C:/Users/administrator/Documents/NetBeansProjekte/ahrFXGLGame/target/classes/assets/textures/fireBallSenkrecht.png
21:02:10.072 [JavaFX Application Thread] DEBUG FXGLAssetLoaderServi - Loading from file system: file:/C:/Users/administrator/Documents/NetBeansProjekte/ahrFXGLGame/target/classes/assets/textures/fireBallSenkrecht.png
21:02:10.233 [JavaFX Application Thread] DEBUG FXGLAssetLoaderServi - Loading from file system: file:/C:/Users/administrator/Documents/NetBeansProjekte/ahrFXGLGame/target/classes/assets/textures/fireBallSenkrecht.png
21:02:10.808 [JavaFX Application Thread] DEBUG FXGLAssetLoaderServi - Loading from file system: file:/C:/Users/administrator/Documents/NetBeansProjekte/ahrFXGLGame/target/classes/assets/textures/fireBallSenkrecht.png
21:02:11.352 [JavaFX Application Thread] DEBUG FXGLAssetLoaderServi - Loading from file system: file:/C:/Users/administrator/Documents/NetBeansProjekte/ahrFXGLGame/target/classes/assets/textures/fireBallSenkrecht.png
21:02:11.881 [JavaFX Application Thread] DEBUG FXGLAssetLoaderServi - Loading from file system: file:/C:/Users/administrator/Documents/NetBeansProjekte/ahrFXGLGame/target/classes/assets/textures/fireBallSenkrecht.png
21:02:12.491 [JavaFX Application Thread] DEBUG FXGLApplication      - Exiting FXGL
21:02:12.491 [JavaFX Application Thread] DEBUG LoopRunner           - Stopping loop
21:02:12.491 [JavaFX Application Thread] DEBUG SystemBundleService  - Saving FXGL system data
21:02:12.501 [JavaFX Application Thread] DEBUG FileSystemAccess     - Writing to: C:\Users\administrator\Documents\NetBeansProjekte\ahrFXGLGame\system\fxgl.bundle
21:02:12.504 [JavaFX Application Thread] DEBUG Async                - Shutting down background threads
21:02:12.504 [JavaFX Application Thread] DEBUG PrimaryStageWindow   - Closing main window
21:02:12.520 [JavaFX Application Thread] DEBUG Logger               - Closing Logger
