21:25:50.788 [main                     ] DEBUG Logger               - Configured Logger
21:25:50.795 [main                     ] DEBUG GameApplication      - Logging settings
Title: Mein erstes Game mit FXGL
Version: 0.0.1
Width: 1280
Height: 880
Fullscreen: true
Intro: false
Profiling: false
Single step:false
App Mode: DEVELOPER
Menu Key: ESCAPE
Stage Style: DECORATED
Scene Factory: class com.almasb.fxgl.app.scene.SceneFactory

21:25:51.280 [JavaFX Application Thread] DEBUG FXGLApplication      - Initializing FXGL
21:25:51.283 [JavaFX Application Thread] INFO  Engine               - FXGL-25 (05.02.2026 22.57) on WINDOWS (J:25.0.2 FX:25.0.1)
21:25:51.283 [JavaFX Application Thread] DEBUG Engine               - JRE Vendor Name: Eclipse Adoptium
21:25:51.283 [JavaFX Application Thread] DEBUG Engine               - Running on OS: Windows 10 version 10.0
21:25:51.283 [JavaFX Application Thread] DEBUG Engine               - Architecture: amd64
21:25:51.284 [JavaFX Application Thread] INFO  Engine               - Source code and latest versions at: https://github.com/AlmasB/FXGL
21:25:51.284 [JavaFX Application Thread] INFO  Engine               -       Ask questions and discuss at: https://github.com/AlmasB/FXGL/discussions
21:25:51.399 [JavaFX Application Thread] DEBUG PrimaryStageWindow   - Creating a JavaFX scene
21:25:51.445 [JavaFX Application Thread] DEBUG PrimaryStageWindow   - Target settings size: 1280.0 x 880.0
21:25:51.445 [JavaFX Application Thread] DEBUG PrimaryStageWindow   - Scaled scene size:    1280.0 x 880.0
21:25:51.446 [JavaFX Application Thread] DEBUG PrimaryStageWindow   - Scaled ratio: (1.0, 1.0)
21:25:51.447 [JavaFX Application Thread] DEBUG PrimaryStageWindow   - Set initial scene to FXGLStartupScene
21:25:51.452 [JavaFX Application Thread] DEBUG PrimaryStageWindow   - Opening main window
21:25:51.783 [JavaFX Application Thread] DEBUG PrimaryStageWindow   - Window border size: (16.0, 39.0)
21:25:51.784 [JavaFX Application Thread] DEBUG PrimaryStageWindow   - Scaled size: 1280.0 x 880.0
21:25:51.784 [JavaFX Application Thread] DEBUG PrimaryStageWindow   - Scaled ratio: (1.0, 1.0)
21:25:51.784 [JavaFX Application Thread] DEBUG PrimaryStageWindow   - Scene size: 1280.0 x 880.0
21:25:51.784 [JavaFX Application Thread] DEBUG PrimaryStageWindow   - Stage size: 1296.0 x 919.0
21:25:51.791 [FXGL Background Thread 1 ] DEBUG Engine               - Initializing environment variables
21:25:51.881 [FXGL Background Thread 1 ] DEBUG FXGLAssetLoaderServi - User app class for loading assets: class btaahaus.ahrfxglgame.App
21:25:51.881 [FXGL Background Thread 1 ] DEBUG GameApplicationServi - Applying CSS: fxgl_dark.css
21:25:51.882 [FXGL Background Thread 1 ] DEBUG FXGLAssetLoaderServi - Loading from file system: jar:file:/C:/Users/Administrator.Rechner09/.m2/repository/com/github/almasb/fxgl/25/fxgl-25.jar!/fxglassets/ui/css/fxgl_dark.css
21:25:51.926 [FXGL Background Thread 1 ] DEBUG GameApplicationServi - Initializing application scenes
21:25:51.993 [FXGL Background Thread 1 ] DEBUG GameWorld            - Game world initialized
21:25:52.043 [FXGL Background Thread 1 ] DEBUG PhysicsWorld         - Physics world initialized: appHeight=880, physics.ppm=50,0
21:25:52.043 [FXGL Background Thread 1 ] DEBUG PhysicsWorld         - Using strategy: BRUTE_FORCE
21:25:52.048 [FXGL Background Thread 1 ] DEBUG GameScene            - Game scene initialized: 1280x880
21:25:52.061 [FXGL Background Thread 1 ] DEBUG FXGL.DefaultMenu     - createMenuBodyGameMenu()
21:25:52.079 [FXGL Background Thread 1 ] DEBUG FXGL.DefaultMenu     - createOptionsMenu()
21:25:52.089 [FXGL Background Thread 1 ] DEBUG FXGLAssetLoaderServi - Loading from file system: jar:file:/C:/Users/Administrator.Rechner09/.m2/repository/com/github/almasb/fxgl/25/fxgl-25.jar!/fxglassets/textures/particles/smoke.png
21:25:52.171 [FXGL Background Thread 1 ] DEBUG FXGLAssetLoaderServi - Loading from file system: jar:file:/C:/Users/Administrator.Rechner09/.m2/repository/com/github/almasb/fxgl/25/fxgl-25.jar!/fxglassets/textures/particles/trace_horizontal.png
21:25:52.190 [FXGL Background Thread 1 ] DEBUG GameApplicationServi - Application scenes initialized
21:25:52.203 [FXGL Background Thread 1 ] DEBUG SystemBundleService  - Loading FXGL system data
21:25:52.206 [FXGL Background Thread 1 ] DEBUG FileSystemAccess     - Reading from: C:\Users\administrator\Documents\NetBeansProjekte\ahrFXGLGame\system\fxgl.bundle
21:25:52.212 [FXGL Background Thread 1 ] DEBUG SystemBundleService  - Bundle FXGL: {}
21:25:52.212 [FXGL Background Thread 1 ] DEBUG UpdaterService       - Checking for updates
21:25:52.217 [FXGL Background Thread 1 ] DEBUG FXGLApplication      - Loading default localization
21:25:52.218 [FXGL Background Thread 1 ] DEBUG FXGLAssetLoaderServi - Loading from file system: jar:file:/C:/Users/Administrator.Rechner09/.m2/repository/com/github/almasb/fxgl/25/fxgl-25.jar!/fxglassets/languages/english.lang
21:25:52.218 [FXGL Background Thread 4 ] DEBUG FXGLApplication      - Loading fonts
21:25:52.219 [FXGL Background Thread 4 ] DEBUG FXGLAssetLoaderServi - Loading from file system: jar:file:/C:/Users/Administrator.Rechner09/.m2/repository/com/github/almasb/fxgl/25/fxgl-25.jar!/fxglassets/ui/fonts/VarelaRound-Regular.ttf
21:25:52.235 [FXGL Background Thread 1 ] INFO  FXGLApplication      - FXGL initialization took: 0,445 sec
21:25:52.243 [JavaFX Application Thread] DEBUG Input                - Registered new binding: right - D
21:25:52.244 [JavaFX Application Thread] DEBUG Input                - Registered new binding: left - A
21:25:52.244 [JavaFX Application Thread] DEBUG Input                - Registered new binding: up - W
21:25:52.244 [JavaFX Application Thread] DEBUG Input                - Registered new binding: down - S
21:25:52.244 [JavaFX Application Thread] DEBUG FXGLAssetLoaderServi - Loading from file system: jar:file:/C:/Users/Administrator.Rechner09/.m2/repository/com/github/almasb/fxgl/25/fxgl-25.jar!/fxglassets/textures/fxgl_icon.png
21:25:52.279 [JavaFX Application Thread] DEBUG FXGLAssetLoaderServi - Loading from file system: jar:file:/C:/Users/Administrator.Rechner09/.m2/repository/com/github/almasb/fxgl/25/fxgl-25.jar!/fxglassets/textures/fxgl_default_cursor.png
21:25:52.281 [FXGL Background Thread 4 ] DEBUG FXGLAssetLoaderServi - Loading from file system: jar:file:/C:/Users/Administrator.Rechner09/.m2/repository/com/github/almasb/fxgl/25/fxgl-25.jar!/fxglassets/ui/fonts/Abel-Regular.ttf
21:25:52.281 [JavaFX Application Thread] DEBUG Input                - Registered new binding: Screenshot - CTRL+8
21:25:52.281 [JavaFX Application Thread] DEBUG Input                - Registered new binding: System info dump - CTRL+9
21:25:52.281 [JavaFX Application Thread] DEBUG Input                - Registered new binding: Restart - CTRL+R
21:25:52.282 [JavaFX Application Thread] DEBUG Input                - Registered new binding: Toggle Debug Camera - CTRL+7
21:25:52.285 [JavaFX Application Thread] DEBUG LoopRunner           - Starting loop
21:25:52.285 [JavaFX Application Thread] DEBUG LoopRunner           - Initializing JavaFX AnimationTimerLoop
21:25:52.286 [FXGL Background Thread 4 ] DEBUG FXGLAssetLoaderServi - Loading from file system: jar:file:/C:/Users/Administrator.Rechner09/.m2/repository/com/github/almasb/fxgl/25/fxgl-25.jar!/fxglassets/ui/fonts/TerminalLandMono-Regular.otf
21:25:52.287 [JavaFX Application Thread] DEBUG GameApplicationServi - Starting new game
21:25:52.287 [JavaFX Application Thread] DEBUG Input                - Clearing active input actions
21:25:52.294 [FXGL Background Thread 4 ] DEBUG FXGLAssetLoaderServi - Loading from file system: jar:file:/C:/Users/Administrator.Rechner09/.m2/repository/com/github/almasb/fxgl/25/fxgl-25.jar!/fxglassets/ui/fonts/Courier-Prime.ttf
21:25:52.296 [JavaFX Application Thread] DEBUG GameApplicationServi - Removing overlay from FXGLStartupScene and adding to FXGLLoadingScene
21:25:52.297 [JavaFX Application Thread] DEBUG PrimaryStageWindow   - FXGLStartupScene -> FXGLLoadingScene
21:25:52.297 [JavaFX Application Thread] DEBUG GameApplicationServi - Clearing previous game
21:25:52.297 [JavaFX Application Thread] DEBUG GameScene            - Clearing game scene
21:25:52.297 [JavaFX Application Thread] DEBUG GameWorld            - Clearing game world
21:25:52.297 [JavaFX Application Thread] DEBUG PhysicsWorld         - Clearing physics world
21:25:52.298 [FXGL Background Thread 1 ] DEBUG FXGLApplication      - Initializing game
21:25:52.298 [JavaFX Application Thread] DEBUG FXGLApplication      - Registering font factories with UI factory
21:25:52.300 [FXGL Background Thread 1 ] DEBUG FXGLAssetLoaderServi - Loading from file system: file:/C:/Users/administrator/Documents/NetBeansProjekte/ahrFXGLGame/target/classes/assets/textures/rocket.png
21:25:52.325 [FXGL Background Thread 1 ] DEBUG FXGLAssetLoaderServi - Loading from file system: file:/C:/Users/administrator/Documents/NetBeansProjekte/ahrFXGLGame/target/classes/assets/textures/brick.png
21:25:52.356 [FXGL Background Thread 1 ] INFO  FXGLApplication      - Game initialization took: 0,058 sec
21:25:52.432 [JavaFX Application Thread] DEBUG Input                - Clearing active input actions
21:25:52.447 [JavaFX Application Thread] DEBUG GameApplicationServi - Removing overlay from FXGLLoadingScene and adding to GameScene
21:25:52.448 [JavaFX Application Thread] DEBUG PrimaryStageWindow   - FXGLLoadingScene -> GameScene
21:25:55.215 [FXGL Background Thread 3 ] DEBUG Engine               - Logging environment variables
21:25:55.216 [FXGL Background Thread 3 ] DEBUG Engine               - achievements: []
21:25:55.216 [FXGL Background Thread 3 ] DEBUG Engine               - actualHeight: 880.0
21:25:55.217 [FXGL Background Thread 3 ] DEBUG Engine               - actualHeightProperty: ReadOnlyDoubleProperty [value: 880.0]
21:25:55.217 [FXGL Background Thread 3 ] DEBUG Engine               - actualWidth: 1280.0
21:25:55.217 [FXGL Background Thread 3 ] DEBUG Engine               - actualWidthProperty: ReadOnlyDoubleProperty [value: 1280.0]
21:25:55.217 [FXGL Background Thread 3 ] DEBUG Engine               - appIcon: fxgl_icon.png
21:25:55.217 [FXGL Background Thread 3 ] DEBUG Engine               - applicationMode: DEVELOPER
21:25:55.217 [FXGL Background Thread 3 ] DEBUG Engine               - cSSList: [fxgl_dark.css]
21:25:55.218 [FXGL Background Thread 3 ] DEBUG Engine               - collisionDetectionStrategy: BRUTE_FORCE
21:25:55.218 [FXGL Background Thread 3 ] DEBUG Engine               - configClass: Optional.empty
21:25:55.218 [FXGL Background Thread 3 ] DEBUG Engine               - credits: []
21:25:55.218 [FXGL Background Thread 3 ] DEBUG Engine               - defaultCursor: CursorInfo(imageName=fxgl_default_cursor.png, hotspotX=7.0, hotspotY=6.0)
21:25:55.219 [FXGL Background Thread 3 ] DEBUG Engine               - devBBoxColorProperty: ObjectProperty [value: 0xff0000ff]
21:25:55.219 [FXGL Background Thread 3 ] DEBUG Engine               - devEnableDebugCameraProperty: BooleanProperty [value: false]
21:25:55.219 [FXGL Background Thread 3 ] DEBUG Engine               - devSensorColorProperty: ObjectProperty [value: 0xffff00ff]
21:25:55.219 [FXGL Background Thread 3 ] DEBUG Engine               - devShowBBoxProperty: BooleanProperty [value: false]
21:25:55.219 [FXGL Background Thread 3 ] DEBUG Engine               - devShowPositionProperty: BooleanProperty [value: false]
21:25:55.219 [FXGL Background Thread 3 ] DEBUG Engine               - enabledMenuItems: []
21:25:55.219 [FXGL Background Thread 3 ] DEBUG Engine               - engineServices: [class com.almasb.fxgl.app.services.FXGLAssetLoaderService, class com.almasb.fxgl.app.FXGLApplication$GameApplicationService, class com.almasb.fxgl.app.services.FXGLDialogService, class com.almasb.fxgl.app.services.IOTaskExecutorService, class com.almasb.fxgl.io.FileSystemService, class com.almasb.fxgl.localization.LocalizationService, class com.almasb.fxgl.app.services.SystemBundleService, class com.almasb.fxgl.profile.SaveLoadService, class com.almasb.fxgl.ui.FXGLUIFactoryServiceProvider, class com.almasb.fxgl.ui.FXGLDialogFactoryServiceProvider, class com.almasb.fxgl.audio.AudioPlayer, class com.almasb.fxgl.notification.impl.NotificationServiceProvider, class com.almasb.fxgl.achievement.AchievementService, class com.almasb.fxgl.cutscene.CutsceneService, class com.almasb.fxgl.minigames.MiniGameService, class com.almasb.fxgl.net.NetService, class com.almasb.fxgl.app.services.UpdaterService, class com.almasb.fxgl.dev.DevService]
21:25:55.219 [FXGL Background Thread 3 ] DEBUG Engine               - fontGame: Abel-Regular.ttf
21:25:55.219 [FXGL Background Thread 3 ] DEBUG Engine               - fontMono: TerminalLandMono-Regular.otf
21:25:55.219 [FXGL Background Thread 3 ] DEBUG Engine               - fontSizeScaleUI: 1.0
21:25:55.219 [FXGL Background Thread 3 ] DEBUG Engine               - fontText: Courier-Prime.ttf
21:25:55.219 [FXGL Background Thread 3 ] DEBUG Engine               - fontUI: VarelaRound-Regular.ttf
21:25:55.219 [FXGL Background Thread 3 ] DEBUG Engine               - fpsRefreshRate: 500.0 ms
21:25:55.219 [FXGL Background Thread 3 ] DEBUG Engine               - fullScreen: BooleanProperty [value: false]
21:25:55.219 [FXGL Background Thread 3 ] DEBUG Engine               - gameDifficulty: MEDIUM
21:25:55.220 [FXGL Background Thread 3 ] DEBUG Engine               - gameDifficultyProperty: ObjectProperty [value: MEDIUM]
21:25:55.220 [FXGL Background Thread 3 ] DEBUG Engine               - globalMusicVolume: 0.5
21:25:55.220 [FXGL Background Thread 3 ] DEBUG Engine               - globalMusicVolumeProperty: DoubleProperty [value: 0.5]
21:25:55.220 [FXGL Background Thread 3 ] DEBUG Engine               - globalSoundVolume: 0.5
21:25:55.220 [FXGL Background Thread 3 ] DEBUG Engine               - globalSoundVolumeProperty: DoubleProperty [value: 0.5]
21:25:55.220 [FXGL Background Thread 3 ] DEBUG Engine               - height: 880
21:25:55.220 [FXGL Background Thread 3 ] DEBUG Engine               - is3D: false
21:25:55.220 [FXGL Background Thread 3 ] DEBUG Engine               - isAndroid: false
21:25:55.220 [FXGL Background Thread 3 ] DEBUG Engine               - isBrowser: false
21:25:55.220 [FXGL Background Thread 3 ] DEBUG Engine               - isClickFeedbackEnabled: false
21:25:55.220 [FXGL Background Thread 3 ] DEBUG Engine               - isCloseConfirmation: false
21:25:55.220 [FXGL Background Thread 3 ] DEBUG Engine               - isDesktop: true
21:25:55.220 [FXGL Background Thread 3 ] DEBUG Engine               - isDeveloperMenuEnabled: false
21:25:55.220 [FXGL Background Thread 3 ] DEBUG Engine               - isEmbedded: false
21:25:55.220 [FXGL Background Thread 3 ] DEBUG Engine               - isEntityPreloadEnabled: true
21:25:55.220 [FXGL Background Thread 3 ] DEBUG Engine               - isExperimentalTiledLargeMap: false
21:25:55.220 [FXGL Background Thread 3 ] DEBUG Engine               - isFileSystemWriteAllowed: true
21:25:55.220 [FXGL Background Thread 3 ] DEBUG Engine               - isFullScreenAllowed: true
21:25:55.220 [FXGL Background Thread 3 ] DEBUG Engine               - isFullScreenFromStart: false
21:25:55.220 [FXGL Background Thread 3 ] DEBUG Engine               - isGameMenuEnabled: true
21:25:55.220 [FXGL Background Thread 3 ] DEBUG Engine               - isIOS: false
21:25:55.220 [FXGL Background Thread 3 ] DEBUG Engine               - isIntroEnabled: false
21:25:55.221 [FXGL Background Thread 3 ] DEBUG Engine               - isLinux: false
21:25:55.221 [FXGL Background Thread 3 ] DEBUG Engine               - isMac: false
21:25:55.221 [FXGL Background Thread 3 ] DEBUG Engine               - isMainMenuEnabled: false
21:25:55.221 [FXGL Background Thread 3 ] DEBUG Engine               - isManualResizeEnabled: false
21:25:55.221 [FXGL Background Thread 3 ] DEBUG Engine               - isMobile: false
21:25:55.221 [FXGL Background Thread 3 ] DEBUG Engine               - isNative: false
21:25:55.221 [FXGL Background Thread 3 ] DEBUG Engine               - isPauseMusicWhenMinimized: true
21:25:55.221 [FXGL Background Thread 3 ] DEBUG Engine               - isPreserveResizeRatio: false
21:25:55.221 [FXGL Background Thread 3 ] DEBUG Engine               - isProfilingEnabled: false
21:25:55.221 [FXGL Background Thread 3 ] DEBUG Engine               - isScaleAffectedOnResize: true
21:25:55.221 [FXGL Background Thread 3 ] DEBUG Engine               - isSingleStep: false
21:25:55.221 [FXGL Background Thread 3 ] DEBUG Engine               - isUserProfileEnabled: false
21:25:55.221 [FXGL Background Thread 3 ] DEBUG Engine               - isWindows: true
21:25:55.221 [FXGL Background Thread 3 ] DEBUG Engine               - language: ObjectProperty [value: ENGLISH]
21:25:55.221 [FXGL Background Thread 3 ] DEBUG Engine               - menuKey: ESCAPE
21:25:55.221 [FXGL Background Thread 3 ] DEBUG Engine               - mouseSensitivity: 0.2
21:25:55.221 [FXGL Background Thread 3 ] DEBUG Engine               - notificationViewClass: class com.almasb.fxgl.notification.view.XboxNotificationView
21:25:55.221 [FXGL Background Thread 3 ] DEBUG Engine               - pixelsPerMeter: 50.0
21:25:55.221 [FXGL Background Thread 3 ] DEBUG Engine               - platform: WINDOWS
21:25:55.221 [FXGL Background Thread 3 ] DEBUG Engine               - prefHeightProperty: ReadOnlyDoubleProperty [value: 880.0]
21:25:55.221 [FXGL Background Thread 3 ] DEBUG Engine               - prefWidthProperty: ReadOnlyDoubleProperty [value: 1280.0]
21:25:55.221 [FXGL Background Thread 3 ] DEBUG Engine               - profileDir: profiles/
21:25:55.222 [FXGL Background Thread 3 ] DEBUG Engine               - profileName: StringProperty [value: DEFAULT]
21:25:55.222 [FXGL Background Thread 3 ] DEBUG Engine               - randomSeed: -1
21:25:55.222 [FXGL Background Thread 3 ] DEBUG Engine               - runtimeInfo: RuntimeInfo(platform=WINDOWS, version=25, build=05.02.2026 22.57)
21:25:55.222 [FXGL Background Thread 3 ] DEBUG Engine               - saveFileExt: sav
21:25:55.222 [FXGL Background Thread 3 ] DEBUG Engine               - scaledHeightProp$fxgl: DoubleProperty [bound, value: 880.0]
21:25:55.222 [FXGL Background Thread 3 ] DEBUG Engine               - scaledWidthProp$fxgl: DoubleProperty [bound, value: 1280.0]
21:25:55.222 [FXGL Background Thread 3 ] DEBUG Engine               - sceneFactory: com.almasb.fxgl.app.scene.SceneFactory@4c0d52a0
21:25:55.222 [FXGL Background Thread 3 ] DEBUG Engine               - secondsIn24h: 60
21:25:55.222 [FXGL Background Thread 3 ] DEBUG Engine               - soundMenuBack: menu/back.wav
21:25:55.222 [FXGL Background Thread 3 ] DEBUG Engine               - soundMenuPress: menu/press.wav
21:25:55.222 [FXGL Background Thread 3 ] DEBUG Engine               - soundMenuSelect: menu/select.wav
21:25:55.222 [FXGL Background Thread 3 ] DEBUG Engine               - soundNotification: core/notification.wav
21:25:55.222 [FXGL Background Thread 3 ] DEBUG Engine               - stageStyle: DECORATED
21:25:55.222 [FXGL Background Thread 3 ] DEBUG Engine               - supportedLanguages: [ENGLISH, FRENCH, GERMAN, HUNGARIAN, RUSSIAN]
21:25:55.222 [FXGL Background Thread 3 ] DEBUG Engine               - ticksPerSecond: -1
21:25:55.222 [FXGL Background Thread 3 ] DEBUG Engine               - title: Mein erstes Game mit FXGL
21:25:55.222 [FXGL Background Thread 3 ] DEBUG Engine               - urlGithub: https://github.com/AlmasB/FXGL
21:25:55.222 [FXGL Background Thread 3 ] DEBUG Engine               - urlLeaderboard: http://fxgl-top.herokuapp.com/
21:25:55.222 [FXGL Background Thread 3 ] DEBUG Engine               - urlPOM: https://raw.githubusercontent.com/AlmasB/FXGL/release/README.md
21:25:55.222 [FXGL Background Thread 3 ] DEBUG Engine               - userAppClass: class btaahaus.ahrfxglgame.App
21:25:55.222 [FXGL Background Thread 3 ] DEBUG Engine               - version: 0.0.1
21:25:55.222 [FXGL Background Thread 3 ] DEBUG Engine               - versionCheckDays: 7
21:25:55.222 [FXGL Background Thread 3 ] DEBUG Engine               - width: 1280
21:25:55.223 [FXGL Background Thread 3 ] DEBUG Engine               - Logging services
21:25:55.223 [FXGL Background Thread 3 ] DEBUG Engine               - class com.almasb.fxgl.app.services.FXGLAssetLoaderService
21:25:55.223 [FXGL Background Thread 3 ] DEBUG Engine               - class com.almasb.fxgl.app.FXGLApplication$GameApplicationService
21:25:55.223 [FXGL Background Thread 3 ] DEBUG Engine               - class com.almasb.fxgl.app.services.FXGLDialogService
21:25:55.223 [FXGL Background Thread 3 ] DEBUG Engine               - class com.almasb.fxgl.app.services.IOTaskExecutorService
21:25:55.223 [FXGL Background Thread 3 ] DEBUG Engine               - class com.almasb.fxgl.io.FileSystemService
21:25:55.223 [FXGL Background Thread 3 ] DEBUG Engine               - class com.almasb.fxgl.localization.LocalizationService
21:25:55.223 [FXGL Background Thread 3 ] DEBUG Engine               - class com.almasb.fxgl.app.services.SystemBundleService
21:25:55.223 [FXGL Background Thread 3 ] DEBUG Engine               - class com.almasb.fxgl.profile.SaveLoadService
21:25:55.223 [FXGL Background Thread 3 ] DEBUG Engine               - class com.almasb.fxgl.ui.FXGLUIFactoryServiceProvider
21:25:55.223 [FXGL Background Thread 3 ] DEBUG Engine               - class com.almasb.fxgl.ui.FXGLDialogFactoryServiceProvider
21:25:55.223 [FXGL Background Thread 3 ] DEBUG Engine               - class com.almasb.fxgl.audio.AudioPlayer
21:25:55.223 [FXGL Background Thread 3 ] DEBUG Engine               - class com.almasb.fxgl.notification.impl.NotificationServiceProvider
21:25:55.223 [FXGL Background Thread 3 ] DEBUG Engine               - class com.almasb.fxgl.achievement.AchievementService
21:25:55.223 [FXGL Background Thread 3 ] DEBUG Engine               - class com.almasb.fxgl.cutscene.CutsceneService
21:25:55.223 [FXGL Background Thread 3 ] DEBUG Engine               - class com.almasb.fxgl.minigames.MiniGameService
21:25:55.223 [FXGL Background Thread 3 ] DEBUG Engine               - class com.almasb.fxgl.net.NetService
21:25:55.223 [FXGL Background Thread 3 ] DEBUG Engine               - class com.almasb.fxgl.app.services.UpdaterService
21:25:55.223 [FXGL Background Thread 3 ] DEBUG Engine               - class com.almasb.fxgl.dev.DevService
07:25:39.936 [JavaFX Application Thread] DEBUG FXGLApplication      - Exiting FXGL
07:25:39.936 [JavaFX Application Thread] DEBUG LoopRunner           - Stopping loop
07:25:39.937 [JavaFX Application Thread] DEBUG SystemBundleService  - Saving FXGL system data
07:25:39.939 [JavaFX Application Thread] DEBUG FileSystemAccess     - Writing to: C:\Users\administrator\Documents\NetBeansProjekte\ahrFXGLGame\system\fxgl.bundle
07:25:39.941 [JavaFX Application Thread] DEBUG Async                - Shutting down background threads
07:25:39.941 [JavaFX Application Thread] DEBUG PrimaryStageWindow   - Closing main window
07:25:39.949 [JavaFX Application Thread] DEBUG Logger               - Closing Logger
