07:39:56.940 [main                     ] DEBUG Logger               - Configured Logger
07:39:56.949 [main                     ] DEBUG GameApplication      - Logging settings
Title: Mein erstes Game mit FXGL
Version: 0.0.1
Width: 1280
Height: 880
Fullscreen: true
Intro: false
Profiling: false
Single step:false
App Mode: DEVELOPER
Menu Key: ESCAPE
Stage Style: DECORATED
Scene Factory: class com.almasb.fxgl.app.scene.SceneFactory

07:39:57.429 [JavaFX Application Thread] DEBUG FXGLApplication      - Initializing FXGL
07:39:57.433 [JavaFX Application Thread] INFO  Engine               - FXGL-25 (05.02.2026 22.57) on WINDOWS (J:25.0.2 FX:25.0.1)
07:39:57.433 [JavaFX Application Thread] DEBUG Engine               - JRE Vendor Name: Eclipse Adoptium
07:39:57.434 [JavaFX Application Thread] DEBUG Engine               - Running on OS: Windows 10 version 10.0
07:39:57.434 [JavaFX Application Thread] DEBUG Engine               - Architecture: amd64
07:39:57.434 [JavaFX Application Thread] INFO  Engine               - Source code and latest versions at: https://github.com/AlmasB/FXGL
07:39:57.434 [JavaFX Application Thread] INFO  Engine               -       Ask questions and discuss at: https://github.com/AlmasB/FXGL/discussions
07:39:57.549 [JavaFX Application Thread] DEBUG PrimaryStageWindow   - Creating a JavaFX scene
07:39:57.598 [JavaFX Application Thread] DEBUG PrimaryStageWindow   - Target settings size: 1280.0 x 880.0
07:39:57.598 [JavaFX Application Thread] DEBUG PrimaryStageWindow   - Scaled scene size:    1280.0 x 880.0
07:39:57.598 [JavaFX Application Thread] DEBUG PrimaryStageWindow   - Scaled ratio: (1.0, 1.0)
07:39:57.599 [JavaFX Application Thread] DEBUG PrimaryStageWindow   - Set initial scene to FXGLStartupScene
07:39:57.603 [JavaFX Application Thread] DEBUG PrimaryStageWindow   - Opening main window
07:39:57.954 [JavaFX Application Thread] DEBUG PrimaryStageWindow   - Window border size: (16.0, 39.0)
07:39:57.954 [JavaFX Application Thread] DEBUG PrimaryStageWindow   - Scaled size: 1280.0 x 880.0
07:39:57.954 [JavaFX Application Thread] DEBUG PrimaryStageWindow   - Scaled ratio: (1.0, 1.0)
07:39:57.954 [JavaFX Application Thread] DEBUG PrimaryStageWindow   - Scene size: 1280.0 x 880.0
07:39:57.954 [JavaFX Application Thread] DEBUG PrimaryStageWindow   - Stage size: 1296.0 x 919.0
07:39:57.963 [FXGL Background Thread 1 ] DEBUG Engine               - Initializing environment variables
07:39:58.034 [FXGL Background Thread 1 ] DEBUG FXGLAssetLoaderServi - User app class for loading assets: class btaahaus.ahrfxglgame.App
07:39:58.034 [FXGL Background Thread 1 ] DEBUG GameApplicationServi - Applying CSS: fxgl_dark.css
07:39:58.035 [FXGL Background Thread 1 ] DEBUG FXGLAssetLoaderServi - Loading from file system: jar:file:/C:/Users/Administrator.Rechner09/.m2/repository/com/github/almasb/fxgl/25/fxgl-25.jar!/fxglassets/ui/css/fxgl_dark.css
07:39:58.081 [FXGL Background Thread 1 ] DEBUG GameApplicationServi - Initializing application scenes
07:39:58.142 [FXGL Background Thread 1 ] DEBUG GameWorld            - Game world initialized
07:39:58.191 [FXGL Background Thread 1 ] DEBUG PhysicsWorld         - Physics world initialized: appHeight=880, physics.ppm=50,0
07:39:58.192 [FXGL Background Thread 1 ] DEBUG PhysicsWorld         - Using strategy: BRUTE_FORCE
07:39:58.196 [FXGL Background Thread 1 ] DEBUG GameScene            - Game scene initialized: 1280x880
07:39:58.208 [FXGL Background Thread 1 ] DEBUG FXGL.DefaultMenu     - createMenuBodyGameMenu()
07:39:58.225 [FXGL Background Thread 1 ] DEBUG FXGL.DefaultMenu     - createOptionsMenu()
07:39:58.235 [FXGL Background Thread 1 ] DEBUG FXGLAssetLoaderServi - Loading from file system: jar:file:/C:/Users/Administrator.Rechner09/.m2/repository/com/github/almasb/fxgl/25/fxgl-25.jar!/fxglassets/textures/particles/smoke.png
07:39:58.313 [FXGL Background Thread 1 ] DEBUG FXGLAssetLoaderServi - Loading from file system: jar:file:/C:/Users/Administrator.Rechner09/.m2/repository/com/github/almasb/fxgl/25/fxgl-25.jar!/fxglassets/textures/particles/trace_horizontal.png
07:39:58.333 [FXGL Background Thread 1 ] DEBUG GameApplicationServi - Application scenes initialized
07:39:58.345 [FXGL Background Thread 1 ] DEBUG SystemBundleService  - Loading FXGL system data
07:39:58.348 [FXGL Background Thread 1 ] DEBUG FileSystemAccess     - Reading from: C:\Users\administrator\Documents\NetBeansProjekte\ahrFXGLGame\system\fxgl.bundle
07:39:58.354 [FXGL Background Thread 1 ] DEBUG SystemBundleService  - Bundle FXGL: {}
07:39:58.354 [FXGL Background Thread 1 ] DEBUG UpdaterService       - Checking for updates
07:39:58.360 [FXGL Background Thread 1 ] DEBUG FXGLApplication      - Loading default localization
07:39:58.360 [FXGL Background Thread 1 ] DEBUG FXGLAssetLoaderServi - Loading from file system: jar:file:/C:/Users/Administrator.Rechner09/.m2/repository/com/github/almasb/fxgl/25/fxgl-25.jar!/fxglassets/languages/english.lang
07:39:58.364 [FXGL Background Thread 4 ] DEBUG FXGLApplication      - Loading fonts
07:39:58.364 [FXGL Background Thread 4 ] DEBUG FXGLAssetLoaderServi - Loading from file system: jar:file:/C:/Users/Administrator.Rechner09/.m2/repository/com/github/almasb/fxgl/25/fxgl-25.jar!/fxglassets/ui/fonts/VarelaRound-Regular.ttf
07:39:58.372 [FXGL Background Thread 1 ] INFO  FXGLApplication      - FXGL initialization took: 0,409 sec
07:39:58.382 [JavaFX Application Thread] DEBUG Input                - Registered new binding: right - D
07:39:58.382 [JavaFX Application Thread] DEBUG Input                - Registered new binding: left - A
07:39:58.382 [JavaFX Application Thread] DEBUG Input                - Registered new binding: up - W
07:39:58.382 [JavaFX Application Thread] DEBUG Input                - Registered new binding: down - S
07:39:58.383 [JavaFX Application Thread] DEBUG FXGLAssetLoaderServi - Loading from file system: jar:file:/C:/Users/Administrator.Rechner09/.m2/repository/com/github/almasb/fxgl/25/fxgl-25.jar!/fxglassets/textures/fxgl_icon.png
07:39:58.402 [JavaFX Application Thread] DEBUG FXGLAssetLoaderServi - Loading from file system: jar:file:/C:/Users/Administrator.Rechner09/.m2/repository/com/github/almasb/fxgl/25/fxgl-25.jar!/fxglassets/textures/fxgl_default_cursor.png
07:39:58.404 [JavaFX Application Thread] DEBUG Input                - Registered new binding: Screenshot - CTRL+8
07:39:58.405 [JavaFX Application Thread] DEBUG Input                - Registered new binding: System info dump - CTRL+9
07:39:58.405 [JavaFX Application Thread] DEBUG Input                - Registered new binding: Restart - CTRL+R
07:39:58.406 [JavaFX Application Thread] DEBUG Input                - Registered new binding: Toggle Debug Camera - CTRL+7
07:39:58.406 [FXGL Background Thread 4 ] DEBUG FXGLAssetLoaderServi - Loading from file system: jar:file:/C:/Users/Administrator.Rechner09/.m2/repository/com/github/almasb/fxgl/25/fxgl-25.jar!/fxglassets/ui/fonts/Abel-Regular.ttf
07:39:58.408 [JavaFX Application Thread] DEBUG LoopRunner           - Starting loop
07:39:58.408 [JavaFX Application Thread] DEBUG LoopRunner           - Initializing JavaFX AnimationTimerLoop
07:39:58.410 [JavaFX Application Thread] DEBUG GameApplicationServi - Starting new game
07:39:58.411 [JavaFX Application Thread] DEBUG Input                - Clearing active input actions
07:39:58.419 [FXGL Background Thread 4 ] DEBUG FXGLAssetLoaderServi - Loading from file system: jar:file:/C:/Users/Administrator.Rechner09/.m2/repository/com/github/almasb/fxgl/25/fxgl-25.jar!/fxglassets/ui/fonts/TerminalLandMono-Regular.otf
07:39:58.422 [FXGL Background Thread 4 ] DEBUG FXGLAssetLoaderServi - Loading from file system: jar:file:/C:/Users/Administrator.Rechner09/.m2/repository/com/github/almasb/fxgl/25/fxgl-25.jar!/fxglassets/ui/fonts/Courier-Prime.ttf
07:39:58.423 [JavaFX Application Thread] DEBUG GameApplicationServi - Removing overlay from FXGLStartupScene and adding to FXGLLoadingScene
07:39:58.424 [JavaFX Application Thread] DEBUG PrimaryStageWindow   - FXGLStartupScene -> FXGLLoadingScene
07:39:58.424 [JavaFX Application Thread] DEBUG GameApplicationServi - Clearing previous game
07:39:58.424 [JavaFX Application Thread] DEBUG GameScene            - Clearing game scene
07:39:58.424 [JavaFX Application Thread] DEBUG GameWorld            - Clearing game world
07:39:58.424 [JavaFX Application Thread] DEBUG PhysicsWorld         - Clearing physics world
07:39:58.425 [FXGL Background Thread 1 ] DEBUG FXGLApplication      - Initializing game
07:39:58.427 [FXGL Background Thread 1 ] DEBUG FXGLAssetLoaderServi - Loading from file system: file:/C:/Users/administrator/Documents/NetBeansProjekte/ahrFXGLGame/target/classes/assets/textures/rocket.png
07:39:58.463 [FXGL Background Thread 1 ] DEBUG FXGLAssetLoaderServi - Loading from file system: file:/C:/Users/administrator/Documents/NetBeansProjekte/ahrFXGLGame/target/classes/assets/textures/brick.png
07:39:58.465 [JavaFX Application Thread] DEBUG FXGLApplication      - Registering font factories with UI factory
07:39:58.511 [FXGL Background Thread 1 ] INFO  FXGLApplication      - Game initialization took: 0,086 sec
07:39:58.554 [JavaFX Application Thread] DEBUG Input                - Clearing active input actions
07:39:58.565 [JavaFX Application Thread] DEBUG GameApplicationServi - Removing overlay from FXGLLoadingScene and adding to GameScene
07:39:58.565 [JavaFX Application Thread] DEBUG PrimaryStageWindow   - FXGLLoadingScene -> GameScene
07:40:01.358 [FXGL Background Thread 3 ] DEBUG Engine               - Logging environment variables
07:40:01.359 [FXGL Background Thread 3 ] DEBUG Engine               - achievements: []
07:40:01.359 [FXGL Background Thread 3 ] DEBUG Engine               - actualHeight: 880.0
07:40:01.359 [FXGL Background Thread 3 ] DEBUG Engine               - actualHeightProperty: ReadOnlyDoubleProperty [value: 880.0]
07:40:01.359 [FXGL Background Thread 3 ] DEBUG Engine               - actualWidth: 1280.0
07:40:01.359 [FXGL Background Thread 3 ] DEBUG Engine               - actualWidthProperty: ReadOnlyDoubleProperty [value: 1280.0]
07:40:01.359 [FXGL Background Thread 3 ] DEBUG Engine               - appIcon: fxgl_icon.png
07:40:01.359 [FXGL Background Thread 3 ] DEBUG Engine               - applicationMode: DEVELOPER
07:40:01.359 [FXGL Background Thread 3 ] DEBUG Engine               - cSSList: [fxgl_dark.css]
07:40:01.359 [FXGL Background Thread 3 ] DEBUG Engine               - collisionDetectionStrategy: BRUTE_FORCE
07:40:01.359 [FXGL Background Thread 3 ] DEBUG Engine               - configClass: Optional.empty
07:40:01.359 [FXGL Background Thread 3 ] DEBUG Engine               - credits: []
07:40:01.360 [FXGL Background Thread 3 ] DEBUG Engine               - defaultCursor: CursorInfo(imageName=fxgl_default_cursor.png, hotspotX=7.0, hotspotY=6.0)
07:40:01.360 [FXGL Background Thread 3 ] DEBUG Engine               - devBBoxColorProperty: ObjectProperty [value: 0xff0000ff]
07:40:01.360 [FXGL Background Thread 3 ] DEBUG Engine               - devEnableDebugCameraProperty: BooleanProperty [value: false]
07:40:01.361 [FXGL Background Thread 3 ] DEBUG Engine               - devSensorColorProperty: ObjectProperty [value: 0xffff00ff]
07:40:01.361 [FXGL Background Thread 3 ] DEBUG Engine               - devShowBBoxProperty: BooleanProperty [value: false]
07:40:01.361 [FXGL Background Thread 3 ] DEBUG Engine               - devShowPositionProperty: BooleanProperty [value: false]
07:40:01.361 [FXGL Background Thread 3 ] DEBUG Engine               - enabledMenuItems: []
07:40:01.361 [FXGL Background Thread 3 ] DEBUG Engine               - engineServices: [class com.almasb.fxgl.app.services.FXGLAssetLoaderService, class com.almasb.fxgl.app.FXGLApplication$GameApplicationService, class com.almasb.fxgl.app.services.FXGLDialogService, class com.almasb.fxgl.app.services.IOTaskExecutorService, class com.almasb.fxgl.io.FileSystemService, class com.almasb.fxgl.localization.LocalizationService, class com.almasb.fxgl.app.services.SystemBundleService, class com.almasb.fxgl.profile.SaveLoadService, class com.almasb.fxgl.ui.FXGLUIFactoryServiceProvider, class com.almasb.fxgl.ui.FXGLDialogFactoryServiceProvider, class com.almasb.fxgl.audio.AudioPlayer, class com.almasb.fxgl.notification.impl.NotificationServiceProvider, class com.almasb.fxgl.achievement.AchievementService, class com.almasb.fxgl.cutscene.CutsceneService, class com.almasb.fxgl.minigames.MiniGameService, class com.almasb.fxgl.net.NetService, class com.almasb.fxgl.app.services.UpdaterService, class com.almasb.fxgl.dev.DevService]
07:40:01.362 [FXGL Background Thread 3 ] DEBUG Engine               - fontGame: Abel-Regular.ttf
07:40:01.362 [FXGL Background Thread 3 ] DEBUG Engine               - fontMono: TerminalLandMono-Regular.otf
07:40:01.362 [FXGL Background Thread 3 ] DEBUG Engine               - fontSizeScaleUI: 1.0
07:40:01.362 [FXGL Background Thread 3 ] DEBUG Engine               - fontText: Courier-Prime.ttf
07:40:01.362 [FXGL Background Thread 3 ] DEBUG Engine               - fontUI: VarelaRound-Regular.ttf
07:40:01.363 [FXGL Background Thread 3 ] DEBUG Engine               - fpsRefreshRate: 500.0 ms
07:40:01.363 [FXGL Background Thread 3 ] DEBUG Engine               - fullScreen: BooleanProperty [value: false]
07:40:01.363 [FXGL Background Thread 3 ] DEBUG Engine               - gameDifficulty: MEDIUM
07:40:01.363 [FXGL Background Thread 3 ] DEBUG Engine               - gameDifficultyProperty: ObjectProperty [value: MEDIUM]
07:40:01.363 [FXGL Background Thread 3 ] DEBUG Engine               - globalMusicVolume: 0.5
07:40:01.363 [FXGL Background Thread 3 ] DEBUG Engine               - globalMusicVolumeProperty: DoubleProperty [value: 0.5]
07:40:01.364 [FXGL Background Thread 3 ] DEBUG Engine               - globalSoundVolume: 0.5
07:40:01.364 [FXGL Background Thread 3 ] DEBUG Engine               - globalSoundVolumeProperty: DoubleProperty [value: 0.5]
07:40:01.364 [FXGL Background Thread 3 ] DEBUG Engine               - height: 880
07:40:01.364 [FXGL Background Thread 3 ] DEBUG Engine               - is3D: false
07:40:01.364 [FXGL Background Thread 3 ] DEBUG Engine               - isAndroid: false
07:40:01.364 [FXGL Background Thread 3 ] DEBUG Engine               - isBrowser: false
07:40:01.364 [FXGL Background Thread 3 ] DEBUG Engine               - isClickFeedbackEnabled: false
07:40:01.365 [FXGL Background Thread 3 ] DEBUG Engine               - isCloseConfirmation: false
07:40:01.365 [FXGL Background Thread 3 ] DEBUG Engine               - isDesktop: true
07:40:01.365 [FXGL Background Thread 3 ] DEBUG Engine               - isDeveloperMenuEnabled: false
07:40:01.365 [FXGL Background Thread 3 ] DEBUG Engine               - isEmbedded: false
07:40:01.365 [FXGL Background Thread 3 ] DEBUG Engine               - isEntityPreloadEnabled: true
07:40:01.365 [FXGL Background Thread 3 ] DEBUG Engine               - isExperimentalTiledLargeMap: false
07:40:01.365 [FXGL Background Thread 3 ] DEBUG Engine               - isFileSystemWriteAllowed: true
07:40:01.365 [FXGL Background Thread 3 ] DEBUG Engine               - isFullScreenAllowed: true
07:40:01.365 [FXGL Background Thread 3 ] DEBUG Engine               - isFullScreenFromStart: false
07:40:01.366 [FXGL Background Thread 3 ] DEBUG Engine               - isGameMenuEnabled: true
07:40:01.366 [FXGL Background Thread 3 ] DEBUG Engine               - isIOS: false
07:40:01.366 [FXGL Background Thread 3 ] DEBUG Engine               - isIntroEnabled: false
07:40:01.366 [FXGL Background Thread 3 ] DEBUG Engine               - isLinux: false
07:40:01.366 [FXGL Background Thread 3 ] DEBUG Engine               - isMac: false
07:40:01.366 [FXGL Background Thread 3 ] DEBUG Engine               - isMainMenuEnabled: false
07:40:01.366 [FXGL Background Thread 3 ] DEBUG Engine               - isManualResizeEnabled: false
07:40:01.367 [FXGL Background Thread 3 ] DEBUG Engine               - isMobile: false
07:40:01.367 [FXGL Background Thread 3 ] DEBUG Engine               - isNative: false
07:40:01.367 [FXGL Background Thread 3 ] DEBUG Engine               - isPauseMusicWhenMinimized: true
07:40:01.367 [FXGL Background Thread 3 ] DEBUG Engine               - isPreserveResizeRatio: false
07:40:01.367 [FXGL Background Thread 3 ] DEBUG Engine               - isProfilingEnabled: false
07:40:01.367 [FXGL Background Thread 3 ] DEBUG Engine               - isScaleAffectedOnResize: true
07:40:01.367 [FXGL Background Thread 3 ] DEBUG Engine               - isSingleStep: false
07:40:01.367 [FXGL Background Thread 3 ] DEBUG Engine               - isUserProfileEnabled: false
07:40:01.368 [FXGL Background Thread 3 ] DEBUG Engine               - isWindows: true
07:40:01.368 [FXGL Background Thread 3 ] DEBUG Engine               - language: ObjectProperty [value: ENGLISH]
07:40:01.368 [FXGL Background Thread 3 ] DEBUG Engine               - menuKey: ESCAPE
07:40:01.368 [FXGL Background Thread 3 ] DEBUG Engine               - mouseSensitivity: 0.2
07:40:01.368 [FXGL Background Thread 3 ] DEBUG Engine               - notificationViewClass: class com.almasb.fxgl.notification.view.XboxNotificationView
07:40:01.368 [FXGL Background Thread 3 ] DEBUG Engine               - pixelsPerMeter: 50.0
07:40:01.368 [FXGL Background Thread 3 ] DEBUG Engine               - platform: WINDOWS
07:40:01.369 [FXGL Background Thread 3 ] DEBUG Engine               - prefHeightProperty: ReadOnlyDoubleProperty [value: 880.0]
07:40:01.369 [FXGL Background Thread 3 ] DEBUG Engine               - prefWidthProperty: ReadOnlyDoubleProperty [value: 1280.0]
07:40:01.369 [FXGL Background Thread 3 ] DEBUG Engine               - profileDir: profiles/
07:40:01.369 [FXGL Background Thread 3 ] DEBUG Engine               - profileName: StringProperty [value: DEFAULT]
07:40:01.369 [FXGL Background Thread 3 ] DEBUG Engine               - randomSeed: -1
07:40:01.369 [FXGL Background Thread 3 ] DEBUG Engine               - runtimeInfo: RuntimeInfo(platform=WINDOWS, version=25, build=05.02.2026 22.57)
07:40:01.370 [FXGL Background Thread 3 ] DEBUG Engine               - saveFileExt: sav
07:40:01.370 [FXGL Background Thread 3 ] DEBUG Engine               - scaledHeightProp$fxgl: DoubleProperty [bound, value: 880.0]
07:40:01.370 [FXGL Background Thread 3 ] DEBUG Engine               - scaledWidthProp$fxgl: DoubleProperty [bound, value: 1280.0]
07:40:01.370 [FXGL Background Thread 3 ] DEBUG Engine               - sceneFactory: com.almasb.fxgl.app.scene.SceneFactory@29ad3665
07:40:01.370 [FXGL Background Thread 3 ] DEBUG Engine               - secondsIn24h: 60
07:40:01.370 [FXGL Background Thread 3 ] DEBUG Engine               - soundMenuBack: menu/back.wav
07:40:01.370 [FXGL Background Thread 3 ] DEBUG Engine               - soundMenuPress: menu/press.wav
07:40:01.370 [FXGL Background Thread 3 ] DEBUG Engine               - soundMenuSelect: menu/select.wav
07:40:01.371 [FXGL Background Thread 3 ] DEBUG Engine               - soundNotification: core/notification.wav
07:40:01.371 [FXGL Background Thread 3 ] DEBUG Engine               - stageStyle: DECORATED
07:40:01.371 [FXGL Background Thread 3 ] DEBUG Engine               - supportedLanguages: [ENGLISH, FRENCH, GERMAN, HUNGARIAN, RUSSIAN]
07:40:01.371 [FXGL Background Thread 3 ] DEBUG Engine               - ticksPerSecond: -1
07:40:01.371 [FXGL Background Thread 3 ] DEBUG Engine               - title: Mein erstes Game mit FXGL
07:40:01.371 [FXGL Background Thread 3 ] DEBUG Engine               - urlGithub: https://github.com/AlmasB/FXGL
07:40:01.371 [FXGL Background Thread 3 ] DEBUG Engine               - urlLeaderboard: http://fxgl-top.herokuapp.com/
07:40:01.371 [FXGL Background Thread 3 ] DEBUG Engine               - urlPOM: https://raw.githubusercontent.com/AlmasB/FXGL/release/README.md
07:40:01.371 [FXGL Background Thread 3 ] DEBUG Engine               - userAppClass: class btaahaus.ahrfxglgame.App
07:40:01.371 [FXGL Background Thread 3 ] DEBUG Engine               - version: 0.0.1
07:40:01.372 [FXGL Background Thread 3 ] DEBUG Engine               - versionCheckDays: 7
07:40:01.372 [FXGL Background Thread 3 ] DEBUG Engine               - width: 1280
07:40:01.372 [FXGL Background Thread 3 ] DEBUG Engine               - Logging services
07:40:01.372 [FXGL Background Thread 3 ] DEBUG Engine               - class com.almasb.fxgl.app.services.FXGLAssetLoaderService
07:40:01.372 [FXGL Background Thread 3 ] DEBUG Engine               - class com.almasb.fxgl.app.FXGLApplication$GameApplicationService
07:40:01.372 [FXGL Background Thread 3 ] DEBUG Engine               - class com.almasb.fxgl.app.services.FXGLDialogService
07:40:01.372 [FXGL Background Thread 3 ] DEBUG Engine               - class com.almasb.fxgl.app.services.IOTaskExecutorService
07:40:01.372 [FXGL Background Thread 3 ] DEBUG Engine               - class com.almasb.fxgl.io.FileSystemService
07:40:01.372 [FXGL Background Thread 3 ] DEBUG Engine               - class com.almasb.fxgl.localization.LocalizationService
07:40:01.372 [FXGL Background Thread 3 ] DEBUG Engine               - class com.almasb.fxgl.app.services.SystemBundleService
07:40:01.372 [FXGL Background Thread 3 ] DEBUG Engine               - class com.almasb.fxgl.profile.SaveLoadService
07:40:01.372 [FXGL Background Thread 3 ] DEBUG Engine               - class com.almasb.fxgl.ui.FXGLUIFactoryServiceProvider
07:40:01.373 [FXGL Background Thread 3 ] DEBUG Engine               - class com.almasb.fxgl.ui.FXGLDialogFactoryServiceProvider
07:40:01.373 [FXGL Background Thread 3 ] DEBUG Engine               - class com.almasb.fxgl.audio.AudioPlayer
07:40:01.373 [FXGL Background Thread 3 ] DEBUG Engine               - class com.almasb.fxgl.notification.impl.NotificationServiceProvider
07:40:01.373 [FXGL Background Thread 3 ] DEBUG Engine               - class com.almasb.fxgl.achievement.AchievementService
07:40:01.373 [FXGL Background Thread 3 ] DEBUG Engine               - class com.almasb.fxgl.cutscene.CutsceneService
07:40:01.373 [FXGL Background Thread 3 ] DEBUG Engine               - class com.almasb.fxgl.minigames.MiniGameService
07:40:01.373 [FXGL Background Thread 3 ] DEBUG Engine               - class com.almasb.fxgl.net.NetService
07:40:01.373 [FXGL Background Thread 3 ] DEBUG Engine               - class com.almasb.fxgl.app.services.UpdaterService
07:40:01.373 [FXGL Background Thread 3 ] DEBUG Engine               - class com.almasb.fxgl.dev.DevService
07:40:21.304 [JavaFX Application Thread] DEBUG LoopRunner           - Pausing loop
07:40:40.393 [JavaFX Application Thread] DEBUG LoopRunner           - Resuming loop
07:40:41.789 [JavaFX Application Thread] DEBUG FXGLApplication      - Exiting FXGL
07:40:41.789 [JavaFX Application Thread] DEBUG LoopRunner           - Stopping loop
07:40:41.789 [JavaFX Application Thread] DEBUG SystemBundleService  - Saving FXGL system data
07:40:41.791 [JavaFX Application Thread] DEBUG FileSystemAccess     - Writing to: C:\Users\administrator\Documents\NetBeansProjekte\ahrFXGLGame\system\fxgl.bundle
07:40:41.793 [JavaFX Application Thread] DEBUG Async                - Shutting down background threads
07:40:41.793 [JavaFX Application Thread] DEBUG PrimaryStageWindow   - Closing main window
07:40:41.800 [JavaFX Application Thread] DEBUG Logger               - Closing Logger
