08:20:42.254 [main                     ] DEBUG Logger               - Configured Logger
08:20:42.261 [main                     ] DEBUG GameApplication      - Logging settings
Title: Mein erstes Game mit FXGL
Version: 0.0.1
Width: 1280
Height: 880
Fullscreen: true
Intro: false
Profiling: false
Single step:false
App Mode: DEVELOPER
Menu Key: ESCAPE
Stage Style: DECORATED
Scene Factory: class com.almasb.fxgl.app.scene.SceneFactory

08:20:42.757 [JavaFX Application Thread] DEBUG FXGLApplication      - Initializing FXGL
08:20:42.761 [JavaFX Application Thread] INFO  Engine               - FXGL-25 (05.02.2026 22.57) on WINDOWS (J:25.0.2 FX:25.0.1)
08:20:42.761 [JavaFX Application Thread] DEBUG Engine               - JRE Vendor Name: Eclipse Adoptium
08:20:42.761 [JavaFX Application Thread] DEBUG Engine               - Running on OS: Windows 10 version 10.0
08:20:42.761 [JavaFX Application Thread] DEBUG Engine               - Architecture: amd64
08:20:42.762 [JavaFX Application Thread] INFO  Engine               - Source code and latest versions at: https://github.com/AlmasB/FXGL
08:20:42.762 [JavaFX Application Thread] INFO  Engine               -       Ask questions and discuss at: https://github.com/AlmasB/FXGL/discussions
08:20:42.880 [JavaFX Application Thread] DEBUG PrimaryStageWindow   - Creating a JavaFX scene
08:20:42.932 [JavaFX Application Thread] DEBUG PrimaryStageWindow   - Target settings size: 1280.0 x 880.0
08:20:42.932 [JavaFX Application Thread] DEBUG PrimaryStageWindow   - Scaled scene size:    1280.0 x 880.0
08:20:42.932 [JavaFX Application Thread] DEBUG PrimaryStageWindow   - Scaled ratio: (1.0, 1.0)
08:20:42.933 [JavaFX Application Thread] DEBUG PrimaryStageWindow   - Set initial scene to FXGLStartupScene
08:20:42.938 [JavaFX Application Thread] DEBUG PrimaryStageWindow   - Opening main window
08:20:43.330 [JavaFX Application Thread] DEBUG PrimaryStageWindow   - Window border size: (16.0, 39.0)
08:20:43.330 [JavaFX Application Thread] DEBUG PrimaryStageWindow   - Scaled size: 1280.0 x 880.0
08:20:43.330 [JavaFX Application Thread] DEBUG PrimaryStageWindow   - Scaled ratio: (1.0, 1.0)
08:20:43.330 [JavaFX Application Thread] DEBUG PrimaryStageWindow   - Scene size: 1280.0 x 880.0
08:20:43.330 [JavaFX Application Thread] DEBUG PrimaryStageWindow   - Stage size: 1296.0 x 919.0
08:20:43.338 [FXGL Background Thread 1 ] DEBUG Engine               - Initializing environment variables
08:20:43.428 [FXGL Background Thread 1 ] DEBUG FXGLAssetLoaderServi - User app class for loading assets: class btaahaus.ahrfxglgame.App
08:20:43.428 [FXGL Background Thread 1 ] DEBUG GameApplicationServi - Applying CSS: fxgl_dark.css
08:20:43.429 [FXGL Background Thread 1 ] DEBUG FXGLAssetLoaderServi - Loading from file system: jar:file:/C:/Users/Administrator.Rechner09/.m2/repository/com/github/almasb/fxgl/25/fxgl-25.jar!/fxglassets/ui/css/fxgl_dark.css
08:20:43.479 [FXGL Background Thread 1 ] DEBUG GameApplicationServi - Initializing application scenes
08:20:43.550 [FXGL Background Thread 1 ] DEBUG GameWorld            - Game world initialized
08:20:43.603 [FXGL Background Thread 1 ] DEBUG PhysicsWorld         - Physics world initialized: appHeight=880, physics.ppm=50,0
08:20:43.603 [FXGL Background Thread 1 ] DEBUG PhysicsWorld         - Using strategy: BRUTE_FORCE
08:20:43.607 [FXGL Background Thread 1 ] DEBUG GameScene            - Game scene initialized: 1280x880
08:20:43.619 [FXGL Background Thread 1 ] DEBUG FXGL.DefaultMenu     - createMenuBodyGameMenu()
08:20:43.636 [FXGL Background Thread 1 ] DEBUG FXGL.DefaultMenu     - createOptionsMenu()
08:20:43.646 [FXGL Background Thread 1 ] DEBUG FXGLAssetLoaderServi - Loading from file system: jar:file:/C:/Users/Administrator.Rechner09/.m2/repository/com/github/almasb/fxgl/25/fxgl-25.jar!/fxglassets/textures/particles/smoke.png
08:20:43.738 [FXGL Background Thread 1 ] DEBUG FXGLAssetLoaderServi - Loading from file system: jar:file:/C:/Users/Administrator.Rechner09/.m2/repository/com/github/almasb/fxgl/25/fxgl-25.jar!/fxglassets/textures/particles/trace_horizontal.png
08:20:43.765 [FXGL Background Thread 1 ] DEBUG GameApplicationServi - Application scenes initialized
08:20:43.781 [FXGL Background Thread 1 ] DEBUG SystemBundleService  - Loading FXGL system data
08:20:43.785 [FXGL Background Thread 1 ] DEBUG FileSystemAccess     - Reading from: C:\Users\administrator\Documents\NetBeansProjekte\ahrFXGLGame\system\fxgl.bundle
08:20:43.793 [FXGL Background Thread 1 ] DEBUG SystemBundleService  - Bundle FXGL: {}
08:20:43.793 [FXGL Background Thread 1 ] DEBUG UpdaterService       - Checking for updates
08:20:43.799 [FXGL Background Thread 1 ] DEBUG FXGLApplication      - Loading default localization
08:20:43.800 [FXGL Background Thread 1 ] DEBUG FXGLAssetLoaderServi - Loading from file system: jar:file:/C:/Users/Administrator.Rechner09/.m2/repository/com/github/almasb/fxgl/25/fxgl-25.jar!/fxglassets/languages/english.lang
08:20:43.801 [FXGL Background Thread 4 ] DEBUG FXGLApplication      - Loading fonts
08:20:43.802 [FXGL Background Thread 4 ] DEBUG FXGLAssetLoaderServi - Loading from file system: jar:file:/C:/Users/Administrator.Rechner09/.m2/repository/com/github/almasb/fxgl/25/fxgl-25.jar!/fxglassets/ui/fonts/VarelaRound-Regular.ttf
08:20:43.819 [FXGL Background Thread 1 ] INFO  FXGLApplication      - FXGL initialization took: 0,480 sec
08:20:43.829 [JavaFX Application Thread] DEBUG Input                - Registered new binding: right - D
08:20:43.829 [JavaFX Application Thread] DEBUG Input                - Registered new binding: left - A
08:20:43.829 [JavaFX Application Thread] DEBUG Input                - Registered new binding: up - W
08:20:43.829 [JavaFX Application Thread] DEBUG Input                - Registered new binding: down - S
08:20:43.830 [JavaFX Application Thread] DEBUG FXGLAssetLoaderServi - Loading from file system: jar:file:/C:/Users/Administrator.Rechner09/.m2/repository/com/github/almasb/fxgl/25/fxgl-25.jar!/fxglassets/textures/fxgl_icon.png
08:20:43.843 [JavaFX Application Thread] DEBUG FXGLAssetLoaderServi - Loading from file system: jar:file:/C:/Users/Administrator.Rechner09/.m2/repository/com/github/almasb/fxgl/25/fxgl-25.jar!/fxglassets/textures/fxgl_default_cursor.png
08:20:43.845 [JavaFX Application Thread] DEBUG Input                - Registered new binding: Screenshot - CTRL+8
08:20:43.845 [JavaFX Application Thread] DEBUG Input                - Registered new binding: System info dump - CTRL+9
08:20:43.846 [JavaFX Application Thread] DEBUG Input                - Registered new binding: Restart - CTRL+R
08:20:43.847 [JavaFX Application Thread] DEBUG Input                - Registered new binding: Toggle Debug Camera - CTRL+7
08:20:43.849 [JavaFX Application Thread] DEBUG LoopRunner           - Starting loop
08:20:43.849 [JavaFX Application Thread] DEBUG LoopRunner           - Initializing JavaFX AnimationTimerLoop
08:20:43.851 [JavaFX Application Thread] DEBUG GameApplicationServi - Starting new game
08:20:43.851 [JavaFX Application Thread] DEBUG Input                - Clearing active input actions
08:20:43.861 [JavaFX Application Thread] DEBUG GameApplicationServi - Removing overlay from FXGLStartupScene and adding to FXGLLoadingScene
08:20:43.861 [JavaFX Application Thread] DEBUG PrimaryStageWindow   - FXGLStartupScene -> FXGLLoadingScene
08:20:43.861 [JavaFX Application Thread] DEBUG GameApplicationServi - Clearing previous game
08:20:43.861 [JavaFX Application Thread] DEBUG GameScene            - Clearing game scene
08:20:43.861 [JavaFX Application Thread] DEBUG GameWorld            - Clearing game world
08:20:43.862 [JavaFX Application Thread] DEBUG PhysicsWorld         - Clearing physics world
08:20:43.872 [FXGL Background Thread 1 ] DEBUG FXGLApplication      - Initializing game
08:20:43.873 [FXGL Background Thread 1 ] DEBUG FXGLAssetLoaderServi - Loading from file system: file:/C:/Users/administrator/Documents/NetBeansProjekte/ahrFXGLGame/target/classes/assets/textures/rocket.png
08:20:43.888 [FXGL Background Thread 1 ] DEBUG FXGLAssetLoaderServi - Loading from file system: file:/C:/Users/administrator/Documents/NetBeansProjekte/ahrFXGLGame/target/classes/assets/textures/bgSpace.jpg
08:20:43.925 [FXGL Background Thread 4 ] DEBUG FXGLAssetLoaderServi - Loading from file system: jar:file:/C:/Users/Administrator.Rechner09/.m2/repository/com/github/almasb/fxgl/25/fxgl-25.jar!/fxglassets/ui/fonts/Abel-Regular.ttf
08:20:43.928 [FXGL Background Thread 4 ] DEBUG FXGLAssetLoaderServi - Loading from file system: jar:file:/C:/Users/Administrator.Rechner09/.m2/repository/com/github/almasb/fxgl/25/fxgl-25.jar!/fxglassets/ui/fonts/TerminalLandMono-Regular.otf
08:20:43.933 [FXGL Background Thread 4 ] DEBUG FXGLAssetLoaderServi - Loading from file system: jar:file:/C:/Users/Administrator.Rechner09/.m2/repository/com/github/almasb/fxgl/25/fxgl-25.jar!/fxglassets/ui/fonts/Courier-Prime.ttf
08:20:44.050 [FXGL Background Thread 1 ] DEBUG FXGLAssetLoaderServi - Loading from file system: file:/C:/Users/administrator/Documents/NetBeansProjekte/ahrFXGLGame/target/classes/assets/textures/bgSpace.jpg
08:20:44.075 [JavaFX Application Thread] DEBUG FXGLApplication      - Registering font factories with UI factory
08:20:44.220 [FXGL Background Thread 1 ] DEBUG FXGLAssetLoaderServi - Loading from file system: file:/C:/Users/administrator/Documents/NetBeansProjekte/ahrFXGLGame/target/classes/assets/textures/brick.png
08:20:44.314 [FXGL Background Thread 1 ] INFO  FXGLApplication      - Game initialization took: 0,441 sec
08:20:44.392 [JavaFX Application Thread] DEBUG Input                - Clearing active input actions
08:20:44.403 [JavaFX Application Thread] DEBUG GameApplicationServi - Removing overlay from FXGLLoadingScene and adding to GameScene
08:20:44.403 [JavaFX Application Thread] DEBUG PrimaryStageWindow   - FXGLLoadingScene -> GameScene
08:20:46.798 [FXGL Background Thread 3 ] DEBUG Engine               - Logging environment variables
08:20:46.799 [FXGL Background Thread 3 ] DEBUG Engine               - achievements: []
08:20:46.799 [FXGL Background Thread 3 ] DEBUG Engine               - actualHeight: 880.0
08:20:46.800 [FXGL Background Thread 3 ] DEBUG Engine               - actualHeightProperty: ReadOnlyDoubleProperty [value: 880.0]
08:20:46.800 [FXGL Background Thread 3 ] DEBUG Engine               - actualWidth: 1280.0
08:20:46.800 [FXGL Background Thread 3 ] DEBUG Engine               - actualWidthProperty: ReadOnlyDoubleProperty [value: 1280.0]
08:20:46.800 [FXGL Background Thread 3 ] DEBUG Engine               - appIcon: fxgl_icon.png
08:20:46.800 [FXGL Background Thread 3 ] DEBUG Engine               - applicationMode: DEVELOPER
08:20:46.800 [FXGL Background Thread 3 ] DEBUG Engine               - cSSList: [fxgl_dark.css]
08:20:46.800 [FXGL Background Thread 3 ] DEBUG Engine               - collisionDetectionStrategy: BRUTE_FORCE
08:20:46.801 [FXGL Background Thread 3 ] DEBUG Engine               - configClass: Optional.empty
08:20:46.801 [FXGL Background Thread 3 ] DEBUG Engine               - credits: []
08:20:46.801 [FXGL Background Thread 3 ] DEBUG Engine               - defaultCursor: CursorInfo(imageName=fxgl_default_cursor.png, hotspotX=7.0, hotspotY=6.0)
08:20:46.801 [FXGL Background Thread 3 ] DEBUG Engine               - devBBoxColorProperty: ObjectProperty [value: 0xff0000ff]
08:20:46.802 [FXGL Background Thread 3 ] DEBUG Engine               - devEnableDebugCameraProperty: BooleanProperty [value: false]
08:20:46.802 [FXGL Background Thread 3 ] DEBUG Engine               - devSensorColorProperty: ObjectProperty [value: 0xffff00ff]
08:20:46.802 [FXGL Background Thread 3 ] DEBUG Engine               - devShowBBoxProperty: BooleanProperty [value: false]
08:20:46.802 [FXGL Background Thread 3 ] DEBUG Engine               - devShowPositionProperty: BooleanProperty [value: false]
08:20:46.802 [FXGL Background Thread 3 ] DEBUG Engine               - enabledMenuItems: []
08:20:46.802 [FXGL Background Thread 3 ] DEBUG Engine               - engineServices: [class com.almasb.fxgl.app.services.FXGLAssetLoaderService, class com.almasb.fxgl.app.FXGLApplication$GameApplicationService, class com.almasb.fxgl.app.services.FXGLDialogService, class com.almasb.fxgl.app.services.IOTaskExecutorService, class com.almasb.fxgl.io.FileSystemService, class com.almasb.fxgl.localization.LocalizationService, class com.almasb.fxgl.app.services.SystemBundleService, class com.almasb.fxgl.profile.SaveLoadService, class com.almasb.fxgl.ui.FXGLUIFactoryServiceProvider, class com.almasb.fxgl.ui.FXGLDialogFactoryServiceProvider, class com.almasb.fxgl.audio.AudioPlayer, class com.almasb.fxgl.notification.impl.NotificationServiceProvider, class com.almasb.fxgl.achievement.AchievementService, class com.almasb.fxgl.cutscene.CutsceneService, class com.almasb.fxgl.minigames.MiniGameService, class com.almasb.fxgl.net.NetService, class com.almasb.fxgl.app.services.UpdaterService, class com.almasb.fxgl.dev.DevService]
08:20:46.802 [FXGL Background Thread 3 ] DEBUG Engine               - fontGame: Abel-Regular.ttf
08:20:46.803 [FXGL Background Thread 3 ] DEBUG Engine               - fontMono: TerminalLandMono-Regular.otf
08:20:46.803 [FXGL Background Thread 3 ] DEBUG Engine               - fontSizeScaleUI: 1.0
08:20:46.803 [FXGL Background Thread 3 ] DEBUG Engine               - fontText: Courier-Prime.ttf
08:20:46.803 [FXGL Background Thread 3 ] DEBUG Engine               - fontUI: VarelaRound-Regular.ttf
08:20:46.803 [FXGL Background Thread 3 ] DEBUG Engine               - fpsRefreshRate: 500.0 ms
08:20:46.803 [FXGL Background Thread 3 ] DEBUG Engine               - fullScreen: BooleanProperty [value: false]
08:20:46.803 [FXGL Background Thread 3 ] DEBUG Engine               - gameDifficulty: MEDIUM
08:20:46.804 [FXGL Background Thread 3 ] DEBUG Engine               - gameDifficultyProperty: ObjectProperty [value: MEDIUM]
08:20:46.804 [FXGL Background Thread 3 ] DEBUG Engine               - globalMusicVolume: 0.5
08:20:46.804 [FXGL Background Thread 3 ] DEBUG Engine               - globalMusicVolumeProperty: DoubleProperty [value: 0.5]
08:20:46.804 [FXGL Background Thread 3 ] DEBUG Engine               - globalSoundVolume: 0.5
08:20:46.804 [FXGL Background Thread 3 ] DEBUG Engine               - globalSoundVolumeProperty: DoubleProperty [value: 0.5]
08:20:46.804 [FXGL Background Thread 3 ] DEBUG Engine               - height: 880
08:20:46.804 [FXGL Background Thread 3 ] DEBUG Engine               - is3D: false
08:20:46.805 [FXGL Background Thread 3 ] DEBUG Engine               - isAndroid: false
08:20:46.805 [FXGL Background Thread 3 ] DEBUG Engine               - isBrowser: false
08:20:46.805 [FXGL Background Thread 3 ] DEBUG Engine               - isClickFeedbackEnabled: false
08:20:46.805 [FXGL Background Thread 3 ] DEBUG Engine               - isCloseConfirmation: false
08:20:46.805 [FXGL Background Thread 3 ] DEBUG Engine               - isDesktop: true
08:20:46.805 [FXGL Background Thread 3 ] DEBUG Engine               - isDeveloperMenuEnabled: false
08:20:46.805 [FXGL Background Thread 3 ] DEBUG Engine               - isEmbedded: false
08:20:46.805 [FXGL Background Thread 3 ] DEBUG Engine               - isEntityPreloadEnabled: true
08:20:46.805 [FXGL Background Thread 3 ] DEBUG Engine               - isExperimentalTiledLargeMap: false
08:20:46.805 [FXGL Background Thread 3 ] DEBUG Engine               - isFileSystemWriteAllowed: true
08:20:46.806 [FXGL Background Thread 3 ] DEBUG Engine               - isFullScreenAllowed: true
08:20:46.806 [FXGL Background Thread 3 ] DEBUG Engine               - isFullScreenFromStart: false
08:20:46.806 [FXGL Background Thread 3 ] DEBUG Engine               - isGameMenuEnabled: true
08:20:46.807 [FXGL Background Thread 3 ] DEBUG Engine               - isIOS: false
08:20:46.807 [FXGL Background Thread 3 ] DEBUG Engine               - isIntroEnabled: false
08:20:46.807 [FXGL Background Thread 3 ] DEBUG Engine               - isLinux: false
08:20:46.807 [FXGL Background Thread 3 ] DEBUG Engine               - isMac: false
08:20:46.808 [FXGL Background Thread 3 ] DEBUG Engine               - isMainMenuEnabled: false
08:20:46.808 [FXGL Background Thread 3 ] DEBUG Engine               - isManualResizeEnabled: false
08:20:46.808 [FXGL Background Thread 3 ] DEBUG Engine               - isMobile: false
08:20:46.808 [FXGL Background Thread 3 ] DEBUG Engine               - isNative: false
08:20:46.808 [FXGL Background Thread 3 ] DEBUG Engine               - isPauseMusicWhenMinimized: true
08:20:46.808 [FXGL Background Thread 3 ] DEBUG Engine               - isPreserveResizeRatio: false
08:20:46.808 [FXGL Background Thread 3 ] DEBUG Engine               - isProfilingEnabled: false
08:20:46.808 [FXGL Background Thread 3 ] DEBUG Engine               - isScaleAffectedOnResize: true
08:20:46.809 [FXGL Background Thread 3 ] DEBUG Engine               - isSingleStep: false
08:20:46.809 [FXGL Background Thread 3 ] DEBUG Engine               - isUserProfileEnabled: false
08:20:46.809 [FXGL Background Thread 3 ] DEBUG Engine               - isWindows: true
08:20:46.809 [FXGL Background Thread 3 ] DEBUG Engine               - language: ObjectProperty [value: ENGLISH]
08:20:46.809 [FXGL Background Thread 3 ] DEBUG Engine               - menuKey: ESCAPE
08:20:46.809 [FXGL Background Thread 3 ] DEBUG Engine               - mouseSensitivity: 0.2
08:20:46.809 [FXGL Background Thread 3 ] DEBUG Engine               - notificationViewClass: class com.almasb.fxgl.notification.view.XboxNotificationView
08:20:46.809 [FXGL Background Thread 3 ] DEBUG Engine               - pixelsPerMeter: 50.0
08:20:46.810 [FXGL Background Thread 3 ] DEBUG Engine               - platform: WINDOWS
08:20:46.810 [FXGL Background Thread 3 ] DEBUG Engine               - prefHeightProperty: ReadOnlyDoubleProperty [value: 880.0]
08:20:46.810 [FXGL Background Thread 3 ] DEBUG Engine               - prefWidthProperty: ReadOnlyDoubleProperty [value: 1280.0]
08:20:46.810 [FXGL Background Thread 3 ] DEBUG Engine               - profileDir: profiles/
08:20:46.810 [FXGL Background Thread 3 ] DEBUG Engine               - profileName: StringProperty [value: DEFAULT]
08:20:46.810 [FXGL Background Thread 3 ] DEBUG Engine               - randomSeed: -1
08:20:46.810 [FXGL Background Thread 3 ] DEBUG Engine               - runtimeInfo: RuntimeInfo(platform=WINDOWS, version=25, build=05.02.2026 22.57)
08:20:46.810 [FXGL Background Thread 3 ] DEBUG Engine               - saveFileExt: sav
08:20:46.810 [FXGL Background Thread 3 ] DEBUG Engine               - scaledHeightProp$fxgl: DoubleProperty [bound, value: 880.0]
08:20:46.811 [FXGL Background Thread 3 ] DEBUG Engine               - scaledWidthProp$fxgl: DoubleProperty [bound, value: 1280.0]
08:20:46.811 [FXGL Background Thread 3 ] DEBUG Engine               - sceneFactory: com.almasb.fxgl.app.scene.SceneFactory@45b0b9ff
08:20:46.811 [FXGL Background Thread 3 ] DEBUG Engine               - secondsIn24h: 60
08:20:46.811 [FXGL Background Thread 3 ] DEBUG Engine               - soundMenuBack: menu/back.wav
08:20:46.811 [FXGL Background Thread 3 ] DEBUG Engine               - soundMenuPress: menu/press.wav
08:20:46.811 [FXGL Background Thread 3 ] DEBUG Engine               - soundMenuSelect: menu/select.wav
08:20:46.811 [FXGL Background Thread 3 ] DEBUG Engine               - soundNotification: core/notification.wav
08:20:46.811 [FXGL Background Thread 3 ] DEBUG Engine               - stageStyle: DECORATED
08:20:46.811 [FXGL Background Thread 3 ] DEBUG Engine               - supportedLanguages: [ENGLISH, FRENCH, GERMAN, HUNGARIAN, RUSSIAN]
08:20:46.812 [FXGL Background Thread 3 ] DEBUG Engine               - ticksPerSecond: -1
08:20:46.812 [FXGL Background Thread 3 ] DEBUG Engine               - title: Mein erstes Game mit FXGL
08:20:46.812 [FXGL Background Thread 3 ] DEBUG Engine               - urlGithub: https://github.com/AlmasB/FXGL
08:20:46.812 [FXGL Background Thread 3 ] DEBUG Engine               - urlLeaderboard: http://fxgl-top.herokuapp.com/
08:20:46.812 [FXGL Background Thread 3 ] DEBUG Engine               - urlPOM: https://raw.githubusercontent.com/AlmasB/FXGL/release/README.md
08:20:46.812 [FXGL Background Thread 3 ] DEBUG Engine               - userAppClass: class btaahaus.ahrfxglgame.App
08:20:46.812 [FXGL Background Thread 3 ] DEBUG Engine               - version: 0.0.1
08:20:46.812 [FXGL Background Thread 3 ] DEBUG Engine               - versionCheckDays: 7
08:20:46.812 [FXGL Background Thread 3 ] DEBUG Engine               - width: 1280
08:20:46.812 [FXGL Background Thread 3 ] DEBUG Engine               - Logging services
08:20:46.813 [FXGL Background Thread 3 ] DEBUG Engine               - class com.almasb.fxgl.app.services.FXGLAssetLoaderService
08:20:46.813 [FXGL Background Thread 3 ] DEBUG Engine               - class com.almasb.fxgl.app.FXGLApplication$GameApplicationService
08:20:46.813 [FXGL Background Thread 3 ] DEBUG Engine               - class com.almasb.fxgl.app.services.FXGLDialogService
08:20:46.813 [FXGL Background Thread 3 ] DEBUG Engine               - class com.almasb.fxgl.app.services.IOTaskExecutorService
08:20:46.813 [FXGL Background Thread 3 ] DEBUG Engine               - class com.almasb.fxgl.io.FileSystemService
08:20:46.813 [FXGL Background Thread 3 ] DEBUG Engine               - class com.almasb.fxgl.localization.LocalizationService
08:20:46.813 [FXGL Background Thread 3 ] DEBUG Engine               - class com.almasb.fxgl.app.services.SystemBundleService
08:20:46.813 [FXGL Background Thread 3 ] DEBUG Engine               - class com.almasb.fxgl.profile.SaveLoadService
08:20:46.813 [FXGL Background Thread 3 ] DEBUG Engine               - class com.almasb.fxgl.ui.FXGLUIFactoryServiceProvider
08:20:46.813 [FXGL Background Thread 3 ] DEBUG Engine               - class com.almasb.fxgl.ui.FXGLDialogFactoryServiceProvider
08:20:46.813 [FXGL Background Thread 3 ] DEBUG Engine               - class com.almasb.fxgl.audio.AudioPlayer
08:20:46.813 [FXGL Background Thread 3 ] DEBUG Engine               - class com.almasb.fxgl.notification.impl.NotificationServiceProvider
08:20:46.813 [FXGL Background Thread 3 ] DEBUG Engine               - class com.almasb.fxgl.achievement.AchievementService
08:20:46.813 [FXGL Background Thread 3 ] DEBUG Engine               - class com.almasb.fxgl.cutscene.CutsceneService
08:20:46.814 [FXGL Background Thread 3 ] DEBUG Engine               - class com.almasb.fxgl.minigames.MiniGameService
08:20:46.814 [FXGL Background Thread 3 ] DEBUG Engine               - class com.almasb.fxgl.net.NetService
08:20:46.814 [FXGL Background Thread 3 ] DEBUG Engine               - class com.almasb.fxgl.app.services.UpdaterService
08:20:46.814 [FXGL Background Thread 3 ] DEBUG Engine               - class com.almasb.fxgl.dev.DevService
08:20:48.498 [JavaFX Application Thread] DEBUG LoopRunner           - Pausing loop
08:30:00.281 [JavaFX Application Thread] DEBUG LoopRunner           - Resuming loop
08:30:01.742 [JavaFX Application Thread] DEBUG FXGLApplication      - Exiting FXGL
08:30:01.742 [JavaFX Application Thread] DEBUG LoopRunner           - Stopping loop
08:30:01.742 [JavaFX Application Thread] DEBUG SystemBundleService  - Saving FXGL system data
08:30:01.744 [JavaFX Application Thread] DEBUG FileSystemAccess     - Writing to: C:\Users\administrator\Documents\NetBeansProjekte\ahrFXGLGame\system\fxgl.bundle
08:30:01.745 [JavaFX Application Thread] DEBUG Async                - Shutting down background threads
08:30:01.745 [JavaFX Application Thread] DEBUG PrimaryStageWindow   - Closing main window
08:30:01.756 [JavaFX Application Thread] DEBUG Logger               - Closing Logger
