10:48:03.205 [main                     ] DEBUG Logger               - Configured Logger
10:48:03.212 [main                     ] DEBUG GameApplication      - Logging settings
Title: Mein erstes Game mit FXGL
Version: 0.0.1
Width: 1280
Height: 880
Fullscreen: true
Intro: false
Profiling: false
Single step:false
App Mode: DEVELOPER
Menu Key: ESCAPE
Stage Style: DECORATED
Scene Factory: class com.almasb.fxgl.app.scene.SceneFactory

10:48:03.579 [JavaFX Application Thread] DEBUG FXGLApplication      - Initializing FXGL
10:48:03.582 [JavaFX Application Thread] INFO  Engine               - FXGL-25 (05.02.2026 22.57) on WINDOWS (J:25.0.3 FX:25.0.1)
10:48:03.583 [JavaFX Application Thread] DEBUG Engine               - JRE Vendor Name: Oracle Corporation
10:48:03.583 [JavaFX Application Thread] DEBUG Engine               - Running on OS: Windows 11 version 10.0
10:48:03.583 [JavaFX Application Thread] DEBUG Engine               - Architecture: amd64
10:48:03.583 [JavaFX Application Thread] INFO  Engine               - Source code and latest versions at: https://github.com/AlmasB/FXGL
10:48:03.583 [JavaFX Application Thread] INFO  Engine               -       Ask questions and discuss at: https://github.com/AlmasB/FXGL/discussions
10:48:03.647 [JavaFX Application Thread] DEBUG PrimaryStageWindow   - Creating a JavaFX scene
10:48:03.680 [JavaFX Application Thread] DEBUG PrimaryStageWindow   - Target settings size: 1280.0 x 880.0
10:48:03.681 [JavaFX Application Thread] DEBUG PrimaryStageWindow   - Scaled scene size:    1280.0 x 880.0
10:48:03.681 [JavaFX Application Thread] DEBUG PrimaryStageWindow   - Scaled ratio: (1.0, 1.0)
10:48:03.681 [JavaFX Application Thread] DEBUG PrimaryStageWindow   - Set initial scene to FXGLStartupScene
10:48:03.685 [JavaFX Application Thread] DEBUG PrimaryStageWindow   - Opening main window
10:48:03.910 [JavaFX Application Thread] DEBUG PrimaryStageWindow   - Window border size: (16.0, 39.0)
10:48:03.910 [JavaFX Application Thread] DEBUG PrimaryStageWindow   - Scaled size: 1280.0 x 880.0
10:48:03.910 [JavaFX Application Thread] DEBUG PrimaryStageWindow   - Scaled ratio: (1.0, 1.0)
10:48:03.911 [JavaFX Application Thread] DEBUG PrimaryStageWindow   - Scene size: 1280.0 x 880.0
10:48:03.911 [JavaFX Application Thread] DEBUG PrimaryStageWindow   - Stage size: 1296.0 x 919.0
10:48:03.919 [FXGL Background Thread 1 ] DEBUG Engine               - Initializing environment variables
10:48:03.968 [FXGL Background Thread 1 ] DEBUG FXGLAssetLoaderServi - User app class for loading assets: class btaahaus.spaceInvader.App
10:48:03.968 [FXGL Background Thread 1 ] DEBUG GameApplicationServi - Applying CSS: fxgl_dark.css
10:48:03.969 [FXGL Background Thread 1 ] DEBUG FXGLAssetLoaderServi - Loading from file system: jar:file:/C:/Users/Lehrer.BTA5112/.m2/repository/com/github/almasb/fxgl/25/fxgl-25.jar!/fxglassets/ui/css/fxgl_dark.css
10:48:04.007 [FXGL Background Thread 1 ] DEBUG GameApplicationServi - Initializing application scenes
10:48:04.042 [FXGL Background Thread 1 ] DEBUG GameWorld            - Game world initialized
10:48:04.080 [FXGL Background Thread 1 ] DEBUG PhysicsWorld         - Physics world initialized: appHeight=880, physics.ppm=50,0
10:48:04.080 [FXGL Background Thread 1 ] DEBUG PhysicsWorld         - Using strategy: BRUTE_FORCE
10:48:04.085 [FXGL Background Thread 1 ] DEBUG GameScene            - Game scene initialized: 1280x880
10:48:04.097 [FXGL Background Thread 1 ] DEBUG FXGL.DefaultMenu     - createMenuBodyGameMenu()
10:48:04.109 [FXGL Background Thread 1 ] DEBUG FXGL.DefaultMenu     - createOptionsMenu()
10:48:04.119 [FXGL Background Thread 1 ] DEBUG FXGLAssetLoaderServi - Loading from file system: jar:file:/C:/Users/Lehrer.BTA5112/.m2/repository/com/github/almasb/fxgl/25/fxgl-25.jar!/fxglassets/textures/particles/smoke.png
10:48:04.181 [FXGL Background Thread 1 ] DEBUG FXGLAssetLoaderServi - Loading from file system: jar:file:/C:/Users/Lehrer.BTA5112/.m2/repository/com/github/almasb/fxgl/25/fxgl-25.jar!/fxglassets/textures/particles/trace_horizontal.png
10:48:04.199 [FXGL Background Thread 1 ] DEBUG GameApplicationServi - Application scenes initialized
10:48:04.211 [FXGL Background Thread 1 ] DEBUG SystemBundleService  - Loading FXGL system data
10:48:04.214 [FXGL Background Thread 1 ] DEBUG FileSystemAccess     - Reading from: C:\Users\Administrator\Dokumente\netBeansProjekt\spaceInvader\system\fxgl.bundle
10:48:04.220 [FXGL Background Thread 1 ] DEBUG SystemBundleService  - Bundle FXGL: {}
10:48:04.220 [FXGL Background Thread 1 ] DEBUG UpdaterService       - Checking for updates
10:48:04.224 [FXGL Background Thread 4 ] DEBUG FXGLApplication      - Loading fonts
10:48:04.224 [FXGL Background Thread 4 ] DEBUG FXGLAssetLoaderServi - Loading from file system: jar:file:/C:/Users/Lehrer.BTA5112/.m2/repository/com/github/almasb/fxgl/25/fxgl-25.jar!/fxglassets/ui/fonts/VarelaRound-Regular.ttf
10:48:04.224 [FXGL Background Thread 1 ] DEBUG FXGLApplication      - Loading default localization
10:48:04.225 [FXGL Background Thread 1 ] DEBUG FXGLAssetLoaderServi - Loading from file system: jar:file:/C:/Users/Lehrer.BTA5112/.m2/repository/com/github/almasb/fxgl/25/fxgl-25.jar!/fxglassets/languages/english.lang
10:48:04.238 [FXGL Background Thread 1 ] INFO  FXGLApplication      - FXGL initialization took: 0,318 sec
10:48:04.246 [JavaFX Application Thread] DEBUG Input                - Registered new binding: shootPlayer - Space
10:48:04.247 [JavaFX Application Thread] DEBUG Input                - Registered new binding: right - D
10:48:04.247 [JavaFX Application Thread] DEBUG Input                - Registered new binding: left - A
10:48:04.247 [JavaFX Application Thread] DEBUG Input                - Registered new binding: up - W
10:48:04.247 [JavaFX Application Thread] DEBUG Input                - Registered new binding: down - S
10:48:04.248 [JavaFX Application Thread] DEBUG FXGLAssetLoaderServi - Loading from file system: jar:file:/C:/Users/Lehrer.BTA5112/.m2/repository/com/github/almasb/fxgl/25/fxgl-25.jar!/fxglassets/textures/fxgl_icon.png
10:48:04.251 [FXGL Background Thread 4 ] DEBUG FXGLAssetLoaderServi - Loading from file system: jar:file:/C:/Users/Lehrer.BTA5112/.m2/repository/com/github/almasb/fxgl/25/fxgl-25.jar!/fxglassets/ui/fonts/Abel-Regular.ttf
10:48:04.255 [FXGL Background Thread 4 ] DEBUG FXGLAssetLoaderServi - Loading from file system: jar:file:/C:/Users/Lehrer.BTA5112/.m2/repository/com/github/almasb/fxgl/25/fxgl-25.jar!/fxglassets/ui/fonts/TerminalLandMono-Regular.otf
10:48:04.259 [FXGL Background Thread 4 ] DEBUG FXGLAssetLoaderServi - Loading from file system: jar:file:/C:/Users/Lehrer.BTA5112/.m2/repository/com/github/almasb/fxgl/25/fxgl-25.jar!/fxglassets/ui/fonts/Courier-Prime.ttf
10:48:04.262 [JavaFX Application Thread] DEBUG FXGLAssetLoaderServi - Loading from file system: jar:file:/C:/Users/Lehrer.BTA5112/.m2/repository/com/github/almasb/fxgl/25/fxgl-25.jar!/fxglassets/textures/fxgl_default_cursor.png
10:48:04.264 [JavaFX Application Thread] DEBUG Input                - Registered new binding: Screenshot - CTRL+8
10:48:04.265 [JavaFX Application Thread] DEBUG Input                - Registered new binding: System info dump - CTRL+9
10:48:04.265 [JavaFX Application Thread] DEBUG Input                - Registered new binding: Restart - CTRL+R
10:48:04.266 [JavaFX Application Thread] DEBUG Input                - Registered new binding: Toggle Debug Camera - CTRL+7
10:48:04.268 [JavaFX Application Thread] DEBUG LoopRunner           - Starting loop
10:48:04.269 [JavaFX Application Thread] DEBUG LoopRunner           - Initializing JavaFX AnimationTimerLoop
10:48:04.270 [JavaFX Application Thread] DEBUG GameApplicationServi - Starting new game
10:48:04.271 [JavaFX Application Thread] DEBUG Input                - Clearing active input actions
10:48:04.283 [JavaFX Application Thread] DEBUG GameApplicationServi - Removing overlay from FXGLStartupScene and adding to FXGLLoadingScene
10:48:04.283 [JavaFX Application Thread] DEBUG PrimaryStageWindow   - FXGLStartupScene -> FXGLLoadingScene
10:48:04.283 [JavaFX Application Thread] DEBUG GameApplicationServi - Clearing previous game
10:48:04.284 [JavaFX Application Thread] DEBUG GameScene            - Clearing game scene
10:48:04.284 [JavaFX Application Thread] DEBUG GameWorld            - Clearing game world
10:48:04.284 [JavaFX Application Thread] DEBUG PhysicsWorld         - Clearing physics world
10:48:04.285 [FXGL Background Thread 4 ] DEBUG FXGLApplication      - Initializing game
10:48:04.285 [JavaFX Application Thread] DEBUG FXGLApplication      - Registering font factories with UI factory
10:48:04.292 [FXGL Background Thread 4 ] DEBUG FXGLAssetLoaderServi - Loading from file system: file:/C:/Users/Administrator/Dokumente/netBeansProjekt/spaceInvader/target/classes/assets/textures/bgSpace.jpg
10:48:04.354 [FXGL Background Thread 4 ] DEBUG FXGLAssetLoaderServi - Loading from file system: file:/C:/Users/Administrator/Dokumente/netBeansProjekt/spaceInvader/target/classes/assets/textures/meteorit.png
10:48:04.375 [FXGL Background Thread 4 ] DEBUG FXGLAssetLoaderServi - Loading from file system: file:/C:/Users/Administrator/Dokumente/netBeansProjekt/spaceInvader/target/classes/assets/textures/rocketSchmal.png
10:48:04.384 [FXGL Background Thread 4 ] INFO  FXGLApplication      - Game initialization took: 0,099 sec
10:48:04.384 [JavaFX Application Thread] DEBUG Input                - Clearing active input actions
10:48:04.392 [JavaFX Application Thread] DEBUG GameApplicationServi - Removing overlay from FXGLLoadingScene and adding to GameScene
10:48:04.392 [JavaFX Application Thread] DEBUG PrimaryStageWindow   - FXGLLoadingScene -> GameScene
10:48:04.901 [JavaFX Application Thread] DEBUG FXGLAssetLoaderServi - Loading from file system: file:/C:/Users/Administrator/Dokumente/netBeansProjekt/spaceInvader/target/classes/assets/textures/fireBallSenkrecht.png
10:48:05.459 [JavaFX Application Thread] DEBUG FXGLAssetLoaderServi - Loading from file system: file:/C:/Users/Administrator/Dokumente/netBeansProjekt/spaceInvader/target/classes/assets/textures/fireBallSenkrecht.png
10:48:05.811 [JavaFX Application Thread] DEBUG FXGLAssetLoaderServi - Loading from file system: file:/C:/Users/Administrator/Dokumente/netBeansProjekt/spaceInvader/target/classes/assets/textures/bullet.png
10:48:05.863 [JavaFX Application Thread] DEBUG FXGLAssetLoaderServi - Loading from file system: file:/C:/Users/Administrator/Dokumente/netBeansProjekt/spaceInvader/target/classes/assets/textures/fireBallSenkrecht.png
10:48:06.403 [JavaFX Application Thread] DEBUG FXGLAssetLoaderServi - Loading from file system: file:/C:/Users/Administrator/Dokumente/netBeansProjekt/spaceInvader/target/classes/assets/textures/fireBallSenkrecht.png
10:48:06.964 [JavaFX Application Thread] DEBUG FXGLAssetLoaderServi - Loading from file system: file:/C:/Users/Administrator/Dokumente/netBeansProjekt/spaceInvader/target/classes/assets/textures/fireBallSenkrecht.png
10:48:07.224 [FXGL Background Thread 3 ] DEBUG Engine               - Logging environment variables
10:48:07.224 [FXGL Background Thread 3 ] DEBUG Engine               - achievements: []
10:48:07.224 [FXGL Background Thread 3 ] DEBUG Engine               - actualHeight: 880.0
10:48:07.224 [FXGL Background Thread 3 ] DEBUG Engine               - actualHeightProperty: ReadOnlyDoubleProperty [value: 880.0]
10:48:07.225 [FXGL Background Thread 3 ] DEBUG Engine               - actualWidth: 1280.0
10:48:07.225 [FXGL Background Thread 3 ] DEBUG Engine               - actualWidthProperty: ReadOnlyDoubleProperty [value: 1280.0]
10:48:07.225 [FXGL Background Thread 3 ] DEBUG Engine               - appIcon: fxgl_icon.png
10:48:07.225 [FXGL Background Thread 3 ] DEBUG Engine               - applicationMode: DEVELOPER
10:48:07.225 [FXGL Background Thread 3 ] DEBUG Engine               - cSSList: [fxgl_dark.css]
10:48:07.225 [FXGL Background Thread 3 ] DEBUG Engine               - collisionDetectionStrategy: BRUTE_FORCE
10:48:07.225 [FXGL Background Thread 3 ] DEBUG Engine               - configClass: Optional.empty
10:48:07.225 [FXGL Background Thread 3 ] DEBUG Engine               - credits: []
10:48:07.225 [FXGL Background Thread 3 ] DEBUG Engine               - defaultCursor: CursorInfo(imageName=fxgl_default_cursor.png, hotspotX=7.0, hotspotY=6.0)
10:48:07.226 [FXGL Background Thread 3 ] DEBUG Engine               - devBBoxColorProperty: ObjectProperty [value: 0xff0000ff]
10:48:07.226 [FXGL Background Thread 3 ] DEBUG Engine               - devEnableDebugCameraProperty: BooleanProperty [value: false]
10:48:07.226 [FXGL Background Thread 3 ] DEBUG Engine               - devSensorColorProperty: ObjectProperty [value: 0xffff00ff]
10:48:07.226 [FXGL Background Thread 3 ] DEBUG Engine               - devShowBBoxProperty: BooleanProperty [value: false]
10:48:07.226 [FXGL Background Thread 3 ] DEBUG Engine               - devShowPositionProperty: BooleanProperty [value: false]
10:48:07.226 [FXGL Background Thread 3 ] DEBUG Engine               - enabledMenuItems: []
10:48:07.226 [FXGL Background Thread 3 ] DEBUG Engine               - engineServices: [class com.almasb.fxgl.app.services.FXGLAssetLoaderService, class com.almasb.fxgl.app.FXGLApplication$GameApplicationService, class com.almasb.fxgl.app.services.FXGLDialogService, class com.almasb.fxgl.app.services.IOTaskExecutorService, class com.almasb.fxgl.io.FileSystemService, class com.almasb.fxgl.localization.LocalizationService, class com.almasb.fxgl.app.services.SystemBundleService, class com.almasb.fxgl.profile.SaveLoadService, class com.almasb.fxgl.ui.FXGLUIFactoryServiceProvider, class com.almasb.fxgl.ui.FXGLDialogFactoryServiceProvider, class com.almasb.fxgl.audio.AudioPlayer, class com.almasb.fxgl.notification.impl.NotificationServiceProvider, class com.almasb.fxgl.achievement.AchievementService, class com.almasb.fxgl.cutscene.CutsceneService, class com.almasb.fxgl.minigames.MiniGameService, class com.almasb.fxgl.net.NetService, class com.almasb.fxgl.app.services.UpdaterService, class com.almasb.fxgl.dev.DevService]
10:48:07.226 [FXGL Background Thread 3 ] DEBUG Engine               - fontGame: Abel-Regular.ttf
10:48:07.226 [FXGL Background Thread 3 ] DEBUG Engine               - fontMono: TerminalLandMono-Regular.otf
10:48:07.226 [FXGL Background Thread 3 ] DEBUG Engine               - fontSizeScaleUI: 1.0
10:48:07.226 [FXGL Background Thread 3 ] DEBUG Engine               - fontText: Courier-Prime.ttf
10:48:07.226 [FXGL Background Thread 3 ] DEBUG Engine               - fontUI: VarelaRound-Regular.ttf
10:48:07.226 [FXGL Background Thread 3 ] DEBUG Engine               - fpsRefreshRate: 500.0 ms
10:48:07.226 [FXGL Background Thread 3 ] DEBUG Engine               - fullScreen: BooleanProperty [value: false]
10:48:07.226 [FXGL Background Thread 3 ] DEBUG Engine               - gameDifficulty: MEDIUM
10:48:07.226 [FXGL Background Thread 3 ] DEBUG Engine               - gameDifficultyProperty: ObjectProperty [value: MEDIUM]
10:48:07.226 [FXGL Background Thread 3 ] DEBUG Engine               - globalMusicVolume: 0.5
10:48:07.227 [FXGL Background Thread 3 ] DEBUG Engine               - globalMusicVolumeProperty: DoubleProperty [value: 0.5]
10:48:07.227 [FXGL Background Thread 3 ] DEBUG Engine               - globalSoundVolume: 0.5
10:48:07.227 [FXGL Background Thread 3 ] DEBUG Engine               - globalSoundVolumeProperty: DoubleProperty [value: 0.5]
10:48:07.227 [FXGL Background Thread 3 ] DEBUG Engine               - height: 880
10:48:07.227 [FXGL Background Thread 3 ] DEBUG Engine               - is3D: false
10:48:07.227 [FXGL Background Thread 3 ] DEBUG Engine               - isAndroid: false
10:48:07.227 [FXGL Background Thread 3 ] DEBUG Engine               - isBrowser: false
10:48:07.227 [FXGL Background Thread 3 ] DEBUG Engine               - isClickFeedbackEnabled: false
10:48:07.227 [FXGL Background Thread 3 ] DEBUG Engine               - isCloseConfirmation: false
10:48:07.227 [FXGL Background Thread 3 ] DEBUG Engine               - isDesktop: true
10:48:07.227 [FXGL Background Thread 3 ] DEBUG Engine               - isDeveloperMenuEnabled: false
10:48:07.227 [FXGL Background Thread 3 ] DEBUG Engine               - isEmbedded: false
10:48:07.227 [FXGL Background Thread 3 ] DEBUG Engine               - isEntityPreloadEnabled: true
10:48:07.227 [FXGL Background Thread 3 ] DEBUG Engine               - isExperimentalTiledLargeMap: false
10:48:07.227 [FXGL Background Thread 3 ] DEBUG Engine               - isFileSystemWriteAllowed: true
10:48:07.227 [FXGL Background Thread 3 ] DEBUG Engine               - isFullScreenAllowed: true
10:48:07.227 [FXGL Background Thread 3 ] DEBUG Engine               - isFullScreenFromStart: false
10:48:07.227 [FXGL Background Thread 3 ] DEBUG Engine               - isGameMenuEnabled: true
10:48:07.227 [FXGL Background Thread 3 ] DEBUG Engine               - isIOS: false
10:48:07.227 [FXGL Background Thread 3 ] DEBUG Engine               - isIntroEnabled: false
10:48:07.227 [FXGL Background Thread 3 ] DEBUG Engine               - isLinux: false
10:48:07.227 [FXGL Background Thread 3 ] DEBUG Engine               - isMac: false
10:48:07.227 [FXGL Background Thread 3 ] DEBUG Engine               - isMainMenuEnabled: false
10:48:07.227 [FXGL Background Thread 3 ] DEBUG Engine               - isManualResizeEnabled: false
10:48:07.228 [FXGL Background Thread 3 ] DEBUG Engine               - isMobile: false
10:48:07.228 [FXGL Background Thread 3 ] DEBUG Engine               - isNative: false
10:48:07.228 [FXGL Background Thread 3 ] DEBUG Engine               - isPauseMusicWhenMinimized: true
10:48:07.228 [FXGL Background Thread 3 ] DEBUG Engine               - isPreserveResizeRatio: false
10:48:07.228 [FXGL Background Thread 3 ] DEBUG Engine               - isProfilingEnabled: false
10:48:07.228 [FXGL Background Thread 3 ] DEBUG Engine               - isScaleAffectedOnResize: true
10:48:07.228 [FXGL Background Thread 3 ] DEBUG Engine               - isSingleStep: false
10:48:07.228 [FXGL Background Thread 3 ] DEBUG Engine               - isUserProfileEnabled: false
10:48:07.228 [FXGL Background Thread 3 ] DEBUG Engine               - isWindows: true
10:48:07.228 [FXGL Background Thread 3 ] DEBUG Engine               - language: ObjectProperty [value: ENGLISH]
10:48:07.228 [FXGL Background Thread 3 ] DEBUG Engine               - menuKey: ESCAPE
10:48:07.228 [FXGL Background Thread 3 ] DEBUG Engine               - mouseSensitivity: 0.2
10:48:07.228 [FXGL Background Thread 3 ] DEBUG Engine               - notificationViewClass: class com.almasb.fxgl.notification.view.XboxNotificationView
10:48:07.228 [FXGL Background Thread 3 ] DEBUG Engine               - pixelsPerMeter: 50.0
10:48:07.228 [FXGL Background Thread 3 ] DEBUG Engine               - platform: WINDOWS
10:48:07.228 [FXGL Background Thread 3 ] DEBUG Engine               - prefHeightProperty: ReadOnlyDoubleProperty [value: 880.0]
10:48:07.228 [FXGL Background Thread 3 ] DEBUG Engine               - prefWidthProperty: ReadOnlyDoubleProperty [value: 1280.0]
10:48:07.228 [FXGL Background Thread 3 ] DEBUG Engine               - profileDir: profiles/
10:48:07.228 [FXGL Background Thread 3 ] DEBUG Engine               - profileName: StringProperty [value: DEFAULT]
10:48:07.228 [FXGL Background Thread 3 ] DEBUG Engine               - randomSeed: -1
10:48:07.228 [FXGL Background Thread 3 ] DEBUG Engine               - runtimeInfo: RuntimeInfo(platform=WINDOWS, version=25, build=05.02.2026 22.57)
10:48:07.228 [FXGL Background Thread 3 ] DEBUG Engine               - saveFileExt: sav
10:48:07.228 [FXGL Background Thread 3 ] DEBUG Engine               - scaledHeightProp$fxgl: DoubleProperty [bound, value: 880.0]
10:48:07.228 [FXGL Background Thread 3 ] DEBUG Engine               - scaledWidthProp$fxgl: DoubleProperty [bound, value: 1280.0]
10:48:07.229 [FXGL Background Thread 3 ] DEBUG Engine               - sceneFactory: com.almasb.fxgl.app.scene.SceneFactory@71a1f196
10:48:07.229 [FXGL Background Thread 3 ] DEBUG Engine               - secondsIn24h: 60
10:48:07.229 [FXGL Background Thread 3 ] DEBUG Engine               - soundMenuBack: menu/back.wav
10:48:07.229 [FXGL Background Thread 3 ] DEBUG Engine               - soundMenuPress: menu/press.wav
10:48:07.229 [FXGL Background Thread 3 ] DEBUG Engine               - soundMenuSelect: menu/select.wav
10:48:07.229 [FXGL Background Thread 3 ] DEBUG Engine               - soundNotification: core/notification.wav
10:48:07.229 [FXGL Background Thread 3 ] DEBUG Engine               - stageStyle: DECORATED
10:48:07.229 [FXGL Background Thread 3 ] DEBUG Engine               - supportedLanguages: [ENGLISH, FRENCH, GERMAN, HUNGARIAN, RUSSIAN]
10:48:07.229 [FXGL Background Thread 3 ] DEBUG Engine               - ticksPerSecond: -1
10:48:07.229 [FXGL Background Thread 3 ] DEBUG Engine               - title: Mein erstes Game mit FXGL
10:48:07.229 [FXGL Background Thread 3 ] DEBUG Engine               - urlGithub: https://github.com/AlmasB/FXGL
10:48:07.229 [FXGL Background Thread 3 ] DEBUG Engine               - urlLeaderboard: http://fxgl-top.herokuapp.com/
10:48:07.229 [FXGL Background Thread 3 ] DEBUG Engine               - urlPOM: https://raw.githubusercontent.com/AlmasB/FXGL/release/README.md
10:48:07.229 [FXGL Background Thread 3 ] DEBUG Engine               - userAppClass: class btaahaus.spaceInvader.App
10:48:07.229 [FXGL Background Thread 3 ] DEBUG Engine               - version: 0.0.1
10:48:07.229 [FXGL Background Thread 3 ] DEBUG Engine               - versionCheckDays: 7
10:48:07.229 [FXGL Background Thread 3 ] DEBUG Engine               - width: 1280
10:48:07.229 [FXGL Background Thread 3 ] DEBUG Engine               - Logging services
10:48:07.229 [FXGL Background Thread 3 ] DEBUG Engine               - class com.almasb.fxgl.app.services.FXGLAssetLoaderService
10:48:07.229 [FXGL Background Thread 3 ] DEBUG Engine               - class com.almasb.fxgl.app.FXGLApplication$GameApplicationService
10:48:07.229 [FXGL Background Thread 3 ] DEBUG Engine               - class com.almasb.fxgl.app.services.FXGLDialogService
10:48:07.229 [FXGL Background Thread 3 ] DEBUG Engine               - class com.almasb.fxgl.app.services.IOTaskExecutorService
10:48:07.229 [FXGL Background Thread 3 ] DEBUG Engine               - class com.almasb.fxgl.io.FileSystemService
10:48:07.229 [FXGL Background Thread 3 ] DEBUG Engine               - class com.almasb.fxgl.localization.LocalizationService
10:48:07.229 [FXGL Background Thread 3 ] DEBUG Engine               - class com.almasb.fxgl.app.services.SystemBundleService
10:48:07.229 [FXGL Background Thread 3 ] DEBUG Engine               - class com.almasb.fxgl.profile.SaveLoadService
10:48:07.229 [FXGL Background Thread 3 ] DEBUG Engine               - class com.almasb.fxgl.ui.FXGLUIFactoryServiceProvider
10:48:07.229 [FXGL Background Thread 3 ] DEBUG Engine               - class com.almasb.fxgl.ui.FXGLDialogFactoryServiceProvider
10:48:07.229 [FXGL Background Thread 3 ] DEBUG Engine               - class com.almasb.fxgl.audio.AudioPlayer
10:48:07.229 [FXGL Background Thread 3 ] DEBUG Engine               - class com.almasb.fxgl.notification.impl.NotificationServiceProvider
10:48:07.229 [FXGL Background Thread 3 ] DEBUG Engine               - class com.almasb.fxgl.achievement.AchievementService
10:48:07.229 [FXGL Background Thread 3 ] DEBUG Engine               - class com.almasb.fxgl.cutscene.CutsceneService
10:48:07.229 [FXGL Background Thread 3 ] DEBUG Engine               - class com.almasb.fxgl.minigames.MiniGameService
10:48:07.229 [FXGL Background Thread 3 ] DEBUG Engine               - class com.almasb.fxgl.net.NetService
10:48:07.230 [FXGL Background Thread 3 ] DEBUG Engine               - class com.almasb.fxgl.app.services.UpdaterService
10:48:07.230 [FXGL Background Thread 3 ] DEBUG Engine               - class com.almasb.fxgl.dev.DevService
10:48:07.492 [JavaFX Application Thread] DEBUG FXGLAssetLoaderServi - Loading from file system: file:/C:/Users/Administrator/Dokumente/netBeansProjekt/spaceInvader/target/classes/assets/textures/fireBallSenkrecht.png
10:48:08.027 [JavaFX Application Thread] DEBUG FXGLAssetLoaderServi - Loading from file system: file:/C:/Users/Administrator/Dokumente/netBeansProjekt/spaceInvader/target/classes/assets/textures/fireBallSenkrecht.png
10:48:08.462 [JavaFX Application Thread] DEBUG FXGLAssetLoaderServi - Loading from file system: file:/C:/Users/Administrator/Dokumente/netBeansProjekt/spaceInvader/target/classes/assets/textures/fireBallSenkrecht.png
10:48:08.851 [JavaFX Application Thread] DEBUG FXGLAssetLoaderServi - Loading from file system: file:/C:/Users/Administrator/Dokumente/netBeansProjekt/spaceInvader/target/classes/assets/textures/fireBallSenkrecht.png
10:48:09.352 [JavaFX Application Thread] DEBUG FXGLAssetLoaderServi - Loading from file system: file:/C:/Users/Administrator/Dokumente/netBeansProjekt/spaceInvader/target/classes/assets/textures/fireBallSenkrecht.png
10:48:09.651 [JavaFX Application Thread] DEBUG FXGLAssetLoaderServi - Loading from file system: file:/C:/Users/Administrator/Dokumente/netBeansProjekt/spaceInvader/target/classes/assets/textures/fireBallSenkrecht.png
10:48:09.729 [JavaFX Application Thread] DEBUG FXGLAssetLoaderServi - Loading from file system: file:/C:/Users/Administrator/Dokumente/netBeansProjekt/spaceInvader/target/classes/assets/textures/fireBallSenkrecht.png
10:48:10.213 [JavaFX Application Thread] DEBUG FXGLAssetLoaderServi - Loading from file system: file:/C:/Users/Administrator/Dokumente/netBeansProjekt/spaceInvader/target/classes/assets/textures/fireBallSenkrecht.png
10:48:10.773 [JavaFX Application Thread] DEBUG FXGLAssetLoaderServi - Loading from file system: file:/C:/Users/Administrator/Dokumente/netBeansProjekt/spaceInvader/target/classes/assets/textures/fireBallSenkrecht.png
10:48:11.288 [JavaFX Application Thread] DEBUG FXGLAssetLoaderServi - Loading from file system: file:/C:/Users/Administrator/Dokumente/netBeansProjekt/spaceInvader/target/classes/assets/textures/fireBallSenkrecht.png
10:48:11.364 [JavaFX Application Thread] DEBUG FXGLAssetLoaderServi - Loading from file system: file:/C:/Users/Administrator/Dokumente/netBeansProjekt/spaceInvader/target/classes/assets/textures/fireBallSenkrecht.png
10:48:11.897 [JavaFX Application Thread] DEBUG FXGLAssetLoaderServi - Loading from file system: file:/C:/Users/Administrator/Dokumente/netBeansProjekt/spaceInvader/target/classes/assets/textures/fireBallSenkrecht.png
10:48:12.448 [JavaFX Application Thread] DEBUG FXGLAssetLoaderServi - Loading from file system: file:/C:/Users/Administrator/Dokumente/netBeansProjekt/spaceInvader/target/classes/assets/textures/fireBallSenkrecht.png
10:48:12.982 [JavaFX Application Thread] DEBUG FXGLAssetLoaderServi - Loading from file system: file:/C:/Users/Administrator/Dokumente/netBeansProjekt/spaceInvader/target/classes/assets/textures/fireBallSenkrecht.png
10:48:13.464 [JavaFX Application Thread] DEBUG FXGLAssetLoaderServi - Loading from file system: file:/C:/Users/Administrator/Dokumente/netBeansProjekt/spaceInvader/target/classes/assets/textures/fireBallSenkrecht.png
10:48:13.924 [JavaFX Application Thread] DEBUG FXGLAssetLoaderServi - Loading from file system: file:/C:/Users/Administrator/Dokumente/netBeansProjekt/spaceInvader/target/classes/assets/textures/fireBallSenkrecht.png
10:48:14.437 [JavaFX Application Thread] DEBUG FXGLAssetLoaderServi - Loading from file system: file:/C:/Users/Administrator/Dokumente/netBeansProjekt/spaceInvader/target/classes/assets/textures/fireBallSenkrecht.png
10:48:14.468 [JavaFX Application Thread] DEBUG FXGLAssetLoaderServi - Loading from file system: file:/C:/Users/Administrator/Dokumente/netBeansProjekt/spaceInvader/target/classes/assets/textures/fireBallSenkrecht.png
10:48:15.004 [JavaFX Application Thread] DEBUG FXGLAssetLoaderServi - Loading from file system: file:/C:/Users/Administrator/Dokumente/netBeansProjekt/spaceInvader/target/classes/assets/textures/fireBallSenkrecht.png
10:48:15.062 [JavaFX Application Thread] DEBUG FXGLAssetLoaderServi - Loading from file system: file:/C:/Users/Administrator/Dokumente/netBeansProjekt/spaceInvader/target/classes/assets/textures/fireBallSenkrecht.png
10:48:15.124 [JavaFX Application Thread] DEBUG FXGLAssetLoaderServi - Loading from file system: file:/C:/Users/Administrator/Dokumente/netBeansProjekt/spaceInvader/target/classes/assets/textures/fireBallSenkrecht.png
10:48:15.607 [JavaFX Application Thread] DEBUG FXGLAssetLoaderServi - Loading from file system: file:/C:/Users/Administrator/Dokumente/netBeansProjekt/spaceInvader/target/classes/assets/textures/fireBallSenkrecht.png
10:48:15.746 [JavaFX Application Thread] DEBUG FXGLAssetLoaderServi - Loading from file system: file:/C:/Users/Administrator/Dokumente/netBeansProjekt/spaceInvader/target/classes/assets/textures/fireBallSenkrecht.png
10:48:16.290 [JavaFX Application Thread] DEBUG FXGLAssetLoaderServi - Loading from file system: file:/C:/Users/Administrator/Dokumente/netBeansProjekt/spaceInvader/target/classes/assets/textures/fireBallSenkrecht.png
10:48:16.806 [JavaFX Application Thread] DEBUG FXGLAssetLoaderServi - Loading from file system: file:/C:/Users/Administrator/Dokumente/netBeansProjekt/spaceInvader/target/classes/assets/textures/fireBallSenkrecht.png
10:48:16.837 [JavaFX Application Thread] DEBUG FXGLAssetLoaderServi - Loading from file system: file:/C:/Users/Administrator/Dokumente/netBeansProjekt/spaceInvader/target/classes/assets/textures/fireBallSenkrecht.png
10:48:17.047 [JavaFX Application Thread] DEBUG FXGLAssetLoaderServi - Loading from file system: file:/C:/Users/Administrator/Dokumente/netBeansProjekt/spaceInvader/target/classes/assets/textures/fireBallSenkrecht.png
10:48:17.574 [JavaFX Application Thread] DEBUG FXGLAssetLoaderServi - Loading from file system: file:/C:/Users/Administrator/Dokumente/netBeansProjekt/spaceInvader/target/classes/assets/textures/fireBallSenkrecht.png
10:48:18.088 [JavaFX Application Thread] DEBUG FXGLAssetLoaderServi - Loading from file system: file:/C:/Users/Administrator/Dokumente/netBeansProjekt/spaceInvader/target/classes/assets/textures/fireBallSenkrecht.png
10:48:18.371 [JavaFX Application Thread] DEBUG FXGLAssetLoaderServi - Loading from file system: file:/C:/Users/Administrator/Dokumente/netBeansProjekt/spaceInvader/target/classes/assets/textures/fireBallSenkrecht.png
10:48:18.835 [JavaFX Application Thread] DEBUG FXGLAssetLoaderServi - Loading from file system: file:/C:/Users/Administrator/Dokumente/netBeansProjekt/spaceInvader/target/classes/assets/textures/fireBallSenkrecht.png
10:48:19.315 [JavaFX Application Thread] DEBUG FXGLAssetLoaderServi - Loading from file system: file:/C:/Users/Administrator/Dokumente/netBeansProjekt/spaceInvader/target/classes/assets/textures/fireBallSenkrecht.png
10:48:19.859 [JavaFX Application Thread] DEBUG FXGLAssetLoaderServi - Loading from file system: file:/C:/Users/Administrator/Dokumente/netBeansProjekt/spaceInvader/target/classes/assets/textures/fireBallSenkrecht.png
10:48:20.356 [JavaFX Application Thread] DEBUG FXGLAssetLoaderServi - Loading from file system: file:/C:/Users/Administrator/Dokumente/netBeansProjekt/spaceInvader/target/classes/assets/textures/fireBallSenkrecht.png
10:48:20.887 [JavaFX Application Thread] DEBUG FXGLAssetLoaderServi - Loading from file system: file:/C:/Users/Administrator/Dokumente/netBeansProjekt/spaceInvader/target/classes/assets/textures/fireBallSenkrecht.png
10:48:20.997 [JavaFX Application Thread] DEBUG FXGLAssetLoaderServi - Loading from file system: file:/C:/Users/Administrator/Dokumente/netBeansProjekt/spaceInvader/target/classes/assets/textures/fireBallSenkrecht.png
10:48:21.542 [JavaFX Application Thread] DEBUG FXGLAssetLoaderServi - Loading from file system: file:/C:/Users/Administrator/Dokumente/netBeansProjekt/spaceInvader/target/classes/assets/textures/fireBallSenkrecht.png
10:48:22.039 [JavaFX Application Thread] DEBUG FXGLAssetLoaderServi - Loading from file system: file:/C:/Users/Administrator/Dokumente/netBeansProjekt/spaceInvader/target/classes/assets/textures/fireBallSenkrecht.png
10:48:22.569 [JavaFX Application Thread] DEBUG FXGLAssetLoaderServi - Loading from file system: file:/C:/Users/Administrator/Dokumente/netBeansProjekt/spaceInvader/target/classes/assets/textures/fireBallSenkrecht.png
10:48:22.763 [JavaFX Application Thread] DEBUG FXGLAssetLoaderServi - Loading from file system: file:/C:/Users/Administrator/Dokumente/netBeansProjekt/spaceInvader/target/classes/assets/textures/fireBallSenkrecht.png
10:48:23.304 [JavaFX Application Thread] DEBUG FXGLAssetLoaderServi - Loading from file system: file:/C:/Users/Administrator/Dokumente/netBeansProjekt/spaceInvader/target/classes/assets/textures/fireBallSenkrecht.png
10:48:23.836 [JavaFX Application Thread] DEBUG FXGLAssetLoaderServi - Loading from file system: file:/C:/Users/Administrator/Dokumente/netBeansProjekt/spaceInvader/target/classes/assets/textures/fireBallSenkrecht.png
10:48:24.162 [JavaFX Application Thread] DEBUG FXGLAssetLoaderServi - Loading from file system: file:/C:/Users/Administrator/Dokumente/netBeansProjekt/spaceInvader/target/classes/assets/textures/fireBallSenkrecht.png
10:48:24.613 [JavaFX Application Thread] DEBUG FXGLAssetLoaderServi - Loading from file system: file:/C:/Users/Administrator/Dokumente/netBeansProjekt/spaceInvader/target/classes/assets/textures/fireBallSenkrecht.png
10:48:24.645 [JavaFX Application Thread] DEBUG FXGLAssetLoaderServi - Loading from file system: file:/C:/Users/Administrator/Dokumente/netBeansProjekt/spaceInvader/target/classes/assets/textures/fireBallSenkrecht.png
10:48:25.190 [JavaFX Application Thread] DEBUG FXGLAssetLoaderServi - Loading from file system: file:/C:/Users/Administrator/Dokumente/netBeansProjekt/spaceInvader/target/classes/assets/textures/fireBallSenkrecht.png
10:48:25.380 [JavaFX Application Thread] DEBUG FXGLAssetLoaderServi - Loading from file system: file:/C:/Users/Administrator/Dokumente/netBeansProjekt/spaceInvader/target/classes/assets/textures/fireBallSenkrecht.png
10:48:25.629 [JavaFX Application Thread] DEBUG FXGLAssetLoaderServi - Loading from file system: file:/C:/Users/Administrator/Dokumente/netBeansProjekt/spaceInvader/target/classes/assets/textures/fireBallSenkrecht.png
10:48:25.955 [JavaFX Application Thread] DEBUG FXGLAssetLoaderServi - Loading from file system: file:/C:/Users/Administrator/Dokumente/netBeansProjekt/spaceInvader/target/classes/assets/textures/fireBallSenkrecht.png
10:48:25.985 [JavaFX Application Thread] DEBUG FXGLAssetLoaderServi - Loading from file system: file:/C:/Users/Administrator/Dokumente/netBeansProjekt/spaceInvader/target/classes/assets/textures/fireBallSenkrecht.png
10:48:26.500 [JavaFX Application Thread] DEBUG FXGLAssetLoaderServi - Loading from file system: file:/C:/Users/Administrator/Dokumente/netBeansProjekt/spaceInvader/target/classes/assets/textures/fireBallSenkrecht.png
10:48:26.578 [JavaFX Application Thread] DEBUG FXGLAssetLoaderServi - Loading from file system: file:/C:/Users/Administrator/Dokumente/netBeansProjekt/spaceInvader/target/classes/assets/textures/fireBallSenkrecht.png
10:48:27.125 [JavaFX Application Thread] DEBUG FXGLAssetLoaderServi - Loading from file system: file:/C:/Users/Administrator/Dokumente/netBeansProjekt/spaceInvader/target/classes/assets/textures/fireBallSenkrecht.png
10:48:27.471 [JavaFX Application Thread] DEBUG FXGLAssetLoaderServi - Loading from file system: file:/C:/Users/Administrator/Dokumente/netBeansProjekt/spaceInvader/target/classes/assets/textures/fireBallSenkrecht.png
10:48:27.502 [JavaFX Application Thread] DEBUG FXGLAssetLoaderServi - Loading from file system: file:/C:/Users/Administrator/Dokumente/netBeansProjekt/spaceInvader/target/classes/assets/textures/fireBallSenkrecht.png
10:48:27.566 [JavaFX Application Thread] DEBUG FXGLAssetLoaderServi - Loading from file system: file:/C:/Users/Administrator/Dokumente/netBeansProjekt/spaceInvader/target/classes/assets/textures/fireBallSenkrecht.png
10:48:28.062 [JavaFX Application Thread] DEBUG FXGLAssetLoaderServi - Loading from file system: file:/C:/Users/Administrator/Dokumente/netBeansProjekt/spaceInvader/target/classes/assets/textures/fireBallSenkrecht.png
10:48:28.469 [JavaFX Application Thread] DEBUG FXGLAssetLoaderServi - Loading from file system: file:/C:/Users/Administrator/Dokumente/netBeansProjekt/spaceInvader/target/classes/assets/textures/fireBallSenkrecht.png
10:48:28.545 [JavaFX Application Thread] DEBUG FXGLAssetLoaderServi - Loading from file system: file:/C:/Users/Administrator/Dokumente/netBeansProjekt/spaceInvader/target/classes/assets/textures/fireBallSenkrecht.png
10:48:29.062 [JavaFX Application Thread] DEBUG FXGLAssetLoaderServi - Loading from file system: file:/C:/Users/Administrator/Dokumente/netBeansProjekt/spaceInvader/target/classes/assets/textures/fireBallSenkrecht.png
10:48:29.245 [JavaFX Application Thread] DEBUG FXGLAssetLoaderServi - Loading from file system: file:/C:/Users/Administrator/Dokumente/netBeansProjekt/spaceInvader/target/classes/assets/textures/fireBallSenkrecht.png
10:48:29.683 [JavaFX Application Thread] DEBUG FXGLAssetLoaderServi - Loading from file system: file:/C:/Users/Administrator/Dokumente/netBeansProjekt/spaceInvader/target/classes/assets/textures/fireBallSenkrecht.png
10:48:29.830 [JavaFX Application Thread] DEBUG FXGLAssetLoaderServi - Loading from file system: file:/C:/Users/Administrator/Dokumente/netBeansProjekt/spaceInvader/target/classes/assets/textures/fireBallSenkrecht.png
10:48:30.179 [JavaFX Application Thread] DEBUG FXGLAssetLoaderServi - Loading from file system: file:/C:/Users/Administrator/Dokumente/netBeansProjekt/spaceInvader/target/classes/assets/textures/fireBallSenkrecht.png
10:48:30.446 [JavaFX Application Thread] DEBUG FXGLAssetLoaderServi - Loading from file system: file:/C:/Users/Administrator/Dokumente/netBeansProjekt/spaceInvader/target/classes/assets/textures/fireBallSenkrecht.png
10:48:30.756 [JavaFX Application Thread] DEBUG FXGLAssetLoaderServi - Loading from file system: file:/C:/Users/Administrator/Dokumente/netBeansProjekt/spaceInvader/target/classes/assets/textures/fireBallSenkrecht.png
10:48:31.271 [JavaFX Application Thread] DEBUG FXGLAssetLoaderServi - Loading from file system: file:/C:/Users/Administrator/Dokumente/netBeansProjekt/spaceInvader/target/classes/assets/textures/fireBallSenkrecht.png
10:48:31.755 [JavaFX Application Thread] DEBUG FXGLAssetLoaderServi - Loading from file system: file:/C:/Users/Administrator/Dokumente/netBeansProjekt/spaceInvader/target/classes/assets/textures/fireBallSenkrecht.png
10:48:32.002 [JavaFX Application Thread] DEBUG FXGLAssetLoaderServi - Loading from file system: file:/C:/Users/Administrator/Dokumente/netBeansProjekt/spaceInvader/target/classes/assets/textures/fireBallSenkrecht.png
10:48:32.516 [JavaFX Application Thread] DEBUG FXGLAssetLoaderServi - Loading from file system: file:/C:/Users/Administrator/Dokumente/netBeansProjekt/spaceInvader/target/classes/assets/textures/fireBallSenkrecht.png
10:48:33.016 [JavaFX Application Thread] DEBUG FXGLAssetLoaderServi - Loading from file system: file:/C:/Users/Administrator/Dokumente/netBeansProjekt/spaceInvader/target/classes/assets/textures/fireBallSenkrecht.png
10:48:33.547 [JavaFX Application Thread] DEBUG FXGLAssetLoaderServi - Loading from file system: file:/C:/Users/Administrator/Dokumente/netBeansProjekt/spaceInvader/target/classes/assets/textures/fireBallSenkrecht.png
10:48:34.109 [JavaFX Application Thread] DEBUG FXGLAssetLoaderServi - Loading from file system: file:/C:/Users/Administrator/Dokumente/netBeansProjekt/spaceInvader/target/classes/assets/textures/fireBallSenkrecht.png
10:48:34.498 [JavaFX Application Thread] DEBUG FXGLAssetLoaderServi - Loading from file system: file:/C:/Users/Administrator/Dokumente/netBeansProjekt/spaceInvader/target/classes/assets/textures/fireBallSenkrecht.png
10:48:34.529 [JavaFX Application Thread] DEBUG FXGLAssetLoaderServi - Loading from file system: file:/C:/Users/Administrator/Dokumente/netBeansProjekt/spaceInvader/target/classes/assets/textures/fireBallSenkrecht.png
10:48:35.001 [JavaFX Application Thread] DEBUG FXGLAssetLoaderServi - Loading from file system: file:/C:/Users/Administrator/Dokumente/netBeansProjekt/spaceInvader/target/classes/assets/textures/fireBallSenkrecht.png
10:48:35.062 [JavaFX Application Thread] DEBUG FXGLAssetLoaderServi - Loading from file system: file:/C:/Users/Administrator/Dokumente/netBeansProjekt/spaceInvader/target/classes/assets/textures/fireBallSenkrecht.png
10:48:35.591 [JavaFX Application Thread] DEBUG FXGLAssetLoaderServi - Loading from file system: file:/C:/Users/Administrator/Dokumente/netBeansProjekt/spaceInvader/target/classes/assets/textures/fireBallSenkrecht.png
10:48:35.746 [JavaFX Application Thread] DEBUG FXGLAssetLoaderServi - Loading from file system: file:/C:/Users/Administrator/Dokumente/netBeansProjekt/spaceInvader/target/classes/assets/textures/fireBallSenkrecht.png
10:48:36.029 [JavaFX Application Thread] DEBUG FXGLAssetLoaderServi - Loading from file system: file:/C:/Users/Administrator/Dokumente/netBeansProjekt/spaceInvader/target/classes/assets/textures/fireBallSenkrecht.png
10:48:36.387 [JavaFX Application Thread] DEBUG FXGLAssetLoaderServi - Loading from file system: file:/C:/Users/Administrator/Dokumente/netBeansProjekt/spaceInvader/target/classes/assets/textures/fireBallSenkrecht.png
10:48:36.918 [JavaFX Application Thread] DEBUG FXGLAssetLoaderServi - Loading from file system: file:/C:/Users/Administrator/Dokumente/netBeansProjekt/spaceInvader/target/classes/assets/textures/fireBallSenkrecht.png
10:48:37.447 [JavaFX Application Thread] DEBUG FXGLAssetLoaderServi - Loading from file system: file:/C:/Users/Administrator/Dokumente/netBeansProjekt/spaceInvader/target/classes/assets/textures/fireBallSenkrecht.png
10:48:37.713 [JavaFX Application Thread] DEBUG FXGLAssetLoaderServi - Loading from file system: file:/C:/Users/Administrator/Dokumente/netBeansProjekt/spaceInvader/target/classes/assets/textures/fireBallSenkrecht.png
10:48:38.229 [JavaFX Application Thread] DEBUG FXGLAssetLoaderServi - Loading from file system: file:/C:/Users/Administrator/Dokumente/netBeansProjekt/spaceInvader/target/classes/assets/textures/fireBallSenkrecht.png
10:48:38.757 [JavaFX Application Thread] DEBUG FXGLAssetLoaderServi - Loading from file system: file:/C:/Users/Administrator/Dokumente/netBeansProjekt/spaceInvader/target/classes/assets/textures/fireBallSenkrecht.png
10:48:39.212 [JavaFX Application Thread] DEBUG FXGLAssetLoaderServi - Loading from file system: file:/C:/Users/Administrator/Dokumente/netBeansProjekt/spaceInvader/target/classes/assets/textures/fireBallSenkrecht.png
10:48:39.738 [JavaFX Application Thread] DEBUG FXGLAssetLoaderServi - Loading from file system: file:/C:/Users/Administrator/Dokumente/netBeansProjekt/spaceInvader/target/classes/assets/textures/fireBallSenkrecht.png
10:48:40.163 [JavaFX Application Thread] DEBUG FXGLAssetLoaderServi - Loading from file system: file:/C:/Users/Administrator/Dokumente/netBeansProjekt/spaceInvader/target/classes/assets/textures/fireBallSenkrecht.png
10:48:40.706 [JavaFX Application Thread] DEBUG FXGLAssetLoaderServi - Loading from file system: file:/C:/Users/Administrator/Dokumente/netBeansProjekt/spaceInvader/target/classes/assets/textures/fireBallSenkrecht.png
10:48:41.222 [JavaFX Application Thread] DEBUG FXGLAssetLoaderServi - Loading from file system: file:/C:/Users/Administrator/Dokumente/netBeansProjekt/spaceInvader/target/classes/assets/textures/fireBallSenkrecht.png
10:48:41.286 [JavaFX Application Thread] DEBUG FXGLAssetLoaderServi - Loading from file system: file:/C:/Users/Administrator/Dokumente/netBeansProjekt/spaceInvader/target/classes/assets/textures/fireBallSenkrecht.png
10:48:41.802 [JavaFX Application Thread] DEBUG FXGLAssetLoaderServi - Loading from file system: file:/C:/Users/Administrator/Dokumente/netBeansProjekt/spaceInvader/target/classes/assets/textures/fireBallSenkrecht.png
10:48:41.862 [JavaFX Application Thread] DEBUG FXGLAssetLoaderServi - Loading from file system: file:/C:/Users/Administrator/Dokumente/netBeansProjekt/spaceInvader/target/classes/assets/textures/fireBallSenkrecht.png
10:48:42.115 [JavaFX Application Thread] DEBUG FXGLAssetLoaderServi - Loading from file system: file:/C:/Users/Administrator/Dokumente/netBeansProjekt/spaceInvader/target/classes/assets/textures/fireBallSenkrecht.png
10:48:42.648 [JavaFX Application Thread] DEBUG FXGLAssetLoaderServi - Loading from file system: file:/C:/Users/Administrator/Dokumente/netBeansProjekt/spaceInvader/target/classes/assets/textures/fireBallSenkrecht.png
10:48:42.792 [JavaFX Application Thread] DEBUG FXGLAssetLoaderServi - Loading from file system: file:/C:/Users/Administrator/Dokumente/netBeansProjekt/spaceInvader/target/classes/assets/textures/fireBallSenkrecht.png
10:48:42.855 [JavaFX Application Thread] DEBUG FXGLAssetLoaderServi - Loading from file system: file:/C:/Users/Administrator/Dokumente/netBeansProjekt/spaceInvader/target/classes/assets/textures/fireBallSenkrecht.png
10:48:42.931 [JavaFX Application Thread] DEBUG FXGLAssetLoaderServi - Loading from file system: file:/C:/Users/Administrator/Dokumente/netBeansProjekt/spaceInvader/target/classes/assets/textures/fireBallSenkrecht.png
10:48:43.450 [JavaFX Application Thread] DEBUG FXGLAssetLoaderServi - Loading from file system: file:/C:/Users/Administrator/Dokumente/netBeansProjekt/spaceInvader/target/classes/assets/textures/fireBallSenkrecht.png
10:48:43.812 [JavaFX Application Thread] DEBUG FXGLAssetLoaderServi - Loading from file system: file:/C:/Users/Administrator/Dokumente/netBeansProjekt/spaceInvader/target/classes/assets/textures/fireBallSenkrecht.png
10:48:44.029 [JavaFX Application Thread] DEBUG FXGLAssetLoaderServi - Loading from file system: file:/C:/Users/Administrator/Dokumente/netBeansProjekt/spaceInvader/target/classes/assets/textures/fireBallSenkrecht.png
10:48:44.217 [JavaFX Application Thread] DEBUG FXGLAssetLoaderServi - Loading from file system: file:/C:/Users/Administrator/Dokumente/netBeansProjekt/spaceInvader/target/classes/assets/textures/fireBallSenkrecht.png
10:48:44.279 [JavaFX Application Thread] DEBUG FXGLAssetLoaderServi - Loading from file system: file:/C:/Users/Administrator/Dokumente/netBeansProjekt/spaceInvader/target/classes/assets/textures/fireBallSenkrecht.png
10:48:44.841 [JavaFX Application Thread] DEBUG FXGLAssetLoaderServi - Loading from file system: file:/C:/Users/Administrator/Dokumente/netBeansProjekt/spaceInvader/target/classes/assets/textures/fireBallSenkrecht.png
10:48:45.100 [JavaFX Application Thread] DEBUG FXGLAssetLoaderServi - Loading from file system: file:/C:/Users/Administrator/Dokumente/netBeansProjekt/spaceInvader/target/classes/assets/textures/fireBallSenkrecht.png
10:48:45.154 [JavaFX Application Thread] DEBUG FXGLAssetLoaderServi - Loading from file system: file:/C:/Users/Administrator/Dokumente/netBeansProjekt/spaceInvader/target/classes/assets/textures/fireBallSenkrecht.png
10:48:45.605 [JavaFX Application Thread] DEBUG FXGLAssetLoaderServi - Loading from file system: file:/C:/Users/Administrator/Dokumente/netBeansProjekt/spaceInvader/target/classes/assets/textures/fireBallSenkrecht.png
10:48:46.132 [JavaFX Application Thread] DEBUG FXGLAssetLoaderServi - Loading from file system: file:/C:/Users/Administrator/Dokumente/netBeansProjekt/spaceInvader/target/classes/assets/textures/fireBallSenkrecht.png
10:48:46.602 [JavaFX Application Thread] DEBUG FXGLAssetLoaderServi - Loading from file system: file:/C:/Users/Administrator/Dokumente/netBeansProjekt/spaceInvader/target/classes/assets/textures/fireBallSenkrecht.png
10:48:46.866 [JavaFX Application Thread] DEBUG FXGLAssetLoaderServi - Loading from file system: file:/C:/Users/Administrator/Dokumente/netBeansProjekt/spaceInvader/target/classes/assets/textures/fireBallSenkrecht.png
10:48:46.913 [JavaFX Application Thread] DEBUG FXGLAssetLoaderServi - Loading from file system: file:/C:/Users/Administrator/Dokumente/netBeansProjekt/spaceInvader/target/classes/assets/textures/fireBallSenkrecht.png
10:48:47.445 [JavaFX Application Thread] DEBUG FXGLAssetLoaderServi - Loading from file system: file:/C:/Users/Administrator/Dokumente/netBeansProjekt/spaceInvader/target/classes/assets/textures/fireBallSenkrecht.png
10:48:47.992 [JavaFX Application Thread] DEBUG FXGLAssetLoaderServi - Loading from file system: file:/C:/Users/Administrator/Dokumente/netBeansProjekt/spaceInvader/target/classes/assets/textures/fireBallSenkrecht.png
10:48:48.213 [JavaFX Application Thread] DEBUG FXGLAssetLoaderServi - Loading from file system: file:/C:/Users/Administrator/Dokumente/netBeansProjekt/spaceInvader/target/classes/assets/textures/fireBallSenkrecht.png
10:48:48.661 [JavaFX Application Thread] DEBUG FXGLAssetLoaderServi - Loading from file system: file:/C:/Users/Administrator/Dokumente/netBeansProjekt/spaceInvader/target/classes/assets/textures/fireBallSenkrecht.png
10:48:48.862 [JavaFX Application Thread] DEBUG FXGLAssetLoaderServi - Loading from file system: file:/C:/Users/Administrator/Dokumente/netBeansProjekt/spaceInvader/target/classes/assets/textures/fireBallSenkrecht.png
10:48:49.396 [JavaFX Application Thread] DEBUG FXGLAssetLoaderServi - Loading from file system: file:/C:/Users/Administrator/Dokumente/netBeansProjekt/spaceInvader/target/classes/assets/textures/fireBallSenkrecht.png
10:48:49.959 [JavaFX Application Thread] DEBUG FXGLAssetLoaderServi - Loading from file system: file:/C:/Users/Administrator/Dokumente/netBeansProjekt/spaceInvader/target/classes/assets/textures/fireBallSenkrecht.png
10:48:50.114 [JavaFX Application Thread] DEBUG FXGLAssetLoaderServi - Loading from file system: file:/C:/Users/Administrator/Dokumente/netBeansProjekt/spaceInvader/target/classes/assets/textures/fireBallSenkrecht.png
10:48:50.706 [JavaFX Application Thread] DEBUG FXGLAssetLoaderServi - Loading from file system: file:/C:/Users/Administrator/Dokumente/netBeansProjekt/spaceInvader/target/classes/assets/textures/fireBallSenkrecht.png
10:48:51.062 [JavaFX Application Thread] DEBUG FXGLAssetLoaderServi - Loading from file system: file:/C:/Users/Administrator/Dokumente/netBeansProjekt/spaceInvader/target/classes/assets/textures/fireBallSenkrecht.png
10:48:51.608 [JavaFX Application Thread] DEBUG FXGLAssetLoaderServi - Loading from file system: file:/C:/Users/Administrator/Dokumente/netBeansProjekt/spaceInvader/target/classes/assets/textures/fireBallSenkrecht.png
10:48:51.639 [JavaFX Application Thread] DEBUG FXGLAssetLoaderServi - Loading from file system: file:/C:/Users/Administrator/Dokumente/netBeansProjekt/spaceInvader/target/classes/assets/textures/fireBallSenkrecht.png
10:48:51.779 [JavaFX Application Thread] DEBUG FXGLAssetLoaderServi - Loading from file system: file:/C:/Users/Administrator/Dokumente/netBeansProjekt/spaceInvader/target/classes/assets/textures/fireBallSenkrecht.png
10:48:51.997 [JavaFX Application Thread] DEBUG FXGLAssetLoaderServi - Loading from file system: file:/C:/Users/Administrator/Dokumente/netBeansProjekt/spaceInvader/target/classes/assets/textures/fireBallSenkrecht.png
10:48:52.557 [JavaFX Application Thread] DEBUG FXGLAssetLoaderServi - Loading from file system: file:/C:/Users/Administrator/Dokumente/netBeansProjekt/spaceInvader/target/classes/assets/textures/fireBallSenkrecht.png
10:48:52.871 [JavaFX Application Thread] DEBUG FXGLAssetLoaderServi - Loading from file system: file:/C:/Users/Administrator/Dokumente/netBeansProjekt/spaceInvader/target/classes/assets/textures/fireBallSenkrecht.png
10:48:53.383 [JavaFX Application Thread] DEBUG FXGLAssetLoaderServi - Loading from file system: file:/C:/Users/Administrator/Dokumente/netBeansProjekt/spaceInvader/target/classes/assets/textures/fireBallSenkrecht.png
10:48:53.571 [JavaFX Application Thread] DEBUG FXGLAssetLoaderServi - Loading from file system: file:/C:/Users/Administrator/Dokumente/netBeansProjekt/spaceInvader/target/classes/assets/textures/fireBallSenkrecht.png
10:48:54.129 [JavaFX Application Thread] DEBUG FXGLAssetLoaderServi - Loading from file system: file:/C:/Users/Administrator/Dokumente/netBeansProjekt/spaceInvader/target/classes/assets/textures/fireBallSenkrecht.png
10:48:54.674 [JavaFX Application Thread] DEBUG FXGLAssetLoaderServi - Loading from file system: file:/C:/Users/Administrator/Dokumente/netBeansProjekt/spaceInvader/target/classes/assets/textures/fireBallSenkrecht.png
10:48:55.204 [JavaFX Application Thread] DEBUG FXGLAssetLoaderServi - Loading from file system: file:/C:/Users/Administrator/Dokumente/netBeansProjekt/spaceInvader/target/classes/assets/textures/fireBallSenkrecht.png
10:48:55.313 [JavaFX Application Thread] DEBUG FXGLAssetLoaderServi - Loading from file system: file:/C:/Users/Administrator/Dokumente/netBeansProjekt/spaceInvader/target/classes/assets/textures/fireBallSenkrecht.png
10:48:55.345 [JavaFX Application Thread] DEBUG FXGLAssetLoaderServi - Loading from file system: file:/C:/Users/Administrator/Dokumente/netBeansProjekt/spaceInvader/target/classes/assets/textures/fireBallSenkrecht.png
10:48:55.891 [JavaFX Application Thread] DEBUG FXGLAssetLoaderServi - Loading from file system: file:/C:/Users/Administrator/Dokumente/netBeansProjekt/spaceInvader/target/classes/assets/textures/fireBallSenkrecht.png
10:48:56.295 [JavaFX Application Thread] DEBUG FXGLAssetLoaderServi - Loading from file system: file:/C:/Users/Administrator/Dokumente/netBeansProjekt/spaceInvader/target/classes/assets/textures/fireBallSenkrecht.png
10:48:56.498 [JavaFX Application Thread] DEBUG FXGLAssetLoaderServi - Loading from file system: file:/C:/Users/Administrator/Dokumente/netBeansProjekt/spaceInvader/target/classes/assets/textures/fireBallSenkrecht.png
10:48:57.030 [JavaFX Application Thread] DEBUG FXGLAssetLoaderServi - Loading from file system: file:/C:/Users/Administrator/Dokumente/netBeansProjekt/spaceInvader/target/classes/assets/textures/fireBallSenkrecht.png
10:48:57.574 [JavaFX Application Thread] DEBUG FXGLAssetLoaderServi - Loading from file system: file:/C:/Users/Administrator/Dokumente/netBeansProjekt/spaceInvader/target/classes/assets/textures/fireBallSenkrecht.png
10:48:57.730 [JavaFX Application Thread] DEBUG FXGLAssetLoaderServi - Loading from file system: file:/C:/Users/Administrator/Dokumente/netBeansProjekt/spaceInvader/target/classes/assets/textures/fireBallSenkrecht.png
10:48:58.278 [JavaFX Application Thread] DEBUG FXGLAssetLoaderServi - Loading from file system: file:/C:/Users/Administrator/Dokumente/netBeansProjekt/spaceInvader/target/classes/assets/textures/fireBallSenkrecht.png
10:48:58.511 [JavaFX Application Thread] DEBUG FXGLAssetLoaderServi - Loading from file system: file:/C:/Users/Administrator/Dokumente/netBeansProjekt/spaceInvader/target/classes/assets/textures/fireBallSenkrecht.png
10:48:58.979 [JavaFX Application Thread] DEBUG FXGLAssetLoaderServi - Loading from file system: file:/C:/Users/Administrator/Dokumente/netBeansProjekt/spaceInvader/target/classes/assets/textures/fireBallSenkrecht.png
10:48:59.496 [JavaFX Application Thread] DEBUG FXGLAssetLoaderServi - Loading from file system: file:/C:/Users/Administrator/Dokumente/netBeansProjekt/spaceInvader/target/classes/assets/textures/fireBallSenkrecht.png
10:48:59.699 [JavaFX Application Thread] DEBUG FXGLAssetLoaderServi - Loading from file system: file:/C:/Users/Administrator/Dokumente/netBeansProjekt/spaceInvader/target/classes/assets/textures/fireBallSenkrecht.png
10:48:59.762 [JavaFX Application Thread] DEBUG FXGLAssetLoaderServi - Loading from file system: file:/C:/Users/Administrator/Dokumente/netBeansProjekt/spaceInvader/target/classes/assets/textures/fireBallSenkrecht.png
10:49:00.196 [JavaFX Application Thread] DEBUG FXGLAssetLoaderServi - Loading from file system: file:/C:/Users/Administrator/Dokumente/netBeansProjekt/spaceInvader/target/classes/assets/textures/fireBallSenkrecht.png
10:49:00.698 [JavaFX Application Thread] DEBUG FXGLAssetLoaderServi - Loading from file system: file:/C:/Users/Administrator/Dokumente/netBeansProjekt/spaceInvader/target/classes/assets/textures/fireBallSenkrecht.png
10:49:00.883 [JavaFX Application Thread] DEBUG FXGLAssetLoaderServi - Loading from file system: file:/C:/Users/Administrator/Dokumente/netBeansProjekt/spaceInvader/target/classes/assets/textures/fireBallSenkrecht.png
10:49:01.399 [JavaFX Application Thread] DEBUG FXGLAssetLoaderServi - Loading from file system: file:/C:/Users/Administrator/Dokumente/netBeansProjekt/spaceInvader/target/classes/assets/textures/fireBallSenkrecht.png
10:49:01.930 [JavaFX Application Thread] DEBUG FXGLAssetLoaderServi - Loading from file system: file:/C:/Users/Administrator/Dokumente/netBeansProjekt/spaceInvader/target/classes/assets/textures/fireBallSenkrecht.png
10:49:02.130 [JavaFX Application Thread] DEBUG FXGLAssetLoaderServi - Loading from file system: file:/C:/Users/Administrator/Dokumente/netBeansProjekt/spaceInvader/target/classes/assets/textures/fireBallSenkrecht.png
10:49:02.646 [JavaFX Application Thread] DEBUG FXGLAssetLoaderServi - Loading from file system: file:/C:/Users/Administrator/Dokumente/netBeansProjekt/spaceInvader/target/classes/assets/textures/fireBallSenkrecht.png
10:49:03.188 [JavaFX Application Thread] DEBUG FXGLAssetLoaderServi - Loading from file system: file:/C:/Users/Administrator/Dokumente/netBeansProjekt/spaceInvader/target/classes/assets/textures/fireBallSenkrecht.png
10:49:03.717 [JavaFX Application Thread] DEBUG FXGLAssetLoaderServi - Loading from file system: file:/C:/Users/Administrator/Dokumente/netBeansProjekt/spaceInvader/target/classes/assets/textures/fireBallSenkrecht.png
10:49:04.280 [JavaFX Application Thread] DEBUG FXGLAssetLoaderServi - Loading from file system: file:/C:/Users/Administrator/Dokumente/netBeansProjekt/spaceInvader/target/classes/assets/textures/fireBallSenkrecht.png
10:49:04.467 [JavaFX Application Thread] DEBUG FXGLAssetLoaderServi - Loading from file system: file:/C:/Users/Administrator/Dokumente/netBeansProjekt/spaceInvader/target/classes/assets/textures/fireBallSenkrecht.png
10:49:04.996 [JavaFX Application Thread] DEBUG FXGLAssetLoaderServi - Loading from file system: file:/C:/Users/Administrator/Dokumente/netBeansProjekt/spaceInvader/target/classes/assets/textures/fireBallSenkrecht.png
10:49:05.526 [JavaFX Application Thread] DEBUG FXGLAssetLoaderServi - Loading from file system: file:/C:/Users/Administrator/Dokumente/netBeansProjekt/spaceInvader/target/classes/assets/textures/fireBallSenkrecht.png
10:49:06.046 [JavaFX Application Thread] DEBUG FXGLAssetLoaderServi - Loading from file system: file:/C:/Users/Administrator/Dokumente/netBeansProjekt/spaceInvader/target/classes/assets/textures/fireBallSenkrecht.png
10:49:06.404 [JavaFX Application Thread] DEBUG FXGLAssetLoaderServi - Loading from file system: file:/C:/Users/Administrator/Dokumente/netBeansProjekt/spaceInvader/target/classes/assets/textures/fireBallSenkrecht.png
10:49:06.948 [JavaFX Application Thread] DEBUG FXGLAssetLoaderServi - Loading from file system: file:/C:/Users/Administrator/Dokumente/netBeansProjekt/spaceInvader/target/classes/assets/textures/fireBallSenkrecht.png
10:49:07.491 [JavaFX Application Thread] DEBUG FXGLAssetLoaderServi - Loading from file system: file:/C:/Users/Administrator/Dokumente/netBeansProjekt/spaceInvader/target/classes/assets/textures/fireBallSenkrecht.png
10:49:08.035 [JavaFX Application Thread] DEBUG FXGLAssetLoaderServi - Loading from file system: file:/C:/Users/Administrator/Dokumente/netBeansProjekt/spaceInvader/target/classes/assets/textures/fireBallSenkrecht.png
10:49:08.612 [JavaFX Application Thread] DEBUG FXGLAssetLoaderServi - Loading from file system: file:/C:/Users/Administrator/Dokumente/netBeansProjekt/spaceInvader/target/classes/assets/textures/fireBallSenkrecht.png
10:49:09.003 [JavaFX Application Thread] DEBUG FXGLApplication      - Exiting FXGL
10:49:09.003 [JavaFX Application Thread] DEBUG LoopRunner           - Stopping loop
10:49:09.004 [JavaFX Application Thread] DEBUG SystemBundleService  - Saving FXGL system data
10:49:09.005 [JavaFX Application Thread] DEBUG FileSystemAccess     - Writing to: C:\Users\Administrator\Dokumente\netBeansProjekt\spaceInvader\system\fxgl.bundle
10:49:09.006 [JavaFX Application Thread] DEBUG Async                - Shutting down background threads
10:49:09.006 [JavaFX Application Thread] DEBUG PrimaryStageWindow   - Closing main window
10:49:09.013 [JavaFX Application Thread] DEBUG Logger               - Closing Logger
