07:40:47.301 [main                     ] DEBUG Logger               - Configured Logger
07:40:47.308 [main                     ] DEBUG GameApplication      - Logging settings
Title: Mein erstes Game mit FXGL
Version: 0.0.1
Width: 1280
Height: 880
Fullscreen: true
Intro: false
Profiling: false
Single step:false
App Mode: DEVELOPER
Menu Key: ESCAPE
Stage Style: DECORATED
Scene Factory: class com.almasb.fxgl.app.scene.SceneFactory

07:40:47.791 [JavaFX Application Thread] DEBUG FXGLApplication      - Initializing FXGL
07:40:47.795 [JavaFX Application Thread] INFO  Engine               - FXGL-25 (05.02.2026 22.57) on WINDOWS (J:25.0.2 FX:25.0.1)
07:40:47.796 [JavaFX Application Thread] DEBUG Engine               - JRE Vendor Name: Eclipse Adoptium
07:40:47.796 [JavaFX Application Thread] DEBUG Engine               - Running on OS: Windows 10 version 10.0
07:40:47.796 [JavaFX Application Thread] DEBUG Engine               - Architecture: amd64
07:40:47.796 [JavaFX Application Thread] INFO  Engine               - Source code and latest versions at: https://github.com/AlmasB/FXGL
07:40:47.796 [JavaFX Application Thread] INFO  Engine               -       Ask questions and discuss at: https://github.com/AlmasB/FXGL/discussions
07:40:47.910 [JavaFX Application Thread] DEBUG PrimaryStageWindow   - Creating a JavaFX scene
07:40:47.959 [JavaFX Application Thread] DEBUG PrimaryStageWindow   - Target settings size: 1280.0 x 880.0
07:40:47.959 [JavaFX Application Thread] DEBUG PrimaryStageWindow   - Scaled scene size:    1280.0 x 880.0
07:40:47.959 [JavaFX Application Thread] DEBUG PrimaryStageWindow   - Scaled ratio: (1.0, 1.0)
07:40:47.960 [JavaFX Application Thread] DEBUG PrimaryStageWindow   - Set initial scene to FXGLStartupScene
07:40:47.965 [JavaFX Application Thread] DEBUG PrimaryStageWindow   - Opening main window
07:40:48.312 [JavaFX Application Thread] DEBUG PrimaryStageWindow   - Window border size: (16.0, 39.0)
07:40:48.313 [JavaFX Application Thread] DEBUG PrimaryStageWindow   - Scaled size: 1280.0 x 880.0
07:40:48.313 [JavaFX Application Thread] DEBUG PrimaryStageWindow   - Scaled ratio: (1.0, 1.0)
07:40:48.313 [JavaFX Application Thread] DEBUG PrimaryStageWindow   - Scene size: 1280.0 x 880.0
07:40:48.313 [JavaFX Application Thread] DEBUG PrimaryStageWindow   - Stage size: 1296.0 x 919.0
07:40:48.341 [FXGL Background Thread 1 ] DEBUG Engine               - Initializing environment variables
07:40:48.404 [FXGL Background Thread 1 ] DEBUG FXGLAssetLoaderServi - User app class for loading assets: class btaahaus.ahrfxglgame.App
07:40:48.405 [FXGL Background Thread 1 ] DEBUG GameApplicationServi - Applying CSS: fxgl_dark.css
07:40:48.405 [FXGL Background Thread 1 ] DEBUG FXGLAssetLoaderServi - Loading from file system: jar:file:/C:/Users/Administrator.Rechner09/.m2/repository/com/github/almasb/fxgl/25/fxgl-25.jar!/fxglassets/ui/css/fxgl_dark.css
07:40:48.448 [FXGL Background Thread 1 ] DEBUG GameApplicationServi - Initializing application scenes
07:40:48.513 [FXGL Background Thread 1 ] DEBUG GameWorld            - Game world initialized
07:40:48.563 [FXGL Background Thread 1 ] DEBUG PhysicsWorld         - Physics world initialized: appHeight=880, physics.ppm=50,0
07:40:48.563 [FXGL Background Thread 1 ] DEBUG PhysicsWorld         - Using strategy: BRUTE_FORCE
07:40:48.568 [FXGL Background Thread 1 ] DEBUG GameScene            - Game scene initialized: 1280x880
07:40:48.581 [FXGL Background Thread 1 ] DEBUG FXGL.DefaultMenu     - createMenuBodyGameMenu()
07:40:48.598 [FXGL Background Thread 1 ] DEBUG FXGL.DefaultMenu     - createOptionsMenu()
07:40:48.607 [FXGL Background Thread 1 ] DEBUG FXGLAssetLoaderServi - Loading from file system: jar:file:/C:/Users/Administrator.Rechner09/.m2/repository/com/github/almasb/fxgl/25/fxgl-25.jar!/fxglassets/textures/particles/smoke.png
07:40:48.689 [FXGL Background Thread 1 ] DEBUG FXGLAssetLoaderServi - Loading from file system: jar:file:/C:/Users/Administrator.Rechner09/.m2/repository/com/github/almasb/fxgl/25/fxgl-25.jar!/fxglassets/textures/particles/trace_horizontal.png
07:40:48.708 [FXGL Background Thread 1 ] DEBUG GameApplicationServi - Application scenes initialized
07:40:48.720 [FXGL Background Thread 1 ] DEBUG SystemBundleService  - Loading FXGL system data
07:40:48.724 [FXGL Background Thread 1 ] DEBUG FileSystemAccess     - Reading from: C:\Users\administrator\Documents\NetBeansProjekte\ahrFXGLGame\system\fxgl.bundle
07:40:48.730 [FXGL Background Thread 1 ] DEBUG SystemBundleService  - Bundle FXGL: {}
07:40:48.730 [FXGL Background Thread 1 ] DEBUG UpdaterService       - Checking for updates
07:40:48.734 [FXGL Background Thread 1 ] DEBUG FXGLApplication      - Loading default localization
07:40:48.734 [FXGL Background Thread 1 ] DEBUG FXGLAssetLoaderServi - Loading from file system: jar:file:/C:/Users/Administrator.Rechner09/.m2/repository/com/github/almasb/fxgl/25/fxgl-25.jar!/fxglassets/languages/english.lang
07:40:48.737 [FXGL Background Thread 4 ] DEBUG FXGLApplication      - Loading fonts
07:40:48.737 [FXGL Background Thread 4 ] DEBUG FXGLAssetLoaderServi - Loading from file system: jar:file:/C:/Users/Administrator.Rechner09/.m2/repository/com/github/almasb/fxgl/25/fxgl-25.jar!/fxglassets/ui/fonts/VarelaRound-Regular.ttf
07:40:48.747 [FXGL Background Thread 1 ] INFO  FXGLApplication      - FXGL initialization took: 0,407 sec
07:40:48.756 [JavaFX Application Thread] DEBUG Input                - Registered new binding: right - D
07:40:48.757 [JavaFX Application Thread] DEBUG Input                - Registered new binding: left - A
07:40:48.757 [JavaFX Application Thread] DEBUG Input                - Registered new binding: up - W
07:40:48.757 [JavaFX Application Thread] DEBUG Input                - Registered new binding: down - S
07:40:48.757 [JavaFX Application Thread] DEBUG FXGLAssetLoaderServi - Loading from file system: jar:file:/C:/Users/Administrator.Rechner09/.m2/repository/com/github/almasb/fxgl/25/fxgl-25.jar!/fxglassets/textures/fxgl_icon.png
07:40:48.775 [JavaFX Application Thread] DEBUG FXGLAssetLoaderServi - Loading from file system: jar:file:/C:/Users/Administrator.Rechner09/.m2/repository/com/github/almasb/fxgl/25/fxgl-25.jar!/fxglassets/textures/fxgl_default_cursor.png
07:40:48.777 [JavaFX Application Thread] DEBUG Input                - Registered new binding: Screenshot - CTRL+8
07:40:48.777 [JavaFX Application Thread] DEBUG Input                - Registered new binding: System info dump - CTRL+9
07:40:48.778 [JavaFX Application Thread] DEBUG Input                - Registered new binding: Restart - CTRL+R
07:40:48.779 [JavaFX Application Thread] DEBUG Input                - Registered new binding: Toggle Debug Camera - CTRL+7
07:40:48.781 [JavaFX Application Thread] DEBUG LoopRunner           - Starting loop
07:40:48.781 [JavaFX Application Thread] DEBUG LoopRunner           - Initializing JavaFX AnimationTimerLoop
07:40:48.783 [JavaFX Application Thread] DEBUG GameApplicationServi - Starting new game
07:40:48.783 [JavaFX Application Thread] DEBUG Input                - Clearing active input actions
07:40:48.801 [JavaFX Application Thread] DEBUG GameApplicationServi - Removing overlay from FXGLStartupScene and adding to FXGLLoadingScene
07:40:48.801 [JavaFX Application Thread] DEBUG PrimaryStageWindow   - FXGLStartupScene -> FXGLLoadingScene
07:40:48.801 [JavaFX Application Thread] DEBUG GameApplicationServi - Clearing previous game
07:40:48.801 [JavaFX Application Thread] DEBUG GameScene            - Clearing game scene
07:40:48.801 [JavaFX Application Thread] DEBUG GameWorld            - Clearing game world
07:40:48.801 [JavaFX Application Thread] DEBUG PhysicsWorld         - Clearing physics world
07:40:48.803 [FXGL Background Thread 1 ] DEBUG FXGLApplication      - Initializing game
07:40:48.806 [FXGL Background Thread 1 ] DEBUG FXGLAssetLoaderServi - Loading from file system: file:/C:/Users/administrator/Documents/NetBeansProjekte/ahrFXGLGame/target/classes/assets/textures/rocket.png
07:40:48.815 [FXGL Background Thread 4 ] DEBUG FXGLAssetLoaderServi - Loading from file system: jar:file:/C:/Users/Administrator.Rechner09/.m2/repository/com/github/almasb/fxgl/25/fxgl-25.jar!/fxglassets/ui/fonts/Abel-Regular.ttf
07:40:48.817 [FXGL Background Thread 4 ] DEBUG FXGLAssetLoaderServi - Loading from file system: jar:file:/C:/Users/Administrator.Rechner09/.m2/repository/com/github/almasb/fxgl/25/fxgl-25.jar!/fxglassets/ui/fonts/TerminalLandMono-Regular.otf
07:40:48.820 [FXGL Background Thread 4 ] DEBUG FXGLAssetLoaderServi - Loading from file system: jar:file:/C:/Users/Administrator.Rechner09/.m2/repository/com/github/almasb/fxgl/25/fxgl-25.jar!/fxglassets/ui/fonts/Courier-Prime.ttf
07:40:48.823 [FXGL Background Thread 1 ] DEBUG FXGLAssetLoaderServi - Loading from file system: file:/C:/Users/administrator/Documents/NetBeansProjekte/ahrFXGLGame/target/classes/assets/textures/brick.png
07:40:48.846 [JavaFX Application Thread] DEBUG FXGLApplication      - Registering font factories with UI factory
07:40:48.849 [FXGL Background Thread 1 ] INFO  FXGLApplication      - Game initialization took: 0,046 sec
07:40:48.853 [JavaFX Application Thread] DEBUG Input                - Clearing active input actions
07:40:48.862 [JavaFX Application Thread] DEBUG GameApplicationServi - Removing overlay from FXGLLoadingScene and adding to GameScene
07:40:48.862 [JavaFX Application Thread] DEBUG PrimaryStageWindow   - FXGLLoadingScene -> GameScene
07:40:51.733 [FXGL Background Thread 3 ] DEBUG Engine               - Logging environment variables
07:40:51.733 [FXGL Background Thread 3 ] DEBUG Engine               - achievements: []
07:40:51.733 [FXGL Background Thread 3 ] DEBUG Engine               - actualHeight: 880.0
07:40:51.733 [FXGL Background Thread 3 ] DEBUG Engine               - actualHeightProperty: ReadOnlyDoubleProperty [value: 880.0]
07:40:51.733 [FXGL Background Thread 3 ] DEBUG Engine               - actualWidth: 1280.0
07:40:51.733 [FXGL Background Thread 3 ] DEBUG Engine               - actualWidthProperty: ReadOnlyDoubleProperty [value: 1280.0]
07:40:51.734 [FXGL Background Thread 3 ] DEBUG Engine               - appIcon: fxgl_icon.png
07:40:51.734 [FXGL Background Thread 3 ] DEBUG Engine               - applicationMode: DEVELOPER
07:40:51.734 [FXGL Background Thread 3 ] DEBUG Engine               - cSSList: [fxgl_dark.css]
07:40:51.734 [FXGL Background Thread 3 ] DEBUG Engine               - collisionDetectionStrategy: BRUTE_FORCE
07:40:51.734 [FXGL Background Thread 3 ] DEBUG Engine               - configClass: Optional.empty
07:40:51.734 [FXGL Background Thread 3 ] DEBUG Engine               - credits: []
07:40:51.735 [FXGL Background Thread 3 ] DEBUG Engine               - defaultCursor: CursorInfo(imageName=fxgl_default_cursor.png, hotspotX=7.0, hotspotY=6.0)
07:40:51.735 [FXGL Background Thread 3 ] DEBUG Engine               - devBBoxColorProperty: ObjectProperty [value: 0xff0000ff]
07:40:51.735 [FXGL Background Thread 3 ] DEBUG Engine               - devEnableDebugCameraProperty: BooleanProperty [value: false]
07:40:51.735 [FXGL Background Thread 3 ] DEBUG Engine               - devSensorColorProperty: ObjectProperty [value: 0xffff00ff]
07:40:51.735 [FXGL Background Thread 3 ] DEBUG Engine               - devShowBBoxProperty: BooleanProperty [value: false]
07:40:51.736 [FXGL Background Thread 3 ] DEBUG Engine               - devShowPositionProperty: BooleanProperty [value: false]
07:40:51.736 [FXGL Background Thread 3 ] DEBUG Engine               - enabledMenuItems: []
07:40:51.736 [FXGL Background Thread 3 ] DEBUG Engine               - engineServices: [class com.almasb.fxgl.app.services.FXGLAssetLoaderService, class com.almasb.fxgl.app.FXGLApplication$GameApplicationService, class com.almasb.fxgl.app.services.FXGLDialogService, class com.almasb.fxgl.app.services.IOTaskExecutorService, class com.almasb.fxgl.io.FileSystemService, class com.almasb.fxgl.localization.LocalizationService, class com.almasb.fxgl.app.services.SystemBundleService, class com.almasb.fxgl.profile.SaveLoadService, class com.almasb.fxgl.ui.FXGLUIFactoryServiceProvider, class com.almasb.fxgl.ui.FXGLDialogFactoryServiceProvider, class com.almasb.fxgl.audio.AudioPlayer, class com.almasb.fxgl.notification.impl.NotificationServiceProvider, class com.almasb.fxgl.achievement.AchievementService, class com.almasb.fxgl.cutscene.CutsceneService, class com.almasb.fxgl.minigames.MiniGameService, class com.almasb.fxgl.net.NetService, class com.almasb.fxgl.app.services.UpdaterService, class com.almasb.fxgl.dev.DevService]
07:40:51.736 [FXGL Background Thread 3 ] DEBUG Engine               - fontGame: Abel-Regular.ttf
07:40:51.736 [FXGL Background Thread 3 ] DEBUG Engine               - fontMono: TerminalLandMono-Regular.otf
07:40:51.736 [FXGL Background Thread 3 ] DEBUG Engine               - fontSizeScaleUI: 1.0
07:40:51.736 [FXGL Background Thread 3 ] DEBUG Engine               - fontText: Courier-Prime.ttf
07:40:51.736 [FXGL Background Thread 3 ] DEBUG Engine               - fontUI: VarelaRound-Regular.ttf
07:40:51.737 [FXGL Background Thread 3 ] DEBUG Engine               - fpsRefreshRate: 500.0 ms
07:40:51.737 [FXGL Background Thread 3 ] DEBUG Engine               - fullScreen: BooleanProperty [value: false]
07:40:51.737 [FXGL Background Thread 3 ] DEBUG Engine               - gameDifficulty: MEDIUM
07:40:51.737 [FXGL Background Thread 3 ] DEBUG Engine               - gameDifficultyProperty: ObjectProperty [value: MEDIUM]
07:40:51.737 [FXGL Background Thread 3 ] DEBUG Engine               - globalMusicVolume: 0.5
07:40:51.737 [FXGL Background Thread 3 ] DEBUG Engine               - globalMusicVolumeProperty: DoubleProperty [value: 0.5]
07:40:51.737 [FXGL Background Thread 3 ] DEBUG Engine               - globalSoundVolume: 0.5
07:40:51.737 [FXGL Background Thread 3 ] DEBUG Engine               - globalSoundVolumeProperty: DoubleProperty [value: 0.5]
07:40:51.737 [FXGL Background Thread 3 ] DEBUG Engine               - height: 880
07:40:51.737 [FXGL Background Thread 3 ] DEBUG Engine               - is3D: false
07:40:51.737 [FXGL Background Thread 3 ] DEBUG Engine               - isAndroid: false
07:40:51.738 [FXGL Background Thread 3 ] DEBUG Engine               - isBrowser: false
07:40:51.738 [FXGL Background Thread 3 ] DEBUG Engine               - isClickFeedbackEnabled: false
07:40:51.738 [FXGL Background Thread 3 ] DEBUG Engine               - isCloseConfirmation: false
07:40:51.738 [FXGL Background Thread 3 ] DEBUG Engine               - isDesktop: true
07:40:51.738 [FXGL Background Thread 3 ] DEBUG Engine               - isDeveloperMenuEnabled: false
07:40:51.738 [FXGL Background Thread 3 ] DEBUG Engine               - isEmbedded: false
07:40:51.738 [FXGL Background Thread 3 ] DEBUG Engine               - isEntityPreloadEnabled: true
07:40:51.738 [FXGL Background Thread 3 ] DEBUG Engine               - isExperimentalTiledLargeMap: false
07:40:51.738 [FXGL Background Thread 3 ] DEBUG Engine               - isFileSystemWriteAllowed: true
07:40:51.738 [FXGL Background Thread 3 ] DEBUG Engine               - isFullScreenAllowed: true
07:40:51.738 [FXGL Background Thread 3 ] DEBUG Engine               - isFullScreenFromStart: false
07:40:51.738 [FXGL Background Thread 3 ] DEBUG Engine               - isGameMenuEnabled: true
07:40:51.739 [FXGL Background Thread 3 ] DEBUG Engine               - isIOS: false
07:40:51.739 [FXGL Background Thread 3 ] DEBUG Engine               - isIntroEnabled: false
07:40:51.739 [FXGL Background Thread 3 ] DEBUG Engine               - isLinux: false
07:40:51.739 [FXGL Background Thread 3 ] DEBUG Engine               - isMac: false
07:40:51.739 [FXGL Background Thread 3 ] DEBUG Engine               - isMainMenuEnabled: false
07:40:51.739 [FXGL Background Thread 3 ] DEBUG Engine               - isManualResizeEnabled: false
07:40:51.739 [FXGL Background Thread 3 ] DEBUG Engine               - isMobile: false
07:40:51.739 [FXGL Background Thread 3 ] DEBUG Engine               - isNative: false
07:40:51.739 [FXGL Background Thread 3 ] DEBUG Engine               - isPauseMusicWhenMinimized: true
07:40:51.739 [FXGL Background Thread 3 ] DEBUG Engine               - isPreserveResizeRatio: false
07:40:51.740 [FXGL Background Thread 3 ] DEBUG Engine               - isProfilingEnabled: false
07:40:51.740 [FXGL Background Thread 3 ] DEBUG Engine               - isScaleAffectedOnResize: true
07:40:51.740 [FXGL Background Thread 3 ] DEBUG Engine               - isSingleStep: false
07:40:51.740 [FXGL Background Thread 3 ] DEBUG Engine               - isUserProfileEnabled: false
07:40:51.740 [FXGL Background Thread 3 ] DEBUG Engine               - isWindows: true
07:40:51.740 [FXGL Background Thread 3 ] DEBUG Engine               - language: ObjectProperty [value: ENGLISH]
07:40:51.740 [FXGL Background Thread 3 ] DEBUG Engine               - menuKey: ESCAPE
07:40:51.740 [FXGL Background Thread 3 ] DEBUG Engine               - mouseSensitivity: 0.2
07:40:51.740 [FXGL Background Thread 3 ] DEBUG Engine               - notificationViewClass: class com.almasb.fxgl.notification.view.XboxNotificationView
07:40:51.740 [FXGL Background Thread 3 ] DEBUG Engine               - pixelsPerMeter: 50.0
07:40:51.740 [FXGL Background Thread 3 ] DEBUG Engine               - platform: WINDOWS
07:40:51.740 [FXGL Background Thread 3 ] DEBUG Engine               - prefHeightProperty: ReadOnlyDoubleProperty [value: 880.0]
07:40:51.740 [FXGL Background Thread 3 ] DEBUG Engine               - prefWidthProperty: ReadOnlyDoubleProperty [value: 1280.0]
07:40:51.741 [FXGL Background Thread 3 ] DEBUG Engine               - profileDir: profiles/
07:40:51.741 [FXGL Background Thread 3 ] DEBUG Engine               - profileName: StringProperty [value: DEFAULT]
07:40:51.741 [FXGL Background Thread 3 ] DEBUG Engine               - randomSeed: -1
07:40:51.741 [FXGL Background Thread 3 ] DEBUG Engine               - runtimeInfo: RuntimeInfo(platform=WINDOWS, version=25, build=05.02.2026 22.57)
07:40:51.741 [FXGL Background Thread 3 ] DEBUG Engine               - saveFileExt: sav
07:40:51.741 [FXGL Background Thread 3 ] DEBUG Engine               - scaledHeightProp$fxgl: DoubleProperty [bound, value: 880.0]
07:40:51.741 [FXGL Background Thread 3 ] DEBUG Engine               - scaledWidthProp$fxgl: DoubleProperty [bound, value: 1280.0]
07:40:51.741 [FXGL Background Thread 3 ] DEBUG Engine               - sceneFactory: com.almasb.fxgl.app.scene.SceneFactory@f2ea463
07:40:51.741 [FXGL Background Thread 3 ] DEBUG Engine               - secondsIn24h: 60
07:40:51.741 [FXGL Background Thread 3 ] DEBUG Engine               - soundMenuBack: menu/back.wav
07:40:51.741 [FXGL Background Thread 3 ] DEBUG Engine               - soundMenuPress: menu/press.wav
07:40:51.742 [FXGL Background Thread 3 ] DEBUG Engine               - soundMenuSelect: menu/select.wav
07:40:51.742 [FXGL Background Thread 3 ] DEBUG Engine               - soundNotification: core/notification.wav
07:40:51.742 [FXGL Background Thread 3 ] DEBUG Engine               - stageStyle: DECORATED
07:40:51.742 [FXGL Background Thread 3 ] DEBUG Engine               - supportedLanguages: [ENGLISH, FRENCH, GERMAN, HUNGARIAN, RUSSIAN]
07:40:51.742 [FXGL Background Thread 3 ] DEBUG Engine               - ticksPerSecond: -1
07:40:51.742 [FXGL Background Thread 3 ] DEBUG Engine               - title: Mein erstes Game mit FXGL
07:40:51.742 [FXGL Background Thread 3 ] DEBUG Engine               - urlGithub: https://github.com/AlmasB/FXGL
07:40:51.742 [FXGL Background Thread 3 ] DEBUG Engine               - urlLeaderboard: http://fxgl-top.herokuapp.com/
07:40:51.742 [FXGL Background Thread 3 ] DEBUG Engine               - urlPOM: https://raw.githubusercontent.com/AlmasB/FXGL/release/README.md
07:40:51.742 [FXGL Background Thread 3 ] DEBUG Engine               - userAppClass: class btaahaus.ahrfxglgame.App
07:40:51.742 [FXGL Background Thread 3 ] DEBUG Engine               - version: 0.0.1
07:40:51.742 [FXGL Background Thread 3 ] DEBUG Engine               - versionCheckDays: 7
07:40:51.742 [FXGL Background Thread 3 ] DEBUG Engine               - width: 1280
07:40:51.742 [FXGL Background Thread 3 ] DEBUG Engine               - Logging services
07:40:51.742 [FXGL Background Thread 3 ] DEBUG Engine               - class com.almasb.fxgl.app.services.FXGLAssetLoaderService
07:40:51.743 [FXGL Background Thread 3 ] DEBUG Engine               - class com.almasb.fxgl.app.FXGLApplication$GameApplicationService
07:40:51.743 [FXGL Background Thread 3 ] DEBUG Engine               - class com.almasb.fxgl.app.services.FXGLDialogService
07:40:51.743 [FXGL Background Thread 3 ] DEBUG Engine               - class com.almasb.fxgl.app.services.IOTaskExecutorService
07:40:51.743 [FXGL Background Thread 3 ] DEBUG Engine               - class com.almasb.fxgl.io.FileSystemService
07:40:51.743 [FXGL Background Thread 3 ] DEBUG Engine               - class com.almasb.fxgl.localization.LocalizationService
07:40:51.743 [FXGL Background Thread 3 ] DEBUG Engine               - class com.almasb.fxgl.app.services.SystemBundleService
07:40:51.743 [FXGL Background Thread 3 ] DEBUG Engine               - class com.almasb.fxgl.profile.SaveLoadService
07:40:51.743 [FXGL Background Thread 3 ] DEBUG Engine               - class com.almasb.fxgl.ui.FXGLUIFactoryServiceProvider
07:40:51.743 [FXGL Background Thread 3 ] DEBUG Engine               - class com.almasb.fxgl.ui.FXGLDialogFactoryServiceProvider
07:40:51.743 [FXGL Background Thread 3 ] DEBUG Engine               - class com.almasb.fxgl.audio.AudioPlayer
07:40:51.743 [FXGL Background Thread 3 ] DEBUG Engine               - class com.almasb.fxgl.notification.impl.NotificationServiceProvider
07:40:51.743 [FXGL Background Thread 3 ] DEBUG Engine               - class com.almasb.fxgl.achievement.AchievementService
07:40:51.743 [FXGL Background Thread 3 ] DEBUG Engine               - class com.almasb.fxgl.cutscene.CutsceneService
07:40:51.743 [FXGL Background Thread 3 ] DEBUG Engine               - class com.almasb.fxgl.minigames.MiniGameService
07:40:51.743 [FXGL Background Thread 3 ] DEBUG Engine               - class com.almasb.fxgl.net.NetService
07:40:51.743 [FXGL Background Thread 3 ] DEBUG Engine               - class com.almasb.fxgl.app.services.UpdaterService
07:40:51.743 [FXGL Background Thread 3 ] DEBUG Engine               - class com.almasb.fxgl.dev.DevService
07:43:03.869 [JavaFX Application Thread] DEBUG FXGLApplication      - Exiting FXGL
07:43:03.869 [JavaFX Application Thread] DEBUG LoopRunner           - Stopping loop
07:43:03.869 [JavaFX Application Thread] DEBUG SystemBundleService  - Saving FXGL system data
07:43:03.871 [JavaFX Application Thread] DEBUG FileSystemAccess     - Writing to: C:\Users\administrator\Documents\NetBeansProjekte\ahrFXGLGame\system\fxgl.bundle
07:43:03.873 [JavaFX Application Thread] DEBUG Async                - Shutting down background threads
07:43:03.873 [JavaFX Application Thread] DEBUG PrimaryStageWindow   - Closing main window
07:43:03.882 [JavaFX Application Thread] DEBUG Logger               - Closing Logger
