08:32:19.450 [main                     ] DEBUG Logger               - Configured Logger
08:32:19.462 [main                     ] DEBUG GameApplication      - Logging settings
Title: Mein erstes Game mit FXGL
Version: 0.0.1
Width: 1280
Height: 880
Fullscreen: true
Intro: false
Profiling: false
Single step:false
App Mode: DEVELOPER
Menu Key: ESCAPE
Stage Style: DECORATED
Scene Factory: class com.almasb.fxgl.app.scene.SceneFactory

08:32:20.747 [JavaFX Application Thread] DEBUG FXGLApplication      - Initializing FXGL
08:32:20.752 [JavaFX Application Thread] INFO  Engine               - FXGL-25 (05.02.2026 22.57) on WINDOWS (J:25.0.2 FX:25.0.1)
08:32:20.752 [JavaFX Application Thread] DEBUG Engine               - JRE Vendor Name: Eclipse Adoptium
08:32:20.752 [JavaFX Application Thread] DEBUG Engine               - Running on OS: Windows 10 version 10.0
08:32:20.752 [JavaFX Application Thread] DEBUG Engine               - Architecture: amd64
08:32:20.752 [JavaFX Application Thread] INFO  Engine               - Source code and latest versions at: https://github.com/AlmasB/FXGL
08:32:20.752 [JavaFX Application Thread] INFO  Engine               -       Ask questions and discuss at: https://github.com/AlmasB/FXGL/discussions
08:32:20.895 [JavaFX Application Thread] DEBUG PrimaryStageWindow   - Creating a JavaFX scene
08:32:20.982 [JavaFX Application Thread] DEBUG PrimaryStageWindow   - Target settings size: 1280.0 x 880.0
08:32:20.982 [JavaFX Application Thread] DEBUG PrimaryStageWindow   - Scaled scene size:    1280.0 x 880.0
08:32:20.982 [JavaFX Application Thread] DEBUG PrimaryStageWindow   - Scaled ratio: (1.0, 1.0)
08:32:20.984 [JavaFX Application Thread] DEBUG PrimaryStageWindow   - Set initial scene to FXGLStartupScene
08:32:20.993 [JavaFX Application Thread] DEBUG PrimaryStageWindow   - Opening main window
08:32:21.519 [JavaFX Application Thread] DEBUG PrimaryStageWindow   - Window border size: (16.0, 39.0)
08:32:21.520 [JavaFX Application Thread] DEBUG PrimaryStageWindow   - Scaled size: 1280.0 x 880.0
08:32:21.520 [JavaFX Application Thread] DEBUG PrimaryStageWindow   - Scaled ratio: (1.0, 1.0)
08:32:21.520 [JavaFX Application Thread] DEBUG PrimaryStageWindow   - Scene size: 1280.0 x 880.0
08:32:21.520 [JavaFX Application Thread] DEBUG PrimaryStageWindow   - Stage size: 1296.0 x 919.0
08:32:21.626 [FXGL Background Thread 1 ] DEBUG Engine               - Initializing environment variables
08:32:21.680 [FXGL Background Thread 1 ] DEBUG FXGLAssetLoaderServi - User app class for loading assets: class btaahaus.spaceInvader.App
08:32:21.681 [FXGL Background Thread 1 ] DEBUG GameApplicationServi - Applying CSS: fxgl_dark.css
08:32:21.681 [FXGL Background Thread 1 ] DEBUG FXGLAssetLoaderServi - Loading from file system: jar:file:/C:/Users/Gerighausen/.m2/repository/com/github/almasb/fxgl/25/fxgl-25.jar!/fxglassets/ui/css/fxgl_dark.css
08:32:21.738 [FXGL Background Thread 1 ] DEBUG GameApplicationServi - Initializing application scenes
08:32:21.825 [FXGL Background Thread 1 ] DEBUG GameWorld            - Game world initialized
08:32:21.879 [FXGL Background Thread 1 ] DEBUG PhysicsWorld         - Physics world initialized: appHeight=880, physics.ppm=50,0
08:32:21.879 [FXGL Background Thread 1 ] DEBUG PhysicsWorld         - Using strategy: BRUTE_FORCE
08:32:21.884 [FXGL Background Thread 1 ] DEBUG GameScene            - Game scene initialized: 1280x880
08:32:21.900 [FXGL Background Thread 1 ] DEBUG FXGL.DefaultMenu     - createMenuBodyGameMenu()
08:32:21.918 [FXGL Background Thread 1 ] DEBUG FXGL.DefaultMenu     - createOptionsMenu()
08:32:21.931 [FXGL Background Thread 1 ] DEBUG FXGLAssetLoaderServi - Loading from file system: jar:file:/C:/Users/Gerighausen/.m2/repository/com/github/almasb/fxgl/25/fxgl-25.jar!/fxglassets/textures/particles/smoke.png
08:32:22.017 [FXGL Background Thread 1 ] DEBUG FXGLAssetLoaderServi - Loading from file system: jar:file:/C:/Users/Gerighausen/.m2/repository/com/github/almasb/fxgl/25/fxgl-25.jar!/fxglassets/textures/particles/trace_horizontal.png
08:32:22.044 [FXGL Background Thread 1 ] DEBUG GameApplicationServi - Application scenes initialized
08:32:22.061 [FXGL Background Thread 1 ] DEBUG SystemBundleService  - Loading FXGL system data
08:32:22.069 [FXGL Background Thread 1 ] DEBUG FileSystemAccess     - Reading from: C:\Users\Gerighausen\Documents\NetBeansProjects\spaceInvader\system\fxgl.bundle
08:32:22.077 [FXGL Background Thread 1 ] DEBUG SystemBundleService  - Bundle FXGL: {}
08:32:22.077 [FXGL Background Thread 1 ] DEBUG UpdaterService       - Checking for updates
08:32:22.082 [FXGL Background Thread 1 ] DEBUG FXGLApplication      - Loading default localization
08:32:22.083 [FXGL Background Thread 1 ] DEBUG FXGLAssetLoaderServi - Loading from file system: jar:file:/C:/Users/Gerighausen/.m2/repository/com/github/almasb/fxgl/25/fxgl-25.jar!/fxglassets/languages/english.lang
08:32:22.088 [FXGL Background Thread 4 ] DEBUG FXGLApplication      - Loading fonts
08:32:22.088 [FXGL Background Thread 4 ] DEBUG FXGLAssetLoaderServi - Loading from file system: jar:file:/C:/Users/Gerighausen/.m2/repository/com/github/almasb/fxgl/25/fxgl-25.jar!/fxglassets/ui/fonts/VarelaRound-Regular.ttf
08:32:22.100 [FXGL Background Thread 1 ] INFO  FXGLApplication      - FXGL initialization took: 0,474 sec
08:32:22.109 [JavaFX Application Thread] DEBUG Input                - Registered new binding: right - D
08:32:22.109 [JavaFX Application Thread] DEBUG Input                - Registered new binding: left - A
08:32:22.109 [JavaFX Application Thread] DEBUG Input                - Registered new binding: up - W
08:32:22.109 [JavaFX Application Thread] DEBUG Input                - Registered new binding: down - S
08:32:22.111 [JavaFX Application Thread] DEBUG FXGLAssetLoaderServi - Loading from file system: jar:file:/C:/Users/Gerighausen/.m2/repository/com/github/almasb/fxgl/25/fxgl-25.jar!/fxglassets/textures/fxgl_icon.png
08:32:22.138 [JavaFX Application Thread] DEBUG FXGLAssetLoaderServi - Loading from file system: jar:file:/C:/Users/Gerighausen/.m2/repository/com/github/almasb/fxgl/25/fxgl-25.jar!/fxglassets/textures/fxgl_default_cursor.png
08:32:22.142 [JavaFX Application Thread] DEBUG Input                - Registered new binding: Screenshot - CTRL+8
08:32:22.143 [JavaFX Application Thread] DEBUG Input                - Registered new binding: System info dump - CTRL+9
08:32:22.143 [JavaFX Application Thread] DEBUG Input                - Registered new binding: Restart - CTRL+R
08:32:22.144 [JavaFX Application Thread] DEBUG Input                - Registered new binding: Toggle Debug Camera - CTRL+7
08:32:22.146 [JavaFX Application Thread] DEBUG LoopRunner           - Starting loop
08:32:22.146 [JavaFX Application Thread] DEBUG LoopRunner           - Initializing JavaFX AnimationTimerLoop
08:32:22.148 [JavaFX Application Thread] DEBUG GameApplicationServi - Starting new game
08:32:22.149 [JavaFX Application Thread] DEBUG Input                - Clearing active input actions
08:32:22.162 [JavaFX Application Thread] DEBUG GameApplicationServi - Removing overlay from FXGLStartupScene and adding to FXGLLoadingScene
08:32:22.163 [JavaFX Application Thread] DEBUG PrimaryStageWindow   - FXGLStartupScene -> FXGLLoadingScene
08:32:22.163 [JavaFX Application Thread] DEBUG GameApplicationServi - Clearing previous game
08:32:22.163 [JavaFX Application Thread] DEBUG GameScene            - Clearing game scene
08:32:22.163 [JavaFX Application Thread] DEBUG GameWorld            - Clearing game world
08:32:22.163 [JavaFX Application Thread] DEBUG PhysicsWorld         - Clearing physics world
08:32:22.165 [FXGL Background Thread 1 ] DEBUG FXGLApplication      - Initializing game
08:32:22.234 [FXGL Background Thread 1 ] DEBUG FXGLAssetLoaderServi - Loading from file system: file:/C:/Users/Gerighausen/Documents/NetBeansProjects/spaceInvader/target/classes/assets/textures/bgSpace.jpg
08:32:22.347 [FXGL Background Thread 4 ] DEBUG FXGLAssetLoaderServi - Loading from file system: jar:file:/C:/Users/Gerighausen/.m2/repository/com/github/almasb/fxgl/25/fxgl-25.jar!/fxglassets/ui/fonts/Abel-Regular.ttf
08:32:22.405 [FXGL Background Thread 4 ] DEBUG FXGLAssetLoaderServi - Loading from file system: jar:file:/C:/Users/Gerighausen/.m2/repository/com/github/almasb/fxgl/25/fxgl-25.jar!/fxglassets/ui/fonts/TerminalLandMono-Regular.otf
08:32:22.412 [FXGL Background Thread 4 ] DEBUG FXGLAssetLoaderServi - Loading from file system: jar:file:/C:/Users/Gerighausen/.m2/repository/com/github/almasb/fxgl/25/fxgl-25.jar!/fxglassets/ui/fonts/Courier-Prime.ttf
08:32:22.424 [JavaFX Application Thread] DEBUG FXGLApplication      - Registering font factories with UI factory
08:32:22.428 [FXGL Background Thread 1 ] DEBUG FXGLAssetLoaderServi - Loading from file system: file:/C:/Users/Gerighausen/Documents/NetBeansProjects/spaceInvader/target/classes/assets/textures/meteorit.png
08:32:22.474 [JavaFX Application Thread] DEBUG LoopRunner           - Stopping loop
08:32:22.476 [JavaFX Application Thread] FATAL FXGLApplication      - Uncaught Exception:
java.lang.RuntimeException: Initialization failed
	at com.almasb.fxgl.app.FXGLApplication$InitAppTask.failed(FXGLApplication.kt:350)
	at javafx.concurrent.Task.setState(Task.java:709)
	at javafx.concurrent.Task$TaskCallable.lambda$call$2(Task.java:1437)
	at com.sun.javafx.application.PlatformImpl.lambda$runLater$0(PlatformImpl.java:424)
	at com.sun.glass.ui.InvokeLaterDispatcher$Future.run(InvokeLaterDispatcher.java:95)
	at com.sun.glass.ui.win.WinApplication._runLoop(Native Method)
	at com.sun.glass.ui.win.WinApplication.lambda$runLoop$0(WinApplication.java:168)
	at java.base/java.lang.Thread.run(Thread.java:1474)
Caused by: java.lang.ArithmeticException: / by zero
	at btaahaus.spaceInvader.App.initGame(App.java:58)
	at com.almasb.fxgl.app.FXGLApplication$InitAppTask.initGame(FXGLApplication.kt:346)
	at com.almasb.fxgl.app.FXGLApplication$InitAppTask.call(FXGLApplication.kt:324)
	at com.almasb.fxgl.app.FXGLApplication$InitAppTask.call(FXGLApplication.kt:316)
	at javafx.concurrent.Task$TaskCallable.call(Task.java:1407)
	at java.base/java.util.concurrent.FutureTask.run(FutureTask.java:328)
	at java.base/java.util.concurrent.Executors$RunnableAdapter.call(Executors.java:545)
	at java.base/java.util.concurrent.FutureTask.run(FutureTask.java:328)
	at java.base/java.util.concurrent.ThreadPoolExecutor.runWorker(ThreadPoolExecutor.java:1090)
	at java.base/java.util.concurrent.ThreadPoolExecutor$Worker.run(ThreadPoolExecutor.java:614)
	... 1 more

08:32:22.476 [JavaFX Application Thread] FATAL FXGLApplication      - Application will now exit
08:32:22.531 [JavaFX Application Thread] DEBUG PrimaryStageWindow   - Push state: ErrorSubScene
08:32:22.531 [JavaFX Application Thread] DEBUG Input                - Clearing active input actions
08:32:22.537 [JavaFX Application Thread] DEBUG GameApplicationServi - Removing overlay from FXGLLoadingScene and adding to ErrorSubScene
08:32:22.537 [JavaFX Application Thread] DEBUG PrimaryStageWindow   - FXGLLoadingScene -> ErrorSubScene
08:32:25.080 [FXGL Background Thread 3 ] DEBUG Engine               - Logging environment variables
08:32:25.081 [FXGL Background Thread 3 ] DEBUG Engine               - achievements: []
08:32:25.081 [FXGL Background Thread 3 ] DEBUG Engine               - actualHeight: 880.0
08:32:25.081 [FXGL Background Thread 3 ] DEBUG Engine               - actualHeightProperty: ReadOnlyDoubleProperty [value: 880.0]
08:32:25.081 [FXGL Background Thread 3 ] DEBUG Engine               - actualWidth: 1280.0
08:32:25.081 [FXGL Background Thread 3 ] DEBUG Engine               - actualWidthProperty: ReadOnlyDoubleProperty [value: 1280.0]
08:32:25.081 [FXGL Background Thread 3 ] DEBUG Engine               - appIcon: fxgl_icon.png
08:32:25.081 [FXGL Background Thread 3 ] DEBUG Engine               - applicationMode: DEVELOPER
08:32:25.081 [FXGL Background Thread 3 ] DEBUG Engine               - cSSList: [fxgl_dark.css]
08:32:25.082 [FXGL Background Thread 3 ] DEBUG Engine               - collisionDetectionStrategy: BRUTE_FORCE
08:32:25.082 [FXGL Background Thread 3 ] DEBUG Engine               - configClass: Optional.empty
08:32:25.082 [FXGL Background Thread 3 ] DEBUG Engine               - credits: []
08:32:25.082 [FXGL Background Thread 3 ] DEBUG Engine               - defaultCursor: CursorInfo(imageName=fxgl_default_cursor.png, hotspotX=7.0, hotspotY=6.0)
08:32:25.082 [FXGL Background Thread 3 ] DEBUG Engine               - devBBoxColorProperty: ObjectProperty [value: 0xff0000ff]
08:32:25.083 [FXGL Background Thread 3 ] DEBUG Engine               - devEnableDebugCameraProperty: BooleanProperty [value: false]
08:32:25.083 [FXGL Background Thread 3 ] DEBUG Engine               - devSensorColorProperty: ObjectProperty [value: 0xffff00ff]
08:32:25.083 [FXGL Background Thread 3 ] DEBUG Engine               - devShowBBoxProperty: BooleanProperty [value: false]
08:32:25.083 [FXGL Background Thread 3 ] DEBUG Engine               - devShowPositionProperty: BooleanProperty [value: false]
08:32:25.083 [FXGL Background Thread 3 ] DEBUG Engine               - enabledMenuItems: []
08:32:25.083 [FXGL Background Thread 3 ] DEBUG Engine               - engineServices: [class com.almasb.fxgl.app.services.FXGLAssetLoaderService, class com.almasb.fxgl.app.FXGLApplication$GameApplicationService, class com.almasb.fxgl.app.services.FXGLDialogService, class com.almasb.fxgl.app.services.IOTaskExecutorService, class com.almasb.fxgl.io.FileSystemService, class com.almasb.fxgl.localization.LocalizationService, class com.almasb.fxgl.app.services.SystemBundleService, class com.almasb.fxgl.profile.SaveLoadService, class com.almasb.fxgl.ui.FXGLUIFactoryServiceProvider, class com.almasb.fxgl.ui.FXGLDialogFactoryServiceProvider, class com.almasb.fxgl.audio.AudioPlayer, class com.almasb.fxgl.notification.impl.NotificationServiceProvider, class com.almasb.fxgl.achievement.AchievementService, class com.almasb.fxgl.cutscene.CutsceneService, class com.almasb.fxgl.minigames.MiniGameService, class com.almasb.fxgl.net.NetService, class com.almasb.fxgl.app.services.UpdaterService, class com.almasb.fxgl.dev.DevService]
08:32:25.083 [FXGL Background Thread 3 ] DEBUG Engine               - fontGame: Abel-Regular.ttf
08:32:25.083 [FXGL Background Thread 3 ] DEBUG Engine               - fontMono: TerminalLandMono-Regular.otf
08:32:25.083 [FXGL Background Thread 3 ] DEBUG Engine               - fontSizeScaleUI: 1.0
08:32:25.083 [FXGL Background Thread 3 ] DEBUG Engine               - fontText: Courier-Prime.ttf
08:32:25.084 [FXGL Background Thread 3 ] DEBUG Engine               - fontUI: VarelaRound-Regular.ttf
08:32:25.084 [FXGL Background Thread 3 ] DEBUG Engine               - fpsRefreshRate: 500.0 ms
08:32:25.084 [FXGL Background Thread 3 ] DEBUG Engine               - fullScreen: BooleanProperty [value: false]
08:32:25.084 [FXGL Background Thread 3 ] DEBUG Engine               - gameDifficulty: MEDIUM
08:32:25.084 [FXGL Background Thread 3 ] DEBUG Engine               - gameDifficultyProperty: ObjectProperty [value: MEDIUM]
08:32:25.084 [FXGL Background Thread 3 ] DEBUG Engine               - globalMusicVolume: 0.5
08:32:25.084 [FXGL Background Thread 3 ] DEBUG Engine               - globalMusicVolumeProperty: DoubleProperty [value: 0.5]
08:32:25.085 [FXGL Background Thread 3 ] DEBUG Engine               - globalSoundVolume: 0.5
08:32:25.085 [FXGL Background Thread 3 ] DEBUG Engine               - globalSoundVolumeProperty: DoubleProperty [value: 0.5]
08:32:25.085 [FXGL Background Thread 3 ] DEBUG Engine               - height: 880
08:32:25.085 [FXGL Background Thread 3 ] DEBUG Engine               - is3D: false
08:32:25.085 [FXGL Background Thread 3 ] DEBUG Engine               - isAndroid: false
08:32:25.085 [FXGL Background Thread 3 ] DEBUG Engine               - isBrowser: false
08:32:25.085 [FXGL Background Thread 3 ] DEBUG Engine               - isClickFeedbackEnabled: false
08:32:25.085 [FXGL Background Thread 3 ] DEBUG Engine               - isCloseConfirmation: false
08:32:25.085 [FXGL Background Thread 3 ] DEBUG Engine               - isDesktop: true
08:32:25.085 [FXGL Background Thread 3 ] DEBUG Engine               - isDeveloperMenuEnabled: false
08:32:25.085 [FXGL Background Thread 3 ] DEBUG Engine               - isEmbedded: false
08:32:25.085 [FXGL Background Thread 3 ] DEBUG Engine               - isEntityPreloadEnabled: true
08:32:25.085 [FXGL Background Thread 3 ] DEBUG Engine               - isExperimentalTiledLargeMap: false
08:32:25.086 [FXGL Background Thread 3 ] DEBUG Engine               - isFileSystemWriteAllowed: true
08:32:25.086 [FXGL Background Thread 3 ] DEBUG Engine               - isFullScreenAllowed: true
08:32:25.086 [FXGL Background Thread 3 ] DEBUG Engine               - isFullScreenFromStart: false
08:32:25.086 [FXGL Background Thread 3 ] DEBUG Engine               - isGameMenuEnabled: true
08:32:25.086 [FXGL Background Thread 3 ] DEBUG Engine               - isIOS: false
08:32:25.086 [FXGL Background Thread 3 ] DEBUG Engine               - isIntroEnabled: false
08:32:25.086 [FXGL Background Thread 3 ] DEBUG Engine               - isLinux: false
08:32:25.086 [FXGL Background Thread 3 ] DEBUG Engine               - isMac: false
08:32:25.086 [FXGL Background Thread 3 ] DEBUG Engine               - isMainMenuEnabled: false
08:32:25.086 [FXGL Background Thread 3 ] DEBUG Engine               - isManualResizeEnabled: false
08:32:25.086 [FXGL Background Thread 3 ] DEBUG Engine               - isMobile: false
08:32:25.086 [FXGL Background Thread 3 ] DEBUG Engine               - isNative: false
08:32:25.086 [FXGL Background Thread 3 ] DEBUG Engine               - isPauseMusicWhenMinimized: true
08:32:25.087 [FXGL Background Thread 3 ] DEBUG Engine               - isPreserveResizeRatio: false
08:32:25.087 [FXGL Background Thread 3 ] DEBUG Engine               - isProfilingEnabled: false
08:32:25.087 [FXGL Background Thread 3 ] DEBUG Engine               - isScaleAffectedOnResize: true
08:32:25.087 [FXGL Background Thread 3 ] DEBUG Engine               - isSingleStep: false
08:32:25.087 [FXGL Background Thread 3 ] DEBUG Engine               - isUserProfileEnabled: false
08:32:25.087 [FXGL Background Thread 3 ] DEBUG Engine               - isWindows: true
08:32:25.087 [FXGL Background Thread 3 ] DEBUG Engine               - language: ObjectProperty [value: ENGLISH]
08:32:25.087 [FXGL Background Thread 3 ] DEBUG Engine               - menuKey: ESCAPE
08:32:25.087 [FXGL Background Thread 3 ] DEBUG Engine               - mouseSensitivity: 0.2
08:32:25.087 [FXGL Background Thread 3 ] DEBUG Engine               - notificationViewClass: class com.almasb.fxgl.notification.view.XboxNotificationView
08:32:25.087 [FXGL Background Thread 3 ] DEBUG Engine               - pixelsPerMeter: 50.0
08:32:25.087 [FXGL Background Thread 3 ] DEBUG Engine               - platform: WINDOWS
08:32:25.087 [FXGL Background Thread 3 ] DEBUG Engine               - prefHeightProperty: ReadOnlyDoubleProperty [value: 880.0]
08:32:25.088 [FXGL Background Thread 3 ] DEBUG Engine               - prefWidthProperty: ReadOnlyDoubleProperty [value: 1280.0]
08:32:25.088 [FXGL Background Thread 3 ] DEBUG Engine               - profileDir: profiles/
08:32:25.088 [FXGL Background Thread 3 ] DEBUG Engine               - profileName: StringProperty [value: DEFAULT]
08:32:25.088 [FXGL Background Thread 3 ] DEBUG Engine               - randomSeed: -1
08:32:25.088 [FXGL Background Thread 3 ] DEBUG Engine               - runtimeInfo: RuntimeInfo(platform=WINDOWS, version=25, build=05.02.2026 22.57)
08:32:25.088 [FXGL Background Thread 3 ] DEBUG Engine               - saveFileExt: sav
08:32:25.088 [FXGL Background Thread 3 ] DEBUG Engine               - scaledHeightProp$fxgl: DoubleProperty [bound, value: 880.0]
08:32:25.088 [FXGL Background Thread 3 ] DEBUG Engine               - scaledWidthProp$fxgl: DoubleProperty [bound, value: 1280.0]
08:32:25.088 [FXGL Background Thread 3 ] DEBUG Engine               - sceneFactory: com.almasb.fxgl.app.scene.SceneFactory@27251b74
08:32:25.088 [FXGL Background Thread 3 ] DEBUG Engine               - secondsIn24h: 60
08:32:25.088 [FXGL Background Thread 3 ] DEBUG Engine               - soundMenuBack: menu/back.wav
08:32:25.089 [FXGL Background Thread 3 ] DEBUG Engine               - soundMenuPress: menu/press.wav
08:32:25.089 [FXGL Background Thread 3 ] DEBUG Engine               - soundMenuSelect: menu/select.wav
08:32:25.089 [FXGL Background Thread 3 ] DEBUG Engine               - soundNotification: core/notification.wav
08:32:25.089 [FXGL Background Thread 3 ] DEBUG Engine               - stageStyle: DECORATED
08:32:25.089 [FXGL Background Thread 3 ] DEBUG Engine               - supportedLanguages: [ENGLISH, FRENCH, GERMAN, HUNGARIAN, RUSSIAN]
08:32:25.089 [FXGL Background Thread 3 ] DEBUG Engine               - ticksPerSecond: -1
08:32:25.089 [FXGL Background Thread 3 ] DEBUG Engine               - title: Mein erstes Game mit FXGL
08:32:25.090 [FXGL Background Thread 3 ] DEBUG Engine               - urlGithub: https://github.com/AlmasB/FXGL
08:32:25.090 [FXGL Background Thread 3 ] DEBUG Engine               - urlLeaderboard: http://fxgl-top.herokuapp.com/
08:32:25.090 [FXGL Background Thread 3 ] DEBUG Engine               - urlPOM: https://raw.githubusercontent.com/AlmasB/FXGL/release/README.md
08:32:25.090 [FXGL Background Thread 3 ] DEBUG Engine               - userAppClass: class btaahaus.spaceInvader.App
08:32:25.090 [FXGL Background Thread 3 ] DEBUG Engine               - version: 0.0.1
08:32:25.091 [FXGL Background Thread 3 ] DEBUG Engine               - versionCheckDays: 7
08:32:25.091 [FXGL Background Thread 3 ] DEBUG Engine               - width: 1280
08:32:25.092 [FXGL Background Thread 3 ] DEBUG Engine               - Logging services
08:32:25.092 [FXGL Background Thread 3 ] DEBUG Engine               - class com.almasb.fxgl.app.services.FXGLAssetLoaderService
08:32:25.092 [FXGL Background Thread 3 ] DEBUG Engine               - class com.almasb.fxgl.app.FXGLApplication$GameApplicationService
08:32:25.092 [FXGL Background Thread 3 ] DEBUG Engine               - class com.almasb.fxgl.app.services.FXGLDialogService
08:32:25.092 [FXGL Background Thread 3 ] DEBUG Engine               - class com.almasb.fxgl.app.services.IOTaskExecutorService
08:32:25.092 [FXGL Background Thread 3 ] DEBUG Engine               - class com.almasb.fxgl.io.FileSystemService
08:32:25.092 [FXGL Background Thread 3 ] DEBUG Engine               - class com.almasb.fxgl.localization.LocalizationService
08:32:25.092 [FXGL Background Thread 3 ] DEBUG Engine               - class com.almasb.fxgl.app.services.SystemBundleService
08:32:25.092 [FXGL Background Thread 3 ] DEBUG Engine               - class com.almasb.fxgl.profile.SaveLoadService
08:32:25.092 [FXGL Background Thread 3 ] DEBUG Engine               - class com.almasb.fxgl.ui.FXGLUIFactoryServiceProvider
08:32:25.092 [FXGL Background Thread 3 ] DEBUG Engine               - class com.almasb.fxgl.ui.FXGLDialogFactoryServiceProvider
08:32:25.092 [FXGL Background Thread 3 ] DEBUG Engine               - class com.almasb.fxgl.audio.AudioPlayer
08:32:25.093 [FXGL Background Thread 3 ] DEBUG Engine               - class com.almasb.fxgl.notification.impl.NotificationServiceProvider
08:32:25.093 [FXGL Background Thread 3 ] DEBUG Engine               - class com.almasb.fxgl.achievement.AchievementService
08:32:25.093 [FXGL Background Thread 3 ] DEBUG Engine               - class com.almasb.fxgl.cutscene.CutsceneService
08:32:25.093 [FXGL Background Thread 3 ] DEBUG Engine               - class com.almasb.fxgl.minigames.MiniGameService
08:32:25.093 [FXGL Background Thread 3 ] DEBUG Engine               - class com.almasb.fxgl.net.NetService
08:32:25.093 [FXGL Background Thread 3 ] DEBUG Engine               - class com.almasb.fxgl.app.services.UpdaterService
08:32:25.093 [FXGL Background Thread 3 ] DEBUG Engine               - class com.almasb.fxgl.dev.DevService
08:39:24.425 [JavaFX Application Thread] DEBUG FXGLApplication      - Exiting FXGL
08:39:24.426 [JavaFX Application Thread] DEBUG Async                - Shutting down background threads
08:39:24.426 [JavaFX Application Thread] DEBUG PrimaryStageWindow   - Closing main window
08:39:24.437 [JavaFX Application Thread] DEBUG Logger               - Closing Logger
