20:01:25.939 [main                     ] DEBUG Logger               - Configured Logger
20:01:25.947 [main                     ] DEBUG GameApplication      - Logging settings
Title: Mein erstes Game mit FXGL
Version: 0.0.1
Width: 1280
Height: 880
Fullscreen: true
Intro: false
Profiling: false
Single step:false
App Mode: DEVELOPER
Menu Key: ESCAPE
Stage Style: DECORATED
Scene Factory: class com.almasb.fxgl.app.scene.SceneFactory

20:01:26.416 [JavaFX Application Thread] DEBUG FXGLApplication      - Initializing FXGL
20:01:26.420 [JavaFX Application Thread] INFO  Engine               - FXGL-25 (05.02.2026 22.57) on WINDOWS (J:25.0.2 FX:25.0.1)
20:01:26.420 [JavaFX Application Thread] DEBUG Engine               - JRE Vendor Name: Eclipse Adoptium
20:01:26.420 [JavaFX Application Thread] DEBUG Engine               - Running on OS: Windows 10 version 10.0
20:01:26.420 [JavaFX Application Thread] DEBUG Engine               - Architecture: amd64
20:01:26.420 [JavaFX Application Thread] INFO  Engine               - Source code and latest versions at: https://github.com/AlmasB/FXGL
20:01:26.420 [JavaFX Application Thread] INFO  Engine               -       Ask questions and discuss at: https://github.com/AlmasB/FXGL/discussions
20:01:26.539 [JavaFX Application Thread] DEBUG PrimaryStageWindow   - Creating a JavaFX scene
20:01:26.586 [JavaFX Application Thread] DEBUG PrimaryStageWindow   - Target settings size: 1280.0 x 880.0
20:01:26.586 [JavaFX Application Thread] DEBUG PrimaryStageWindow   - Scaled scene size:    1280.0 x 880.0
20:01:26.586 [JavaFX Application Thread] DEBUG PrimaryStageWindow   - Scaled ratio: (1.0, 1.0)
20:01:26.587 [JavaFX Application Thread] DEBUG PrimaryStageWindow   - Set initial scene to FXGLStartupScene
20:01:26.592 [JavaFX Application Thread] DEBUG PrimaryStageWindow   - Opening main window
20:01:26.919 [JavaFX Application Thread] DEBUG PrimaryStageWindow   - Window border size: (16.0, 39.0)
20:01:26.919 [JavaFX Application Thread] DEBUG PrimaryStageWindow   - Scaled size: 1280.0 x 880.0
20:01:26.919 [JavaFX Application Thread] DEBUG PrimaryStageWindow   - Scaled ratio: (1.0, 1.0)
20:01:26.919 [JavaFX Application Thread] DEBUG PrimaryStageWindow   - Scene size: 1280.0 x 880.0
20:01:26.919 [JavaFX Application Thread] DEBUG PrimaryStageWindow   - Stage size: 1296.0 x 919.0
20:01:26.927 [FXGL Background Thread 1 ] DEBUG Engine               - Initializing environment variables
20:01:27.004 [FXGL Background Thread 1 ] DEBUG FXGLAssetLoaderServi - User app class for loading assets: class btaahaus.ahrfxglgame.App
20:01:27.005 [FXGL Background Thread 1 ] DEBUG GameApplicationServi - Applying CSS: fxgl_dark.css
20:01:27.007 [FXGL Background Thread 1 ] DEBUG FXGLAssetLoaderServi - Loading from file system: jar:file:/C:/Users/Administrator.Rechner09/.m2/repository/com/github/almasb/fxgl/25/fxgl-25.jar!/fxglassets/ui/css/fxgl_dark.css
20:01:27.051 [FXGL Background Thread 1 ] DEBUG GameApplicationServi - Initializing application scenes
20:01:27.119 [FXGL Background Thread 1 ] DEBUG GameWorld            - Game world initialized
20:01:27.169 [FXGL Background Thread 1 ] DEBUG PhysicsWorld         - Physics world initialized: appHeight=880, physics.ppm=50,0
20:01:27.169 [FXGL Background Thread 1 ] DEBUG PhysicsWorld         - Using strategy: BRUTE_FORCE
20:01:27.176 [FXGL Background Thread 1 ] DEBUG GameScene            - Game scene initialized: 1280x880
20:01:27.191 [FXGL Background Thread 1 ] DEBUG FXGL.DefaultMenu     - createMenuBodyGameMenu()
20:01:27.211 [FXGL Background Thread 1 ] DEBUG FXGL.DefaultMenu     - createOptionsMenu()
20:01:27.220 [FXGL Background Thread 1 ] DEBUG FXGLAssetLoaderServi - Loading from file system: jar:file:/C:/Users/Administrator.Rechner09/.m2/repository/com/github/almasb/fxgl/25/fxgl-25.jar!/fxglassets/textures/particles/smoke.png
20:01:27.302 [FXGL Background Thread 1 ] DEBUG FXGLAssetLoaderServi - Loading from file system: jar:file:/C:/Users/Administrator.Rechner09/.m2/repository/com/github/almasb/fxgl/25/fxgl-25.jar!/fxglassets/textures/particles/trace_horizontal.png
20:01:27.321 [FXGL Background Thread 1 ] DEBUG GameApplicationServi - Application scenes initialized
20:01:27.333 [FXGL Background Thread 1 ] DEBUG SystemBundleService  - Loading FXGL system data
20:01:27.337 [FXGL Background Thread 1 ] DEBUG FileSystemAccess     - Reading from: C:\Users\administrator\Documents\NetBeansProjekte\ahrFXGLGame\system\fxgl.bundle
20:01:27.343 [FXGL Background Thread 1 ] DEBUG SystemBundleService  - Bundle FXGL: {}
20:01:27.343 [FXGL Background Thread 1 ] DEBUG UpdaterService       - Checking for updates
20:01:27.348 [FXGL Background Thread 1 ] DEBUG FXGLApplication      - Loading default localization
20:01:27.348 [FXGL Background Thread 1 ] DEBUG FXGLAssetLoaderServi - Loading from file system: jar:file:/C:/Users/Administrator.Rechner09/.m2/repository/com/github/almasb/fxgl/25/fxgl-25.jar!/fxglassets/languages/english.lang
20:01:27.350 [FXGL Background Thread 4 ] DEBUG FXGLApplication      - Loading fonts
20:01:27.351 [FXGL Background Thread 4 ] DEBUG FXGLAssetLoaderServi - Loading from file system: jar:file:/C:/Users/Administrator.Rechner09/.m2/repository/com/github/almasb/fxgl/25/fxgl-25.jar!/fxglassets/ui/fonts/VarelaRound-Regular.ttf
20:01:27.371 [FXGL Background Thread 1 ] INFO  FXGLApplication      - FXGL initialization took: 0,444 sec
20:01:27.380 [JavaFX Application Thread] DEBUG Input                - Registered new binding: right - D
20:01:27.380 [JavaFX Application Thread] DEBUG Input                - Registered new binding: left - A
20:01:27.381 [JavaFX Application Thread] DEBUG Input                - Registered new binding: up - W
20:01:27.381 [JavaFX Application Thread] DEBUG Input                - Registered new binding: down - S
20:01:27.381 [JavaFX Application Thread] DEBUG FXGLAssetLoaderServi - Loading from file system: jar:file:/C:/Users/Administrator.Rechner09/.m2/repository/com/github/almasb/fxgl/25/fxgl-25.jar!/fxglassets/textures/fxgl_icon.png
20:01:27.414 [FXGL Background Thread 4 ] DEBUG FXGLAssetLoaderServi - Loading from file system: jar:file:/C:/Users/Administrator.Rechner09/.m2/repository/com/github/almasb/fxgl/25/fxgl-25.jar!/fxglassets/ui/fonts/Abel-Regular.ttf
20:01:27.417 [FXGL Background Thread 4 ] DEBUG FXGLAssetLoaderServi - Loading from file system: jar:file:/C:/Users/Administrator.Rechner09/.m2/repository/com/github/almasb/fxgl/25/fxgl-25.jar!/fxglassets/ui/fonts/TerminalLandMono-Regular.otf
20:01:27.420 [FXGL Background Thread 4 ] DEBUG FXGLAssetLoaderServi - Loading from file system: jar:file:/C:/Users/Administrator.Rechner09/.m2/repository/com/github/almasb/fxgl/25/fxgl-25.jar!/fxglassets/ui/fonts/Courier-Prime.ttf
20:01:27.428 [JavaFX Application Thread] DEBUG FXGLAssetLoaderServi - Loading from file system: jar:file:/C:/Users/Administrator.Rechner09/.m2/repository/com/github/almasb/fxgl/25/fxgl-25.jar!/fxglassets/textures/fxgl_default_cursor.png
20:01:27.429 [JavaFX Application Thread] DEBUG Input                - Registered new binding: Screenshot - CTRL+8
20:01:27.430 [JavaFX Application Thread] DEBUG Input                - Registered new binding: System info dump - CTRL+9
20:01:27.430 [JavaFX Application Thread] DEBUG Input                - Registered new binding: Restart - CTRL+R
20:01:27.431 [JavaFX Application Thread] DEBUG Input                - Registered new binding: Toggle Debug Camera - CTRL+7
20:01:27.433 [JavaFX Application Thread] DEBUG LoopRunner           - Starting loop
20:01:27.433 [JavaFX Application Thread] DEBUG LoopRunner           - Initializing JavaFX AnimationTimerLoop
20:01:27.435 [JavaFX Application Thread] DEBUG GameApplicationServi - Starting new game
20:01:27.436 [JavaFX Application Thread] DEBUG Input                - Clearing active input actions
20:01:27.445 [JavaFX Application Thread] DEBUG GameApplicationServi - Removing overlay from FXGLStartupScene and adding to FXGLLoadingScene
20:01:27.445 [JavaFX Application Thread] DEBUG PrimaryStageWindow   - FXGLStartupScene -> FXGLLoadingScene
20:01:27.446 [JavaFX Application Thread] DEBUG GameApplicationServi - Clearing previous game
20:01:27.446 [JavaFX Application Thread] DEBUG GameScene            - Clearing game scene
20:01:27.446 [JavaFX Application Thread] DEBUG GameWorld            - Clearing game world
20:01:27.446 [JavaFX Application Thread] DEBUG PhysicsWorld         - Clearing physics world
20:01:27.452 [FXGL Background Thread 4 ] DEBUG FXGLApplication      - Initializing game
20:01:27.454 [JavaFX Application Thread] DEBUG FXGLApplication      - Registering font factories with UI factory
20:01:27.476 [FXGL Background Thread 4 ] DEBUG FXGLAssetLoaderServi - Loading from file system: file:/C:/Users/administrator/Documents/NetBeansProjekte/ahrFXGLGame/target/classes/assets/textures/rocketSchmal.png
20:01:27.490 [FXGL Background Thread 4 ] DEBUG FXGLAssetLoaderServi - Loading from file system: file:/C:/Users/administrator/Documents/NetBeansProjekte/ahrFXGLGame/target/classes/assets/textures/bgSpace.jpg
20:01:27.623 [FXGL Background Thread 4 ] DEBUG FXGLAssetLoaderServi - Loading from file system: file:/C:/Users/administrator/Documents/NetBeansProjekte/ahrFXGLGame/target/classes/assets/textures/meteorit.png
20:01:27.655 [FXGL Background Thread 4 ] INFO  FXGLApplication      - Game initialization took: 0,203 sec
20:01:27.656 [JavaFX Application Thread] DEBUG Input                - Clearing active input actions
20:01:27.672 [JavaFX Application Thread] DEBUG GameApplicationServi - Removing overlay from FXGLLoadingScene and adding to GameScene
20:01:27.672 [JavaFX Application Thread] DEBUG PrimaryStageWindow   - FXGLLoadingScene -> GameScene
20:01:28.151 [JavaFX Application Thread] DEBUG FXGLAssetLoaderServi - Loading from file system: file:/C:/Users/administrator/Documents/NetBeansProjekte/ahrFXGLGame/target/classes/assets/textures/fireBallSenkrecht.png
20:01:28.723 [JavaFX Application Thread] DEBUG FXGLAssetLoaderServi - Loading from file system: file:/C:/Users/administrator/Documents/NetBeansProjekte/ahrFXGLGame/target/classes/assets/textures/fireBallSenkrecht.png
20:01:29.299 [JavaFX Application Thread] DEBUG FXGLAssetLoaderServi - Loading from file system: file:/C:/Users/administrator/Documents/NetBeansProjekte/ahrFXGLGame/target/classes/assets/textures/fireBallSenkrecht.png
20:01:29.844 [JavaFX Application Thread] DEBUG FXGLAssetLoaderServi - Loading from file system: file:/C:/Users/administrator/Documents/NetBeansProjekte/ahrFXGLGame/target/classes/assets/textures/fireBallSenkrecht.png
20:01:30.346 [FXGL Background Thread 3 ] DEBUG Engine               - Logging environment variables
20:01:30.347 [FXGL Background Thread 3 ] DEBUG Engine               - achievements: []
20:01:30.347 [FXGL Background Thread 3 ] DEBUG Engine               - actualHeight: 880.0
20:01:30.347 [FXGL Background Thread 3 ] DEBUG Engine               - actualHeightProperty: ReadOnlyDoubleProperty [value: 880.0]
20:01:30.348 [FXGL Background Thread 3 ] DEBUG Engine               - actualWidth: 1280.0
20:01:30.348 [FXGL Background Thread 3 ] DEBUG Engine               - actualWidthProperty: ReadOnlyDoubleProperty [value: 1280.0]
20:01:30.348 [FXGL Background Thread 3 ] DEBUG Engine               - appIcon: fxgl_icon.png
20:01:30.348 [FXGL Background Thread 3 ] DEBUG Engine               - applicationMode: DEVELOPER
20:01:30.348 [FXGL Background Thread 3 ] DEBUG Engine               - cSSList: [fxgl_dark.css]
20:01:30.348 [FXGL Background Thread 3 ] DEBUG Engine               - collisionDetectionStrategy: BRUTE_FORCE
20:01:30.348 [FXGL Background Thread 3 ] DEBUG Engine               - configClass: Optional.empty
20:01:30.348 [FXGL Background Thread 3 ] DEBUG Engine               - credits: []
20:01:30.349 [FXGL Background Thread 3 ] DEBUG Engine               - defaultCursor: CursorInfo(imageName=fxgl_default_cursor.png, hotspotX=7.0, hotspotY=6.0)
20:01:30.349 [FXGL Background Thread 3 ] DEBUG Engine               - devBBoxColorProperty: ObjectProperty [value: 0xff0000ff]
20:01:30.349 [FXGL Background Thread 3 ] DEBUG Engine               - devEnableDebugCameraProperty: BooleanProperty [value: false]
20:01:30.350 [FXGL Background Thread 3 ] DEBUG Engine               - devSensorColorProperty: ObjectProperty [value: 0xffff00ff]
20:01:30.350 [FXGL Background Thread 3 ] DEBUG Engine               - devShowBBoxProperty: BooleanProperty [value: false]
20:01:30.350 [FXGL Background Thread 3 ] DEBUG Engine               - devShowPositionProperty: BooleanProperty [value: false]
20:01:30.350 [FXGL Background Thread 3 ] DEBUG Engine               - enabledMenuItems: []
20:01:30.350 [FXGL Background Thread 3 ] DEBUG Engine               - engineServices: [class com.almasb.fxgl.app.services.FXGLAssetLoaderService, class com.almasb.fxgl.app.FXGLApplication$GameApplicationService, class com.almasb.fxgl.app.services.FXGLDialogService, class com.almasb.fxgl.app.services.IOTaskExecutorService, class com.almasb.fxgl.io.FileSystemService, class com.almasb.fxgl.localization.LocalizationService, class com.almasb.fxgl.app.services.SystemBundleService, class com.almasb.fxgl.profile.SaveLoadService, class com.almasb.fxgl.ui.FXGLUIFactoryServiceProvider, class com.almasb.fxgl.ui.FXGLDialogFactoryServiceProvider, class com.almasb.fxgl.audio.AudioPlayer, class com.almasb.fxgl.notification.impl.NotificationServiceProvider, class com.almasb.fxgl.achievement.AchievementService, class com.almasb.fxgl.cutscene.CutsceneService, class com.almasb.fxgl.minigames.MiniGameService, class com.almasb.fxgl.net.NetService, class com.almasb.fxgl.app.services.UpdaterService, class com.almasb.fxgl.dev.DevService]
20:01:30.350 [FXGL Background Thread 3 ] DEBUG Engine               - fontGame: Abel-Regular.ttf
20:01:30.350 [FXGL Background Thread 3 ] DEBUG Engine               - fontMono: TerminalLandMono-Regular.otf
20:01:30.350 [FXGL Background Thread 3 ] DEBUG Engine               - fontSizeScaleUI: 1.0
20:01:30.350 [FXGL Background Thread 3 ] DEBUG Engine               - fontText: Courier-Prime.ttf
20:01:30.351 [FXGL Background Thread 3 ] DEBUG Engine               - fontUI: VarelaRound-Regular.ttf
20:01:30.351 [FXGL Background Thread 3 ] DEBUG Engine               - fpsRefreshRate: 500.0 ms
20:01:30.351 [FXGL Background Thread 3 ] DEBUG Engine               - fullScreen: BooleanProperty [value: false]
20:01:30.351 [FXGL Background Thread 3 ] DEBUG Engine               - gameDifficulty: MEDIUM
20:01:30.351 [FXGL Background Thread 3 ] DEBUG Engine               - gameDifficultyProperty: ObjectProperty [value: MEDIUM]
20:01:30.351 [FXGL Background Thread 3 ] DEBUG Engine               - globalMusicVolume: 0.5
20:01:30.352 [FXGL Background Thread 3 ] DEBUG Engine               - globalMusicVolumeProperty: DoubleProperty [value: 0.5]
20:01:30.352 [FXGL Background Thread 3 ] DEBUG Engine               - globalSoundVolume: 0.5
20:01:30.352 [FXGL Background Thread 3 ] DEBUG Engine               - globalSoundVolumeProperty: DoubleProperty [value: 0.5]
20:01:30.352 [FXGL Background Thread 3 ] DEBUG Engine               - height: 880
20:01:30.352 [FXGL Background Thread 3 ] DEBUG Engine               - is3D: false
20:01:30.352 [FXGL Background Thread 3 ] DEBUG Engine               - isAndroid: false
20:01:30.352 [FXGL Background Thread 3 ] DEBUG Engine               - isBrowser: false
20:01:30.352 [FXGL Background Thread 3 ] DEBUG Engine               - isClickFeedbackEnabled: false
20:01:30.353 [FXGL Background Thread 3 ] DEBUG Engine               - isCloseConfirmation: false
20:01:30.353 [FXGL Background Thread 3 ] DEBUG Engine               - isDesktop: true
20:01:30.353 [FXGL Background Thread 3 ] DEBUG Engine               - isDeveloperMenuEnabled: false
20:01:30.353 [FXGL Background Thread 3 ] DEBUG Engine               - isEmbedded: false
20:01:30.353 [FXGL Background Thread 3 ] DEBUG Engine               - isEntityPreloadEnabled: true
20:01:30.353 [FXGL Background Thread 3 ] DEBUG Engine               - isExperimentalTiledLargeMap: false
20:01:30.353 [FXGL Background Thread 3 ] DEBUG Engine               - isFileSystemWriteAllowed: true
20:01:30.353 [FXGL Background Thread 3 ] DEBUG Engine               - isFullScreenAllowed: true
20:01:30.354 [FXGL Background Thread 3 ] DEBUG Engine               - isFullScreenFromStart: false
20:01:30.354 [FXGL Background Thread 3 ] DEBUG Engine               - isGameMenuEnabled: true
20:01:30.354 [FXGL Background Thread 3 ] DEBUG Engine               - isIOS: false
20:01:30.354 [FXGL Background Thread 3 ] DEBUG Engine               - isIntroEnabled: false
20:01:30.354 [FXGL Background Thread 3 ] DEBUG Engine               - isLinux: false
20:01:30.355 [FXGL Background Thread 3 ] DEBUG Engine               - isMac: false
20:01:30.355 [FXGL Background Thread 3 ] DEBUG Engine               - isMainMenuEnabled: false
20:01:30.355 [FXGL Background Thread 3 ] DEBUG Engine               - isManualResizeEnabled: false
20:01:30.355 [FXGL Background Thread 3 ] DEBUG Engine               - isMobile: false
20:01:30.355 [FXGL Background Thread 3 ] DEBUG Engine               - isNative: false
20:01:30.355 [FXGL Background Thread 3 ] DEBUG Engine               - isPauseMusicWhenMinimized: true
20:01:30.355 [FXGL Background Thread 3 ] DEBUG Engine               - isPreserveResizeRatio: false
20:01:30.355 [FXGL Background Thread 3 ] DEBUG Engine               - isProfilingEnabled: false
20:01:30.355 [FXGL Background Thread 3 ] DEBUG Engine               - isScaleAffectedOnResize: true
20:01:30.355 [FXGL Background Thread 3 ] DEBUG Engine               - isSingleStep: false
20:01:30.356 [FXGL Background Thread 3 ] DEBUG Engine               - isUserProfileEnabled: false
20:01:30.356 [FXGL Background Thread 3 ] DEBUG Engine               - isWindows: true
20:01:30.356 [FXGL Background Thread 3 ] DEBUG Engine               - language: ObjectProperty [value: ENGLISH]
20:01:30.356 [FXGL Background Thread 3 ] DEBUG Engine               - menuKey: ESCAPE
20:01:30.356 [FXGL Background Thread 3 ] DEBUG Engine               - mouseSensitivity: 0.2
20:01:30.356 [FXGL Background Thread 3 ] DEBUG Engine               - notificationViewClass: class com.almasb.fxgl.notification.view.XboxNotificationView
20:01:30.356 [FXGL Background Thread 3 ] DEBUG Engine               - pixelsPerMeter: 50.0
20:01:30.356 [FXGL Background Thread 3 ] DEBUG Engine               - platform: WINDOWS
20:01:30.356 [FXGL Background Thread 3 ] DEBUG Engine               - prefHeightProperty: ReadOnlyDoubleProperty [value: 880.0]
20:01:30.357 [FXGL Background Thread 3 ] DEBUG Engine               - prefWidthProperty: ReadOnlyDoubleProperty [value: 1280.0]
20:01:30.357 [FXGL Background Thread 3 ] DEBUG Engine               - profileDir: profiles/
20:01:30.357 [FXGL Background Thread 3 ] DEBUG Engine               - profileName: StringProperty [value: DEFAULT]
20:01:30.357 [FXGL Background Thread 3 ] DEBUG Engine               - randomSeed: -1
20:01:30.357 [FXGL Background Thread 3 ] DEBUG Engine               - runtimeInfo: RuntimeInfo(platform=WINDOWS, version=25, build=05.02.2026 22.57)
20:01:30.357 [FXGL Background Thread 3 ] DEBUG Engine               - saveFileExt: sav
20:01:30.358 [FXGL Background Thread 3 ] DEBUG Engine               - scaledHeightProp$fxgl: DoubleProperty [bound, value: 880.0]
20:01:30.358 [FXGL Background Thread 3 ] DEBUG Engine               - scaledWidthProp$fxgl: DoubleProperty [bound, value: 1280.0]
20:01:30.358 [FXGL Background Thread 3 ] DEBUG Engine               - sceneFactory: com.almasb.fxgl.app.scene.SceneFactory@2cebcea3
20:01:30.358 [FXGL Background Thread 3 ] DEBUG Engine               - secondsIn24h: 60
20:01:30.358 [FXGL Background Thread 3 ] DEBUG Engine               - soundMenuBack: menu/back.wav
20:01:30.358 [FXGL Background Thread 3 ] DEBUG Engine               - soundMenuPress: menu/press.wav
20:01:30.358 [FXGL Background Thread 3 ] DEBUG Engine               - soundMenuSelect: menu/select.wav
20:01:30.358 [FXGL Background Thread 3 ] DEBUG Engine               - soundNotification: core/notification.wav
20:01:30.358 [FXGL Background Thread 3 ] DEBUG Engine               - stageStyle: DECORATED
20:01:30.359 [FXGL Background Thread 3 ] DEBUG Engine               - supportedLanguages: [ENGLISH, FRENCH, GERMAN, HUNGARIAN, RUSSIAN]
20:01:30.359 [FXGL Background Thread 3 ] DEBUG Engine               - ticksPerSecond: -1
20:01:30.359 [FXGL Background Thread 3 ] DEBUG Engine               - title: Mein erstes Game mit FXGL
20:01:30.359 [FXGL Background Thread 3 ] DEBUG Engine               - urlGithub: https://github.com/AlmasB/FXGL
20:01:30.359 [FXGL Background Thread 3 ] DEBUG Engine               - urlLeaderboard: http://fxgl-top.herokuapp.com/
20:01:30.359 [FXGL Background Thread 3 ] DEBUG Engine               - urlPOM: https://raw.githubusercontent.com/AlmasB/FXGL/release/README.md
20:01:30.359 [FXGL Background Thread 3 ] DEBUG Engine               - userAppClass: class btaahaus.ahrfxglgame.App
20:01:30.359 [FXGL Background Thread 3 ] DEBUG Engine               - version: 0.0.1
20:01:30.360 [FXGL Background Thread 3 ] DEBUG Engine               - versionCheckDays: 7
20:01:30.360 [FXGL Background Thread 3 ] DEBUG Engine               - width: 1280
20:01:30.360 [FXGL Background Thread 3 ] DEBUG Engine               - Logging services
20:01:30.360 [FXGL Background Thread 3 ] DEBUG Engine               - class com.almasb.fxgl.app.services.FXGLAssetLoaderService
20:01:30.360 [FXGL Background Thread 3 ] DEBUG Engine               - class com.almasb.fxgl.app.FXGLApplication$GameApplicationService
20:01:30.360 [FXGL Background Thread 3 ] DEBUG Engine               - class com.almasb.fxgl.app.services.FXGLDialogService
20:01:30.360 [FXGL Background Thread 3 ] DEBUG Engine               - class com.almasb.fxgl.app.services.IOTaskExecutorService
20:01:30.360 [FXGL Background Thread 3 ] DEBUG Engine               - class com.almasb.fxgl.io.FileSystemService
20:01:30.360 [FXGL Background Thread 3 ] DEBUG Engine               - class com.almasb.fxgl.localization.LocalizationService
20:01:30.360 [FXGL Background Thread 3 ] DEBUG Engine               - class com.almasb.fxgl.app.services.SystemBundleService
20:01:30.360 [FXGL Background Thread 3 ] DEBUG Engine               - class com.almasb.fxgl.profile.SaveLoadService
20:01:30.360 [FXGL Background Thread 3 ] DEBUG Engine               - class com.almasb.fxgl.ui.FXGLUIFactoryServiceProvider
20:01:30.361 [FXGL Background Thread 3 ] DEBUG Engine               - class com.almasb.fxgl.ui.FXGLDialogFactoryServiceProvider
20:01:30.361 [FXGL Background Thread 3 ] DEBUG Engine               - class com.almasb.fxgl.audio.AudioPlayer
20:01:30.361 [FXGL Background Thread 3 ] DEBUG Engine               - class com.almasb.fxgl.notification.impl.NotificationServiceProvider
20:01:30.361 [FXGL Background Thread 3 ] DEBUG Engine               - class com.almasb.fxgl.achievement.AchievementService
20:01:30.361 [FXGL Background Thread 3 ] DEBUG Engine               - class com.almasb.fxgl.cutscene.CutsceneService
20:01:30.361 [FXGL Background Thread 3 ] DEBUG Engine               - class com.almasb.fxgl.minigames.MiniGameService
20:01:30.361 [FXGL Background Thread 3 ] DEBUG Engine               - class com.almasb.fxgl.net.NetService
20:01:30.361 [FXGL Background Thread 3 ] DEBUG Engine               - class com.almasb.fxgl.app.services.UpdaterService
20:01:30.361 [FXGL Background Thread 3 ] DEBUG Engine               - class com.almasb.fxgl.dev.DevService
20:01:30.371 [JavaFX Application Thread] DEBUG FXGLAssetLoaderServi - Loading from file system: file:/C:/Users/administrator/Documents/NetBeansProjekte/ahrFXGLGame/target/classes/assets/textures/fireBallSenkrecht.png
20:01:30.915 [JavaFX Application Thread] DEBUG FXGLAssetLoaderServi - Loading from file system: file:/C:/Users/administrator/Documents/NetBeansProjekte/ahrFXGLGame/target/classes/assets/textures/fireBallSenkrecht.png
20:01:31.188 [JavaFX Application Thread] DEBUG FXGLAssetLoaderServi - Loading from file system: file:/C:/Users/administrator/Documents/NetBeansProjekte/ahrFXGLGame/target/classes/assets/textures/fireBallSenkrecht.png
20:01:31.731 [JavaFX Application Thread] DEBUG FXGLAssetLoaderServi - Loading from file system: file:/C:/Users/administrator/Documents/NetBeansProjekte/ahrFXGLGame/target/classes/assets/textures/fireBallSenkrecht.png
20:01:32.307 [JavaFX Application Thread] DEBUG FXGLAssetLoaderServi - Loading from file system: file:/C:/Users/administrator/Documents/NetBeansProjekte/ahrFXGLGame/target/classes/assets/textures/fireBallSenkrecht.png
20:01:32.371 [JavaFX Application Thread] DEBUG FXGLAssetLoaderServi - Loading from file system: file:/C:/Users/administrator/Documents/NetBeansProjekte/ahrFXGLGame/target/classes/assets/textures/fireBallSenkrecht.png
20:01:32.916 [JavaFX Application Thread] DEBUG FXGLAssetLoaderServi - Loading from file system: file:/C:/Users/administrator/Documents/NetBeansProjekte/ahrFXGLGame/target/classes/assets/textures/fireBallSenkrecht.png
20:01:33.428 [JavaFX Application Thread] DEBUG FXGLAssetLoaderServi - Loading from file system: file:/C:/Users/administrator/Documents/NetBeansProjekte/ahrFXGLGame/target/classes/assets/textures/fireBallSenkrecht.png
20:01:33.955 [JavaFX Application Thread] DEBUG FXGLAssetLoaderServi - Loading from file system: file:/C:/Users/administrator/Documents/NetBeansProjekte/ahrFXGLGame/target/classes/assets/textures/fireBallSenkrecht.png
20:01:34.531 [JavaFX Application Thread] DEBUG FXGLAssetLoaderServi - Loading from file system: file:/C:/Users/administrator/Documents/NetBeansProjekte/ahrFXGLGame/target/classes/assets/textures/fireBallSenkrecht.png
20:01:35.092 [JavaFX Application Thread] DEBUG FXGLAssetLoaderServi - Loading from file system: file:/C:/Users/administrator/Documents/NetBeansProjekte/ahrFXGLGame/target/classes/assets/textures/fireBallSenkrecht.png
20:01:35.667 [JavaFX Application Thread] DEBUG FXGLAssetLoaderServi - Loading from file system: file:/C:/Users/administrator/Documents/NetBeansProjekte/ahrFXGLGame/target/classes/assets/textures/fireBallSenkrecht.png
20:01:36.211 [JavaFX Application Thread] DEBUG FXGLAssetLoaderServi - Loading from file system: file:/C:/Users/administrator/Documents/NetBeansProjekte/ahrFXGLGame/target/classes/assets/textures/fireBallSenkrecht.png
20:01:36.804 [JavaFX Application Thread] DEBUG FXGLAssetLoaderServi - Loading from file system: file:/C:/Users/administrator/Documents/NetBeansProjekte/ahrFXGLGame/target/classes/assets/textures/fireBallSenkrecht.png
20:01:37.379 [JavaFX Application Thread] DEBUG FXGLAssetLoaderServi - Loading from file system: file:/C:/Users/administrator/Documents/NetBeansProjekte/ahrFXGLGame/target/classes/assets/textures/fireBallSenkrecht.png
20:01:37.924 [JavaFX Application Thread] DEBUG FXGLAssetLoaderServi - Loading from file system: file:/C:/Users/administrator/Documents/NetBeansProjekte/ahrFXGLGame/target/classes/assets/textures/fireBallSenkrecht.png
20:01:37.971 [JavaFX Application Thread] DEBUG FXGLAssetLoaderServi - Loading from file system: file:/C:/Users/administrator/Documents/NetBeansProjekte/ahrFXGLGame/target/classes/assets/textures/fireBallSenkrecht.png
20:01:38.515 [JavaFX Application Thread] DEBUG FXGLAssetLoaderServi - Loading from file system: file:/C:/Users/administrator/Documents/NetBeansProjekte/ahrFXGLGame/target/classes/assets/textures/fireBallSenkrecht.png
20:01:39.075 [JavaFX Application Thread] DEBUG FXGLAssetLoaderServi - Loading from file system: file:/C:/Users/administrator/Documents/NetBeansProjekte/ahrFXGLGame/target/classes/assets/textures/fireBallSenkrecht.png
20:01:39.619 [JavaFX Application Thread] DEBUG FXGLAssetLoaderServi - Loading from file system: file:/C:/Users/administrator/Documents/NetBeansProjekte/ahrFXGLGame/target/classes/assets/textures/fireBallSenkrecht.png
20:01:39.667 [JavaFX Application Thread] DEBUG FXGLAssetLoaderServi - Loading from file system: file:/C:/Users/administrator/Documents/NetBeansProjekte/ahrFXGLGame/target/classes/assets/textures/fireBallSenkrecht.png
20:01:40.211 [JavaFX Application Thread] DEBUG FXGLAssetLoaderServi - Loading from file system: file:/C:/Users/administrator/Documents/NetBeansProjekte/ahrFXGLGame/target/classes/assets/textures/fireBallSenkrecht.png
20:01:40.772 [JavaFX Application Thread] DEBUG FXGLAssetLoaderServi - Loading from file system: file:/C:/Users/administrator/Documents/NetBeansProjekte/ahrFXGLGame/target/classes/assets/textures/fireBallSenkrecht.png
20:01:41.315 [JavaFX Application Thread] DEBUG FXGLAssetLoaderServi - Loading from file system: file:/C:/Users/administrator/Documents/NetBeansProjekte/ahrFXGLGame/target/classes/assets/textures/fireBallSenkrecht.png
20:01:41.875 [JavaFX Application Thread] DEBUG FXGLAssetLoaderServi - Loading from file system: file:/C:/Users/administrator/Documents/NetBeansProjekte/ahrFXGLGame/target/classes/assets/textures/fireBallSenkrecht.png
20:01:41.923 [JavaFX Application Thread] DEBUG FXGLAssetLoaderServi - Loading from file system: file:/C:/Users/administrator/Documents/NetBeansProjekte/ahrFXGLGame/target/classes/assets/textures/fireBallSenkrecht.png
20:01:41.971 [JavaFX Application Thread] DEBUG FXGLAssetLoaderServi - Loading from file system: file:/C:/Users/administrator/Documents/NetBeansProjekte/ahrFXGLGame/target/classes/assets/textures/fireBallSenkrecht.png
20:01:42.515 [JavaFX Application Thread] DEBUG FXGLAssetLoaderServi - Loading from file system: file:/C:/Users/administrator/Documents/NetBeansProjekte/ahrFXGLGame/target/classes/assets/textures/fireBallSenkrecht.png
20:01:43.044 [JavaFX Application Thread] DEBUG FXGLAssetLoaderServi - Loading from file system: file:/C:/Users/administrator/Documents/NetBeansProjekte/ahrFXGLGame/target/classes/assets/textures/fireBallSenkrecht.png
20:01:43.635 [JavaFX Application Thread] DEBUG FXGLAssetLoaderServi - Loading from file system: file:/C:/Users/administrator/Documents/NetBeansProjekte/ahrFXGLGame/target/classes/assets/textures/fireBallSenkrecht.png
20:01:44.211 [JavaFX Application Thread] DEBUG FXGLAssetLoaderServi - Loading from file system: file:/C:/Users/administrator/Documents/NetBeansProjekte/ahrFXGLGame/target/classes/assets/textures/fireBallSenkrecht.png
20:01:44.756 [JavaFX Application Thread] DEBUG FXGLAssetLoaderServi - Loading from file system: file:/C:/Users/administrator/Documents/NetBeansProjekte/ahrFXGLGame/target/classes/assets/textures/fireBallSenkrecht.png
20:01:45.332 [JavaFX Application Thread] DEBUG FXGLAssetLoaderServi - Loading from file system: file:/C:/Users/administrator/Documents/NetBeansProjekte/ahrFXGLGame/target/classes/assets/textures/fireBallSenkrecht.png
20:01:45.653 [JavaFX Application Thread] DEBUG FXGLAssetLoaderServi - Loading from file system: file:/C:/Users/administrator/Documents/NetBeansProjekte/ahrFXGLGame/target/classes/assets/textures/fireBallSenkrecht.png
20:01:46.211 [JavaFX Application Thread] DEBUG FXGLAssetLoaderServi - Loading from file system: file:/C:/Users/administrator/Documents/NetBeansProjekte/ahrFXGLGame/target/classes/assets/textures/fireBallSenkrecht.png
20:01:46.739 [JavaFX Application Thread] DEBUG FXGLAssetLoaderServi - Loading from file system: file:/C:/Users/administrator/Documents/NetBeansProjekte/ahrFXGLGame/target/classes/assets/textures/fireBallSenkrecht.png
20:01:46.804 [JavaFX Application Thread] DEBUG FXGLAssetLoaderServi - Loading from file system: file:/C:/Users/administrator/Documents/NetBeansProjekte/ahrFXGLGame/target/classes/assets/textures/fireBallSenkrecht.png
20:01:47.364 [JavaFX Application Thread] DEBUG FXGLAssetLoaderServi - Loading from file system: file:/C:/Users/administrator/Documents/NetBeansProjekte/ahrFXGLGame/target/classes/assets/textures/fireBallSenkrecht.png
20:01:47.923 [JavaFX Application Thread] DEBUG FXGLAssetLoaderServi - Loading from file system: file:/C:/Users/administrator/Documents/NetBeansProjekte/ahrFXGLGame/target/classes/assets/textures/fireBallSenkrecht.png
20:01:47.988 [JavaFX Application Thread] DEBUG FXGLAssetLoaderServi - Loading from file system: file:/C:/Users/administrator/Documents/NetBeansProjekte/ahrFXGLGame/target/classes/assets/textures/fireBallSenkrecht.png
20:01:48.411 [JavaFX Application Thread] DEBUG FXGLAssetLoaderServi - Loading from file system: file:/C:/Users/administrator/Documents/NetBeansProjekte/ahrFXGLGame/target/classes/assets/textures/fireBallSenkrecht.png
20:01:48.931 [JavaFX Application Thread] DEBUG FXGLAssetLoaderServi - Loading from file system: file:/C:/Users/administrator/Documents/NetBeansProjekte/ahrFXGLGame/target/classes/assets/textures/fireBallSenkrecht.png
20:01:49.475 [JavaFX Application Thread] DEBUG FXGLAssetLoaderServi - Loading from file system: file:/C:/Users/administrator/Documents/NetBeansProjekte/ahrFXGLGame/target/classes/assets/textures/fireBallSenkrecht.png
20:01:50.036 [JavaFX Application Thread] DEBUG FXGLAssetLoaderServi - Loading from file system: file:/C:/Users/administrator/Documents/NetBeansProjekte/ahrFXGLGame/target/classes/assets/textures/fireBallSenkrecht.png
20:01:50.307 [JavaFX Application Thread] DEBUG FXGLAssetLoaderServi - Loading from file system: file:/C:/Users/administrator/Documents/NetBeansProjekte/ahrFXGLGame/target/classes/assets/textures/fireBallSenkrecht.png
20:01:50.867 [JavaFX Application Thread] DEBUG FXGLAssetLoaderServi - Loading from file system: file:/C:/Users/administrator/Documents/NetBeansProjekte/ahrFXGLGame/target/classes/assets/textures/fireBallSenkrecht.png
20:01:50.915 [JavaFX Application Thread] DEBUG FXGLAssetLoaderServi - Loading from file system: file:/C:/Users/administrator/Documents/NetBeansProjekte/ahrFXGLGame/target/classes/assets/textures/fireBallSenkrecht.png
20:01:51.395 [JavaFX Application Thread] DEBUG FXGLAssetLoaderServi - Loading from file system: file:/C:/Users/administrator/Documents/NetBeansProjekte/ahrFXGLGame/target/classes/assets/textures/fireBallSenkrecht.png
20:01:51.939 [JavaFX Application Thread] DEBUG FXGLAssetLoaderServi - Loading from file system: file:/C:/Users/administrator/Documents/NetBeansProjekte/ahrFXGLGame/target/classes/assets/textures/fireBallSenkrecht.png
20:01:52.515 [JavaFX Application Thread] DEBUG FXGLAssetLoaderServi - Loading from file system: file:/C:/Users/administrator/Documents/NetBeansProjekte/ahrFXGLGame/target/classes/assets/textures/fireBallSenkrecht.png
20:01:52.779 [JavaFX Application Thread] DEBUG FXGLApplication      - Exiting FXGL
20:01:52.779 [JavaFX Application Thread] DEBUG LoopRunner           - Stopping loop
20:01:52.780 [JavaFX Application Thread] DEBUG SystemBundleService  - Saving FXGL system data
20:01:52.782 [JavaFX Application Thread] DEBUG FileSystemAccess     - Writing to: C:\Users\administrator\Documents\NetBeansProjekte\ahrFXGLGame\system\fxgl.bundle
20:01:52.783 [JavaFX Application Thread] DEBUG Async                - Shutting down background threads
20:01:52.783 [JavaFX Application Thread] DEBUG PrimaryStageWindow   - Closing main window
20:01:52.793 [JavaFX Application Thread] DEBUG Logger               - Closing Logger
